Log file open, 01/13/22 19:55:23
LogInit: Display: Running engine for game: PrototypeV2
LogPlatformFile: Not using cached read wrapper
LogTaskGraph: Started task graph with 5 named threads and 35 total threads with 3 sets of task threads.
LogStats: Stats thread started at 0.304087
LogD3D11RHI: Loaded GFSDK_Aftermath_Lib.x64.dll
LogICUInternationalization: ICU TimeZone Detection - Raw Offset: +0:00, Platform Override: ''
LogPluginManager: Mounting plugin Paper2D
LogPluginManager: Mounting plugin AISupport
LogPluginManager: Mounting plugin LightPropagationVolume
LogPluginManager: Mounting plugin CameraShakePreviewer
LogPluginManager: Mounting plugin ActorLayerUtilities
LogPluginManager: Mounting plugin AnimationSharing
LogPluginManager: Mounting plugin CLionSourceCodeAccess
LogPluginManager: Mounting plugin CodeLiteSourceCodeAccess
LogPluginManager: Mounting plugin GitSourceControl
LogPluginManager: Mounting plugin KDevelopSourceCodeAccess
LogPluginManager: Mounting plugin NullSourceCodeAccess
LogPluginManager: Mounting plugin PerforceSourceControl
LogPluginManager: Mounting plugin PlasticSourceControl
LogPluginManager: Mounting plugin RiderSourceCodeAccess
LogPluginManager: Mounting plugin SubversionSourceControl
LogPluginManager: Mounting plugin UObjectPlugin
LogPluginManager: Mounting plugin VisualStudioCodeSourceCodeAccess
LogPluginManager: Mounting plugin VisualStudioSourceCodeAccess
LogPluginManager: Mounting plugin XCodeSourceCodeAccess
LogPluginManager: Mounting plugin AssetManagerEditor
LogPluginManager: Mounting plugin CryptoKeys
LogPluginManager: Mounting plugin CurveEditorTools
LogPluginManager: Mounting plugin DataValidation
LogPluginManager: Mounting plugin EditorScriptingUtilities
LogPluginManager: Mounting plugin FacialAnimation
LogPluginManager: Mounting plugin GameplayTagsEditor
LogPluginManager: Mounting plugin GeometryMode
LogPluginManager: Mounting plugin MacGraphicsSwitching
LogPluginManager: Mounting plugin MaterialAnalyzer
LogPluginManager: Mounting plugin MobileLauncherProfileWizard
LogPluginManager: Mounting plugin PluginBrowser
LogPluginManager: Mounting plugin SpeedTreeImporter
LogPluginManager: Mounting plugin DatasmithContent
LogPluginManager: Mounting plugin VariantManagerContent
LogPluginManager: Mounting plugin AlembicImporter
LogPluginManager: Mounting plugin AutomationUtils
LogPluginManager: Mounting plugin BackChannel
LogPluginManager: Mounting plugin ChaosCloth
LogPluginManager: Mounting plugin ChaosClothEditor
LogPluginManager: Mounting plugin ChaosEditor
LogPluginManager: Mounting plugin ChaosNiagara
LogPluginManager: Mounting plugin ChaosSolverPlugin
LogPluginManager: Mounting plugin CharacterAI
LogPluginManager: Mounting plugin GeometryCache
LogPluginManager: Mounting plugin GeometryCollectionPlugin
LogPluginManager: Mounting plugin GeometryProcessing
LogPluginManager: Mounting plugin PlanarCut
LogPluginManager: Mounting plugin PlatformCrypto
LogPluginManager: Mounting plugin ProxyLODPlugin
LogPluginManager: Mounting plugin RawInput
LogPluginManager: Mounting plugin SkeletalReduction
LogPluginManager: Mounting plugin Niagara
LogPluginManager: Mounting plugin MagicLeap
LogPluginManager: Mounting plugin MagicLeapLightEstimation
LogPluginManager: Mounting plugin MagicLeapMedia
LogPluginManager: Mounting plugin MagicLeapPassableWorld
LogPluginManager: Mounting plugin MLSDK
LogPluginManager: Mounting plugin AndroidMedia
LogPluginManager: Mounting plugin AvfMedia
LogPluginManager: Mounting plugin ImgMedia
LogPluginManager: Mounting plugin MediaCompositing
LogPluginManager: Mounting plugin MediaPlayerEditor
LogPluginManager: Mounting plugin WebMMedia
LogPluginManager: Mounting plugin WmfMedia
LogPluginManager: Mounting plugin MeshPainting
LogPluginManager: Mounting plugin TcpMessaging
LogPluginManager: Mounting plugin UdpMessaging
LogPluginManager: Mounting plugin ActorSequence
LogPluginManager: Mounting plugin LevelSequenceEditor
LogPluginManager: Mounting plugin MatineeToLevelSequence
LogPluginManager: Mounting plugin MovieRenderPipeline
LogPluginManager: Mounting plugin TemplateSequence
LogPluginManager: Mounting plugin NetcodeUnitTest
LogPluginManager: Mounting plugin NUTUnrealEngine4
LogPluginManager: Mounting plugin OnlineSubsystemGooglePlay
LogPluginManager: Mounting plugin OnlineSubsystemIOS
LogPluginManager: Mounting plugin OnlineSubsystem
LogPluginManager: Mounting plugin OnlineSubsystemNull
LogPluginManager: Mounting plugin OnlineSubsystemUtils
LogPluginManager: Mounting plugin LauncherChunkInstaller
LogPluginManager: Mounting plugin AndroidDeviceProfileSelector
LogPluginManager: Mounting plugin AndroidMoviePlayer
LogPluginManager: Mounting plugin AndroidPermission
LogPluginManager: Mounting plugin AppleImageUtils
LogPluginManager: Mounting plugin AppleMoviePlayer
LogPluginManager: Mounting plugin ArchVisCharacter
LogPluginManager: Mounting plugin AssetTags
LogPluginManager: Mounting plugin AudioCapture
LogPluginManager: Mounting plugin CableComponent
LogPluginManager: Mounting plugin CustomMeshComponent
LogPluginManager: Mounting plugin EditableMesh
LogPluginManager: Mounting plugin ExampleDeviceProfileSelector
LogPluginManager: Mounting plugin GoogleCloudMessaging
LogPluginManager: Mounting plugin GooglePAD
LogPluginManager: Mounting plugin IOSDeviceProfileSelector
LogPluginManager: Mounting plugin LinuxDeviceProfileSelector
LogPluginManager: Mounting plugin LocationServicesBPLibrary
LogPluginManager: Mounting plugin MobilePatchingUtils
LogPluginManager: Mounting plugin OculusVR
LogPluginManager: Mounting plugin PhysXVehicles
LogPluginManager: Mounting plugin PostSplashScreen
LogPluginManager: Mounting plugin ProceduralMeshComponent
LogPluginManager: Mounting plugin RuntimePhysXCooking
LogPluginManager: Mounting plugin SignificanceManager
LogPluginManager: Mounting plugin SoundFields
LogPluginManager: Mounting plugin SteamVR
LogPluginManager: Mounting plugin Synthesis
LogPluginManager: Mounting plugin WebMMoviePlayer
LogPluginManager: Mounting plugin WindowsMoviePlayer
LogPluginManager: Mounting plugin ScreenshotTools
LogInit: Using libcurl 7.55.1-DEV
LogInit:  - built for x86_64-pc-win32
LogInit:  - supports SSL with OpenSSL/1.1.1
LogInit:  - supports HTTP deflate (compression) using libz 1.2.8
LogInit:  - other features:
LogInit:      CURL_VERSION_SSL
LogInit:      CURL_VERSION_LIBZ
LogInit:      CURL_VERSION_IPV6
LogInit:      CURL_VERSION_ASYNCHDNS
LogInit:      CURL_VERSION_LARGEFILE
LogInit:      CURL_VERSION_IDN
LogInit:  CurlRequestOptions (configurable via config and command line):
LogInit:  - bVerifyPeer = true  - Libcurl will verify peer certificate
LogInit:  - bUseHttpProxy = false  - Libcurl will NOT use HTTP proxy
LogInit:  - bDontReuseConnections = false  - Libcurl will reuse connections
LogInit:  - MaxHostConnections = 16  - Libcurl will limit the number of connections to a host
LogInit:  - LocalHostAddr = Default
LogInit:  - BufferSize = 65536
LogOnline: OSS: Creating online subsystem instance for: NULL
LogInit: WinSock: version 1.1 (2.2), MaxSocks=32767, MaxUdp=65467
LogOnline: OSS: TryLoadSubsystemAndSetDefault: Loaded subsystem for module [NULL]
LogInit: Build: ++UE4+Release-4.25-CL-14469661
LogInit: Engine Version: 4.25.4-14469661+++UE4+Release-4.25
LogInit: Compatible Engine Version: 4.25.0-13144385+++UE4+Release-4.25
LogInit: Net CL: 13144385
LogInit: OS: Windows 10 (Release 2009) (), CPU: Intel(R) Core(TM) i7-9750H CPU @ 2.60GHz, GPU: Intel(R) UHD Graphics 630
LogInit: Compiled (64-bit): Oct 11 2020 08:10:49
LogInit: Compiled with Visual C++: 19.24.28315.00
LogInit: Build Configuration: Development
LogInit: Branch Name: ++UE4+Release-4.25
LogInit: Command Line:  -EpicPortal -epicusername="Hannah Ashna" -epicuserid=71bd8d19f56d44079e411b118be23d9f -epiclocale=en -epicsandboxid=ue
LogInit: Base Directory: C:/Program Files/Epic Games/UE_4.25/Engine/Binaries/Win64/
LogInit: Allocator: TBB
LogInit: Installed Engine Build: 1
LogDevObjectVersion: Number of dev versions registered: 26
LogDevObjectVersion:   Dev-Blueprints (B0D832E4-1F89-4F0D-ACCF-7EB736FD4AA2): 10
LogDevObjectVersion:   Dev-Build (E1C64328-A22C-4D53-A36C-8E866417BD8C): 0
LogDevObjectVersion:   Dev-Core (375EC13C-06E4-48FB-B500-84F0262A717E): 4
LogDevObjectVersion:   Dev-Editor (E4B068ED-F494-42E9-A231-DA0B2E46BB41): 38
LogDevObjectVersion:   Dev-Framework (CFFC743F-43B0-4480-9391-14DF171D2073): 37
LogDevObjectVersion:   Dev-Mobile (B02B49B5-BB20-44E9-A304-32B752E40360): 2
LogDevObjectVersion:   Dev-Networking (A4E4105C-59A1-49B5-A7C5-40C4547EDFEE): 0
LogDevObjectVersion:   Dev-Online (39C831C9-5AE6-47DC-9A44-9C173E1C8E7C): 0
LogDevObjectVersion:   Dev-Physics (78F01B33-EBEA-4F98-B9B4-84EACCB95AA2): 4
LogDevObjectVersion:   Dev-Platform (6631380F-2D4D-43E0-8009-CF276956A95A): 0
LogDevObjectVersion:   Dev-Rendering (12F88B9F-8875-4AFC-A67C-D90C383ABD29): 43
LogDevObjectVersion:   Dev-Sequencer (7B5AE74C-D270-4C10-A958-57980B212A5A): 12
LogDevObjectVersion:   Dev-VR (D7296918-1DD6-4BDD-9DE2-64A83CC13884): 3
LogDevObjectVersion:   Dev-LoadTimes (C2A15278-BFE7-4AFE-6C17-90FF531DF755): 1
LogDevObjectVersion:   Private-Geometry (6EACA3D4-40EC-4CC1-B786-8BED09428FC5): 3
LogDevObjectVersion:   Dev-AnimPhys (29E575DD-E0A3-4627-9D10-D276232CDCEA): 17
LogDevObjectVersion:   Dev-Anim (AF43A65D-7FD3-4947-9873-3E8ED9C1BB05): 7
LogDevObjectVersion:   Dev-ReflectionCapture (6B266CEC-1EC7-4B8F-A30B-E4D90942FC07): 1
LogDevObjectVersion:   Dev-Automation (0DF73D61-A23F-47EA-B727-89E90C41499A): 1
LogDevObjectVersion:   FortniteMain (601D1886-AC64-4F84-AA16-D3DE0DEAC7D6): 31
LogDevObjectVersion:   Dev-Enterprise (9DFFBCD6-494F-0158-E221-12823C92A888): 10
LogDevObjectVersion:   Dev-Niagara (F2AED0AC-9AFE-416F-8664-AA7FFA26D6FC): 1
LogDevObjectVersion:   Dev-Destruction (174F1F0B-B4C6-45A5-B13F-2EE8D0FB917D): 10
LogDevObjectVersion:   Dev-Physics-Ext (35F94A83-E258-406C-A318-09F59610247C): 37
LogDevObjectVersion:   Dev-PhysicsMaterial-Chaos (B68FC16E-8B1B-42E2-B453-215C058844FE): 1
LogDevObjectVersion:   Dev-CineCamera (B2E18506-4273-CFC2-A54E-F4BB758BBA07): 1
LogInit: Presizing for max 25165824 objects, including 0 objects not considered by GC, pre-allocating 0 bytes for permanent pool.
LogConfig: Applying CVar settings from Section [/Script/Engine.StreamingSettings] File [C:/Users/SLATE 15/Documents/GitHub/Hannah-Ashna.github.io/FYP-Prototype/PrototypeV2/Saved/Config/Windows/Engine.ini]
LogConfig: Setting CVar [[s.MinBulkDataSizeForAsyncLoading:131072]]
LogConfig: Setting CVar [[s.AsyncLoadingThreadEnabled:0]]
LogConfig: Setting CVar [[s.EventDrivenLoaderEnabled:1]]
LogConfig: Setting CVar [[s.WarnIfTimeLimitExceeded:0]]
LogConfig: Setting CVar [[s.TimeLimitExceededMultiplier:1.5]]
LogConfig: Setting CVar [[s.TimeLimitExceededMinTime:0.005]]
LogConfig: Setting CVar [[s.UseBackgroundLevelStreaming:1]]
LogConfig: Setting CVar [[s.PriorityAsyncLoadingExtraTime:15.0]]
LogConfig: Setting CVar [[s.LevelStreamingActorsUpdateTimeLimit:5.0]]
LogConfig: Setting CVar [[s.PriorityLevelStreamingActorsUpdateExtraTime:5.0]]
LogConfig: Setting CVar [[s.LevelStreamingComponentsRegistrationGranularity:10]]
LogConfig: Setting CVar [[s.UnregisterComponentsTimeLimit:1.0]]
LogConfig: Setting CVar [[s.LevelStreamingComponentsUnregistrationGranularity:5]]
LogConfig: Setting CVar [[s.FlushStreamingOnExit:1]]
LogInit: Object subsystem initialized
LogConfig: Setting CVar [[con.DebugEarlyDefault:1]]
LogConfig: Setting CVar [[r.setres:1280x720]]
[2022.01.13-19.55.23:938][  0]LogConfig: Setting CVar [[r.VSync:0]]
[2022.01.13-19.55.23:938][  0]LogConfig: Setting CVar [[r.RHICmdBypass:0]]
[2022.01.13-19.55.23:938][  0]LogConfig: Applying CVar settings from Section [/Script/Engine.RendererSettings] File [C:/Users/SLATE 15/Documents/GitHub/Hannah-Ashna.github.io/FYP-Prototype/PrototypeV2/Saved/Config/Windows/Engine.ini]
[2022.01.13-19.55.23:938][  0]LogConfig: Setting CVar [[r.GPUCrashDebugging:0]]
[2022.01.13-19.55.23:938][  0]LogConfig: Applying CVar settings from Section [/Script/Engine.RendererOverrideSettings] File [C:/Users/SLATE 15/Documents/GitHub/Hannah-Ashna.github.io/FYP-Prototype/PrototypeV2/Saved/Config/Windows/Engine.ini]
[2022.01.13-19.55.23:938][  0]LogConfig: Applying CVar settings from Section [/Script/Engine.StreamingSettings] File [C:/Users/SLATE 15/Documents/GitHub/Hannah-Ashna.github.io/FYP-Prototype/PrototypeV2/Saved/Config/Windows/Engine.ini]
[2022.01.13-19.55.23:938][  0]LogConfig: Setting CVar [[s.MinBulkDataSizeForAsyncLoading:131072]]
[2022.01.13-19.55.23:938][  0]LogConfig: Setting CVar [[s.AsyncLoadingThreadEnabled:0]]
[2022.01.13-19.55.23:939][  0]LogConfig: Setting CVar [[s.EventDrivenLoaderEnabled:1]]
[2022.01.13-19.55.23:939][  0]LogConfig: Setting CVar [[s.WarnIfTimeLimitExceeded:0]]
[2022.01.13-19.55.23:939][  0]LogConfig: Setting CVar [[s.TimeLimitExceededMultiplier:1.5]]
[2022.01.13-19.55.23:939][  0]LogConfig: Setting CVar [[s.TimeLimitExceededMinTime:0.005]]
[2022.01.13-19.55.23:939][  0]LogConfig: Setting CVar [[s.UseBackgroundLevelStreaming:1]]
[2022.01.13-19.55.23:939][  0]LogConfig: Setting CVar [[s.PriorityAsyncLoadingExtraTime:15.0]]
[2022.01.13-19.55.23:939][  0]LogConfig: Setting CVar [[s.LevelStreamingActorsUpdateTimeLimit:5.0]]
[2022.01.13-19.55.23:939][  0]LogConfig: Setting CVar [[s.PriorityLevelStreamingActorsUpdateExtraTime:5.0]]
[2022.01.13-19.55.23:939][  0]LogConfig: Setting CVar [[s.LevelStreamingComponentsRegistrationGranularity:10]]
[2022.01.13-19.55.23:939][  0]LogConfig: Setting CVar [[s.UnregisterComponentsTimeLimit:1.0]]
[2022.01.13-19.55.23:939][  0]LogConfig: Setting CVar [[s.LevelStreamingComponentsUnregistrationGranularity:5]]
[2022.01.13-19.55.23:939][  0]LogConfig: Setting CVar [[s.FlushStreamingOnExit:1]]
[2022.01.13-19.55.23:939][  0]LogConfig: Applying CVar settings from Section [/Script/Engine.GarbageCollectionSettings] File [C:/Users/SLATE 15/Documents/GitHub/Hannah-Ashna.github.io/FYP-Prototype/PrototypeV2/Saved/Config/Windows/Engine.ini]
[2022.01.13-19.55.23:939][  0]LogConfig: Setting CVar [[gc.MaxObjectsNotConsideredByGC:1]]
[2022.01.13-19.55.23:939][  0]LogConfig: Setting CVar [[gc.SizeOfPermanentObjectPool:0]]
[2022.01.13-19.55.23:939][  0]LogConfig: Setting CVar [[gc.FlushStreamingOnGC:0]]
[2022.01.13-19.55.23:939][  0]LogConfig: Setting CVar [[gc.NumRetriesBeforeForcingGC:10]]
[2022.01.13-19.55.23:939][  0]LogConfig: Setting CVar [[gc.AllowParallelGC:1]]
[2022.01.13-19.55.23:939][  0]LogConfig: Setting CVar [[gc.TimeBetweenPurgingPendingKillObjects:61.1]]
[2022.01.13-19.55.23:939][  0]LogConfig: Setting CVar [[gc.MaxObjectsInEditor:25165824]]
[2022.01.13-19.55.23:939][  0]LogConfig: Setting CVar [[gc.IncrementalBeginDestroyEnabled:1]]
[2022.01.13-19.55.23:939][  0]LogConfig: Setting CVar [[gc.CreateGCClusters:1]]
[2022.01.13-19.55.23:939][  0]LogConfig: Setting CVar [[gc.MinGCClusterSize:5]]
[2022.01.13-19.55.23:939][  0]LogConfig: Setting CVar [[gc.ActorClusteringEnabled:0]]
[2022.01.13-19.55.23:939][  0]LogConfig: Setting CVar [[gc.BlueprintClusteringEnabled:0]]
[2022.01.13-19.55.23:939][  0]LogConfig: Setting CVar [[gc.UseDisregardForGCOnDedicatedServers:0]]
[2022.01.13-19.55.23:939][  0]LogConfig: Applying CVar settings from Section [/Script/Engine.NetworkSettings] File [C:/Users/SLATE 15/Documents/GitHub/Hannah-Ashna.github.io/FYP-Prototype/PrototypeV2/Saved/Config/Windows/Engine.ini]
[2022.01.13-19.55.23:939][  0]LogConfig: Applying CVar settings from Section [/Script/UnrealEd.CookerSettings] File [C:/Users/SLATE 15/Documents/GitHub/Hannah-Ashna.github.io/FYP-Prototype/PrototypeV2/Saved/Config/Windows/Engine.ini]
[2022.01.13-19.55.23:943][  0]LogConfig: Applying CVar settings from Section [ViewDistanceQuality@3] File [C:/Users/SLATE 15/Documents/GitHub/Hannah-Ashna.github.io/FYP-Prototype/PrototypeV2/Saved/Config/Windows/Scalability.ini]
[2022.01.13-19.55.23:943][  0]LogConfig: Setting CVar [[r.SkeletalMeshLODBias:0]]
[2022.01.13-19.55.23:943][  0]LogConfig: Setting CVar [[r.ViewDistanceScale:1.0]]
[2022.01.13-19.55.23:943][  0]LogConfig: Applying CVar settings from Section [AntiAliasingQuality@3] File [C:/Users/SLATE 15/Documents/GitHub/Hannah-Ashna.github.io/FYP-Prototype/PrototypeV2/Saved/Config/Windows/Scalability.ini]
[2022.01.13-19.55.23:943][  0]LogConfig: Setting CVar [[r.PostProcessAAQuality:4]]
[2022.01.13-19.55.23:943][  0]LogConfig: Applying CVar settings from Section [ShadowQuality@3] File [C:/Users/SLATE 15/Documents/GitHub/Hannah-Ashna.github.io/FYP-Prototype/PrototypeV2/Saved/Config/Windows/Scalability.ini]
[2022.01.13-19.55.23:943][  0]LogConfig: Setting CVar [[r.LightFunctionQuality:1]]
[2022.01.13-19.55.23:943][  0]LogConfig: Setting CVar [[r.ShadowQuality:5]]
[2022.01.13-19.55.23:943][  0]LogConfig: Setting CVar [[r.Shadow.CSM.MaxCascades:10]]
[2022.01.13-19.55.23:943][  0]LogConfig: Setting CVar [[r.Shadow.MaxResolution:2048]]
[2022.01.13-19.55.23:943][  0]LogConfig: Setting CVar [[r.Shadow.MaxCSMResolution:2048]]
[2022.01.13-19.55.23:943][  0]LogConfig: Setting CVar [[r.Shadow.RadiusThreshold:0.01]]
[2022.01.13-19.55.23:943][  0]LogConfig: Setting CVar [[r.Shadow.DistanceScale:1.0]]
[2022.01.13-19.55.23:943][  0]LogConfig: Setting CVar [[r.Shadow.CSM.TransitionScale:1.0]]
[2022.01.13-19.55.23:943][  0]LogConfig: Setting CVar [[r.Shadow.PreShadowResolutionFactor:1.0]]
[2022.01.13-19.55.23:943][  0]LogConfig: Setting CVar [[r.DistanceFieldShadowing:1]]
[2022.01.13-19.55.23:943][  0]LogConfig: Setting CVar [[r.DistanceFieldAO:1]]
[2022.01.13-19.55.23:943][  0]LogConfig: Setting CVar [[r.AOQuality:2]]
[2022.01.13-19.55.23:943][  0]LogConfig: Setting CVar [[r.VolumetricFog:1]]
[2022.01.13-19.55.23:943][  0]LogConfig: Setting CVar [[r.VolumetricFog.GridPixelSize:8]]
[2022.01.13-19.55.23:943][  0]LogConfig: Setting CVar [[r.VolumetricFog.GridSizeZ:128]]
[2022.01.13-19.55.23:943][  0]LogConfig: Setting CVar [[r.VolumetricFog.HistoryMissSupersampleCount:4]]
[2022.01.13-19.55.23:943][  0]LogConfig: Setting CVar [[r.LightMaxDrawDistanceScale:1]]
[2022.01.13-19.55.23:943][  0]LogConfig: Setting CVar [[r.CapsuleShadows:1]]
[2022.01.13-19.55.23:943][  0]LogConfig: Applying CVar settings from Section [PostProcessQuality@3] File [C:/Users/SLATE 15/Documents/GitHub/Hannah-Ashna.github.io/FYP-Prototype/PrototypeV2/Saved/Config/Windows/Scalability.ini]
[2022.01.13-19.55.23:943][  0]LogConfig: Setting CVar [[r.MotionBlurQuality:4]]
[2022.01.13-19.55.23:943][  0]LogConfig: Setting CVar [[r.AmbientOcclusionMipLevelFactor:0.4]]
[2022.01.13-19.55.23:944][  0]LogConfig: Setting CVar [[r.AmbientOcclusionMaxQuality:100]]
[2022.01.13-19.55.23:944][  0]LogConfig: Setting CVar [[r.AmbientOcclusionLevels:-1]]
[2022.01.13-19.55.23:944][  0]LogConfig: Setting CVar [[r.AmbientOcclusionRadiusScale:1.0]]
[2022.01.13-19.55.23:944][  0]LogConfig: Setting CVar [[r.DepthOfFieldQuality:2]]
[2022.01.13-19.55.23:944][  0]LogConfig: Setting CVar [[r.RenderTargetPoolMin:400]]
[2022.01.13-19.55.23:944][  0]LogConfig: Setting CVar [[r.LensFlareQuality:2]]
[2022.01.13-19.55.23:944][  0]LogConfig: Setting CVar [[r.SceneColorFringeQuality:1]]
[2022.01.13-19.55.23:944][  0]LogConfig: Setting CVar [[r.EyeAdaptationQuality:2]]
[2022.01.13-19.55.23:944][  0]LogConfig: Setting CVar [[r.BloomQuality:5]]
[2022.01.13-19.55.23:944][  0]LogConfig: Setting CVar [[r.FastBlurThreshold:100]]
[2022.01.13-19.55.23:944][  0]LogConfig: Setting CVar [[r.Upscale.Quality:3]]
[2022.01.13-19.55.23:944][  0]LogConfig: Setting CVar [[r.Tonemapper.GrainQuantization:1]]
[2022.01.13-19.55.23:944][  0]LogConfig: Setting CVar [[r.LightShaftQuality:1]]
[2022.01.13-19.55.23:944][  0]LogConfig: Setting CVar [[r.Filter.SizeScale:1]]
[2022.01.13-19.55.23:944][  0]LogConfig: Setting CVar [[r.Tonemapper.Quality:5]]
[2022.01.13-19.55.23:944][  0]LogConfig: Setting CVar [[r.DOF.Gather.AccumulatorQuality:1        ; higher gathering accumulator quality]]
[2022.01.13-19.55.23:944][  0]LogConfig: Setting CVar [[r.DOF.Gather.PostfilterMethod:1          ; Median3x3 postfilering method]]
[2022.01.13-19.55.23:944][  0]LogConfig: Setting CVar [[r.DOF.Gather.EnableBokehSettings:0       ; no bokeh simulation when gathering]]
[2022.01.13-19.55.23:944][  0]LogConfig: Setting CVar [[r.DOF.Gather.RingCount:4                 ; medium number of samples when gathering]]
[2022.01.13-19.55.23:944][  0]LogConfig: Setting CVar [[r.DOF.Scatter.ForegroundCompositing:1    ; additive foreground scattering]]
[2022.01.13-19.55.23:944][  0]LogConfig: Setting CVar [[r.DOF.Scatter.BackgroundCompositing:2    ; additive background scattering]]
[2022.01.13-19.55.23:944][  0]LogConfig: Setting CVar [[r.DOF.Scatter.EnableBokehSettings:1      ; bokeh simulation when scattering]]
[2022.01.13-19.55.23:944][  0]LogConfig: Setting CVar [[r.DOF.Scatter.MaxSpriteRatio:0.1         ; only a maximum of 10% of scattered bokeh]]
[2022.01.13-19.55.23:944][  0]LogConfig: Setting CVar [[r.DOF.Recombine.Quality:1                ; cheap slight out of focus]]
[2022.01.13-19.55.23:944][  0]LogConfig: Setting CVar [[r.DOF.Recombine.EnableBokehSettings:0    ; no bokeh simulation on slight out of focus]]
[2022.01.13-19.55.23:944][  0]LogConfig: Setting CVar [[r.DOF.TemporalAAQuality:1                ; more stable temporal accumulation]]
[2022.01.13-19.55.23:944][  0]LogConfig: Setting CVar [[r.DOF.Kernel.MaxForegroundRadius:0.025]]
[2022.01.13-19.55.23:944][  0]LogConfig: Setting CVar [[r.DOF.Kernel.MaxBackgroundRadius:0.025]]
[2022.01.13-19.55.23:944][  0]LogConfig: Applying CVar settings from Section [TextureQuality@3] File [C:/Users/SLATE 15/Documents/GitHub/Hannah-Ashna.github.io/FYP-Prototype/PrototypeV2/Saved/Config/Windows/Scalability.ini]
[2022.01.13-19.55.23:944][  0]LogConfig: Setting CVar [[r.Streaming.MipBias:0]]
[2022.01.13-19.55.23:944][  0]LogConfig: Setting CVar [[r.Streaming.AmortizeCPUToGPUCopy:0]]
[2022.01.13-19.55.23:944][  0]LogConfig: Setting CVar [[r.Streaming.MaxNumTexturesToStreamPerFrame:0]]
[2022.01.13-19.55.23:944][  0]LogConfig: Setting CVar [[r.Streaming.Boost:1]]
[2022.01.13-19.55.23:944][  0]LogConfig: Setting CVar [[r.MaxAnisotropy:8]]
[2022.01.13-19.55.23:944][  0]LogConfig: Setting CVar [[r.VT.MaxAnisotropy:8]]
[2022.01.13-19.55.23:944][  0]LogConfig: Setting CVar [[r.Streaming.LimitPoolSizeToVRAM:0]]
[2022.01.13-19.55.23:944][  0]LogConfig: Setting CVar [[r.Streaming.PoolSize:1000]]
[2022.01.13-19.55.23:944][  0]LogConfig: Setting CVar [[r.Streaming.MaxEffectiveScreenSize:0]]
[2022.01.13-19.55.23:944][  0]LogConfig: Applying CVar settings from Section [EffectsQuality@3] File [C:/Users/SLATE 15/Documents/GitHub/Hannah-Ashna.github.io/FYP-Prototype/PrototypeV2/Saved/Config/Windows/Scalability.ini]
[2022.01.13-19.55.23:944][  0]LogConfig: Setting CVar [[r.TranslucencyLightingVolumeDim:64]]
[2022.01.13-19.55.23:944][  0]LogConfig: Setting CVar [[r.RefractionQuality:2]]
[2022.01.13-19.55.23:944][  0]LogConfig: Setting CVar [[r.SSR.Quality:3]]
[2022.01.13-19.55.23:944][  0]LogConfig: Setting CVar [[r.SSR.HalfResSceneColor:0]]
[2022.01.13-19.55.23:944][  0]LogConfig: Setting CVar [[r.SceneColorFormat:4]]
[2022.01.13-19.55.23:944][  0]LogConfig: Setting CVar [[r.DetailMode:2]]
[2022.01.13-19.55.23:944][  0]LogConfig: Setting CVar [[r.TranslucencyVolumeBlur:1]]
[2022.01.13-19.55.23:944][  0]LogConfig: Setting CVar [[r.MaterialQualityLevel:1 ; High quality]]
[2022.01.13-19.55.23:944][  0]LogConfig: Setting CVar [[r.SSS.Scale:1]]
[2022.01.13-19.55.23:944][  0]LogConfig: Setting CVar [[r.SSS.SampleSet:2]]
[2022.01.13-19.55.23:944][  0]LogConfig: Setting CVar [[r.SSS.Quality:1]]
[2022.01.13-19.55.23:944][  0]LogConfig: Setting CVar [[r.SSS.HalfRes:0]]
[2022.01.13-19.55.23:944][  0]LogConfig: Setting CVar [[r.SSGI.Quality:3]]
[2022.01.13-19.55.23:944][  0]LogConfig: Setting CVar [[r.EmitterSpawnRateScale:1.0]]
[2022.01.13-19.55.23:944][  0]LogConfig: Setting CVar [[r.ParticleLightQuality:2]]
[2022.01.13-19.55.23:944][  0]LogConfig: Setting CVar [[r.SkyAtmosphere.AerialPerspectiveLUT.FastApplyOnOpaque:1 ; Always have FastSkyLUT 1 in this case to avoid wrong sky]]
[2022.01.13-19.55.23:944][  0]LogConfig: Setting CVar [[r.SkyAtmosphere.AerialPerspectiveLUT.SampleCountPerSlice:1]]
[2022.01.13-19.55.23:944][  0]LogConfig: Setting CVar [[r.SkyAtmosphere.AerialPerspectiveLUT.DepthResolution:16.0]]
[2022.01.13-19.55.23:944][  0]LogConfig: Setting CVar [[r.SkyAtmosphere.FastSkyLUT:1]]
[2022.01.13-19.55.23:944][  0]LogConfig: Setting CVar [[r.SkyAtmosphere.FastSkyLUT.SampleCountMin:4.0]]
[2022.01.13-19.55.23:944][  0]LogConfig: Setting CVar [[r.SkyAtmosphere.FastSkyLUT.SampleCountMax:32.0]]
[2022.01.13-19.55.23:944][  0]LogConfig: Setting CVar [[r.SkyAtmosphere.SampleCountMin:4.0]]
[2022.01.13-19.55.23:944][  0]LogConfig: Setting CVar [[r.SkyAtmosphere.SampleCountMax:32.0]]
[2022.01.13-19.55.23:944][  0]LogConfig: Setting CVar [[r.SkyAtmosphere.TransmittanceLUT.UseSmallFormat:0]]
[2022.01.13-19.55.23:944][  0]LogConfig: Setting CVar [[r.SkyAtmosphere.TransmittanceLUT.SampleCount:10.0]]
[2022.01.13-19.55.23:944][  0]LogConfig: Setting CVar [[r.SkyAtmosphere.MultiScatteringLUT.SampleCount:15.0]]
[2022.01.13-19.55.23:944][  0]LogConfig: Applying CVar settings from Section [FoliageQuality@3] File [C:/Users/SLATE 15/Documents/GitHub/Hannah-Ashna.github.io/FYP-Prototype/PrototypeV2/Saved/Config/Windows/Scalability.ini]
[2022.01.13-19.55.23:944][  0]LogConfig: Setting CVar [[foliage.DensityScale:1.0]]
[2022.01.13-19.55.23:945][  0]LogConfig: Setting CVar [[grass.DensityScale:1.0]]
[2022.01.13-19.55.23:945][  0]LogConfig: Applying CVar settings from Section [ShadingQuality@3] File [C:/Users/SLATE 15/Documents/GitHub/Hannah-Ashna.github.io/FYP-Prototype/PrototypeV2/Saved/Config/Windows/Scalability.ini]
[2022.01.13-19.55.23:945][  0]LogConfig: Setting CVar [[r.HairStrands.SkyLighting.SampleCount:16]]
[2022.01.13-19.55.23:945][  0]LogConfig: Setting CVar [[r.HairStrands.SkyLighting.JitterIntegration:0]]
[2022.01.13-19.55.23:945][  0]LogConfig: Setting CVar [[r.HairStrands.SkyAO.SampleCount:16]]
[2022.01.13-19.55.23:945][  0]LogConfig: Setting CVar [[r.HairStrands.DeepShadow.SuperSampling:0]]
[2022.01.13-19.55.23:945][  0]LogConfig: Setting CVar [[r.HairStrands.VisibilityPPLL:0]]
[2022.01.13-19.55.23:945][  0]LogConfig: Setting CVar [[r.HairStrands.RasterizationScale:0.5]]
[2022.01.13-19.55.23:945][  0]LogConfig: Setting CVar [[r.HairStrands.VelocityRasterizationScale:1]]
[2022.01.13-19.55.23:945][  0]LogInit: Selected Device Profile: [Windows]
[2022.01.13-19.55.23:945][  0]LogInit: Applying CVar settings loaded from the selected device profile: [Windows]
[2022.01.13-19.55.23:945][  0]LogHAL: Display: Platform has ~ 16 GB [16973881344 / 17179869184 / 16], which maps to Larger [LargestMinGB=32, LargerMinGB=12, DefaultMinGB=8, SmallerMinGB=6, SmallestMinGB=0)
[2022.01.13-19.55.23:945][  0]LogInit: Going up to parent DeviceProfile []
[2022.01.13-19.55.23:945][  0]LogConfig: Applying CVar settings from Section [ViewDistanceQuality@3] File [C:/Users/SLATE 15/Documents/GitHub/Hannah-Ashna.github.io/FYP-Prototype/PrototypeV2/Saved/Config/Windows/Scalability.ini]
[2022.01.13-19.55.23:945][  0]LogConfig: Setting CVar [[r.SkeletalMeshLODBias:0]]
[2022.01.13-19.55.23:945][  0]LogConfig: Setting CVar [[r.ViewDistanceScale:1.0]]
[2022.01.13-19.55.23:945][  0]LogConfig: Applying CVar settings from Section [AntiAliasingQuality@3] File [C:/Users/SLATE 15/Documents/GitHub/Hannah-Ashna.github.io/FYP-Prototype/PrototypeV2/Saved/Config/Windows/Scalability.ini]
[2022.01.13-19.55.23:945][  0]LogConfig: Setting CVar [[r.PostProcessAAQuality:4]]
[2022.01.13-19.55.23:945][  0]LogConfig: Applying CVar settings from Section [ShadowQuality@3] File [C:/Users/SLATE 15/Documents/GitHub/Hannah-Ashna.github.io/FYP-Prototype/PrototypeV2/Saved/Config/Windows/Scalability.ini]
[2022.01.13-19.55.23:945][  0]LogConfig: Setting CVar [[r.LightFunctionQuality:1]]
[2022.01.13-19.55.23:945][  0]LogConfig: Setting CVar [[r.ShadowQuality:5]]
[2022.01.13-19.55.23:945][  0]LogConfig: Setting CVar [[r.Shadow.CSM.MaxCascades:10]]
[2022.01.13-19.55.23:945][  0]LogConfig: Setting CVar [[r.Shadow.MaxResolution:2048]]
[2022.01.13-19.55.23:945][  0]LogConfig: Setting CVar [[r.Shadow.MaxCSMResolution:2048]]
[2022.01.13-19.55.23:945][  0]LogConfig: Setting CVar [[r.Shadow.RadiusThreshold:0.01]]
[2022.01.13-19.55.23:945][  0]LogConfig: Setting CVar [[r.Shadow.DistanceScale:1.0]]
[2022.01.13-19.55.23:945][  0]LogConfig: Setting CVar [[r.Shadow.CSM.TransitionScale:1.0]]
[2022.01.13-19.55.23:945][  0]LogConfig: Setting CVar [[r.Shadow.PreShadowResolutionFactor:1.0]]
[2022.01.13-19.55.23:945][  0]LogConfig: Setting CVar [[r.DistanceFieldShadowing:1]]
[2022.01.13-19.55.23:945][  0]LogConfig: Setting CVar [[r.DistanceFieldAO:1]]
[2022.01.13-19.55.23:945][  0]LogConfig: Setting CVar [[r.AOQuality:2]]
[2022.01.13-19.55.23:945][  0]LogConfig: Setting CVar [[r.VolumetricFog:1]]
[2022.01.13-19.55.23:945][  0]LogConfig: Setting CVar [[r.VolumetricFog.GridPixelSize:8]]
[2022.01.13-19.55.23:945][  0]LogConfig: Setting CVar [[r.VolumetricFog.GridSizeZ:128]]
[2022.01.13-19.55.23:945][  0]LogConfig: Setting CVar [[r.VolumetricFog.HistoryMissSupersampleCount:4]]
[2022.01.13-19.55.23:945][  0]LogConfig: Setting CVar [[r.LightMaxDrawDistanceScale:1]]
[2022.01.13-19.55.23:945][  0]LogConfig: Setting CVar [[r.CapsuleShadows:1]]
[2022.01.13-19.55.23:945][  0]LogConfig: Applying CVar settings from Section [PostProcessQuality@3] File [C:/Users/SLATE 15/Documents/GitHub/Hannah-Ashna.github.io/FYP-Prototype/PrototypeV2/Saved/Config/Windows/Scalability.ini]
[2022.01.13-19.55.23:945][  0]LogConfig: Setting CVar [[r.MotionBlurQuality:4]]
[2022.01.13-19.55.23:945][  0]LogConfig: Setting CVar [[r.AmbientOcclusionMipLevelFactor:0.4]]
[2022.01.13-19.55.23:945][  0]LogConfig: Setting CVar [[r.AmbientOcclusionMaxQuality:100]]
[2022.01.13-19.55.23:945][  0]LogConfig: Setting CVar [[r.AmbientOcclusionLevels:-1]]
[2022.01.13-19.55.23:945][  0]LogConfig: Setting CVar [[r.AmbientOcclusionRadiusScale:1.0]]
[2022.01.13-19.55.23:945][  0]LogConfig: Setting CVar [[r.DepthOfFieldQuality:2]]
[2022.01.13-19.55.23:945][  0]LogConfig: Setting CVar [[r.RenderTargetPoolMin:400]]
[2022.01.13-19.55.23:945][  0]LogConfig: Setting CVar [[r.LensFlareQuality:2]]
[2022.01.13-19.55.23:945][  0]LogConfig: Setting CVar [[r.SceneColorFringeQuality:1]]
[2022.01.13-19.55.23:945][  0]LogConfig: Setting CVar [[r.EyeAdaptationQuality:2]]
[2022.01.13-19.55.23:945][  0]LogConfig: Setting CVar [[r.BloomQuality:5]]
[2022.01.13-19.55.23:945][  0]LogConfig: Setting CVar [[r.FastBlurThreshold:100]]
[2022.01.13-19.55.23:945][  0]LogConfig: Setting CVar [[r.Upscale.Quality:3]]
[2022.01.13-19.55.23:945][  0]LogConfig: Setting CVar [[r.Tonemapper.GrainQuantization:1]]
[2022.01.13-19.55.23:945][  0]LogConfig: Setting CVar [[r.LightShaftQuality:1]]
[2022.01.13-19.55.23:945][  0]LogConfig: Setting CVar [[r.Filter.SizeScale:1]]
[2022.01.13-19.55.23:945][  0]LogConfig: Setting CVar [[r.Tonemapper.Quality:5]]
[2022.01.13-19.55.23:945][  0]LogConfig: Setting CVar [[r.DOF.Gather.AccumulatorQuality:1        ; higher gathering accumulator quality]]
[2022.01.13-19.55.23:946][  0]LogConfig: Setting CVar [[r.DOF.Gather.PostfilterMethod:1          ; Median3x3 postfilering method]]
[2022.01.13-19.55.23:946][  0]LogConfig: Setting CVar [[r.DOF.Gather.EnableBokehSettings:0       ; no bokeh simulation when gathering]]
[2022.01.13-19.55.23:946][  0]LogConfig: Setting CVar [[r.DOF.Gather.RingCount:4                 ; medium number of samples when gathering]]
[2022.01.13-19.55.23:946][  0]LogConfig: Setting CVar [[r.DOF.Scatter.ForegroundCompositing:1    ; additive foreground scattering]]
[2022.01.13-19.55.23:946][  0]LogConfig: Setting CVar [[r.DOF.Scatter.BackgroundCompositing:2    ; additive background scattering]]
[2022.01.13-19.55.23:946][  0]LogConfig: Setting CVar [[r.DOF.Scatter.EnableBokehSettings:1      ; bokeh simulation when scattering]]
[2022.01.13-19.55.23:946][  0]LogConfig: Setting CVar [[r.DOF.Scatter.MaxSpriteRatio:0.1         ; only a maximum of 10% of scattered bokeh]]
[2022.01.13-19.55.23:946][  0]LogConfig: Setting CVar [[r.DOF.Recombine.Quality:1                ; cheap slight out of focus]]
[2022.01.13-19.55.23:946][  0]LogConfig: Setting CVar [[r.DOF.Recombine.EnableBokehSettings:0    ; no bokeh simulation on slight out of focus]]
[2022.01.13-19.55.23:946][  0]LogConfig: Setting CVar [[r.DOF.TemporalAAQuality:1                ; more stable temporal accumulation]]
[2022.01.13-19.55.23:946][  0]LogConfig: Setting CVar [[r.DOF.Kernel.MaxForegroundRadius:0.025]]
[2022.01.13-19.55.23:946][  0]LogConfig: Setting CVar [[r.DOF.Kernel.MaxBackgroundRadius:0.025]]
[2022.01.13-19.55.23:946][  0]LogConfig: Applying CVar settings from Section [TextureQuality@3] File [C:/Users/SLATE 15/Documents/GitHub/Hannah-Ashna.github.io/FYP-Prototype/PrototypeV2/Saved/Config/Windows/Scalability.ini]
[2022.01.13-19.55.23:946][  0]LogConfig: Setting CVar [[r.Streaming.MipBias:0]]
[2022.01.13-19.55.23:946][  0]LogConfig: Setting CVar [[r.Streaming.AmortizeCPUToGPUCopy:0]]
[2022.01.13-19.55.23:946][  0]LogConfig: Setting CVar [[r.Streaming.MaxNumTexturesToStreamPerFrame:0]]
[2022.01.13-19.55.23:946][  0]LogConfig: Setting CVar [[r.Streaming.Boost:1]]
[2022.01.13-19.55.23:946][  0]LogConfig: Setting CVar [[r.MaxAnisotropy:8]]
[2022.01.13-19.55.23:946][  0]LogConfig: Setting CVar [[r.VT.MaxAnisotropy:8]]
[2022.01.13-19.55.23:946][  0]LogConfig: Setting CVar [[r.Streaming.LimitPoolSizeToVRAM:0]]
[2022.01.13-19.55.23:946][  0]LogConfig: Setting CVar [[r.Streaming.PoolSize:1000]]
[2022.01.13-19.55.23:946][  0]LogConfig: Setting CVar [[r.Streaming.MaxEffectiveScreenSize:0]]
[2022.01.13-19.55.23:946][  0]LogConfig: Applying CVar settings from Section [EffectsQuality@3] File [C:/Users/SLATE 15/Documents/GitHub/Hannah-Ashna.github.io/FYP-Prototype/PrototypeV2/Saved/Config/Windows/Scalability.ini]
[2022.01.13-19.55.23:946][  0]LogConfig: Setting CVar [[r.TranslucencyLightingVolumeDim:64]]
[2022.01.13-19.55.23:946][  0]LogConfig: Setting CVar [[r.RefractionQuality:2]]
[2022.01.13-19.55.23:946][  0]LogConfig: Setting CVar [[r.SSR.Quality:3]]
[2022.01.13-19.55.23:946][  0]LogConfig: Setting CVar [[r.SSR.HalfResSceneColor:0]]
[2022.01.13-19.55.23:946][  0]LogConfig: Setting CVar [[r.SceneColorFormat:4]]
[2022.01.13-19.55.23:946][  0]LogConfig: Setting CVar [[r.DetailMode:2]]
[2022.01.13-19.55.23:946][  0]LogConfig: Setting CVar [[r.TranslucencyVolumeBlur:1]]
[2022.01.13-19.55.23:946][  0]LogConfig: Setting CVar [[r.MaterialQualityLevel:1 ; High quality]]
[2022.01.13-19.55.23:946][  0]LogConfig: Setting CVar [[r.SSS.Scale:1]]
[2022.01.13-19.55.23:946][  0]LogConfig: Setting CVar [[r.SSS.SampleSet:2]]
[2022.01.13-19.55.23:946][  0]LogConfig: Setting CVar [[r.SSS.Quality:1]]
[2022.01.13-19.55.23:946][  0]LogConfig: Setting CVar [[r.SSS.HalfRes:0]]
[2022.01.13-19.55.23:946][  0]LogConfig: Setting CVar [[r.SSGI.Quality:3]]
[2022.01.13-19.55.23:946][  0]LogConfig: Setting CVar [[r.EmitterSpawnRateScale:1.0]]
[2022.01.13-19.55.23:946][  0]LogConfig: Setting CVar [[r.ParticleLightQuality:2]]
[2022.01.13-19.55.23:946][  0]LogConfig: Setting CVar [[r.SkyAtmosphere.AerialPerspectiveLUT.FastApplyOnOpaque:1 ; Always have FastSkyLUT 1 in this case to avoid wrong sky]]
[2022.01.13-19.55.23:946][  0]LogConfig: Setting CVar [[r.SkyAtmosphere.AerialPerspectiveLUT.SampleCountPerSlice:1]]
[2022.01.13-19.55.23:946][  0]LogConfig: Setting CVar [[r.SkyAtmosphere.AerialPerspectiveLUT.DepthResolution:16.0]]
[2022.01.13-19.55.23:946][  0]LogConfig: Setting CVar [[r.SkyAtmosphere.FastSkyLUT:1]]
[2022.01.13-19.55.23:946][  0]LogConfig: Setting CVar [[r.SkyAtmosphere.FastSkyLUT.SampleCountMin:4.0]]
[2022.01.13-19.55.23:946][  0]LogConfig: Setting CVar [[r.SkyAtmosphere.FastSkyLUT.SampleCountMax:32.0]]
[2022.01.13-19.55.23:946][  0]LogConfig: Setting CVar [[r.SkyAtmosphere.SampleCountMin:4.0]]
[2022.01.13-19.55.23:946][  0]LogConfig: Setting CVar [[r.SkyAtmosphere.SampleCountMax:32.0]]
[2022.01.13-19.55.23:946][  0]LogConfig: Setting CVar [[r.SkyAtmosphere.TransmittanceLUT.UseSmallFormat:0]]
[2022.01.13-19.55.23:946][  0]LogConfig: Setting CVar [[r.SkyAtmosphere.TransmittanceLUT.SampleCount:10.0]]
[2022.01.13-19.55.23:946][  0]LogConfig: Setting CVar [[r.SkyAtmosphere.MultiScatteringLUT.SampleCount:15.0]]
[2022.01.13-19.55.23:946][  0]LogConfig: Applying CVar settings from Section [FoliageQuality@3] File [C:/Users/SLATE 15/Documents/GitHub/Hannah-Ashna.github.io/FYP-Prototype/PrototypeV2/Saved/Config/Windows/Scalability.ini]
[2022.01.13-19.55.23:946][  0]LogConfig: Setting CVar [[foliage.DensityScale:1.0]]
[2022.01.13-19.55.23:946][  0]LogConfig: Setting CVar [[grass.DensityScale:1.0]]
[2022.01.13-19.55.23:946][  0]LogConfig: Applying CVar settings from Section [ShadingQuality@3] File [C:/Users/SLATE 15/Documents/GitHub/Hannah-Ashna.github.io/FYP-Prototype/PrototypeV2/Saved/Config/Windows/Scalability.ini]
[2022.01.13-19.55.23:946][  0]LogConfig: Setting CVar [[r.HairStrands.SkyLighting.SampleCount:16]]
[2022.01.13-19.55.23:946][  0]LogConfig: Setting CVar [[r.HairStrands.SkyLighting.JitterIntegration:0]]
[2022.01.13-19.55.23:946][  0]LogConfig: Setting CVar [[r.HairStrands.SkyAO.SampleCount:16]]
[2022.01.13-19.55.23:946][  0]LogConfig: Setting CVar [[r.HairStrands.DeepShadow.SuperSampling:0]]
[2022.01.13-19.55.23:946][  0]LogConfig: Setting CVar [[r.HairStrands.VisibilityPPLL:0]]
[2022.01.13-19.55.23:946][  0]LogConfig: Setting CVar [[r.HairStrands.RasterizationScale:0.5]]
[2022.01.13-19.55.23:946][  0]LogConfig: Setting CVar [[r.HairStrands.VelocityRasterizationScale:1]]
[2022.01.13-19.55.23:946][  0]LogConfig: Applying CVar settings from Section [Startup] File [../../../Engine/Config/ConsoleVariables.ini]
[2022.01.13-19.55.23:948][  0]LogConfig: Setting CVar [[net.UseAdaptiveNetUpdateFrequency:0]]
[2022.01.13-19.55.23:948][  0]LogConfig: Setting CVar [[p.chaos.AllowCreatePhysxBodies:1]]
[2022.01.13-19.55.23:948][  0]LogConfig: Setting CVar [[fx.SkipVectorVMBackendOptimizations:1]]
[2022.01.13-19.55.23:948][  0]LogConfig: Applying CVar settings from Section [ConsoleVariables] File [C:/Users/SLATE 15/Documents/GitHub/Hannah-Ashna.github.io/FYP-Prototype/PrototypeV2/Saved/Config/Windows/Engine.ini]
[2022.01.13-19.55.23:948][  0]LogInit: Computer: NOTAHACKER
[2022.01.13-19.55.23:948][  0]LogInit: User: SLATE15
[2022.01.13-19.55.23:948][  0]LogInit: CPU Page size=4096, Cores=6
[2022.01.13-19.55.23:948][  0]LogInit: High frequency timer resolution =10.000000 MHz
[2022.01.13-19.55.23:948][  0]LogMemory: Memory total: Physical=15.8GB (16GB approx)
[2022.01.13-19.55.23:948][  0]LogMemory: Platform Memory Stats for Windows
[2022.01.13-19.55.23:948][  0]LogMemory: Process Physical Memory: 116.41 MB used, 116.41 MB peak
[2022.01.13-19.55.23:948][  0]LogMemory: Process Virtual Memory: 105.49 MB used, 105.49 MB peak
[2022.01.13-19.55.23:948][  0]LogMemory: Physical Memory: 7755.00 MB used,  8432.55 MB free, 16187.55 MB total
[2022.01.13-19.55.23:948][  0]LogMemory: Virtual Memory: 5174.97 MB used,  134212552.00 MB free, 134217728.00 MB total
[2022.01.13-19.55.23:954][  0]LogWindows: WindowsPlatformFeatures enabled
[2022.01.13-19.55.24:021][  0]LogInit: Physics initialised using underlying interface: PhysX
[2022.01.13-19.55.24:022][  0]LogInit: Using OS detected language (en-US).
[2022.01.13-19.55.24:022][  0]LogInit: Using OS detected locale (en-GB).
[2022.01.13-19.55.24:027][  0]LogTextLocalizationManager: No specific localization for 'en-US' exists, so the 'en' localization will be used.
[2022.01.13-19.55.24:290][  0]LogInit: Setting process to per monitor DPI aware
[2022.01.13-19.55.24:322][  0]LogSlate: New Slate User Created.  User Index 0, Is Virtual User: 0
[2022.01.13-19.55.24:322][  0]LogSlate: Slate User Registered.  User Index 0, Is Virtual User: 0
[2022.01.13-19.55.24:460][  0]LogHMD: Failed to initialize OpenVR with code 110
[2022.01.13-19.55.24:461][  0]LogD3D11RHI: D3D11 min allowed feature level: 11_0
[2022.01.13-19.55.24:461][  0]LogD3D11RHI: D3D11 max allowed feature level: 11_0
[2022.01.13-19.55.24:461][  0]LogD3D11RHI: D3D11 adapters:
[2022.01.13-19.55.24:597][  0]LogD3D11RHI:    0. 'NVIDIA GeForce RTX 2060' (Feature Level 11_0)
[2022.01.13-19.55.24:597][  0]LogD3D11RHI:       5980/0/8093 MB DedicatedVideo/DedicatedSystem/SharedSystem, Outputs:1, VendorId:0x10de
[2022.01.13-19.55.24:633][  0]LogD3D11RHI:    1. 'Intel(R) UHD Graphics 630' (Feature Level 11_0)
[2022.01.13-19.55.24:633][  0]LogD3D11RHI:       128/0/8093 MB DedicatedVideo/DedicatedSystem/SharedSystem, Outputs:1, VendorId:0x8086
[2022.01.13-19.55.24:635][  0]LogD3D11RHI:    2. 'Microsoft Basic Render Driver' (Feature Level 11_0)
[2022.01.13-19.55.24:635][  0]LogD3D11RHI:       0/0/8093 MB DedicatedVideo/DedicatedSystem/SharedSystem, Outputs:0, VendorId:0x1414
[2022.01.13-19.55.24:635][  0]LogD3D11RHI: Chosen D3D11 Adapter: 0
[2022.01.13-19.55.24:641][  0]LogD3D11RHI: Creating new Direct3DDevice
[2022.01.13-19.55.24:642][  0]LogD3D11RHI:     GPU DeviceId: 0x1f11 (for the marketing name, search the web for "GPU Device Id")
[2022.01.13-19.55.24:642][  0]LogWindows: EnumDisplayDevices:
[2022.01.13-19.55.24:642][  0]LogWindows:    0. 'Intel(R) UHD Graphics 630' (P:0 D:1)
[2022.01.13-19.55.24:642][  0]LogWindows:    1. 'Intel(R) UHD Graphics 630' (P:0 D:0)
[2022.01.13-19.55.24:642][  0]LogWindows:    2. 'Intel(R) UHD Graphics 630' (P:0 D:0)
[2022.01.13-19.55.24:643][  0]LogWindows:    3. 'NVIDIA GeForce RTX 2060' (P:1 D:1)
[2022.01.13-19.55.24:643][  0]LogWindows:    4. 'NVIDIA GeForce RTX 2060' (P:0 D:0)
[2022.01.13-19.55.24:643][  0]LogWindows:    5. 'NVIDIA GeForce RTX 2060' (P:0 D:0)
[2022.01.13-19.55.24:644][  0]LogWindows:    6. 'NVIDIA GeForce RTX 2060' (P:0 D:0)
[2022.01.13-19.55.24:644][  0]LogWindows: DebugString: PrimaryIsNotTheChoosenAdapter PrimaryIsNotTheChoosenAdapter PrimaryIsNotTheChoosenAdapter FoundDriverCount:4 
[2022.01.13-19.55.24:644][  0]LogD3D11RHI:     Adapter Name: NVIDIA GeForce RTX 2060
[2022.01.13-19.55.24:644][  0]LogD3D11RHI:   Driver Version: 497.29 (internal:30.0.14.9729, unified:497.29)
[2022.01.13-19.55.24:644][  0]LogD3D11RHI:      Driver Date: 12-15-2021
[2022.01.13-19.55.24:644][  0]LogRHI: Texture pool is 4186 MB (70% of 5980 MB)
[2022.01.13-19.55.24:713][  0]LogD3D11RHI: RHI has support for 64 bit atomics
[2022.01.13-19.55.24:713][  0]LogD3D11RHI: Async texture creation enabled
[2022.01.13-19.55.24:713][  0]LogD3D11RHI: Array index from any shader is supported
[2022.01.13-19.55.24:735][  0]LogD3D11RHI: GPU Timing Frequency: 1000.000000 (Debug: 2 1)
[2022.01.13-19.55.25:061][  0]LogTargetPlatformManager: Display: Loaded TargetPlatform 'AllDesktop'
[2022.01.13-19.55.25:086][  0]LogTargetPlatformManager: Display: Loaded TargetPlatform 'Android'
[2022.01.13-19.55.25:086][  0]LogTargetPlatformManager: Display: Loaded TargetPlatform 'Android_ASTC'
[2022.01.13-19.55.25:086][  0]LogTargetPlatformManager: Display: Loaded TargetPlatform 'Android_DXT'
[2022.01.13-19.55.25:086][  0]LogTargetPlatformManager: Display: Loaded TargetPlatform 'Android_ETC2'
[2022.01.13-19.55.25:086][  0]LogTargetPlatformManager: Display: Loaded TargetPlatform 'AndroidClient'
[2022.01.13-19.55.25:086][  0]LogTargetPlatformManager: Display: Loaded TargetPlatform 'Android_ASTCClient'
[2022.01.13-19.55.25:086][  0]LogTargetPlatformManager: Display: Loaded TargetPlatform 'Android_DXTClient'
[2022.01.13-19.55.25:086][  0]LogTargetPlatformManager: Display: Loaded TargetPlatform 'Android_ETC2Client'
[2022.01.13-19.55.25:086][  0]LogTargetPlatformManager: Display: Loaded TargetPlatform 'Android_Multi'
[2022.01.13-19.55.25:086][  0]LogTargetPlatformManager: Display: Loaded TargetPlatform 'Android_MultiClient'
[2022.01.13-19.55.25:117][  0]LogTargetPlatformManager: Display: Loaded TargetPlatform 'IOSClient'
[2022.01.13-19.55.25:117][  0]LogTargetPlatformManager: Display: Loaded TargetPlatform 'IOS'
[2022.01.13-19.55.25:131][  0]LogTargetPlatformManager: Display: Loaded TargetPlatform 'Linux'
[2022.01.13-19.55.25:140][  0]LogTargetPlatformManager: Display: Loaded TargetPlatform 'LinuxNoEditor'
[2022.01.13-19.55.25:150][  0]LogTargetPlatformManager: Display: Loaded TargetPlatform 'LinuxClient'
[2022.01.13-19.55.25:162][  0]LogTargetPlatformManager: Display: Loaded TargetPlatform 'LinuxServer'
[2022.01.13-19.55.25:173][  0]LogTargetPlatformManager: Display: Loaded TargetPlatform 'LinuxAArch64NoEditor'
[2022.01.13-19.55.25:182][  0]LogTargetPlatformManager: Display: Loaded TargetPlatform 'LinuxAArch64Client'
[2022.01.13-19.55.25:192][  0]LogTargetPlatformManager: Display: Loaded TargetPlatform 'LinuxAArch64Server'
[2022.01.13-19.55.25:241][  0]LogTargetPlatformManager: Display: Loaded TargetPlatform 'Lumin'
[2022.01.13-19.55.25:241][  0]LogTargetPlatformManager: Display: Loaded TargetPlatform 'LuminClient'
[2022.01.13-19.55.25:264][  0]LogTargetPlatformManager: Display: Loaded TargetPlatform 'TVOSClient'
[2022.01.13-19.55.25:264][  0]LogTargetPlatformManager: Display: Loaded TargetPlatform 'TVOS'
[2022.01.13-19.55.25:275][  0]LogTargetPlatformManager: Display: Loaded TargetPlatform 'WindowsNoEditor'
[2022.01.13-19.55.25:287][  0]LogTargetPlatformManager: Display: Loaded TargetPlatform 'Windows'
[2022.01.13-19.55.25:300][  0]LogTargetPlatformManager: Display: Loaded TargetPlatform 'WindowsClient'
[2022.01.13-19.55.25:313][  0]LogTargetPlatformManager: Display: Loaded TargetPlatform 'WindowsServer'
[2022.01.13-19.55.25:314][  0]LogTargetPlatformManager: Display: Building Assets For Windows
[2022.01.13-19.55.25:326][  0]LogAudioDebug: Display: Lib vorbis DLL was dynamically loaded.
[2022.01.13-19.55.25:399][  0]LogShaderCompilers: Guid format shader working directory is -50 characters bigger than the processId version (../../../../../../Users/SLATE 15/Documents/GitHub/Hannah-Ashna.github.io/FYP-Prototype/PrototypeV2/Intermediate/Shaders/WorkingDirectory/10700/).
[2022.01.13-19.55.25:399][  0]LogShaderCompilers: Cleaned the shader compiler working directory 'C:/Users/SLATE 15/AppData/Local/Temp/UnrealShaderWorkingDir/A14B4CAF48D0C3B448D9A6A206D1F69E/'.
[2022.01.13-19.55.25:400][  0]LogXGEController: Cannot use XGE Controller as Incredibuild is not installed on this machine.
[2022.01.13-19.55.25:400][  0]LogShaderCompilers: Cannot use XGE Shader Compiler as Incredibuild is not installed on this machine.
[2022.01.13-19.55.25:400][  0]LogShaderCompilers: Display: Using Local Shader Compiler.
[2022.01.13-19.55.26:277][  0]LogDerivedDataCache: Display: Max Cache Size: 512 MB
[2022.01.13-19.55.26:331][  0]LogDerivedDataCache: Loaded boot cache 0.05s 75MB C:/Users/SLATE 15/AppData/Local/UnrealEngine/4.25/DerivedDataCache/Boot.ddc.
[2022.01.13-19.55.26:332][  0]LogDerivedDataCache: Display: Loaded Boot cache: C:/Users/SLATE 15/AppData/Local/UnrealEngine/4.25/DerivedDataCache/Boot.ddc
[2022.01.13-19.55.26:332][  0]LogDerivedDataCache: FDerivedDataBackendGraph:  Pak pak cache file ../../../../../../Users/SLATE 15/Documents/GitHub/Hannah-Ashna.github.io/FYP-Prototype/PrototypeV2/DerivedDataCache/DDC.ddp not found, will not use a pak cache.
[2022.01.13-19.55.26:332][  0]LogDerivedDataCache: Unable to find inner node Pak for hierarchical cache Hierarchy.
[2022.01.13-19.55.26:332][  0]LogDerivedDataCache: FDerivedDataBackendGraph:  CompressedPak pak cache file ../../../../../../Users/SLATE 15/Documents/GitHub/Hannah-Ashna.github.io/FYP-Prototype/PrototypeV2/DerivedDataCache/Compressed.ddp not found, will not use a pak cache.
[2022.01.13-19.55.26:332][  0]LogDerivedDataCache: Unable to find inner node CompressedPak for hierarchical cache Hierarchy.
[2022.01.13-19.55.26:342][  0]LogDerivedDataCache: Display: Pak cache opened for reading ../../../Engine/DerivedDataCache/Compressed.ddp.
[2022.01.13-19.55.26:342][  0]LogDerivedDataCache: FDerivedDataBackendGraph:  EnterprisePak pak cache file ../../../Enterprise/DerivedDataCache/Compressed.ddp not found, will not use a pak cache.
[2022.01.13-19.55.26:342][  0]LogDerivedDataCache: Unable to find inner node EnterprisePak for hierarchical cache Hierarchy.
[2022.01.13-19.55.26:344][  0]LogDerivedDataCache: Using Local data cache path C:/Users/SLATE 15/AppData/Local/UnrealEngine/Common/DerivedDataCache: Writable
[2022.01.13-19.55.26:344][  0]LogDerivedDataCache: Shared data cache path not found in *engine.ini, will not use an Shared cache.
[2022.01.13-19.55.26:344][  0]LogDerivedDataCache: Unable to find inner node Shared for hierarchical cache Hierarchy.
[2022.01.13-19.55.26:398][  0]LogSlate: Using FreeType 2.10.0
[2022.01.13-19.55.26:399][  0]LogSlate: SlateFontServices - WITH_FREETYPE: 1, WITH_HARFBUZZ: 1
[2022.01.13-19.55.26:427][  0]LogAssetRegistry: FAssetRegistry took 0.0031 seconds to start up
[2022.01.13-19.55.26:663][  0]LogInit: Selected Device Profile: [Windows]
[2022.01.13-19.55.26:788][  0]LogMeshReduction: Using QuadricMeshReduction for automatic static mesh reduction
[2022.01.13-19.55.26:788][  0]LogMeshReduction: Using SimplygonMeshReduction for automatic skeletal mesh reduction
[2022.01.13-19.55.26:788][  0]LogMeshReduction: Using ProxyLODMeshReduction for automatic mesh merging
[2022.01.13-19.55.26:788][  0]LogMeshReduction: No distributed automatic mesh merging module available
[2022.01.13-19.55.26:788][  0]LogMeshMerging: No distributed automatic mesh merging module available
[2022.01.13-19.55.26:804][  0]LogNetVersion: PrototypeV2 1.0.0, NetCL: 13144385, EngineNetVer: 14, GameNetVer: 0 (Checksum: 1038975548)
[2022.01.13-19.55.27:292][  0]LogAISub: UAISubsystem::UAISubsystem AISubsystem (000001A1DB7D1BC0), frame # 0
[2022.01.13-19.55.27:292][  0]LogAISub: UAISubsystem::UAISubsystem AIPerceptionSystem (000001A1DB71B740), frame # 0
[2022.01.13-19.55.27:293][  0]LogAISub: UAISubsystem::UAISubsystem EnvQueryManager (000001A1DB794800), frame # 0
[2022.01.13-19.55.27:355][  0]LogPackageLocalizationCache: Processed 19 localized package path(s) for 1 prioritized culture(s) in 0.054777 seconds
[2022.01.13-19.55.27:359][  0]LogUObjectArray: 15917 objects as part of root set at end of initial load.
[2022.01.13-19.55.27:359][  0]LogUObjectAllocator: 3965568 out of 0 bytes used by permanent object pool.
[2022.01.13-19.55.27:359][  0]LogUObjectArray: CloseDisregardForGC: 0/0 objects in disregard for GC pool
[2022.01.13-19.55.27:663][  0]LogTcpMessaging: Initializing TcpMessaging bridge
[2022.01.13-19.55.27:667][  0]LogUdpMessaging: Initializing bridge on interface 0.0.0.0:0 to multicast group 230.0.0.1:6666.
[2022.01.13-19.55.27:748][  0]SourceControl: Source control is disabled
[2022.01.13-19.55.27:748][  0]SourceControl: Source control is disabled
[2022.01.13-19.55.27:751][  0]SourceControl: Source control is disabled
[2022.01.13-19.55.27:753][  0]SourceControl: Source control is disabled
[2022.01.13-19.55.27:758][  0]SourceControl: Source control is disabled
[2022.01.13-19.55.27:987][  0]LogAndroidPermission: UAndroidPermissionCallbackProxy::GetInstance
[2022.01.13-19.55.28:004][  0]LogAudioCaptureCore: Display: No Audio Capture implementations found. Audio input will be silent.
[2022.01.13-19.55.28:004][  0]LogAudioCaptureCore: Display: No Audio Capture implementations found. Audio input will be silent.
[2022.01.13-19.55.28:061][  0]LogOcInput: OculusInput pre-init called
[2022.01.13-19.55.28:075][  0]LogWindows: Failed to load 'OVRPlugin.dll' (GetLastError=126)
[2022.01.13-19.55.28:075][  0]LogWindows: File 'OVRPlugin.dll' does not exist
[2022.01.13-19.55.28:133][  0]LogEngine: Initializing Engine...
[2022.01.13-19.55.28:135][  0]LogHMD: Failed to initialize OpenVR with code 110
[2022.01.13-19.55.28:135][  0]LogMagicLeap: Warning: VR disabled because ZI is not enabled.  To enable, in the editor, Edit -> Project Settings -> Plugins -> Magic Leap Plugin -> Enable Zero Iteration
[2022.01.13-19.55.28:136][  0]LogStats: UGameplayTagsManager::InitializeManager -  0.000 s
[2022.01.13-19.55.28:262][  0]LogInit: Initializing FReadOnlyCVARCache
[2022.01.13-19.55.28:276][  0]LogAIModule: Creating AISystem for world Untitled
[2022.01.13-19.55.28:276][  0]LogAISub: UAISubsystem::UAISubsystem EnvQueryManager (000001A1EA74FC00), frame # 0
[2022.01.13-19.55.28:276][  0]LogAISub: UAISubsystem::UAISubsystem AIPerceptionSystem (000001A1DE4556C0), frame # 0
[2022.01.13-19.55.28:292][  0]LogAudioMixer: Display: Audio Mixer Platform Settings:
[2022.01.13-19.55.28:292][  0]LogAudioMixer: Display: 	Sample Rate:						  48000
[2022.01.13-19.55.28:292][  0]LogAudioMixer: Display: 	Callback Buffer Frame Size Requested: 1024
[2022.01.13-19.55.28:292][  0]LogAudioMixer: Display: 	Callback Buffer Frame Size To Use:	  1024
[2022.01.13-19.55.28:292][  0]LogAudioMixer: Display: 	Number of buffers to queue:			  2
[2022.01.13-19.55.28:292][  0]LogAudioMixer: Display: 	Max Channels (voices):				  32
[2022.01.13-19.55.28:292][  0]LogAudioMixer: Display: 	Number of Async Source Workers:		  0
[2022.01.13-19.55.28:292][  0]LogAudio: Display: AudioDevice MaxSources: 32
[2022.01.13-19.55.28:293][  0]LogAudio: Display: Using built-in audio occlusion.
[2022.01.13-19.55.28:293][  0]LogAudioMixer: Display: Initializing audio mixer.
[2022.01.13-19.55.28:314][  0]LogAudioMixer: Display: 0: FrontLeft
[2022.01.13-19.55.28:314][  0]LogAudioMixer: Display: 1: FrontRight
[2022.01.13-19.55.28:376][  0]LogAudioMixer: Display: Using Audio Device Speakers (Realtek(R) Audio)
[2022.01.13-19.55.28:379][  0]LogAudioMixer: Display: Initializing Sound Submixes...
[2022.01.13-19.55.28:381][  0]LogAudioMixer: Display: Creating Master Submix 'MasterSubmixDefault'
[2022.01.13-19.55.28:381][  0]LogAudioMixer: Display: Creating Master Submix 'MasterReverbSubmixDefault'
[2022.01.13-19.55.28:382][  0]LogAudioMixer: Display: Creating Master Submix 'MasterEQSubmixDefault'
[2022.01.13-19.55.28:382][  0]LogInit: FAudioDevice initialized.
[2022.01.13-19.55.28:383][  0]LogNetVersion: Set ProjectVersion to 1.0.0.0. Version Checksum will be recalculated on next use.
[2022.01.13-19.55.28:425][  0]LogDerivedDataCache: Saved boot cache 0.04s 75MB C:/Users/SLATE 15/AppData/Local/UnrealEngine/4.25/DerivedDataCache/Boot.ddc.
[2022.01.13-19.55.28:426][  0]LogInit: Texture streaming: Enabled
[2022.01.13-19.55.28:441][  0]LogEngineSessionManager: EngineSessionManager initialized
[2022.01.13-19.55.28:441][  0]LogEditorSessionSummary: Verbose: Initializing EditorSessionSummaryWriter for editor session tracking
[2022.01.13-19.55.28:443][  0]LogEditorSessionSummary: EditorSessionSummaryWriter initialized
[2022.01.13-19.55.28:486][  0]LogInit: Transaction tracking system initialized
[2022.01.13-19.55.28:506][  0]BlueprintLog: New page: Editor Load
[2022.01.13-19.55.28:570][  0]LocalizationService: Localization service is disabled
[2022.01.13-19.55.28:732][  0]LogCook: Display: Max memory allowance for cook 16384mb min free memory 0mb
[2022.01.13-19.55.28:733][  0]LogCook: Display: Mobile HDR setting 1
[2022.01.13-19.55.28:900][  0]LogFileCache: Scanning file cache for directory 'C:/Users/SLATE 15/Documents/GitHub/Hannah-Ashna.github.io/FYP-Prototype/PrototypeV2/Content/' took 0.01s
[2022.01.13-19.55.29:223][  0]SourceControl: Source control is disabled
[2022.01.13-19.55.29:223][  0]LogUnrealEdMisc: Loading editor; pre map load, took 7.230
[2022.01.13-19.55.29:224][  0]LightingResults: New page: Lighting Build
[2022.01.13-19.55.29:225][  0]LogWorld: UWorld::CleanupWorld for Untitled, bSessionEnded=true, bCleanupResources=true
[2022.01.13-19.55.29:225][  0]LogSlate: InvalidateAllWidgets triggered.  All widgets were invalidated
[2022.01.13-19.55.29:225][  0]MapCheck: New page: Map Check
[2022.01.13-19.55.29:225][  0]LightingResults: New page: Lighting Build
[2022.01.13-19.55.29:238][  0]LogAISub: UAISubsystem::~UAISubsystem EnvQueryManager (000001A1EA74FC00), frame # 0
[2022.01.13-19.55.29:238][  0]LogAISub: UAISubsystem::~UAISubsystem AIPerceptionSystem (000001A1DE4556C0), frame # 0
[2022.01.13-19.55.29:239][  0]LogUObjectHash: Compacting FUObjectHashTables data took   0.85ms
[2022.01.13-19.55.29:533][  0]LogAIModule: Creating AISystem for world VehicleExampleMap
[2022.01.13-19.55.29:534][  0]LogAISub: UAISubsystem::UAISubsystem EnvQueryManager (000001A1CDB43E00), frame # 0
[2022.01.13-19.55.29:534][  0]LogAISub: UAISubsystem::UAISubsystem AIPerceptionSystem (000001A1CDBBE5C0), frame # 0
[2022.01.13-19.55.29:554][  0]LogEditorServer: Finished looking for orphan Actors (0.000 secs)
[2022.01.13-19.55.29:597][  0]LogUObjectHash: Compacting FUObjectHashTables data took   1.58ms
[2022.01.13-19.55.29:597][  0]Cmd: MAP CHECKDEP NOCLEARLOG
[2022.01.13-19.55.29:598][  0]MapCheck: Map check complete: 0 Error(s), 0 Warning(s), took 0.47ms to complete.
[2022.01.13-19.55.29:598][  0]LogFileHelpers: Loading map 'VehicleExampleMap' took 0.375
[2022.01.13-19.55.29:600][  0]LogUnrealEdMisc: Total Editor Startup Time, took 7.606
[2022.01.13-19.55.29:734][  0]LogSlate: Updating window title bar state: overlay mode, drag disabled, window buttons hidden, title bar hidden
[2022.01.13-19.55.29:742][  0]LogSlate: Updating window title bar state: overlay mode, drag disabled, window buttons hidden, title bar hidden
[2022.01.13-19.55.29:750][  0]LogSlate: Updating window title bar state: overlay mode, drag disabled, window buttons hidden, title bar hidden
[2022.01.13-19.55.29:758][  0]LogSlate: Updating window title bar state: overlay mode, drag disabled, window buttons hidden, title bar hidden
[2022.01.13-19.55.29:768][  0]LogCollectionManager: Loaded 0 collections in 0.001941 seconds
[2022.01.13-19.55.29:793][  0]LogFileCache: Scanning file cache for directory 'C:/Users/SLATE 15/Documents/GitHub/Hannah-Ashna.github.io/FYP-Prototype/PrototypeV2/Saved/Collections/' took 0.00s
[2022.01.13-19.55.29:793][  0]LogFileCache: Scanning file cache for directory 'C:/Users/SLATE 15/Documents/GitHub/Hannah-Ashna.github.io/FYP-Prototype/PrototypeV2/Content/Developers/SLATE15/Collections/' took 0.00s
[2022.01.13-19.55.29:793][  0]LogFileCache: Scanning file cache for directory 'C:/Users/SLATE 15/Documents/GitHub/Hannah-Ashna.github.io/FYP-Prototype/PrototypeV2/Content/Collections/' took 0.00s
[2022.01.13-19.55.29:793][  0]LogContentBrowser: Native class hierarchy populated in 0.0168 seconds. Added 3429 classes and 824 folders.
[2022.01.13-19.55.29:798][  0]LogContentBrowser: Native class hierarchy updated for 'WidgetCarousel' in 0.0004 seconds. Added 0 classes and 0 folders.
[2022.01.13-19.55.29:873][  0]LogContentBrowser: Native class hierarchy updated for 'AddContentDialog' in 0.0003 seconds. Added 0 classes and 0 folders.
[2022.01.13-19.55.29:874][  0]LogContentBrowser: Native class hierarchy updated for 'SceneOutliner' in 0.0003 seconds. Added 2 classes and 0 folders.
[2022.01.13-19.55.29:914][  0]LogSlate: Took 0.000150 seconds to synchronously load lazily loaded font '../../../Engine/Content/Slate/Fonts/Roboto-Regular.ttf' (155K)
[2022.01.13-19.55.29:916][  0]LogSlate: Took 0.000151 seconds to synchronously load lazily loaded font '../../../Engine/Content/Slate/Fonts/Roboto-Bold.ttf' (160K)
[2022.01.13-19.55.29:920][  0]LogSlate: Took 0.000153 seconds to synchronously load lazily loaded font '../../../Engine/Content/Editor/Slate/Fonts/FontAwesome.ttf' (139K)
[2022.01.13-19.55.29:991][  0]LogRenderer: Reallocating scene render targets to support 1344x640 Format 10 NumSamples 1 (Frame:1).
[2022.01.13-19.55.30:174][  0]LogContentBrowser: Native class hierarchy updated for 'HierarchicalLODOutliner' in 0.0002 seconds. Added 0 classes and 0 folders.
[2022.01.13-19.55.30:174][  0]LogLoad: (Engine Initialization) Total time: 8.18 seconds
[2022.01.13-19.55.30:174][  0]LogLoad: (Engine Initialization) Total Blueprint compile time: 0.00 seconds
[2022.01.13-19.55.30:197][  0]LogRawInputWindows: Warning: Found device 17 devices
[2022.01.13-19.55.30:197][  0]LogRawInputWindows: Warning: Found device 17 devices
[2022.01.13-19.55.30:197][  0]LogRawInputWindows: Warning: Device was registered succesfully but not connected (Usage:4 UsagePage:1)
[2022.01.13-19.55.30:198][  0]LogRawInputWindows: Warning: Found device 17 devices
[2022.01.13-19.55.30:198][  0]LogRawInputWindows: Warning: Device was registered succesfully but not connected (Usage:5 UsagePage:1)
[2022.01.13-19.55.30:233][  0]LogAssetRegistry: Asset discovery search completed in 3.8072 seconds
[2022.01.13-19.55.30:237][  0]LogCollectionManager: Fixed up redirectors for 0 collections in 0.000003 seconds (updated 0 objects)
[2022.01.13-19.55.30:238][  0]LogContentStreaming: Texture pool size now 1000 MB
[2022.01.13-19.55.30:249][  0]LogSlate: Took 0.000154 seconds to synchronously load lazily loaded font '../../../Engine/Content/Slate/Fonts/Roboto-Light.ttf' (167K)
[2022.01.13-19.55.34:903][180]LogSlate: Prevented a slow task dialog from being summoned while a context menu was open
[2022.01.13-19.55.35:598][180]LogTexture: Display: Building textures: T_ReflectorHexagon_N (BC5, 1024X1024)
[2022.01.13-19.55.35:598][180]LogStaticMesh: Building static mesh SM_WallSectionShort...
[2022.01.13-19.55.36:219][180]LogTexture: Display: Building textures: T_Lamp_AO (AutoDXT, 2048X2048)
[2022.01.13-19.55.36:219][180]LogTexture: Display: Building textures: T_Lamp_R (AutoDXT, 2048X2048)
[2022.01.13-19.55.36:219][180]LogTexture: Display: Building textures: T_Lamp_A (AutoDXT, 2048X2048)
[2022.01.13-19.55.36:219][180]LogTexture: Display: Building textures: T_Lamp_N (BC5, 2048X2048)
[2022.01.13-19.55.36:219][180]LogTexture: Display: Building textures: T_Sidewalk_AO (BC7, 4096X4096)
[2022.01.13-19.55.36:219][180]LogStaticMesh: Built static mesh [0.62s] /Game/AutomotiveBridgeScene/Meshes/Environment/Bridge/SM_WallSectionShort.SM_WallSectionShort
[2022.01.13-19.55.36:252][180]LogStaticMesh: Building static mesh SM_WallSectionMedium...
[2022.01.13-19.55.36:698][180]LogTexture: Display: Building textures: T_Sidewalk_R (BC7, 4096X4096)
[2022.01.13-19.55.36:698][180]LogStaticMesh: Built static mesh [0.45s] /Game/AutomotiveBridgeScene/Meshes/Environment/Bridge/SM_WallSectionMedium.SM_WallSectionMedium
[2022.01.13-19.55.36:798][180]LogTexture: Display: Building textures: T_Sidewalk_N (BC5, 4096X4096)
[2022.01.13-19.55.36:798][180]LogTexture: Display: Building textures: T_Sidewalk_03_A (BC7, 4096X4096)
[2022.01.13-19.55.36:798][180]LogStaticMesh: Building static mesh SM_StraightWallSection...
[2022.01.13-19.55.37:490][180]LogTexture: Display: Building textures: T_Sidewalk_A (BC7, 4096X4096)
[2022.01.13-19.55.37:491][180]LogTexture: Display: Building textures: T_Sidewalk_02_A (BC7, 4096X4096)
[2022.01.13-19.55.37:491][180]LogStaticMesh: Built static mesh [0.69s] /Game/AutomotiveBridgeScene/Meshes/Environment/Bridge/SM_StraightWallSection.SM_StraightWallSection
[2022.01.13-19.55.37:626][180]LogStaticMesh: Building static mesh SM_StraightAlcove...
[2022.01.13-19.55.38:509][180]LogStaticMesh: Built static mesh [0.88s] /Game/AutomotiveBridgeScene/Meshes/Environment/Bridge/SM_StraightAlcove.SM_StraightAlcove
[2022.01.13-19.55.38:659][180]LogStaticMesh: Building static mesh SM_SmallSlab...
[2022.01.13-19.55.38:668][180]LogStaticMesh: Built static mesh [0.01s] /Game/AutomotiveBridgeScene/Meshes/Environment/Bridge/SM_SmallSlab.SM_SmallSlab
[2022.01.13-19.55.38:669][180]LogStaticMesh: Building static mesh SM_SmallRailTopSection...
[2022.01.13-19.55.38:708][180]LogStaticMesh: Built static mesh [0.04s] /Game/AutomotiveBridgeScene/Meshes/Environment/Bridge/SM_SmallRailTopSection.SM_SmallRailTopSection
[2022.01.13-19.55.38:713][180]LogStaticMesh: Building static mesh SM_SmallColumn...
[2022.01.13-19.55.38:855][180]LogTexture: Display: Building textures: T_RustedMetal_R (BC7, 2048X2048)
[2022.01.13-19.55.38:855][180]LogStaticMesh: Built static mesh [0.14s] /Game/AutomotiveBridgeScene/Meshes/Environment/Bridge/SM_SmallColumn.SM_SmallColumn
[2022.01.13-19.55.38:862][180]LogStaticMesh: Building static mesh SM_sidewalkAlcoveB_CurveOut...
[2022.01.13-19.55.39:126][180]LogStaticMesh: Built static mesh [0.27s] /Game/AutomotiveBridgeScene/Meshes/Environment/Bridge/SM_sidewalkAlcoveB_CurveOut.SM_sidewalkAlcoveB_CurveOut
[2022.01.13-19.55.39:137][180]LogStaticMesh: Building static mesh SM_sidewalkAlcoveB_CurveIn...
[2022.01.13-19.55.39:511][180]LogTexture: Display: Building textures: T_Grout_N (BC5, 4096X4096)
[2022.01.13-19.55.39:511][180]LogStaticMesh: Built static mesh [0.37s] /Game/AutomotiveBridgeScene/Meshes/Environment/Bridge/SM_sidewalkAlcoveB_CurveIn.SM_sidewalkAlcoveB_CurveIn
[2022.01.13-19.55.39:528][180]LogStaticMesh: Building static mesh SM_sidewalkAlcoveA_CurveOut...
[2022.01.13-19.55.39:801][180]LogStaticMesh: Built static mesh [0.27s] /Game/AutomotiveBridgeScene/Meshes/Environment/Bridge/SM_sidewalkAlcoveA_CurveOut.SM_sidewalkAlcoveA_CurveOut
[2022.01.13-19.55.39:814][180]LogStaticMesh: Building static mesh SM_sidewalkAlcoveA_CurveIn...
[2022.01.13-19.55.39:991][180]LogStaticMesh: Built static mesh [0.18s] /Game/AutomotiveBridgeScene/Meshes/Environment/Bridge/SM_sidewalkAlcoveA_CurveIn.SM_sidewalkAlcoveA_CurveIn
[2022.01.13-19.55.40:008][180]LogStaticMesh: Building static mesh SM_Sidewalk_CurveB...
[2022.01.13-19.55.40:261][180]LogStaticMesh: Built static mesh [0.25s] /Game/AutomotiveBridgeScene/Meshes/Environment/Bridge/SM_Sidewalk_CurveB.SM_Sidewalk_CurveB
[2022.01.13-19.55.40:272][180]LogStaticMesh: Building static mesh SM_Sidewalk_CurveA...
[2022.01.13-19.55.40:663][180]LogStaticMesh: Built static mesh [0.39s] /Game/AutomotiveBridgeScene/Meshes/Environment/Bridge/SM_Sidewalk_CurveA.SM_Sidewalk_CurveA
[2022.01.13-19.55.40:673][180]LogStaticMesh: Building static mesh SM_roadwayJoint...
[2022.01.13-19.55.40:686][180]LogStaticMesh: Built static mesh [0.01s] /Game/AutomotiveBridgeScene/Meshes/Environment/Bridge/SM_roadwayJoint.SM_roadwayJoint
[2022.01.13-19.55.40:688][180]LogStaticMesh: Building static mesh SM_roadwayGutterCurvedOuter...
[2022.01.13-19.55.40:710][180]LogStaticMesh: Built static mesh [0.02s] /Game/AutomotiveBridgeScene/Meshes/Environment/Bridge/SM_roadwayGutterCurvedOuter.SM_roadwayGutterCurvedOuter
[2022.01.13-19.55.40:714][180]LogStaticMesh: Building static mesh SM_roadwayGutterCurvedInner...
[2022.01.13-19.55.40:736][180]LogStaticMesh: Built static mesh [0.02s] /Game/AutomotiveBridgeScene/Meshes/Environment/Bridge/SM_roadwayGutterCurvedInner.SM_roadwayGutterCurvedInner
[2022.01.13-19.55.40:741][180]LogStaticMesh: Building static mesh SM_roadwaycurvedAsphalt...
[2022.01.13-19.55.43:262][180]LogTexture: Display: Building textures: T_RustedMetal_N (BC5, 2048X2048)
[2022.01.13-19.55.43:262][180]LogTexture: Display: Building textures: T_RustedMetal_A (BC7, 2048X2048)
[2022.01.13-19.55.43:262][180]LogTexture: Display: Building textures: T_Roughness (AutoDXT, 512X512)
[2022.01.13-19.55.43:262][180]LogStaticMesh: Built static mesh [2.52s] /Game/AutomotiveBridgeScene/Meshes/Environment/Bridge/SM_roadwaycurvedAsphalt.SM_roadwaycurvedAsphalt
[2022.01.13-19.55.43:448][180]LogStaticMesh: Building static mesh SM_RailTopSection...
[2022.01.13-19.55.43:556][180]LogStaticMesh: Built static mesh [0.11s] /Game/AutomotiveBridgeScene/Meshes/Environment/Bridge/SM_RailTopSection.SM_RailTopSection
[2022.01.13-19.55.43:569][180]LogStaticMesh: Building static mesh SM_PillarSlab...
[2022.01.13-19.55.43:577][180]LogStaticMesh: Built static mesh [0.01s] /Game/AutomotiveBridgeScene/Meshes/Environment/Bridge/SM_PillarSlab.SM_PillarSlab
[2022.01.13-19.55.43:579][180]LogStaticMesh: Building static mesh SM_Pillar...
[2022.01.13-19.55.43:604][180]LogStaticMesh: Built static mesh [0.03s] /Game/AutomotiveBridgeScene/Meshes/Environment/Bridge/SM_Pillar.SM_Pillar
[2022.01.13-19.55.43:606][180]LogStaticMesh: Building static mesh SM_PaintedStreetLines_CurvedOut...
[2022.01.13-19.55.43:656][180]LogStaticMesh: Built static mesh [0.05s] /Game/AutomotiveBridgeScene/Meshes/Environment/Bridge/SM_PaintedStreetLines_CurvedOut.SM_PaintedStreetLines_CurvedOut
[2022.01.13-19.55.43:658][180]LogStaticMesh: Building static mesh SM_PaintedStreetLines_CurvedIn...
[2022.01.13-19.55.43:662][180]LogStaticMesh: Built static mesh [0.00s] /Game/AutomotiveBridgeScene/Meshes/Environment/Bridge/SM_PaintedStreetLines_CurvedIn.SM_PaintedStreetLines_CurvedIn
[2022.01.13-19.55.43:662][180]LogStaticMesh: Building static mesh SM_PaintedStreetLines_Curved...
[2022.01.13-19.55.43:688][180]LogStaticMesh: Built static mesh [0.03s] /Game/AutomotiveBridgeScene/Meshes/Environment/Bridge/SM_PaintedStreetLines_Curved.SM_PaintedStreetLines_Curved
[2022.01.13-19.55.43:690][180]LogStaticMesh: Building static mesh SM_LowerArch...
[2022.01.13-19.55.43:720][180]LogStaticMesh: Built static mesh [0.03s] /Game/AutomotiveBridgeScene/Meshes/Environment/Bridge/SM_LowerArch.SM_LowerArch
[2022.01.13-19.55.43:722][180]LogStaticMesh: Building static mesh SM_LargeSlab...
[2022.01.13-19.55.43:732][180]LogStaticMesh: Built static mesh [0.01s] /Game/AutomotiveBridgeScene/Meshes/Environment/Bridge/SM_LargeSlab.SM_LargeSlab
[2022.01.13-19.55.43:733][180]LogStaticMesh: Building static mesh SM_LargeColumnTopper...
[2022.01.13-19.55.43:802][180]LogTexture: Display: Building textures: T_Normal (BC5, 512X512)
[2022.01.13-19.55.43:802][180]LogStaticMesh: Built static mesh [0.07s] /Game/AutomotiveBridgeScene/Meshes/Environment/Bridge/SM_LargeColumnTopper.SM_LargeColumnTopper
[2022.01.13-19.55.43:807][180]LogStaticMesh: Building static mesh SM_LargeColumn...
[2022.01.13-19.55.43:995][180]LogTexture: Display: Building textures: T_Albedo (AutoDXT, 512X512)
[2022.01.13-19.55.43:996][180]LogStaticMesh: Built static mesh [0.19s] /Game/AutomotiveBridgeScene/Meshes/Environment/Bridge/SM_LargeColumn.SM_LargeColumn
[2022.01.13-19.55.44:030][180]LogStaticMesh: Building static mesh SM_Lamp...
[2022.01.13-19.55.44:137][180]LogStaticMesh: Built static mesh [0.11s] /Game/AutomotiveBridgeScene/Meshes/Environment/Bridge/SM_Lamp.SM_Lamp
[2022.01.13-19.55.44:146][180]LogStaticMesh: Building static mesh SM_HalfArch...
[2022.01.13-19.55.44:171][180]LogStaticMesh: Built static mesh [0.03s] /Game/AutomotiveBridgeScene/Meshes/Environment/Bridge/SM_HalfArch.SM_HalfArch
[2022.01.13-19.55.44:174][180]LogStaticMesh: Building static mesh SM_Curb_01...
[2022.01.13-19.55.44:282][180]LogStaticMesh: Built static mesh [0.11s] /Game/AutomotiveBridgeScene/Meshes/Environment/Bridge/SM_Curb_01.SM_Curb_01
[2022.01.13-19.55.44:294][180]LogStaticMesh: Building static mesh SM_CrvMainArch_04...
[2022.01.13-19.55.44:421][180]LogStaticMesh: Built static mesh [0.13s] /Game/AutomotiveBridgeScene/Meshes/Environment/Bridge/SM_CrvMainArch_04.SM_CrvMainArch_04
[2022.01.13-19.55.44:430][180]LogStaticMesh: Building static mesh SM_CrvMainArch_03...
[2022.01.13-19.55.44:558][180]LogStaticMesh: Built static mesh [0.13s] /Game/AutomotiveBridgeScene/Meshes/Environment/Bridge/SM_CrvMainArch_03.SM_CrvMainArch_03
[2022.01.13-19.55.44:567][180]LogStaticMesh: Building static mesh SM_CrvMainArch_02...
[2022.01.13-19.55.44:692][180]LogStaticMesh: Built static mesh [0.12s] /Game/AutomotiveBridgeScene/Meshes/Environment/Bridge/SM_CrvMainArch_02.SM_CrvMainArch_02
[2022.01.13-19.55.44:701][180]LogStaticMesh: Building static mesh SM_CrvMainArch_01...
[2022.01.13-19.55.44:806][180]LogStaticMesh: Built static mesh [0.11s] /Game/AutomotiveBridgeScene/Meshes/Environment/Bridge/SM_CrvMainArch_01.SM_CrvMainArch_01
[2022.01.13-19.55.44:816][180]LogStaticMesh: Building static mesh SM_CrvArches_04...
[2022.01.13-19.55.45:049][180]LogStaticMesh: Built static mesh [0.23s] /Game/AutomotiveBridgeScene/Meshes/Environment/Bridge/SM_CrvArches_04.SM_CrvArches_04
[2022.01.13-19.55.45:065][180]LogStaticMesh: Building static mesh SM_CrvArches_03...
[2022.01.13-19.55.45:225][180]LogStaticMesh: Built static mesh [0.16s] /Game/AutomotiveBridgeScene/Meshes/Environment/Bridge/SM_CrvArches_03.SM_CrvArches_03
[2022.01.13-19.55.45:241][180]LogStaticMesh: Building static mesh SM_CrvArches_02...
[2022.01.13-19.55.45:483][180]LogStaticMesh: Built static mesh [0.24s] /Game/AutomotiveBridgeScene/Meshes/Environment/Bridge/SM_CrvArches_02.SM_CrvArches_02
[2022.01.13-19.55.45:500][180]LogStaticMesh: Building static mesh SM_CrvArches_01...
[2022.01.13-19.55.45:676][180]LogStaticMesh: Built static mesh [0.18s] /Game/AutomotiveBridgeScene/Meshes/Environment/Bridge/SM_CrvArches_01.SM_CrvArches_01
[2022.01.13-19.55.45:714][180]LogStaticMesh: Building static mesh SM_CrvArch04Trim_02...
[2022.01.13-19.55.45:798][180]LogStaticMesh: Built static mesh [0.08s] /Game/AutomotiveBridgeScene/Meshes/Environment/Bridge/SM_CrvArch04Trim_02.SM_CrvArch04Trim_02
[2022.01.13-19.55.45:818][180]LogStaticMesh: Building static mesh SM_CrvArch04Trim_01...
[2022.01.13-19.55.45:901][180]LogStaticMesh: Built static mesh [0.08s] /Game/AutomotiveBridgeScene/Meshes/Environment/Bridge/SM_CrvArch04Trim_01.SM_CrvArch04Trim_01
[2022.01.13-19.55.45:926][180]LogStaticMesh: Building static mesh SM_CrvArch03Trim_02...
[2022.01.13-19.55.46:011][180]LogStaticMesh: Built static mesh [0.08s] /Game/AutomotiveBridgeScene/Meshes/Environment/Bridge/SM_CrvArch03Trim_02.SM_CrvArch03Trim_02
[2022.01.13-19.55.46:070][180]LogStaticMesh: Building static mesh SM_CrvArch03Trim_01...
[2022.01.13-19.55.46:202][180]LogTexture: Display: Building textures: T_Curb_R (AutoDXT, 4096X4096)
[2022.01.13-19.55.46:202][180]LogStaticMesh: Built static mesh [0.13s] /Game/AutomotiveBridgeScene/Meshes/Environment/Bridge/SM_CrvArch03Trim_01.SM_CrvArch03Trim_01
[2022.01.13-19.55.46:212][180]LogStaticMesh: Building static mesh SM_CrvArch02Trim_02...
[2022.01.13-19.55.46:401][180]LogStaticMesh: Built static mesh [0.19s] /Game/AutomotiveBridgeScene/Meshes/Environment/Bridge/SM_CrvArch02Trim_02.SM_CrvArch02Trim_02
[2022.01.13-19.55.46:439][180]LogStaticMesh: Building static mesh SM_CrvArch02Trim_01...
[2022.01.13-19.55.46:523][180]LogTexture: Display: Building textures: T_AsphaltPothole02_N (BC5, 2048X512)
[2022.01.13-19.55.46:523][180]LogStaticMesh: Built static mesh [0.08s] /Game/AutomotiveBridgeScene/Meshes/Environment/Bridge/SM_CrvArch02Trim_01.SM_CrvArch02Trim_01
[2022.01.13-19.55.46:532][180]LogStaticMesh: Building static mesh SM_CrvArch01Trim_02...
[2022.01.13-19.55.46:637][180]LogStaticMesh: Built static mesh [0.11s] /Game/AutomotiveBridgeScene/Meshes/Environment/Bridge/SM_CrvArch01Trim_02.SM_CrvArch01Trim_02
[2022.01.13-19.55.46:677][180]LogMaterial: Display: Missing cached shader map for material M_Standard, compiling. 
[2022.01.13-19.55.46:869][180]LogStaticMesh: Building static mesh SM_CrvArch01Trim_01...
[2022.01.13-19.55.46:969][180]LogShaderCompilers: Display: Worker (1/9): shaders left to compile 24
[2022.01.13-19.55.46:969][180]LogShaderCompilers: Display: Worker (2/9): shaders left to compile 20
[2022.01.13-19.55.46:969][180]LogShaderCompilers: Display: Worker (3/9): shaders left to compile 16
[2022.01.13-19.55.46:969][180]LogShaderCompilers: Display: Worker (4/9): shaders left to compile 12
[2022.01.13-19.55.46:969][180]LogShaderCompilers: Display: Worker (5/9): shaders left to compile 8
[2022.01.13-19.55.46:969][180]LogShaderCompilers: Display: Worker (6/9): shaders left to compile 4
[2022.01.13-19.55.46:970][180]LogTexture: Display: Building textures: T_AsphaltPothole02_BC (BC7, 2048X512)
[2022.01.13-19.55.46:970][180]LogStaticMesh: Built static mesh [0.10s] /Game/AutomotiveBridgeScene/Meshes/Environment/Bridge/SM_CrvArch01Trim_01.SM_CrvArch01Trim_01
[2022.01.13-19.55.46:979][180]LogStaticMesh: Building static mesh BridgeUpper_Reflector_N...
[2022.01.13-19.55.46:984][180]LogStaticMesh: Built static mesh [0.01s] /Game/AutomotiveBridgeScene/Meshes/Environment/Bridge/BridgeUpper_Reflector_N.BridgeUpper_Reflector_N
[2022.01.13-19.55.46:985][180]LogStaticMesh: Building static mesh SM_curvedOutWallBlocker...
[2022.01.13-19.55.47:046][180]LogStaticMesh: Built static mesh [0.06s] /Game/AutomotiveBridgeScene/Meshes/Environment/Blocker/SM_curvedOutWallBlocker.SM_curvedOutWallBlocker
[2022.01.13-19.55.47:641][180]LogTexture: Display: Building textures: T_DirtMask (AutoDXT, 2048X2048)
[2022.01.13-19.56.15:739][180]LogTexture: Display: Building textures: T_LeakageMask (AutoDXT, 4096X1024)
[2022.01.13-19.56.15:739][180]LogTexture: Display: Building textures: T_ConcreteSmooth_R (AutoDXT, 4096X4096)
[2022.01.13-19.56.15:739][180]LogTexture: Display: Building textures: T_ConcreteSmooth_N (BC5, 4096X4096)
[2022.01.13-19.56.15:739][180]LogTexture: Display: Building textures: T_ConcreteSmooth_A (AutoDXT, 4096X4096)
[2022.01.13-19.56.15:739][180]LogTexture: Display: Building textures: T_AsphaltPothole02_R (BC7, 2048X512)
[2022.01.13-19.56.15:739][180]LogTexture: Display: Building textures: T_White_Color (BGRA8, 1X1)
[2022.01.13-19.56.15:739][180]LogTexture: Display: Building textures: T_Gray_Linear (G8, 1X1)
[2022.01.13-19.56.15:739][180]LogTexture: Display: Building textures: T_Flat_Normal (BGRA8, 1X1)
[2022.01.13-19.56.15:739][180]LogTexture: Display: Building textures: T_Imperfections_Wipe_Mask (AutoDXT, 4096X4096)
[2022.01.13-19.56.15:739][180]LogTexture: Display: Building textures: T_Imperfections_Stains_Mask (AutoDXT, 4096X4096)
[2022.01.13-19.56.15:739][180]LogTexture: Display: Building textures: T_Imperfections_FingerPrints_Mask2 (AutoDXT, 4096X4096)
[2022.01.13-19.56.15:739][180]LogMaterial: Display: Missing cached shader map for material M_Bridge, compiling. 
[2022.01.13-19.56.15:772][180]LogShaderCompilers: Display: Worker (7/9): shaders left to compile 24
[2022.01.13-19.56.15:772][180]LogShaderCompilers: Display: Worker (8/9): shaders left to compile 20
[2022.01.13-19.56.15:772][180]LogMaterial: Display: Missing cached shader map for material M_Bridge, compiling. 
[2022.01.13-19.56.15:801][180]LogStaticMesh: Building static mesh SM_ConcreteBench...
[2022.01.13-19.56.15:901][180]LogStaticMesh: Built static mesh [0.10s] /Game/AutomotiveBridgeScene/Meshes/Environment/Bridge/SM_ConcreteBench.SM_ConcreteBench
[2022.01.13-19.56.15:909][180]LogStaticMesh: Building static mesh SM_curvedOutRoadBlocker...
[2022.01.13-19.56.15:924][180]LogStaticMesh: Built static mesh [0.01s] /Game/AutomotiveBridgeScene/Meshes/Environment/Blocker/SM_curvedOutRoadBlocker.SM_curvedOutRoadBlocker
[2022.01.13-19.56.15:926][180]LogStaticMesh: Building static mesh SM_curvedInWallBlocker...
[2022.01.13-19.56.15:974][180]LogStaticMesh: Built static mesh [0.05s] /Game/AutomotiveBridgeScene/Meshes/Environment/Blocker/SM_curvedInWallBlocker.SM_curvedInWallBlocker
[2022.01.13-19.56.15:981][180]LogStaticMesh: Building static mesh SM_curvedInRoadBlocker...
[2022.01.13-19.56.15:995][180]LogStaticMesh: Built static mesh [0.01s] /Game/AutomotiveBridgeScene/Meshes/Environment/Blocker/SM_curvedInRoadBlocker.SM_curvedInRoadBlocker
[2022.01.13-19.56.47:040][180]LogTexture: Display: Building textures: T_Imperfections_Dust_01_Mask (AutoDXT, 4096X4096)
[2022.01.13-19.56.47:040][180]LogTexture: Display: Building textures: T_Curb_N (BC5, 4096X4096)
[2022.01.13-19.56.47:041][180]LogTexture: Display: Building textures: T_Curb_AO (AutoDXT, 4096X4096)
[2022.01.13-19.56.47:041][180]LogTexture: Display: Building textures: T_Curb_A (AutoDXT, 4096X4096)
[2022.01.13-19.56.47:041][180]LogTexture: Display: Building textures: T_Concrete_R (AutoDXT, 2048X2048)
[2022.01.13-19.56.47:041][180]LogTexture: Display: Building textures: T_Concrete_N (BC5, 2048X2048)
[2022.01.13-19.56.47:041][180]LogTexture: Display: Building textures: T_Concrete_AO (AutoDXT, 2048X2048)
[2022.01.13-19.56.47:041][180]LogTexture: Display: Building textures: T_ConcreteWall_02_N (BC5, 4096X4096)
[2022.01.13-19.56.47:041][180]LogMaterial: Display: Missing cached shader map for material M_Opaque_Master, compiling. 
[2022.01.13-19.56.47:306][180]LogTexture: Display: Building textures: T_Concrete_A (AutoDXT, 2048X2048)
[2022.01.13-19.56.47:306][180]LogMaterial: Display: Missing cached shader map for material M_Opaque_Master, compiling. 
[2022.01.13-19.56.47:487][180]LogMaterial: Display: Missing cached shader map for material M_Bridge_Vert, compiling. 
[2022.01.13-19.56.48:579][180]LogMaterial: Display: Missing cached shader map for material M_Bridge_Vert, compiling. 
[2022.01.13-19.56.48:609][180]LogMaterial: Display: Missing cached shader map for material M_Bridge, compiling. 
[2022.01.13-19.56.48:658][180]LogMaterial: Display: Missing cached shader map for material MS_DefaultMaterial, compiling. 
[2022.01.13-19.57.06:269][180]LogShaderCompilers: Display: Worker (1/9): shaders left to compile 353
[2022.01.13-19.57.06:269][180]LogShaderCompilers: Display: Worker (6/9): shaders left to compile 343
[2022.01.13-19.57.06:269][180]LogShaderCompilers: Display: Worker (8/9): shaders left to compile 333
[2022.01.13-19.57.06:269][180]LogShaderCompilers: Display: Worker (4/9): shaders left to compile 323
[2022.01.13-19.57.06:269][180]LogShaderCompilers: Display: Worker (2/9): shaders left to compile 313
[2022.01.13-19.57.06:269][180]LogShaderCompilers: Display: Worker (6/9): shaders left to compile 303
[2022.01.13-19.57.06:269][180]LogMaterial: Display: Missing cached shader map for material M_Bridge, compiling. 
[2022.01.13-19.57.06:321][180]LogMaterial: Display: Missing cached shader map for material M_Opaque_Master, compiling. 
[2022.01.13-19.57.06:488][180]LogMaterial: Display: Missing cached shader map for material M_Bridge_TriP_Vert, compiling. 
[2022.01.13-19.57.06:521][180]LogMaterial: Display: Missing cached shader map for material M_Bridge_TriP_Vert, compiling. 
[2022.01.13-19.57.06:561][180]LogMaterial: Display: Missing cached shader map for material M_Bridge, compiling. 
[2022.01.13-19.57.06:691][180]LogShaderCompilers: Display: Worker (1/9): shaders left to compile 486
[2022.01.13-19.57.06:692][180]LogStaticMesh: Building static mesh SM_EnviroDome...
[2022.01.13-19.57.06:718][180]LogStaticMesh: Built static mesh [0.03s] /Game/AutomotiveBridgeScene/Meshes/Environment/SM_EnviroDome.SM_EnviroDome
[2022.01.13-19.57.06:728][180]LogMaterial: Display: Missing cached shader map for material M_HDRIProjection, compiling. 
[2022.01.13-19.57.06:761][180]LogMaterial: Display: Missing cached shader map for material M_HDRIProjection, compiling. 
[2022.01.13-19.57.06:973][180]LogStaticMesh: Building static mesh SM_sidewalkStraightA1...
[2022.01.13-19.57.07:030][180]LogStaticMesh: Built static mesh [0.06s] /Game/AutomotiveBridgeScene/Meshes/Environment/Bridge/SM_sidewalkStraightA1.SM_sidewalkStraightA1
[2022.01.13-19.57.07:036][180]LogStaticMesh: Building static mesh SM_sidewalkAlcoveStraightB...
[2022.01.13-19.57.07:104][180]LogStaticMesh: Built static mesh [0.07s] /Game/AutomotiveBridgeScene/Meshes/Environment/Bridge/SM_sidewalkAlcoveStraightB.SM_sidewalkAlcoveStraightB
[2022.01.13-19.57.07:111][180]LogStaticMesh: Building static mesh SM_sidewalkAlcoveStraightA...
[2022.01.13-19.57.07:194][180]LogStaticMesh: Built static mesh [0.08s] /Game/AutomotiveBridgeScene/Meshes/Environment/Bridge/SM_sidewalkAlcoveStraightA.SM_sidewalkAlcoveStraightA
[2022.01.13-19.57.07:214][180]LogStaticMesh: Building static mesh SM_BridgeArches...
[2022.01.13-19.57.07:257][180]LogStaticMesh: Built static mesh [0.04s] /Game/AutomotiveBridgeScene/Meshes/Environment/Bridge/SM_BridgeArches.SM_BridgeArches
[2022.01.13-19.57.07:262][180]LogStaticMesh: Building static mesh SM_ArchTrimHalf...
[2022.01.13-19.57.07:305][180]LogStaticMesh: Built static mesh [0.04s] /Game/AutomotiveBridgeScene/Meshes/Environment/Bridge/SM_ArchTrimHalf.SM_ArchTrimHalf
[2022.01.13-19.57.07:310][180]LogStaticMesh: Building static mesh SM_roadwayGutterStraight...
[2022.01.13-19.57.07:331][180]LogStaticMesh: Built static mesh [0.02s] /Game/AutomotiveBridgeScene/Meshes/Environment/Bridge/SM_roadwayGutterStraight.SM_roadwayGutterStraight
[2022.01.13-19.57.07:334][180]LogStaticMesh: Building static mesh SM_PaintedBrokenLine...
[2022.01.13-19.57.07:342][180]LogStaticMesh: Built static mesh [0.01s] /Game/AutomotiveBridgeScene/Meshes/Environment/Bridge/SM_PaintedBrokenLine.SM_PaintedBrokenLine
[2022.01.13-19.57.07:343][180]LogStaticMesh: Building static mesh SM_MainArchHalf...
[2022.01.13-19.57.07:387][180]LogStaticMesh: Built static mesh [0.04s] /Game/AutomotiveBridgeScene/Meshes/Environment/Bridge/SM_MainArchHalf.SM_MainArchHalf
[2022.01.13-19.57.07:392][180]LogStaticMesh: Building static mesh SM_straightWallBlocker...
[2022.01.13-19.57.07:429][180]LogStaticMesh: Built static mesh [0.04s] /Game/AutomotiveBridgeScene/Meshes/Environment/Blocker/SM_straightWallBlocker.SM_straightWallBlocker
[2022.01.13-19.57.07:436][180]LogStaticMesh: Building static mesh SM_straightRoadBlocker...
[2022.01.13-19.57.07:448][180]LogStaticMesh: Built static mesh [0.01s] /Game/AutomotiveBridgeScene/Meshes/Environment/Blocker/SM_straightRoadBlocker.SM_straightRoadBlocker
[2022.01.13-19.57.22:364][180]LogTexture: Display: Building textures: T_AsphaltPatch_01_R (BC7, 2048X2048)
[2022.01.13-19.57.22:364][180]LogTexture: Display: Building textures: T_AsphaltPatch01_Dis (BC7, 2048X2048)
[2022.01.13-19.57.22:364][180]LogTexture: Display: Building textures: T_AsphaltPatch01_BC (BC7, 2048X2048)
[2022.01.13-19.57.22:365][180]LogTexture: Display: Building textures: T_AsphaltPatch_01_N (BC5, 2048X2048)
[2022.01.13-19.57.22:365][180]LogShaderCompilers: Display: Worker (5/9): shaders left to compile 524
[2022.01.13-19.57.22:365][180]LogShaderCompilers: Display: Worker (7/9): shaders left to compile 514
[2022.01.13-19.57.22:365][180]LogShaderCompilers: Display: Worker (6/9): shaders left to compile 504
[2022.01.13-19.57.22:365][180]LogTexture: Display: Building textures: T_AsphaltPatch02_R (AutoDXT, 2048X1024)
[2022.01.13-19.57.22:365][180]LogTexture: Display: Building textures: T_AsphaltPatch02_BC (AutoDXT, 2048X1024)
[2022.01.13-19.57.22:365][180]LogTexture: Display: Building textures: T_AsphaltPatch02_N (BC5, 2048X1024)
[2022.01.13-19.57.22:365][180]LogShaderCompilers: Display: Worker (4/9): shaders left to compile 494
[2022.01.13-19.57.22:365][180]LogTexture: Display: Building textures: T_AsphaltPothole03_R (BC7, 2048X512)
[2022.01.13-19.57.22:365][180]LogTexture: Display: Building textures: T_AsphaltPothole03_N (BC5, 2048X512)
[2022.01.13-19.57.22:365][180]LogTexture: Display: Building textures: T_AsphaltPothole03_BC (BC7, 2048X512)
[2022.01.13-19.57.22:365][180]LogTexture: Display: Building textures: T_ConcreteDamage_O (AutoDXT, 4096X1024)
[2022.01.13-19.57.22:365][180]LogTexture: Display: Building textures: T_ConcreteDamage_R (AutoDXT, 4096X1024)
[2022.01.13-19.57.22:365][180]LogTexture: Display: Building textures: T_ConcreteDamage_A (AutoDXT, 4096X1024)
[2022.01.13-19.57.22:365][180]LogTexture: Display: Building textures: T_ConcreteDamage_N (BC5, 4096X1024)
[2022.01.13-19.57.22:365][180]LogShaderCompilers: Display: Worker (2/9): shaders left to compile 484
[2022.01.13-19.57.22:365][180]LogShaderCompilers: Display: Worker (3/9): shaders left to compile 474
[2022.01.13-19.57.22:365][180]LogTexture: Display: Building textures: T_ConcreteLine_O (BC7, 4096X512)
[2022.01.13-19.57.22:365][180]LogTexture: Display: Building textures: T_ConcreteLine_D (BC7, 4096X512)
[2022.01.13-19.57.22:365][180]LogTexture: Display: Building textures: T_ConcreteLine_A (BC7, 4096X512)
[2022.01.13-19.57.22:365][180]LogTexture: Display: Building textures: T_ConcreteLine_R (BC7, 4096X512)
[2022.01.13-19.57.22:365][180]LogTexture: Display: Building textures: T_ConcreteLine_N (BC5, 4096X512)
[2022.01.13-19.57.22:365][180]LogMaterial: Display: Missing cached shader map for material M_Decal_Master, compiling. 
[2022.01.13-19.57.57:079][180]LogTexture: Display: Building textures: T_ConcretePatch_01_O (AutoDXT, 4096X4096)
[2022.01.13-19.57.57:079][180]LogTexture: Display: Building textures: T_ConcretePatch_01_R (AutoDXT, 4096X4096)
[2022.01.13-19.57.57:079][180]LogTexture: Display: Building textures: T_ConcretePatch_01_A (AutoDXT, 4096X4096)
[2022.01.13-19.57.57:079][180]LogTexture: Display: Building textures: T_ConcretePatch_01_N (BC5, 4096X4096)
[2022.01.13-19.57.57:079][180]LogShaderCompilers: Display: Worker (5/9): shaders left to compile 531
[2022.01.13-19.57.57:079][180]LogShaderCompilers: Display: Worker (7/9): shaders left to compile 521
[2022.01.13-19.57.57:079][180]LogShaderCompilers: Display: Worker (4/9): shaders left to compile 511
[2022.01.13-19.57.57:079][180]LogShaderCompilers: Display: Worker (8/9): shaders left to compile 501
[2022.01.13-19.57.57:079][180]LogShaderCompilers: Display: Worker (1/9): shaders left to compile 491
[2022.01.13-19.57.57:079][180]LogTexture: Display: Building textures: T_CornerDebris_01_O (BC7, 4096X4096)
[2022.01.13-19.57.57:079][180]LogTexture: Display: Building textures: T_CornerDebris_01_R (BC7, 4096X4096)
[2022.01.13-19.57.57:079][180]LogTexture: Display: Building textures: T_CornerDebris_01_N (BC5, 4096X4096)
[2022.01.13-19.57.57:079][180]LogTexture: Display: Building textures: T_CornerDebris_01_A (BC7, 4096X4096)
[2022.01.13-19.57.57:079][180]LogShaderCompilers: Display: Worker (3/9): shaders left to compile 481
[2022.01.13-19.57.57:079][180]LogShaderCompilers: Display: Worker (7/9): shaders left to compile 471
[2022.01.13-19.57.57:079][180]LogShaderCompilers: Display: Worker (8/9): shaders left to compile 461
[2022.01.13-19.57.57:079][180]LogShaderCompilers: Display: Worker (4/9): shaders left to compile 451
[2022.01.13-19.57.57:079][180]LogShaderCompilers: Display: Worker (1/9): shaders left to compile 441
[2022.01.13-19.57.57:079][180]LogMaterial: Display: Missing cached shader map for material M_DecalMaster_NoR, compiling. 
