Log file open, 04/17/22 23:24:49
LogInit: Display: Running engine for game: PrototypeV2
LogPlatformFile: Not using cached read wrapper
LogTaskGraph: Started task graph with 5 named threads and 35 total threads with 3 sets of task threads.
LogStats: Stats thread started at 1.013166
LogD3D11RHI: Loaded GFSDK_Aftermath_Lib.x64.dll
LogICUInternationalization: ICU TimeZone Detection - Raw Offset: +0:00, Platform Override: ''
LogPluginManager: Mounting plugin Paper2D
LogPluginManager: Mounting plugin AISupport
LogPluginManager: Mounting plugin LightPropagationVolume
LogPluginManager: Mounting plugin CameraShakePreviewer
LogPluginManager: Mounting plugin ActorLayerUtilities
LogPluginManager: Mounting plugin AnimationSharing
LogPluginManager: Mounting plugin CLionSourceCodeAccess
LogPluginManager: Mounting plugin CodeLiteSourceCodeAccess
LogPluginManager: Mounting plugin GitSourceControl
LogPluginManager: Mounting plugin KDevelopSourceCodeAccess
LogPluginManager: Mounting plugin NullSourceCodeAccess
LogPluginManager: Mounting plugin PerforceSourceControl
LogPluginManager: Mounting plugin PlasticSourceControl
LogPluginManager: Mounting plugin RiderSourceCodeAccess
LogPluginManager: Mounting plugin SubversionSourceControl
LogPluginManager: Mounting plugin UObjectPlugin
LogPluginManager: Mounting plugin VisualStudioCodeSourceCodeAccess
LogPluginManager: Mounting plugin VisualStudioSourceCodeAccess
LogPluginManager: Mounting plugin XCodeSourceCodeAccess
LogPluginManager: Mounting plugin AssetManagerEditor
LogPluginManager: Mounting plugin CryptoKeys
LogPluginManager: Mounting plugin CurveEditorTools
LogPluginManager: Mounting plugin DataValidation
LogPluginManager: Mounting plugin EditorScriptingUtilities
LogPluginManager: Mounting plugin FacialAnimation
LogPluginManager: Mounting plugin GameplayTagsEditor
LogPluginManager: Mounting plugin GeometryMode
LogPluginManager: Mounting plugin MacGraphicsSwitching
LogPluginManager: Mounting plugin MaterialAnalyzer
LogPluginManager: Mounting plugin MobileLauncherProfileWizard
LogPluginManager: Mounting plugin PluginBrowser
LogPluginManager: Mounting plugin SpeedTreeImporter
LogPluginManager: Mounting plugin DatasmithContent
LogPluginManager: Mounting plugin VariantManagerContent
LogPluginManager: Mounting plugin AlembicImporter
LogPluginManager: Mounting plugin AutomationUtils
LogPluginManager: Mounting plugin BackChannel
LogPluginManager: Mounting plugin ChaosCloth
LogPluginManager: Mounting plugin ChaosClothEditor
LogPluginManager: Mounting plugin ChaosEditor
LogPluginManager: Mounting plugin ChaosNiagara
LogPluginManager: Mounting plugin ChaosSolverPlugin
LogPluginManager: Mounting plugin CharacterAI
LogPluginManager: Mounting plugin GeometryCache
LogPluginManager: Mounting plugin GeometryCollectionPlugin
LogPluginManager: Mounting plugin GeometryProcessing
LogPluginManager: Mounting plugin PlanarCut
LogPluginManager: Mounting plugin PlatformCrypto
LogPluginManager: Mounting plugin ProxyLODPlugin
LogPluginManager: Mounting plugin RawInput
LogPluginManager: Mounting plugin SkeletalReduction
LogPluginManager: Mounting plugin Niagara
LogPluginManager: Mounting plugin MagicLeap
LogPluginManager: Mounting plugin MagicLeapLightEstimation
LogPluginManager: Mounting plugin MagicLeapMedia
LogPluginManager: Mounting plugin MagicLeapPassableWorld
LogPluginManager: Mounting plugin MLSDK
LogPluginManager: Mounting plugin AndroidMedia
LogPluginManager: Mounting plugin AvfMedia
LogPluginManager: Mounting plugin ImgMedia
LogPluginManager: Mounting plugin MediaCompositing
LogPluginManager: Mounting plugin MediaPlayerEditor
LogPluginManager: Mounting plugin WebMMedia
LogPluginManager: Mounting plugin WmfMedia
LogPluginManager: Mounting plugin MeshPainting
LogPluginManager: Mounting plugin TcpMessaging
LogPluginManager: Mounting plugin UdpMessaging
LogPluginManager: Mounting plugin ActorSequence
LogPluginManager: Mounting plugin LevelSequenceEditor
LogPluginManager: Mounting plugin MatineeToLevelSequence
LogPluginManager: Mounting plugin MovieRenderPipeline
LogPluginManager: Mounting plugin TemplateSequence
LogPluginManager: Mounting plugin NetcodeUnitTest
LogPluginManager: Mounting plugin NUTUnrealEngine4
LogPluginManager: Mounting plugin OnlineSubsystemGooglePlay
LogPluginManager: Mounting plugin OnlineSubsystemIOS
LogPluginManager: Mounting plugin OnlineSubsystem
LogPluginManager: Mounting plugin OnlineSubsystemNull
LogPluginManager: Mounting plugin OnlineSubsystemUtils
LogPluginManager: Mounting plugin LauncherChunkInstaller
LogPluginManager: Mounting plugin AndroidDeviceProfileSelector
LogPluginManager: Mounting plugin AndroidMoviePlayer
LogPluginManager: Mounting plugin AndroidPermission
LogPluginManager: Mounting plugin AppleImageUtils
LogPluginManager: Mounting plugin AppleMoviePlayer
LogPluginManager: Mounting plugin ArchVisCharacter
LogPluginManager: Mounting plugin AssetTags
LogPluginManager: Mounting plugin AudioCapture
LogPluginManager: Mounting plugin CableComponent
LogPluginManager: Mounting plugin CustomMeshComponent
LogPluginManager: Mounting plugin EditableMesh
LogPluginManager: Mounting plugin ExampleDeviceProfileSelector
LogPluginManager: Mounting plugin GoogleCloudMessaging
LogPluginManager: Mounting plugin GooglePAD
LogPluginManager: Mounting plugin IOSDeviceProfileSelector
LogPluginManager: Mounting plugin LinuxDeviceProfileSelector
LogPluginManager: Mounting plugin LocationServicesBPLibrary
LogPluginManager: Mounting plugin MobilePatchingUtils
LogPluginManager: Mounting plugin OculusVR
LogPluginManager: Mounting plugin PhysXVehicles
LogPluginManager: Mounting plugin PostSplashScreen
LogPluginManager: Mounting plugin ProceduralMeshComponent
LogPluginManager: Mounting plugin RuntimePhysXCooking
LogPluginManager: Mounting plugin SignificanceManager
LogPluginManager: Mounting plugin SoundFields
LogPluginManager: Mounting plugin SteamVR
LogPluginManager: Mounting plugin Synthesis
LogPluginManager: Mounting plugin WebMMoviePlayer
LogPluginManager: Mounting plugin WindowsMoviePlayer
LogPluginManager: Mounting plugin ScreenshotTools
LogInit: Using libcurl 7.55.1-DEV
LogInit:  - built for x86_64-pc-win32
LogInit:  - supports SSL with OpenSSL/1.1.1
LogInit:  - supports HTTP deflate (compression) using libz 1.2.8
LogInit:  - other features:
LogInit:      CURL_VERSION_SSL
LogInit:      CURL_VERSION_LIBZ
LogInit:      CURL_VERSION_IPV6
LogInit:      CURL_VERSION_ASYNCHDNS
LogInit:      CURL_VERSION_LARGEFILE
LogInit:      CURL_VERSION_IDN
LogInit:  CurlRequestOptions (configurable via config and command line):
LogInit:  - bVerifyPeer = true  - Libcurl will verify peer certificate
LogInit:  - bUseHttpProxy = false  - Libcurl will NOT use HTTP proxy
LogInit:  - bDontReuseConnections = false  - Libcurl will reuse connections
LogInit:  - MaxHostConnections = 16  - Libcurl will limit the number of connections to a host
LogInit:  - LocalHostAddr = Default
LogInit:  - BufferSize = 65536
LogOnline: OSS: Creating online subsystem instance for: NULL
LogInit: WinSock: version 1.1 (2.2), MaxSocks=32767, MaxUdp=65467
LogOnline: OSS: TryLoadSubsystemAndSetDefault: Loaded subsystem for module [NULL]
LogInit: Build: ++UE4+Release-4.25-CL-14469661
LogInit: Engine Version: 4.25.4-14469661+++UE4+Release-4.25
LogInit: Compatible Engine Version: 4.25.0-13144385+++UE4+Release-4.25
LogInit: Net CL: 13144385
LogInit: OS: Windows 10 (Release 2009) (), CPU: Intel(R) Core(TM) i7-9750H CPU @ 2.60GHz, GPU: Intel(R) UHD Graphics 630
LogInit: Compiled (64-bit): Oct 11 2020 08:10:49
LogInit: Compiled with Visual C++: 19.24.28315.00
LogInit: Build Configuration: Development
LogInit: Branch Name: ++UE4+Release-4.25
LogInit: Command Line: 
LogInit: Base Directory: C:/Program Files/Epic Games/UE_4.25/Engine/Binaries/Win64/
LogInit: Allocator: TBB
LogInit: Installed Engine Build: 1
LogDevObjectVersion: Number of dev versions registered: 26
LogDevObjectVersion:   Dev-Blueprints (B0D832E4-1F89-4F0D-ACCF-7EB736FD4AA2): 10
LogDevObjectVersion:   Dev-Build (E1C64328-A22C-4D53-A36C-8E866417BD8C): 0
LogDevObjectVersion:   Dev-Core (375EC13C-06E4-48FB-B500-84F0262A717E): 4
LogDevObjectVersion:   Dev-Editor (E4B068ED-F494-42E9-A231-DA0B2E46BB41): 38
LogDevObjectVersion:   Dev-Framework (CFFC743F-43B0-4480-9391-14DF171D2073): 37
LogDevObjectVersion:   Dev-Mobile (B02B49B5-BB20-44E9-A304-32B752E40360): 2
LogDevObjectVersion:   Dev-Networking (A4E4105C-59A1-49B5-A7C5-40C4547EDFEE): 0
LogDevObjectVersion:   Dev-Online (39C831C9-5AE6-47DC-9A44-9C173E1C8E7C): 0
LogDevObjectVersion:   Dev-Physics (78F01B33-EBEA-4F98-B9B4-84EACCB95AA2): 4
LogDevObjectVersion:   Dev-Platform (6631380F-2D4D-43E0-8009-CF276956A95A): 0
LogDevObjectVersion:   Dev-Rendering (12F88B9F-8875-4AFC-A67C-D90C383ABD29): 43
LogDevObjectVersion:   Dev-Sequencer (7B5AE74C-D270-4C10-A958-57980B212A5A): 12
LogDevObjectVersion:   Dev-VR (D7296918-1DD6-4BDD-9DE2-64A83CC13884): 3
LogDevObjectVersion:   Dev-LoadTimes (C2A15278-BFE7-4AFE-6C17-90FF531DF755): 1
LogDevObjectVersion:   Private-Geometry (6EACA3D4-40EC-4CC1-B786-8BED09428FC5): 3
LogDevObjectVersion:   Dev-AnimPhys (29E575DD-E0A3-4627-9D10-D276232CDCEA): 17
LogDevObjectVersion:   Dev-Anim (AF43A65D-7FD3-4947-9873-3E8ED9C1BB05): 7
LogDevObjectVersion:   Dev-ReflectionCapture (6B266CEC-1EC7-4B8F-A30B-E4D90942FC07): 1
LogDevObjectVersion:   Dev-Automation (0DF73D61-A23F-47EA-B727-89E90C41499A): 1
LogDevObjectVersion:   FortniteMain (601D1886-AC64-4F84-AA16-D3DE0DEAC7D6): 31
LogDevObjectVersion:   Dev-Enterprise (9DFFBCD6-494F-0158-E221-12823C92A888): 10
LogDevObjectVersion:   Dev-Niagara (F2AED0AC-9AFE-416F-8664-AA7FFA26D6FC): 1
LogDevObjectVersion:   Dev-Destruction (174F1F0B-B4C6-45A5-B13F-2EE8D0FB917D): 10
LogDevObjectVersion:   Dev-Physics-Ext (35F94A83-E258-406C-A318-09F59610247C): 37
LogDevObjectVersion:   Dev-PhysicsMaterial-Chaos (B68FC16E-8B1B-42E2-B453-215C058844FE): 1
LogDevObjectVersion:   Dev-CineCamera (B2E18506-4273-CFC2-A54E-F4BB758BBA07): 1
LogInit: Presizing for max 25165824 objects, including 0 objects not considered by GC, pre-allocating 0 bytes for permanent pool.
LogConfig: Applying CVar settings from Section [/Script/Engine.StreamingSettings] File [C:/Users/SLATE 15/Documents/GitHub/Hannah-Ashna.github.io/FYP-Prototype/PrototypeV2/Saved/Config/Windows/Engine.ini]
LogConfig: Setting CVar [[s.MinBulkDataSizeForAsyncLoading:131072]]
LogConfig: Setting CVar [[s.AsyncLoadingThreadEnabled:0]]
LogConfig: Setting CVar [[s.EventDrivenLoaderEnabled:1]]
LogConfig: Setting CVar [[s.WarnIfTimeLimitExceeded:0]]
LogConfig: Setting CVar [[s.TimeLimitExceededMultiplier:1.5]]
LogConfig: Setting CVar [[s.TimeLimitExceededMinTime:0.005]]
LogConfig: Setting CVar [[s.UseBackgroundLevelStreaming:1]]
LogConfig: Setting CVar [[s.PriorityAsyncLoadingExtraTime:15.0]]
LogConfig: Setting CVar [[s.LevelStreamingActorsUpdateTimeLimit:5.0]]
LogConfig: Setting CVar [[s.PriorityLevelStreamingActorsUpdateExtraTime:5.0]]
LogConfig: Setting CVar [[s.LevelStreamingComponentsRegistrationGranularity:10]]
LogConfig: Setting CVar [[s.UnregisterComponentsTimeLimit:1.0]]
LogConfig: Setting CVar [[s.LevelStreamingComponentsUnregistrationGranularity:5]]
LogConfig: Setting CVar [[s.FlushStreamingOnExit:1]]
LogInit: Object subsystem initialized
LogConfig: Setting CVar [[con.DebugEarlyDefault:1]]
LogConfig: Setting CVar [[r.setres:1280x720]]
[2022.04.17-22.24.50:629][  0]LogConfig: Setting CVar [[r.VSync:0]]
[2022.04.17-22.24.50:629][  0]LogConfig: Setting CVar [[r.RHICmdBypass:0]]
[2022.04.17-22.24.50:630][  0]LogConfig: Applying CVar settings from Section [/Script/Engine.RendererSettings] File [C:/Users/SLATE 15/Documents/GitHub/Hannah-Ashna.github.io/FYP-Prototype/PrototypeV2/Saved/Config/Windows/Engine.ini]
[2022.04.17-22.24.50:630][  0]LogConfig: Setting CVar [[r.GPUCrashDebugging:0]]
[2022.04.17-22.24.50:630][  0]LogConfig: Applying CVar settings from Section [/Script/Engine.RendererOverrideSettings] File [C:/Users/SLATE 15/Documents/GitHub/Hannah-Ashna.github.io/FYP-Prototype/PrototypeV2/Saved/Config/Windows/Engine.ini]
[2022.04.17-22.24.50:630][  0]LogConfig: Applying CVar settings from Section [/Script/Engine.StreamingSettings] File [C:/Users/SLATE 15/Documents/GitHub/Hannah-Ashna.github.io/FYP-Prototype/PrototypeV2/Saved/Config/Windows/Engine.ini]
[2022.04.17-22.24.50:630][  0]LogConfig: Setting CVar [[s.MinBulkDataSizeForAsyncLoading:131072]]
[2022.04.17-22.24.50:630][  0]LogConfig: Setting CVar [[s.AsyncLoadingThreadEnabled:0]]
[2022.04.17-22.24.50:630][  0]LogConfig: Setting CVar [[s.EventDrivenLoaderEnabled:1]]
[2022.04.17-22.24.50:630][  0]LogConfig: Setting CVar [[s.WarnIfTimeLimitExceeded:0]]
[2022.04.17-22.24.50:630][  0]LogConfig: Setting CVar [[s.TimeLimitExceededMultiplier:1.5]]
[2022.04.17-22.24.50:630][  0]LogConfig: Setting CVar [[s.TimeLimitExceededMinTime:0.005]]
[2022.04.17-22.24.50:630][  0]LogConfig: Setting CVar [[s.UseBackgroundLevelStreaming:1]]
[2022.04.17-22.24.50:630][  0]LogConfig: Setting CVar [[s.PriorityAsyncLoadingExtraTime:15.0]]
[2022.04.17-22.24.50:630][  0]LogConfig: Setting CVar [[s.LevelStreamingActorsUpdateTimeLimit:5.0]]
[2022.04.17-22.24.50:630][  0]LogConfig: Setting CVar [[s.PriorityLevelStreamingActorsUpdateExtraTime:5.0]]
[2022.04.17-22.24.50:630][  0]LogConfig: Setting CVar [[s.LevelStreamingComponentsRegistrationGranularity:10]]
[2022.04.17-22.24.50:630][  0]LogConfig: Setting CVar [[s.UnregisterComponentsTimeLimit:1.0]]
[2022.04.17-22.24.50:630][  0]LogConfig: Setting CVar [[s.LevelStreamingComponentsUnregistrationGranularity:5]]
[2022.04.17-22.24.50:630][  0]LogConfig: Setting CVar [[s.FlushStreamingOnExit:1]]
[2022.04.17-22.24.50:630][  0]LogConfig: Applying CVar settings from Section [/Script/Engine.GarbageCollectionSettings] File [C:/Users/SLATE 15/Documents/GitHub/Hannah-Ashna.github.io/FYP-Prototype/PrototypeV2/Saved/Config/Windows/Engine.ini]
[2022.04.17-22.24.50:630][  0]LogConfig: Setting CVar [[gc.MaxObjectsNotConsideredByGC:1]]
[2022.04.17-22.24.50:630][  0]LogConfig: Setting CVar [[gc.SizeOfPermanentObjectPool:0]]
[2022.04.17-22.24.50:630][  0]LogConfig: Setting CVar [[gc.FlushStreamingOnGC:0]]
[2022.04.17-22.24.50:630][  0]LogConfig: Setting CVar [[gc.NumRetriesBeforeForcingGC:10]]
[2022.04.17-22.24.50:630][  0]LogConfig: Setting CVar [[gc.AllowParallelGC:1]]
[2022.04.17-22.24.50:630][  0]LogConfig: Setting CVar [[gc.TimeBetweenPurgingPendingKillObjects:61.1]]
[2022.04.17-22.24.50:630][  0]LogConfig: Setting CVar [[gc.MaxObjectsInEditor:25165824]]
[2022.04.17-22.24.50:630][  0]LogConfig: Setting CVar [[gc.IncrementalBeginDestroyEnabled:1]]
[2022.04.17-22.24.50:630][  0]LogConfig: Setting CVar [[gc.CreateGCClusters:1]]
[2022.04.17-22.24.50:630][  0]LogConfig: Setting CVar [[gc.MinGCClusterSize:5]]
[2022.04.17-22.24.50:630][  0]LogConfig: Setting CVar [[gc.ActorClusteringEnabled:0]]
[2022.04.17-22.24.50:630][  0]LogConfig: Setting CVar [[gc.BlueprintClusteringEnabled:0]]
[2022.04.17-22.24.50:630][  0]LogConfig: Setting CVar [[gc.UseDisregardForGCOnDedicatedServers:0]]
[2022.04.17-22.24.50:630][  0]LogConfig: Applying CVar settings from Section [/Script/Engine.NetworkSettings] File [C:/Users/SLATE 15/Documents/GitHub/Hannah-Ashna.github.io/FYP-Prototype/PrototypeV2/Saved/Config/Windows/Engine.ini]
[2022.04.17-22.24.50:630][  0]LogConfig: Applying CVar settings from Section [/Script/UnrealEd.CookerSettings] File [C:/Users/SLATE 15/Documents/GitHub/Hannah-Ashna.github.io/FYP-Prototype/PrototypeV2/Saved/Config/Windows/Engine.ini]
[2022.04.17-22.24.50:647][  0]LogConfig: Applying CVar settings from Section [ViewDistanceQuality@3] File [C:/Users/SLATE 15/Documents/GitHub/Hannah-Ashna.github.io/FYP-Prototype/PrototypeV2/Saved/Config/Windows/Scalability.ini]
[2022.04.17-22.24.50:647][  0]LogConfig: Setting CVar [[r.SkeletalMeshLODBias:0]]
[2022.04.17-22.24.50:647][  0]LogConfig: Setting CVar [[r.ViewDistanceScale:1.0]]
[2022.04.17-22.24.50:647][  0]LogConfig: Applying CVar settings from Section [AntiAliasingQuality@3] File [C:/Users/SLATE 15/Documents/GitHub/Hannah-Ashna.github.io/FYP-Prototype/PrototypeV2/Saved/Config/Windows/Scalability.ini]
[2022.04.17-22.24.50:647][  0]LogConfig: Setting CVar [[r.PostProcessAAQuality:4]]
[2022.04.17-22.24.50:647][  0]LogConfig: Applying CVar settings from Section [ShadowQuality@3] File [C:/Users/SLATE 15/Documents/GitHub/Hannah-Ashna.github.io/FYP-Prototype/PrototypeV2/Saved/Config/Windows/Scalability.ini]
[2022.04.17-22.24.50:647][  0]LogConfig: Setting CVar [[r.LightFunctionQuality:1]]
[2022.04.17-22.24.50:647][  0]LogConfig: Setting CVar [[r.ShadowQuality:5]]
[2022.04.17-22.24.50:647][  0]LogConfig: Setting CVar [[r.Shadow.CSM.MaxCascades:10]]
[2022.04.17-22.24.50:647][  0]LogConfig: Setting CVar [[r.Shadow.MaxResolution:2048]]
[2022.04.17-22.24.50:647][  0]LogConfig: Setting CVar [[r.Shadow.MaxCSMResolution:2048]]
[2022.04.17-22.24.50:647][  0]LogConfig: Setting CVar [[r.Shadow.RadiusThreshold:0.01]]
[2022.04.17-22.24.50:647][  0]LogConfig: Setting CVar [[r.Shadow.DistanceScale:1.0]]
[2022.04.17-22.24.50:647][  0]LogConfig: Setting CVar [[r.Shadow.CSM.TransitionScale:1.0]]
[2022.04.17-22.24.50:647][  0]LogConfig: Setting CVar [[r.Shadow.PreShadowResolutionFactor:1.0]]
[2022.04.17-22.24.50:647][  0]LogConfig: Setting CVar [[r.DistanceFieldShadowing:1]]
[2022.04.17-22.24.50:647][  0]LogConfig: Setting CVar [[r.DistanceFieldAO:1]]
[2022.04.17-22.24.50:647][  0]LogConfig: Setting CVar [[r.AOQuality:2]]
[2022.04.17-22.24.50:647][  0]LogConfig: Setting CVar [[r.VolumetricFog:1]]
[2022.04.17-22.24.50:647][  0]LogConfig: Setting CVar [[r.VolumetricFog.GridPixelSize:8]]
[2022.04.17-22.24.50:647][  0]LogConfig: Setting CVar [[r.VolumetricFog.GridSizeZ:128]]
[2022.04.17-22.24.50:647][  0]LogConfig: Setting CVar [[r.VolumetricFog.HistoryMissSupersampleCount:4]]
[2022.04.17-22.24.50:647][  0]LogConfig: Setting CVar [[r.LightMaxDrawDistanceScale:1]]
[2022.04.17-22.24.50:647][  0]LogConfig: Setting CVar [[r.CapsuleShadows:1]]
[2022.04.17-22.24.50:647][  0]LogConfig: Applying CVar settings from Section [PostProcessQuality@3] File [C:/Users/SLATE 15/Documents/GitHub/Hannah-Ashna.github.io/FYP-Prototype/PrototypeV2/Saved/Config/Windows/Scalability.ini]
[2022.04.17-22.24.50:647][  0]LogConfig: Setting CVar [[r.MotionBlurQuality:4]]
[2022.04.17-22.24.50:647][  0]LogConfig: Setting CVar [[r.AmbientOcclusionMipLevelFactor:0.4]]
[2022.04.17-22.24.50:647][  0]LogConfig: Setting CVar [[r.AmbientOcclusionMaxQuality:100]]
[2022.04.17-22.24.50:647][  0]LogConfig: Setting CVar [[r.AmbientOcclusionLevels:-1]]
[2022.04.17-22.24.50:647][  0]LogConfig: Setting CVar [[r.AmbientOcclusionRadiusScale:1.0]]
[2022.04.17-22.24.50:647][  0]LogConfig: Setting CVar [[r.DepthOfFieldQuality:2]]
[2022.04.17-22.24.50:647][  0]LogConfig: Setting CVar [[r.RenderTargetPoolMin:400]]
[2022.04.17-22.24.50:647][  0]LogConfig: Setting CVar [[r.LensFlareQuality:2]]
[2022.04.17-22.24.50:647][  0]LogConfig: Setting CVar [[r.SceneColorFringeQuality:1]]
[2022.04.17-22.24.50:647][  0]LogConfig: Setting CVar [[r.EyeAdaptationQuality:2]]
[2022.04.17-22.24.50:647][  0]LogConfig: Setting CVar [[r.BloomQuality:5]]
[2022.04.17-22.24.50:647][  0]LogConfig: Setting CVar [[r.FastBlurThreshold:100]]
[2022.04.17-22.24.50:647][  0]LogConfig: Setting CVar [[r.Upscale.Quality:3]]
[2022.04.17-22.24.50:647][  0]LogConfig: Setting CVar [[r.Tonemapper.GrainQuantization:1]]
[2022.04.17-22.24.50:647][  0]LogConfig: Setting CVar [[r.LightShaftQuality:1]]
[2022.04.17-22.24.50:647][  0]LogConfig: Setting CVar [[r.Filter.SizeScale:1]]
[2022.04.17-22.24.50:647][  0]LogConfig: Setting CVar [[r.Tonemapper.Quality:5]]
[2022.04.17-22.24.50:647][  0]LogConfig: Setting CVar [[r.DOF.Gather.AccumulatorQuality:1        ; higher gathering accumulator quality]]
[2022.04.17-22.24.50:647][  0]LogConfig: Setting CVar [[r.DOF.Gather.PostfilterMethod:1          ; Median3x3 postfilering method]]
[2022.04.17-22.24.50:647][  0]LogConfig: Setting CVar [[r.DOF.Gather.EnableBokehSettings:0       ; no bokeh simulation when gathering]]
[2022.04.17-22.24.50:647][  0]LogConfig: Setting CVar [[r.DOF.Gather.RingCount:4                 ; medium number of samples when gathering]]
[2022.04.17-22.24.50:647][  0]LogConfig: Setting CVar [[r.DOF.Scatter.ForegroundCompositing:1    ; additive foreground scattering]]
[2022.04.17-22.24.50:647][  0]LogConfig: Setting CVar [[r.DOF.Scatter.BackgroundCompositing:2    ; additive background scattering]]
[2022.04.17-22.24.50:647][  0]LogConfig: Setting CVar [[r.DOF.Scatter.EnableBokehSettings:1      ; bokeh simulation when scattering]]
[2022.04.17-22.24.50:647][  0]LogConfig: Setting CVar [[r.DOF.Scatter.MaxSpriteRatio:0.1         ; only a maximum of 10% of scattered bokeh]]
[2022.04.17-22.24.50:647][  0]LogConfig: Setting CVar [[r.DOF.Recombine.Quality:1                ; cheap slight out of focus]]
[2022.04.17-22.24.50:647][  0]LogConfig: Setting CVar [[r.DOF.Recombine.EnableBokehSettings:0    ; no bokeh simulation on slight out of focus]]
[2022.04.17-22.24.50:647][  0]LogConfig: Setting CVar [[r.DOF.TemporalAAQuality:1                ; more stable temporal accumulation]]
[2022.04.17-22.24.50:647][  0]LogConfig: Setting CVar [[r.DOF.Kernel.MaxForegroundRadius:0.025]]
[2022.04.17-22.24.50:647][  0]LogConfig: Setting CVar [[r.DOF.Kernel.MaxBackgroundRadius:0.025]]
[2022.04.17-22.24.50:647][  0]LogConfig: Applying CVar settings from Section [TextureQuality@3] File [C:/Users/SLATE 15/Documents/GitHub/Hannah-Ashna.github.io/FYP-Prototype/PrototypeV2/Saved/Config/Windows/Scalability.ini]
[2022.04.17-22.24.50:648][  0]LogConfig: Setting CVar [[r.Streaming.MipBias:0]]
[2022.04.17-22.24.50:648][  0]LogConfig: Setting CVar [[r.Streaming.AmortizeCPUToGPUCopy:0]]
[2022.04.17-22.24.50:648][  0]LogConfig: Setting CVar [[r.Streaming.MaxNumTexturesToStreamPerFrame:0]]
[2022.04.17-22.24.50:648][  0]LogConfig: Setting CVar [[r.Streaming.Boost:1]]
[2022.04.17-22.24.50:648][  0]LogConfig: Setting CVar [[r.MaxAnisotropy:8]]
[2022.04.17-22.24.50:648][  0]LogConfig: Setting CVar [[r.VT.MaxAnisotropy:8]]
[2022.04.17-22.24.50:648][  0]LogConfig: Setting CVar [[r.Streaming.LimitPoolSizeToVRAM:0]]
[2022.04.17-22.24.50:648][  0]LogConfig: Setting CVar [[r.Streaming.PoolSize:1000]]
[2022.04.17-22.24.50:648][  0]LogConfig: Setting CVar [[r.Streaming.MaxEffectiveScreenSize:0]]
[2022.04.17-22.24.50:648][  0]LogConfig: Applying CVar settings from Section [EffectsQuality@3] File [C:/Users/SLATE 15/Documents/GitHub/Hannah-Ashna.github.io/FYP-Prototype/PrototypeV2/Saved/Config/Windows/Scalability.ini]
[2022.04.17-22.24.50:648][  0]LogConfig: Setting CVar [[r.TranslucencyLightingVolumeDim:64]]
[2022.04.17-22.24.50:648][  0]LogConfig: Setting CVar [[r.RefractionQuality:2]]
[2022.04.17-22.24.50:648][  0]LogConfig: Setting CVar [[r.SSR.Quality:3]]
[2022.04.17-22.24.50:648][  0]LogConfig: Setting CVar [[r.SSR.HalfResSceneColor:0]]
[2022.04.17-22.24.50:648][  0]LogConfig: Setting CVar [[r.SceneColorFormat:4]]
[2022.04.17-22.24.50:648][  0]LogConfig: Setting CVar [[r.DetailMode:2]]
[2022.04.17-22.24.50:648][  0]LogConfig: Setting CVar [[r.TranslucencyVolumeBlur:1]]
[2022.04.17-22.24.50:648][  0]LogConfig: Setting CVar [[r.MaterialQualityLevel:1 ; High quality]]
[2022.04.17-22.24.50:648][  0]LogConfig: Setting CVar [[r.SSS.Scale:1]]
[2022.04.17-22.24.50:648][  0]LogConfig: Setting CVar [[r.SSS.SampleSet:2]]
[2022.04.17-22.24.50:648][  0]LogConfig: Setting CVar [[r.SSS.Quality:1]]
[2022.04.17-22.24.50:648][  0]LogConfig: Setting CVar [[r.SSS.HalfRes:0]]
[2022.04.17-22.24.50:648][  0]LogConfig: Setting CVar [[r.SSGI.Quality:3]]
[2022.04.17-22.24.50:648][  0]LogConfig: Setting CVar [[r.EmitterSpawnRateScale:1.0]]
[2022.04.17-22.24.50:648][  0]LogConfig: Setting CVar [[r.ParticleLightQuality:2]]
[2022.04.17-22.24.50:648][  0]LogConfig: Setting CVar [[r.SkyAtmosphere.AerialPerspectiveLUT.FastApplyOnOpaque:1 ; Always have FastSkyLUT 1 in this case to avoid wrong sky]]
[2022.04.17-22.24.50:648][  0]LogConfig: Setting CVar [[r.SkyAtmosphere.AerialPerspectiveLUT.SampleCountPerSlice:1]]
[2022.04.17-22.24.50:648][  0]LogConfig: Setting CVar [[r.SkyAtmosphere.AerialPerspectiveLUT.DepthResolution:16.0]]
[2022.04.17-22.24.50:648][  0]LogConfig: Setting CVar [[r.SkyAtmosphere.FastSkyLUT:1]]
[2022.04.17-22.24.50:648][  0]LogConfig: Setting CVar [[r.SkyAtmosphere.FastSkyLUT.SampleCountMin:4.0]]
[2022.04.17-22.24.50:648][  0]LogConfig: Setting CVar [[r.SkyAtmosphere.FastSkyLUT.SampleCountMax:32.0]]
[2022.04.17-22.24.50:648][  0]LogConfig: Setting CVar [[r.SkyAtmosphere.SampleCountMin:4.0]]
[2022.04.17-22.24.50:648][  0]LogConfig: Setting CVar [[r.SkyAtmosphere.SampleCountMax:32.0]]
[2022.04.17-22.24.50:648][  0]LogConfig: Setting CVar [[r.SkyAtmosphere.TransmittanceLUT.UseSmallFormat:0]]
[2022.04.17-22.24.50:648][  0]LogConfig: Setting CVar [[r.SkyAtmosphere.TransmittanceLUT.SampleCount:10.0]]
[2022.04.17-22.24.50:648][  0]LogConfig: Setting CVar [[r.SkyAtmosphere.MultiScatteringLUT.SampleCount:15.0]]
[2022.04.17-22.24.50:648][  0]LogConfig: Applying CVar settings from Section [FoliageQuality@3] File [C:/Users/SLATE 15/Documents/GitHub/Hannah-Ashna.github.io/FYP-Prototype/PrototypeV2/Saved/Config/Windows/Scalability.ini]
[2022.04.17-22.24.50:648][  0]LogConfig: Setting CVar [[foliage.DensityScale:1.0]]
[2022.04.17-22.24.50:648][  0]LogConfig: Setting CVar [[grass.DensityScale:1.0]]
[2022.04.17-22.24.50:648][  0]LogConfig: Applying CVar settings from Section [ShadingQuality@3] File [C:/Users/SLATE 15/Documents/GitHub/Hannah-Ashna.github.io/FYP-Prototype/PrototypeV2/Saved/Config/Windows/Scalability.ini]
[2022.04.17-22.24.50:648][  0]LogConfig: Setting CVar [[r.HairStrands.SkyLighting.SampleCount:16]]
[2022.04.17-22.24.50:648][  0]LogConfig: Setting CVar [[r.HairStrands.SkyLighting.JitterIntegration:0]]
[2022.04.17-22.24.50:648][  0]LogConfig: Setting CVar [[r.HairStrands.SkyAO.SampleCount:16]]
[2022.04.17-22.24.50:648][  0]LogConfig: Setting CVar [[r.HairStrands.DeepShadow.SuperSampling:0]]
[2022.04.17-22.24.50:648][  0]LogConfig: Setting CVar [[r.HairStrands.VisibilityPPLL:0]]
[2022.04.17-22.24.50:648][  0]LogConfig: Setting CVar [[r.HairStrands.RasterizationScale:0.5]]
[2022.04.17-22.24.50:648][  0]LogConfig: Setting CVar [[r.HairStrands.VelocityRasterizationScale:1]]
[2022.04.17-22.24.50:649][  0]LogInit: Selected Device Profile: [Windows]
[2022.04.17-22.24.50:649][  0]LogInit: Applying CVar settings loaded from the selected device profile: [Windows]
[2022.04.17-22.24.50:651][  0]LogHAL: Display: Platform has ~ 16 GB [16973881344 / 17179869184 / 16], which maps to Larger [LargestMinGB=32, LargerMinGB=12, DefaultMinGB=8, SmallerMinGB=6, SmallestMinGB=0)
[2022.04.17-22.24.50:651][  0]LogInit: Going up to parent DeviceProfile []
[2022.04.17-22.24.50:651][  0]LogConfig: Applying CVar settings from Section [ViewDistanceQuality@3] File [C:/Users/SLATE 15/Documents/GitHub/Hannah-Ashna.github.io/FYP-Prototype/PrototypeV2/Saved/Config/Windows/Scalability.ini]
[2022.04.17-22.24.50:652][  0]LogConfig: Setting CVar [[r.SkeletalMeshLODBias:0]]
[2022.04.17-22.24.50:652][  0]LogConfig: Setting CVar [[r.ViewDistanceScale:1.0]]
[2022.04.17-22.24.50:652][  0]LogConfig: Applying CVar settings from Section [AntiAliasingQuality@3] File [C:/Users/SLATE 15/Documents/GitHub/Hannah-Ashna.github.io/FYP-Prototype/PrototypeV2/Saved/Config/Windows/Scalability.ini]
[2022.04.17-22.24.50:652][  0]LogConfig: Setting CVar [[r.PostProcessAAQuality:4]]
[2022.04.17-22.24.50:652][  0]LogConfig: Applying CVar settings from Section [ShadowQuality@3] File [C:/Users/SLATE 15/Documents/GitHub/Hannah-Ashna.github.io/FYP-Prototype/PrototypeV2/Saved/Config/Windows/Scalability.ini]
[2022.04.17-22.24.50:652][  0]LogConfig: Setting CVar [[r.LightFunctionQuality:1]]
[2022.04.17-22.24.50:652][  0]LogConfig: Setting CVar [[r.ShadowQuality:5]]
[2022.04.17-22.24.50:652][  0]LogConfig: Setting CVar [[r.Shadow.CSM.MaxCascades:10]]
[2022.04.17-22.24.50:652][  0]LogConfig: Setting CVar [[r.Shadow.MaxResolution:2048]]
[2022.04.17-22.24.50:652][  0]LogConfig: Setting CVar [[r.Shadow.MaxCSMResolution:2048]]
[2022.04.17-22.24.50:652][  0]LogConfig: Setting CVar [[r.Shadow.RadiusThreshold:0.01]]
[2022.04.17-22.24.50:652][  0]LogConfig: Setting CVar [[r.Shadow.DistanceScale:1.0]]
[2022.04.17-22.24.50:652][  0]LogConfig: Setting CVar [[r.Shadow.CSM.TransitionScale:1.0]]
[2022.04.17-22.24.50:652][  0]LogConfig: Setting CVar [[r.Shadow.PreShadowResolutionFactor:1.0]]
[2022.04.17-22.24.50:652][  0]LogConfig: Setting CVar [[r.DistanceFieldShadowing:1]]
[2022.04.17-22.24.50:652][  0]LogConfig: Setting CVar [[r.DistanceFieldAO:1]]
[2022.04.17-22.24.50:652][  0]LogConfig: Setting CVar [[r.AOQuality:2]]
[2022.04.17-22.24.50:652][  0]LogConfig: Setting CVar [[r.VolumetricFog:1]]
[2022.04.17-22.24.50:652][  0]LogConfig: Setting CVar [[r.VolumetricFog.GridPixelSize:8]]
[2022.04.17-22.24.50:652][  0]LogConfig: Setting CVar [[r.VolumetricFog.GridSizeZ:128]]
[2022.04.17-22.24.50:652][  0]LogConfig: Setting CVar [[r.VolumetricFog.HistoryMissSupersampleCount:4]]
[2022.04.17-22.24.50:652][  0]LogConfig: Setting CVar [[r.LightMaxDrawDistanceScale:1]]
[2022.04.17-22.24.50:652][  0]LogConfig: Setting CVar [[r.CapsuleShadows:1]]
[2022.04.17-22.24.50:652][  0]LogConfig: Applying CVar settings from Section [PostProcessQuality@3] File [C:/Users/SLATE 15/Documents/GitHub/Hannah-Ashna.github.io/FYP-Prototype/PrototypeV2/Saved/Config/Windows/Scalability.ini]
[2022.04.17-22.24.50:652][  0]LogConfig: Setting CVar [[r.MotionBlurQuality:4]]
[2022.04.17-22.24.50:652][  0]LogConfig: Setting CVar [[r.AmbientOcclusionMipLevelFactor:0.4]]
[2022.04.17-22.24.50:652][  0]LogConfig: Setting CVar [[r.AmbientOcclusionMaxQuality:100]]
[2022.04.17-22.24.50:652][  0]LogConfig: Setting CVar [[r.AmbientOcclusionLevels:-1]]
[2022.04.17-22.24.50:652][  0]LogConfig: Setting CVar [[r.AmbientOcclusionRadiusScale:1.0]]
[2022.04.17-22.24.50:652][  0]LogConfig: Setting CVar [[r.DepthOfFieldQuality:2]]
[2022.04.17-22.24.50:652][  0]LogConfig: Setting CVar [[r.RenderTargetPoolMin:400]]
[2022.04.17-22.24.50:652][  0]LogConfig: Setting CVar [[r.LensFlareQuality:2]]
[2022.04.17-22.24.50:652][  0]LogConfig: Setting CVar [[r.SceneColorFringeQuality:1]]
[2022.04.17-22.24.50:652][  0]LogConfig: Setting CVar [[r.EyeAdaptationQuality:2]]
[2022.04.17-22.24.50:652][  0]LogConfig: Setting CVar [[r.BloomQuality:5]]
[2022.04.17-22.24.50:652][  0]LogConfig: Setting CVar [[r.FastBlurThreshold:100]]
[2022.04.17-22.24.50:652][  0]LogConfig: Setting CVar [[r.Upscale.Quality:3]]
[2022.04.17-22.24.50:652][  0]LogConfig: Setting CVar [[r.Tonemapper.GrainQuantization:1]]
[2022.04.17-22.24.50:652][  0]LogConfig: Setting CVar [[r.LightShaftQuality:1]]
[2022.04.17-22.24.50:652][  0]LogConfig: Setting CVar [[r.Filter.SizeScale:1]]
[2022.04.17-22.24.50:652][  0]LogConfig: Setting CVar [[r.Tonemapper.Quality:5]]
[2022.04.17-22.24.50:652][  0]LogConfig: Setting CVar [[r.DOF.Gather.AccumulatorQuality:1        ; higher gathering accumulator quality]]
[2022.04.17-22.24.50:652][  0]LogConfig: Setting CVar [[r.DOF.Gather.PostfilterMethod:1          ; Median3x3 postfilering method]]
[2022.04.17-22.24.50:652][  0]LogConfig: Setting CVar [[r.DOF.Gather.EnableBokehSettings:0       ; no bokeh simulation when gathering]]
[2022.04.17-22.24.50:652][  0]LogConfig: Setting CVar [[r.DOF.Gather.RingCount:4                 ; medium number of samples when gathering]]
[2022.04.17-22.24.50:652][  0]LogConfig: Setting CVar [[r.DOF.Scatter.ForegroundCompositing:1    ; additive foreground scattering]]
[2022.04.17-22.24.50:652][  0]LogConfig: Setting CVar [[r.DOF.Scatter.BackgroundCompositing:2    ; additive background scattering]]
[2022.04.17-22.24.50:652][  0]LogConfig: Setting CVar [[r.DOF.Scatter.EnableBokehSettings:1      ; bokeh simulation when scattering]]
[2022.04.17-22.24.50:652][  0]LogConfig: Setting CVar [[r.DOF.Scatter.MaxSpriteRatio:0.1         ; only a maximum of 10% of scattered bokeh]]
[2022.04.17-22.24.50:652][  0]LogConfig: Setting CVar [[r.DOF.Recombine.Quality:1                ; cheap slight out of focus]]
[2022.04.17-22.24.50:652][  0]LogConfig: Setting CVar [[r.DOF.Recombine.EnableBokehSettings:0    ; no bokeh simulation on slight out of focus]]
[2022.04.17-22.24.50:652][  0]LogConfig: Setting CVar [[r.DOF.TemporalAAQuality:1                ; more stable temporal accumulation]]
[2022.04.17-22.24.50:652][  0]LogConfig: Setting CVar [[r.DOF.Kernel.MaxForegroundRadius:0.025]]
[2022.04.17-22.24.50:652][  0]LogConfig: Setting CVar [[r.DOF.Kernel.MaxBackgroundRadius:0.025]]
[2022.04.17-22.24.50:652][  0]LogConfig: Applying CVar settings from Section [TextureQuality@3] File [C:/Users/SLATE 15/Documents/GitHub/Hannah-Ashna.github.io/FYP-Prototype/PrototypeV2/Saved/Config/Windows/Scalability.ini]
[2022.04.17-22.24.50:652][  0]LogConfig: Setting CVar [[r.Streaming.MipBias:0]]
[2022.04.17-22.24.50:652][  0]LogConfig: Setting CVar [[r.Streaming.AmortizeCPUToGPUCopy:0]]
[2022.04.17-22.24.50:652][  0]LogConfig: Setting CVar [[r.Streaming.MaxNumTexturesToStreamPerFrame:0]]
[2022.04.17-22.24.50:652][  0]LogConfig: Setting CVar [[r.Streaming.Boost:1]]
[2022.04.17-22.24.50:652][  0]LogConfig: Setting CVar [[r.MaxAnisotropy:8]]
[2022.04.17-22.24.50:652][  0]LogConfig: Setting CVar [[r.VT.MaxAnisotropy:8]]
[2022.04.17-22.24.50:652][  0]LogConfig: Setting CVar [[r.Streaming.LimitPoolSizeToVRAM:0]]
[2022.04.17-22.24.50:652][  0]LogConfig: Setting CVar [[r.Streaming.PoolSize:1000]]
[2022.04.17-22.24.50:652][  0]LogConfig: Setting CVar [[r.Streaming.MaxEffectiveScreenSize:0]]
[2022.04.17-22.24.50:652][  0]LogConfig: Applying CVar settings from Section [EffectsQuality@3] File [C:/Users/SLATE 15/Documents/GitHub/Hannah-Ashna.github.io/FYP-Prototype/PrototypeV2/Saved/Config/Windows/Scalability.ini]
[2022.04.17-22.24.50:652][  0]LogConfig: Setting CVar [[r.TranslucencyLightingVolumeDim:64]]
[2022.04.17-22.24.50:652][  0]LogConfig: Setting CVar [[r.RefractionQuality:2]]
[2022.04.17-22.24.50:652][  0]LogConfig: Setting CVar [[r.SSR.Quality:3]]
[2022.04.17-22.24.50:652][  0]LogConfig: Setting CVar [[r.SSR.HalfResSceneColor:0]]
[2022.04.17-22.24.50:652][  0]LogConfig: Setting CVar [[r.SceneColorFormat:4]]
[2022.04.17-22.24.50:652][  0]LogConfig: Setting CVar [[r.DetailMode:2]]
[2022.04.17-22.24.50:652][  0]LogConfig: Setting CVar [[r.TranslucencyVolumeBlur:1]]
[2022.04.17-22.24.50:652][  0]LogConfig: Setting CVar [[r.MaterialQualityLevel:1 ; High quality]]
[2022.04.17-22.24.50:652][  0]LogConfig: Setting CVar [[r.SSS.Scale:1]]
[2022.04.17-22.24.50:652][  0]LogConfig: Setting CVar [[r.SSS.SampleSet:2]]
[2022.04.17-22.24.50:652][  0]LogConfig: Setting CVar [[r.SSS.Quality:1]]
[2022.04.17-22.24.50:652][  0]LogConfig: Setting CVar [[r.SSS.HalfRes:0]]
[2022.04.17-22.24.50:652][  0]LogConfig: Setting CVar [[r.SSGI.Quality:3]]
[2022.04.17-22.24.50:652][  0]LogConfig: Setting CVar [[r.EmitterSpawnRateScale:1.0]]
[2022.04.17-22.24.50:652][  0]LogConfig: Setting CVar [[r.ParticleLightQuality:2]]
[2022.04.17-22.24.50:652][  0]LogConfig: Setting CVar [[r.SkyAtmosphere.AerialPerspectiveLUT.FastApplyOnOpaque:1 ; Always have FastSkyLUT 1 in this case to avoid wrong sky]]
[2022.04.17-22.24.50:652][  0]LogConfig: Setting CVar [[r.SkyAtmosphere.AerialPerspectiveLUT.SampleCountPerSlice:1]]
[2022.04.17-22.24.50:653][  0]LogConfig: Setting CVar [[r.SkyAtmosphere.AerialPerspectiveLUT.DepthResolution:16.0]]
[2022.04.17-22.24.50:653][  0]LogConfig: Setting CVar [[r.SkyAtmosphere.FastSkyLUT:1]]
[2022.04.17-22.24.50:653][  0]LogConfig: Setting CVar [[r.SkyAtmosphere.FastSkyLUT.SampleCountMin:4.0]]
[2022.04.17-22.24.50:653][  0]LogConfig: Setting CVar [[r.SkyAtmosphere.FastSkyLUT.SampleCountMax:32.0]]
[2022.04.17-22.24.50:653][  0]LogConfig: Setting CVar [[r.SkyAtmosphere.SampleCountMin:4.0]]
[2022.04.17-22.24.50:653][  0]LogConfig: Setting CVar [[r.SkyAtmosphere.SampleCountMax:32.0]]
[2022.04.17-22.24.50:653][  0]LogConfig: Setting CVar [[r.SkyAtmosphere.TransmittanceLUT.UseSmallFormat:0]]
[2022.04.17-22.24.50:653][  0]LogConfig: Setting CVar [[r.SkyAtmosphere.TransmittanceLUT.SampleCount:10.0]]
[2022.04.17-22.24.50:653][  0]LogConfig: Setting CVar [[r.SkyAtmosphere.MultiScatteringLUT.SampleCount:15.0]]
[2022.04.17-22.24.50:653][  0]LogConfig: Applying CVar settings from Section [FoliageQuality@3] File [C:/Users/SLATE 15/Documents/GitHub/Hannah-Ashna.github.io/FYP-Prototype/PrototypeV2/Saved/Config/Windows/Scalability.ini]
[2022.04.17-22.24.50:653][  0]LogConfig: Setting CVar [[foliage.DensityScale:1.0]]
[2022.04.17-22.24.50:653][  0]LogConfig: Setting CVar [[grass.DensityScale:1.0]]
[2022.04.17-22.24.50:653][  0]LogConfig: Applying CVar settings from Section [ShadingQuality@3] File [C:/Users/SLATE 15/Documents/GitHub/Hannah-Ashna.github.io/FYP-Prototype/PrototypeV2/Saved/Config/Windows/Scalability.ini]
[2022.04.17-22.24.50:653][  0]LogConfig: Setting CVar [[r.HairStrands.SkyLighting.SampleCount:16]]
[2022.04.17-22.24.50:653][  0]LogConfig: Setting CVar [[r.HairStrands.SkyLighting.JitterIntegration:0]]
[2022.04.17-22.24.50:653][  0]LogConfig: Setting CVar [[r.HairStrands.SkyAO.SampleCount:16]]
[2022.04.17-22.24.50:653][  0]LogConfig: Setting CVar [[r.HairStrands.DeepShadow.SuperSampling:0]]
[2022.04.17-22.24.50:653][  0]LogConfig: Setting CVar [[r.HairStrands.VisibilityPPLL:0]]
[2022.04.17-22.24.50:653][  0]LogConfig: Setting CVar [[r.HairStrands.RasterizationScale:0.5]]
[2022.04.17-22.24.50:653][  0]LogConfig: Setting CVar [[r.HairStrands.VelocityRasterizationScale:1]]
[2022.04.17-22.24.50:653][  0]LogConfig: Applying CVar settings from Section [Startup] File [../../../Engine/Config/ConsoleVariables.ini]
[2022.04.17-22.24.50:654][  0]LogConfig: Setting CVar [[net.UseAdaptiveNetUpdateFrequency:0]]
[2022.04.17-22.24.50:654][  0]LogConfig: Setting CVar [[p.chaos.AllowCreatePhysxBodies:1]]
[2022.04.17-22.24.50:654][  0]LogConfig: Setting CVar [[fx.SkipVectorVMBackendOptimizations:1]]
[2022.04.17-22.24.50:654][  0]LogConfig: Applying CVar settings from Section [ConsoleVariables] File [C:/Users/SLATE 15/Documents/GitHub/Hannah-Ashna.github.io/FYP-Prototype/PrototypeV2/Saved/Config/Windows/Engine.ini]
[2022.04.17-22.24.50:656][  0]LogInit: Computer: NOTAHACKER
[2022.04.17-22.24.50:656][  0]LogInit: User: SLATE15
[2022.04.17-22.24.50:657][  0]LogInit: CPU Page size=4096, Cores=6
[2022.04.17-22.24.50:657][  0]LogInit: High frequency timer resolution =10.000000 MHz
[2022.04.17-22.24.50:657][  0]LogMemory: Memory total: Physical=15.8GB (16GB approx)
[2022.04.17-22.24.50:657][  0]LogMemory: Platform Memory Stats for Windows
[2022.04.17-22.24.50:657][  0]LogMemory: Process Physical Memory: 115.84 MB used, 115.84 MB peak
[2022.04.17-22.24.50:657][  0]LogMemory: Process Virtual Memory: 96.98 MB used, 96.98 MB peak
[2022.04.17-22.24.50:657][  0]LogMemory: Physical Memory: 12117.48 MB used,  4070.07 MB free, 16187.55 MB total
[2022.04.17-22.24.50:657][  0]LogMemory: Virtual Memory: 5166.65 MB used,  134212560.00 MB free, 134217728.00 MB total
[2022.04.17-22.24.50:663][  0]LogWindows: WindowsPlatformFeatures enabled
[2022.04.17-22.24.50:896][  0]LogInit: Physics initialised using underlying interface: PhysX
[2022.04.17-22.24.50:904][  0]LogInit: Using OS detected language (en-US).
[2022.04.17-22.24.50:904][  0]LogInit: Using OS detected locale (en-GB).
[2022.04.17-22.24.50:916][  0]LogTextLocalizationManager: No specific localization for 'en-US' exists, so the 'en' localization will be used.
[2022.04.17-22.24.51:393][  0]LogInit: Setting process to per monitor DPI aware
[2022.04.17-22.24.51:454][  0]LogSlate: New Slate User Created.  User Index 0, Is Virtual User: 0
[2022.04.17-22.24.51:454][  0]LogSlate: Slate User Registered.  User Index 0, Is Virtual User: 0
[2022.04.17-22.24.51:791][  0]LogHMD: Failed to initialize OpenVR with code 110
[2022.04.17-22.24.51:791][  0]LogD3D11RHI: D3D11 min allowed feature level: 11_0
[2022.04.17-22.24.51:791][  0]LogD3D11RHI: D3D11 max allowed feature level: 11_0
[2022.04.17-22.24.51:791][  0]LogD3D11RHI: D3D11 adapters:
[2022.04.17-22.24.51:912][  0]LogD3D11RHI:    0. 'NVIDIA GeForce RTX 2060' (Feature Level 11_0)
[2022.04.17-22.24.51:912][  0]LogD3D11RHI:       5980/0/8093 MB DedicatedVideo/DedicatedSystem/SharedSystem, Outputs:1, VendorId:0x10de
[2022.04.17-22.24.51:955][  0]LogD3D11RHI:    1. 'Intel(R) UHD Graphics 630' (Feature Level 11_0)
[2022.04.17-22.24.51:955][  0]LogD3D11RHI:       128/0/8093 MB DedicatedVideo/DedicatedSystem/SharedSystem, Outputs:1, VendorId:0x8086
[2022.04.17-22.24.51:958][  0]LogD3D11RHI:    2. 'Microsoft Basic Render Driver' (Feature Level 11_0)
[2022.04.17-22.24.51:958][  0]LogD3D11RHI:       0/0/8093 MB DedicatedVideo/DedicatedSystem/SharedSystem, Outputs:0, VendorId:0x1414
[2022.04.17-22.24.51:958][  0]LogD3D11RHI: Chosen D3D11 Adapter: 0
[2022.04.17-22.24.51:971][  0]LogD3D11RHI: Creating new Direct3DDevice
[2022.04.17-22.24.51:972][  0]LogD3D11RHI:     GPU DeviceId: 0x1f11 (for the marketing name, search the web for "GPU Device Id")
[2022.04.17-22.24.51:972][  0]LogWindows: EnumDisplayDevices:
[2022.04.17-22.24.51:973][  0]LogWindows:    0. 'Intel(R) UHD Graphics 630' (P:0 D:1)
[2022.04.17-22.24.51:973][  0]LogWindows:    1. 'Intel(R) UHD Graphics 630' (P:0 D:0)
[2022.04.17-22.24.51:973][  0]LogWindows:    2. 'Intel(R) UHD Graphics 630' (P:0 D:0)
[2022.04.17-22.24.51:974][  0]LogWindows:    3. 'NVIDIA GeForce RTX 2060' (P:1 D:1)
[2022.04.17-22.24.51:974][  0]LogWindows:    4. 'NVIDIA GeForce RTX 2060' (P:0 D:0)
[2022.04.17-22.24.51:975][  0]LogWindows:    5. 'NVIDIA GeForce RTX 2060' (P:0 D:0)
[2022.04.17-22.24.51:975][  0]LogWindows:    6. 'NVIDIA GeForce RTX 2060' (P:0 D:0)
[2022.04.17-22.24.51:975][  0]LogWindows: DebugString: PrimaryIsNotTheChoosenAdapter PrimaryIsNotTheChoosenAdapter PrimaryIsNotTheChoosenAdapter FoundDriverCount:4 
[2022.04.17-22.24.51:975][  0]LogD3D11RHI:     Adapter Name: NVIDIA GeForce RTX 2060
[2022.04.17-22.24.51:975][  0]LogD3D11RHI:   Driver Version: 497.29 (internal:30.0.14.9729, unified:497.29)
[2022.04.17-22.24.51:975][  0]LogD3D11RHI:      Driver Date: 12-15-2021
[2022.04.17-22.24.51:975][  0]LogRHI: Texture pool is 4186 MB (70% of 5980 MB)
[2022.04.17-22.24.52:058][  0]LogD3D11RHI: RHI has support for 64 bit atomics
[2022.04.17-22.24.52:061][  0]LogD3D11RHI: Async texture creation enabled
[2022.04.17-22.24.52:061][  0]LogD3D11RHI: Array index from any shader is supported
[2022.04.17-22.24.52:156][  0]LogD3D11RHI: GPU Timing Frequency: 1000.000000 (Debug: 2 1)
[2022.04.17-22.24.52:558][  0]LogTargetPlatformManager: Display: Loaded TargetPlatform 'AllDesktop'
[2022.04.17-22.24.52:594][  0]LogTargetPlatformManager: Display: Loaded TargetPlatform 'Android'
[2022.04.17-22.24.52:594][  0]LogTargetPlatformManager: Display: Loaded TargetPlatform 'Android_ASTC'
[2022.04.17-22.24.52:594][  0]LogTargetPlatformManager: Display: Loaded TargetPlatform 'Android_DXT'
[2022.04.17-22.24.52:594][  0]LogTargetPlatformManager: Display: Loaded TargetPlatform 'Android_ETC2'
[2022.04.17-22.24.52:594][  0]LogTargetPlatformManager: Display: Loaded TargetPlatform 'AndroidClient'
[2022.04.17-22.24.52:594][  0]LogTargetPlatformManager: Display: Loaded TargetPlatform 'Android_ASTCClient'
[2022.04.17-22.24.52:594][  0]LogTargetPlatformManager: Display: Loaded TargetPlatform 'Android_DXTClient'
[2022.04.17-22.24.52:594][  0]LogTargetPlatformManager: Display: Loaded TargetPlatform 'Android_ETC2Client'
[2022.04.17-22.24.52:594][  0]LogTargetPlatformManager: Display: Loaded TargetPlatform 'Android_Multi'
[2022.04.17-22.24.52:594][  0]LogTargetPlatformManager: Display: Loaded TargetPlatform 'Android_MultiClient'
[2022.04.17-22.24.52:633][  0]LogTargetPlatformManager: Display: Loaded TargetPlatform 'IOSClient'
[2022.04.17-22.24.52:634][  0]LogTargetPlatformManager: Display: Loaded TargetPlatform 'IOS'
[2022.04.17-22.24.52:651][  0]LogTargetPlatformManager: Display: Loaded TargetPlatform 'Linux'
[2022.04.17-22.24.52:662][  0]LogTargetPlatformManager: Display: Loaded TargetPlatform 'LinuxNoEditor'
[2022.04.17-22.24.52:675][  0]LogTargetPlatformManager: Display: Loaded TargetPlatform 'LinuxClient'
[2022.04.17-22.24.52:687][  0]LogTargetPlatformManager: Display: Loaded TargetPlatform 'LinuxServer'
[2022.04.17-22.24.52:700][  0]LogTargetPlatformManager: Display: Loaded TargetPlatform 'LinuxAArch64NoEditor'
[2022.04.17-22.24.52:712][  0]LogTargetPlatformManager: Display: Loaded TargetPlatform 'LinuxAArch64Client'
[2022.04.17-22.24.52:726][  0]LogTargetPlatformManager: Display: Loaded TargetPlatform 'LinuxAArch64Server'
[2022.04.17-22.24.52:761][  0]LogTargetPlatformManager: Display: Loaded TargetPlatform 'Lumin'
[2022.04.17-22.24.52:761][  0]LogTargetPlatformManager: Display: Loaded TargetPlatform 'LuminClient'
[2022.04.17-22.24.52:784][  0]LogTargetPlatformManager: Display: Loaded TargetPlatform 'TVOSClient'
[2022.04.17-22.24.52:784][  0]LogTargetPlatformManager: Display: Loaded TargetPlatform 'TVOS'
[2022.04.17-22.24.52:797][  0]LogTargetPlatformManager: Display: Loaded TargetPlatform 'WindowsNoEditor'
[2022.04.17-22.24.52:810][  0]LogTargetPlatformManager: Display: Loaded TargetPlatform 'Windows'
[2022.04.17-22.24.52:821][  0]LogTargetPlatformManager: Display: Loaded TargetPlatform 'WindowsClient'
[2022.04.17-22.24.52:832][  0]LogTargetPlatformManager: Display: Loaded TargetPlatform 'WindowsServer'
[2022.04.17-22.24.52:832][  0]LogTargetPlatformManager: Display: Building Assets For Windows
[2022.04.17-22.24.52:880][  0]LogAudioDebug: Display: Lib vorbis DLL was dynamically loaded.
[2022.04.17-22.24.53:038][  0]LogShaderCompilers: Guid format shader working directory is -50 characters bigger than the processId version (../../../../../../Users/SLATE 15/Documents/GitHub/Hannah-Ashna.github.io/FYP-Prototype/PrototypeV2/Intermediate/Shaders/WorkingDirectory/18516/).
[2022.04.17-22.24.53:038][  0]LogShaderCompilers: Cleaned the shader compiler working directory 'C:/Users/SLATE 15/AppData/Local/Temp/UnrealShaderWorkingDir/7F1951B147D47838E85685B75F0462D1/'.
[2022.04.17-22.24.53:040][  0]LogXGEController: Cleaning working directory: C:/Users/SLATE 15/AppData/Local/Temp/UnrealXGEWorkingDir/
[2022.04.17-22.24.53:041][  0]LogXGEController: Cannot use XGE Controller as Incredibuild is not installed on this machine.
[2022.04.17-22.24.53:041][  0]LogShaderCompilers: Cannot use XGE Shader Compiler as Incredibuild is not installed on this machine.
[2022.04.17-22.24.53:041][  0]LogShaderCompilers: Display: Using Local Shader Compiler.
[2022.04.17-22.24.54:173][  0]LogDerivedDataCache: Display: Max Cache Size: 512 MB
[2022.04.17-22.24.54:285][  0]LogDerivedDataCache: Loaded boot cache 0.11s 75MB C:/Users/SLATE 15/AppData/Local/UnrealEngine/4.25/DerivedDataCache/Boot.ddc.
[2022.04.17-22.24.54:285][  0]LogDerivedDataCache: Display: Loaded Boot cache: C:/Users/SLATE 15/AppData/Local/UnrealEngine/4.25/DerivedDataCache/Boot.ddc
[2022.04.17-22.24.54:286][  0]LogDerivedDataCache: FDerivedDataBackendGraph:  Pak pak cache file ../../../../../../Users/SLATE 15/Documents/GitHub/Hannah-Ashna.github.io/FYP-Prototype/PrototypeV2/DerivedDataCache/DDC.ddp not found, will not use a pak cache.
[2022.04.17-22.24.54:286][  0]LogDerivedDataCache: Unable to find inner node Pak for hierarchical cache Hierarchy.
[2022.04.17-22.24.54:286][  0]LogDerivedDataCache: FDerivedDataBackendGraph:  CompressedPak pak cache file ../../../../../../Users/SLATE 15/Documents/GitHub/Hannah-Ashna.github.io/FYP-Prototype/PrototypeV2/DerivedDataCache/Compressed.ddp not found, will not use a pak cache.
[2022.04.17-22.24.54:286][  0]LogDerivedDataCache: Unable to find inner node CompressedPak for hierarchical cache Hierarchy.
[2022.04.17-22.24.54:306][  0]LogDerivedDataCache: Display: Pak cache opened for reading ../../../Engine/DerivedDataCache/Compressed.ddp.
[2022.04.17-22.24.54:307][  0]LogDerivedDataCache: FDerivedDataBackendGraph:  EnterprisePak pak cache file ../../../Enterprise/DerivedDataCache/Compressed.ddp not found, will not use a pak cache.
[2022.04.17-22.24.54:307][  0]LogDerivedDataCache: Unable to find inner node EnterprisePak for hierarchical cache Hierarchy.
[2022.04.17-22.24.54:308][  0]LogDerivedDataCache: Using Local data cache path C:/Users/SLATE 15/AppData/Local/UnrealEngine/Common/DerivedDataCache: Writable
[2022.04.17-22.24.54:308][  0]LogDerivedDataCache: Shared data cache path not found in *engine.ini, will not use an Shared cache.
[2022.04.17-22.24.54:308][  0]LogDerivedDataCache: Unable to find inner node Shared for hierarchical cache Hierarchy.
[2022.04.17-22.24.54:397][  0]LogSlate: Using FreeType 2.10.0
[2022.04.17-22.24.54:400][  0]LogSlate: SlateFontServices - WITH_FREETYPE: 1, WITH_HARFBUZZ: 1
[2022.04.17-22.24.54:457][  0]LogAssetRegistry: FAssetRegistry took 0.0088 seconds to start up
[2022.04.17-22.24.55:137][  0]LogInit: Selected Device Profile: [Windows]
[2022.04.17-22.24.55:415][  0]LogMeshReduction: Using QuadricMeshReduction for automatic static mesh reduction
[2022.04.17-22.24.55:415][  0]LogMeshReduction: Using SimplygonMeshReduction for automatic skeletal mesh reduction
[2022.04.17-22.24.55:415][  0]LogMeshReduction: Using ProxyLODMeshReduction for automatic mesh merging
[2022.04.17-22.24.55:415][  0]LogMeshReduction: No distributed automatic mesh merging module available
[2022.04.17-22.24.55:415][  0]LogMeshMerging: No distributed automatic mesh merging module available
[2022.04.17-22.24.55:479][  0]LogNetVersion: PrototypeV2 1.0.0, NetCL: 13144385, EngineNetVer: 14, GameNetVer: 0 (Checksum: 1038975548)
[2022.04.17-22.24.56:577][  0]LogAISub: UAISubsystem::UAISubsystem AISubsystem (000001537CA4D800), frame # 0
[2022.04.17-22.24.56:578][  0]LogAISub: UAISubsystem::UAISubsystem AIPerceptionSystem (000001537C96EAC0), frame # 0
[2022.04.17-22.24.56:584][  0]LogAISub: UAISubsystem::UAISubsystem EnvQueryManager (000001537CABEA00), frame # 0
[2022.04.17-22.24.56:671][  0]LogPackageLocalizationCache: Processed 19 localized package path(s) for 1 prioritized culture(s) in 0.045945 seconds
[2022.04.17-22.24.56:677][  0]LogUObjectArray: 15917 objects as part of root set at end of initial load.
[2022.04.17-22.24.56:677][  0]LogUObjectAllocator: 3965568 out of 0 bytes used by permanent object pool.
[2022.04.17-22.24.56:677][  0]LogUObjectArray: CloseDisregardForGC: 0/0 objects in disregard for GC pool
[2022.04.17-22.24.57:736][  0]LogTcpMessaging: Initializing TcpMessaging bridge
[2022.04.17-22.24.57:746][  0]LogUdpMessaging: Initializing bridge on interface 0.0.0.0:0 to multicast group 230.0.0.1:6666.
[2022.04.17-22.24.57:959][  0]SourceControl: Source control is disabled
[2022.04.17-22.24.57:960][  0]SourceControl: Source control is disabled
[2022.04.17-22.24.57:975][  0]SourceControl: Source control is disabled
[2022.04.17-22.24.57:982][  0]SourceControl: Source control is disabled
[2022.04.17-22.24.58:001][  0]SourceControl: Source control is disabled
[2022.04.17-22.24.58:884][  0]LogAndroidPermission: UAndroidPermissionCallbackProxy::GetInstance
[2022.04.17-22.24.58:933][  0]LogAudioCaptureCore: Display: No Audio Capture implementations found. Audio input will be silent.
[2022.04.17-22.24.58:934][  0]LogAudioCaptureCore: Display: No Audio Capture implementations found. Audio input will be silent.
[2022.04.17-22.24.59:019][  0]LogOcInput: OculusInput pre-init called
[2022.04.17-22.24.59:063][  0]LogWindows: Failed to load 'OVRPlugin.dll' (GetLastError=126)
[2022.04.17-22.24.59:063][  0]LogWindows: File 'OVRPlugin.dll' does not exist
[2022.04.17-22.24.59:297][  0]LogEngine: Initializing Engine...
[2022.04.17-22.24.59:301][  0]LogHMD: Failed to initialize OpenVR with code 110
[2022.04.17-22.24.59:301][  0]LogMagicLeap: Warning: VR disabled because ZI is not enabled.  To enable, in the editor, Edit -> Project Settings -> Plugins -> Magic Leap Plugin -> Enable Zero Iteration
[2022.04.17-22.24.59:308][  0]LogStats: UGameplayTagsManager::InitializeManager -  0.004 s
[2022.04.17-22.24.59:484][  0]LogInit: Initializing FReadOnlyCVARCache
[2022.04.17-22.24.59:552][  0]LogAIModule: Creating AISystem for world Untitled
[2022.04.17-22.24.59:552][  0]LogAISub: UAISubsystem::UAISubsystem EnvQueryManager (000001530071BC00), frame # 0
[2022.04.17-22.24.59:552][  0]LogAISub: UAISubsystem::UAISubsystem AIPerceptionSystem (0000015300775080), frame # 0
[2022.04.17-22.24.59:572][  0]LogAudioMixer: Display: Audio Mixer Platform Settings:
[2022.04.17-22.24.59:572][  0]LogAudioMixer: Display: 	Sample Rate:						  48000
[2022.04.17-22.24.59:572][  0]LogAudioMixer: Display: 	Callback Buffer Frame Size Requested: 1024
[2022.04.17-22.24.59:572][  0]LogAudioMixer: Display: 	Callback Buffer Frame Size To Use:	  1024
[2022.04.17-22.24.59:572][  0]LogAudioMixer: Display: 	Number of buffers to queue:			  2
[2022.04.17-22.24.59:572][  0]LogAudioMixer: Display: 	Max Channels (voices):				  32
[2022.04.17-22.24.59:572][  0]LogAudioMixer: Display: 	Number of Async Source Workers:		  0
[2022.04.17-22.24.59:572][  0]LogAudio: Display: AudioDevice MaxSources: 32
[2022.04.17-22.24.59:574][  0]LogAudio: Display: Using built-in audio occlusion.
[2022.04.17-22.24.59:574][  0]LogAudioMixer: Display: Initializing audio mixer.
[2022.04.17-22.24.59:608][  0]LogAudioMixer: Display: 0: FrontLeft
[2022.04.17-22.24.59:608][  0]LogAudioMixer: Display: 1: FrontRight
[2022.04.17-22.24.59:648][  0]LogAudioMixer: Display: Using Audio Device Headphones (Elgato Wave:1)
[2022.04.17-22.24.59:651][  0]LogAudioMixer: Display: Initializing Sound Submixes...
[2022.04.17-22.24.59:655][  0]LogAudioMixer: Display: Creating Master Submix 'MasterSubmixDefault'
[2022.04.17-22.24.59:655][  0]LogAudioMixer: Display: Creating Master Submix 'MasterReverbSubmixDefault'
[2022.04.17-22.24.59:658][  0]LogAudioMixer: Display: Creating Master Submix 'MasterEQSubmixDefault'
[2022.04.17-22.24.59:660][  0]LogInit: FAudioDevice initialized.
[2022.04.17-22.24.59:661][  0]LogNetVersion: Set ProjectVersion to 1.0.0.0. Version Checksum will be recalculated on next use.
[2022.04.17-22.24.59:710][  0]LogDerivedDataCache: Saved boot cache 0.05s 75MB C:/Users/SLATE 15/AppData/Local/UnrealEngine/4.25/DerivedDataCache/Boot.ddc.
[2022.04.17-22.24.59:711][  0]LogInit: Texture streaming: Enabled
[2022.04.17-22.24.59:752][  0]LogEngineSessionManager: EngineSessionManager initialized
[2022.04.17-22.24.59:752][  0]LogEditorSessionSummary: Verbose: Initializing EditorSessionSummaryWriter for editor session tracking
[2022.04.17-22.24.59:755][  0]LogEditorSessionSummary: EditorSessionSummaryWriter initialized
[2022.04.17-22.24.59:826][  0]LogInit: Transaction tracking system initialized
[2022.04.17-22.24.59:885][  0]BlueprintLog: New page: Editor Load
[2022.04.17-22.25.00:132][  0]LocalizationService: Localization service is disabled
[2022.04.17-22.25.00:478][  0]LogCook: Display: Max memory allowance for cook 16384mb min free memory 0mb
[2022.04.17-22.25.00:478][  0]LogCook: Display: Mobile HDR setting 1
[2022.04.17-22.25.00:561][  0]LogFileCache: Scanning file cache for directory 'C:/Users/SLATE 15/Documents/GitHub/Hannah-Ashna.github.io/FYP-Prototype/PrototypeV2/Content/' took 0.01s
[2022.04.17-22.25.01:221][  0]SourceControl: Source control is disabled
[2022.04.17-22.25.01:222][  0]LogUnrealEdMisc: Loading editor; pre map load, took 16.088
[2022.04.17-22.25.01:224][  0]LightingResults: New page: Lighting Build
[2022.04.17-22.25.01:230][  0]LogWorld: UWorld::CleanupWorld for Untitled, bSessionEnded=true, bCleanupResources=true
[2022.04.17-22.25.01:231][  0]LogSlate: InvalidateAllWidgets triggered.  All widgets were invalidated
[2022.04.17-22.25.01:233][  0]MapCheck: New page: Map Check
[2022.04.17-22.25.01:233][  0]LightingResults: New page: Lighting Build
[2022.04.17-22.25.01:259][  0]LogAISub: UAISubsystem::~UAISubsystem EnvQueryManager (000001530071BC00), frame # 0
[2022.04.17-22.25.01:259][  0]LogAISub: UAISubsystem::~UAISubsystem AIPerceptionSystem (0000015300775080), frame # 0
[2022.04.17-22.25.01:260][  0]LogUObjectHash: Compacting FUObjectHashTables data took   0.64ms
[2022.04.17-22.25.01:777][  0]LogStaticMesh: Building static mesh Road...
[2022.04.17-22.25.01:786][  0]LogStaticMesh: Built static mesh [0.01s] /Game/Roads/Road.Road
[2022.04.17-22.25.01:895][  0]LogAIModule: Creating AISystem for world VehicleExampleMap
[2022.04.17-22.25.01:895][  0]LogAISub: UAISubsystem::UAISubsystem EnvQueryManager (00000153146B4C00), frame # 0
[2022.04.17-22.25.01:895][  0]LogAISub: UAISubsystem::UAISubsystem AIPerceptionSystem (0000015314647B00), frame # 0
[2022.04.17-22.25.02:033][  0]LogEditorServer: Finished looking for orphan Actors (0.000 secs)
[2022.04.17-22.25.02:063][  0]LogUObjectHash: Compacting FUObjectHashTables data took   0.74ms
[2022.04.17-22.25.02:065][  0]Cmd: MAP CHECKDEP NOCLEARLOG
[2022.04.17-22.25.02:066][  0]MapCheck: Map check complete: 0 Error(s), 0 Warning(s), took 0.427ms to complete.
[2022.04.17-22.25.02:066][  0]LogFileHelpers: Loading map 'VehicleExampleMap' took 0.843
[2022.04.17-22.25.02:170][  0]LogUnrealEdMisc: Total Editor Startup Time, took 17.037
[2022.04.17-22.25.02:426][  0]LogSlate: Updating window title bar state: overlay mode, drag disabled, window buttons hidden, title bar hidden
[2022.04.17-22.25.02:433][  0]LogSlate: Updating window title bar state: overlay mode, drag disabled, window buttons hidden, title bar hidden
[2022.04.17-22.25.02:439][  0]LogSlate: Updating window title bar state: overlay mode, drag disabled, window buttons hidden, title bar hidden
[2022.04.17-22.25.02:445][  0]LogSlate: Updating window title bar state: overlay mode, drag disabled, window buttons hidden, title bar hidden
[2022.04.17-22.25.02:498][  0]LogCollectionManager: Loaded 0 collections in 0.002250 seconds
[2022.04.17-22.25.02:540][  0]LogFileCache: Scanning file cache for directory 'C:/Users/SLATE 15/Documents/GitHub/Hannah-Ashna.github.io/FYP-Prototype/PrototypeV2/Saved/Collections/' took 0.00s
[2022.04.17-22.25.02:540][  0]LogFileCache: Scanning file cache for directory 'C:/Users/SLATE 15/Documents/GitHub/Hannah-Ashna.github.io/FYP-Prototype/PrototypeV2/Content/Developers/SLATE15/Collections/' took 0.00s
[2022.04.17-22.25.02:540][  0]LogFileCache: Scanning file cache for directory 'C:/Users/SLATE 15/Documents/GitHub/Hannah-Ashna.github.io/FYP-Prototype/PrototypeV2/Content/Collections/' took 0.00s
[2022.04.17-22.25.02:540][  0]LogContentBrowser: Native class hierarchy populated in 0.0122 seconds. Added 3429 classes and 824 folders.
[2022.04.17-22.25.02:560][  0]LogContentBrowser: Native class hierarchy updated for 'WidgetCarousel' in 0.0003 seconds. Added 0 classes and 0 folders.
[2022.04.17-22.25.02:782][  0]LogContentBrowser: Native class hierarchy updated for 'AddContentDialog' in 0.0003 seconds. Added 0 classes and 0 folders.
[2022.04.17-22.25.02:791][  0]LogContentBrowser: Native class hierarchy updated for 'SceneOutliner' in 0.0008 seconds. Added 2 classes and 0 folders.
[2022.04.17-22.25.02:903][  0]LogSlate: Took 0.000881 seconds to synchronously load lazily loaded font '../../../Engine/Content/Slate/Fonts/Roboto-Regular.ttf' (155K)
[2022.04.17-22.25.02:920][  0]LogSlate: Took 0.001047 seconds to synchronously load lazily loaded font '../../../Engine/Content/Slate/Fonts/Roboto-Bold.ttf' (160K)
[2022.04.17-22.25.02:924][  0]LogSlate: Took 0.000894 seconds to synchronously load lazily loaded font '../../../Engine/Content/Editor/Slate/Fonts/FontAwesome.ttf' (139K)
[2022.04.17-22.25.03:031][  0]LogRenderer: Reallocating scene render targets to support 1640x688 Format 10 NumSamples 1 (Frame:1).
[2022.04.17-22.25.03:264][  0]LogContentBrowser: Native class hierarchy updated for 'HierarchicalLODOutliner' in 0.0003 seconds. Added 0 classes and 0 folders.
[2022.04.17-22.25.03:264][  0]LogLoad: (Engine Initialization) Total time: 18.13 seconds
[2022.04.17-22.25.03:264][  0]LogLoad: (Engine Initialization) Total Blueprint compile time: 0.00 seconds
[2022.04.17-22.25.03:293][  0]LogRawInputWindows: Warning: Found device 23 devices
[2022.04.17-22.25.03:294][  0]LogRawInputWindows: Warning: Found device 23 devices
[2022.04.17-22.25.03:294][  0]LogRawInputWindows: Warning: Device was registered succesfully but not connected (Usage:4 UsagePage:1)
[2022.04.17-22.25.03:294][  0]LogRawInputWindows: Warning: Found device 23 devices
[2022.04.17-22.25.03:294][  0]LogRawInputWindows: Warning: Device was registered succesfully but not connected (Usage:5 UsagePage:1)
[2022.04.17-22.25.03:350][  0]LogAssetRegistry: Asset discovery search completed in 8.8964 seconds
[2022.04.17-22.25.03:354][  0]LogCollectionManager: Fixed up redirectors for 0 collections in 0.000003 seconds (updated 0 objects)
[2022.04.17-22.25.03:387][  0]LogContentStreaming: Texture pool size now 1000 MB
[2022.04.17-22.25.03:422][  0]LogSlate: Took 0.000671 seconds to synchronously load lazily loaded font '../../../Engine/Content/Slate/Fonts/Roboto-Light.ttf' (167K)
[2022.04.17-22.25.16:905][438]LogUObjectHash: Compacting FUObjectHashTables data took   1.40ms
[2022.04.17-22.25.20:423][438]LogSlate: Window 'Delete Assets' being destroyed
[2022.04.17-22.25.20:581][438]LogUObjectGlobals: Force Deleting 1 Package(s):
	Asset Name: /Game/Textures/CrossRoad-UVTemplate.CrossRoad-UVTemplate
[2022.04.17-22.25.20:600][438]LogSlate: Took 0.000204 seconds to synchronously load lazily loaded font '../../../Engine/Content/Slate/Fonts/Roboto-Light.ttf' (167K)
[2022.04.17-22.25.22:656][438]LogUObjectHash: Compacting FUObjectHashTables data took   0.60ms
[2022.04.17-22.25.22:669][438]LogUObjectHash: Compacting FUObjectHashTables data took   0.62ms
[2022.04.17-22.25.22:681][438]LogUObjectHash: Compacting FUObjectHashTables data took   0.30ms
[2022.04.17-22.25.35:064][ 71]LogUObjectHash: Compacting FUObjectHashTables data took   0.61ms
[2022.04.17-22.25.36:951][ 71]LogSlate: Window 'Delete Assets' being destroyed
[2022.04.17-22.25.37:064][ 71]LogUObjectGlobals: Force Deleting 1 Package(s):
	Asset Name: /Game/Textures/Road-TxtMap.Road-TxtMap
[2022.04.17-22.25.37:315][ 71]LogUObjectHash: Compacting FUObjectHashTables data took   0.28ms
[2022.04.17-22.25.37:329][ 71]LogUObjectHash: Compacting FUObjectHashTables data took   0.27ms
[2022.04.17-22.25.37:341][ 71]LogUObjectHash: Compacting FUObjectHashTables data took   0.26ms
[2022.04.17-22.25.39:301][165]LogFactory: FactoryCreateFile: Texture with ReimportTextureFactory (0 0 C:\Users\SLATE 15\Documents\GitHub\Hannah-Ashna.github.io\FYP-Prototype\Textures\Road-TXTMap.png)
[2022.04.17-22.25.39:348][165]LogTexture: Display: Building textures: Road-TXTMap (AutoDXT, 1024X1024)
[2022.04.17-22.25.45:968][517]LogMaterial: Display: Missing cached shader map for material RoadMaterial, compiling. 
[2022.04.17-22.25.46:060][517]LogShaderCompilers: Display: Worker (1/9): shaders left to compile 24
[2022.04.17-22.25.46:060][517]LogShaderCompilers: Display: Worker (2/9): shaders left to compile 20
[2022.04.17-22.25.46:060][517]LogShaderCompilers: Display: Worker (3/9): shaders left to compile 16
[2022.04.17-22.25.46:060][517]LogShaderCompilers: Display: Worker (4/9): shaders left to compile 12
[2022.04.17-22.25.46:060][517]LogShaderCompilers: Display: Worker (5/9): shaders left to compile 8
[2022.04.17-22.25.46:060][517]LogShaderCompilers: Display: Worker (6/9): shaders left to compile 4
[2022.04.17-22.25.46:073][517]LogAssetEditorSubsystem: Opening Asset editor for Material /Game/Roads/Materials/RoadMaterial.RoadMaterial
[2022.04.17-22.25.46:075][517]LogMaterial: Display: Missing cached shader map for material RoadMaterial, compiling. 
[2022.04.17-22.25.46:670][517]LogMaterial: Display: Missing cached shader map for material RoadMaterial, compiling. 
[2022.04.17-22.25.46:690][517]LogShaderCompilers: Display: Worker (7/9): shaders left to compile 11
[2022.04.17-22.25.46:690][517]LogShaderCompilers: Display: Worker (8/9): shaders left to compile 10
[2022.04.17-22.25.46:691][517]LogMaterial: Display: Missing cached shader map for material RoadMaterial, compiling. 
[2022.04.17-22.25.46:726][517]LogMaterial: Display: Missing cached shader map for material FMatExpressionPreview MaterialExpressionTextureSample_0, compiling. 
[2022.04.17-22.25.46:877][517]LogSlate: Took 0.012112 seconds to synchronously load lazily loaded font '../../../Engine/Content/Slate/Fonts/Roboto-BoldCondensed.ttf' (158K)
[2022.04.17-22.25.49:784][601]LogShaderCompilers: Display: Worker (7/9): shaders left to compile 15
[2022.04.17-22.25.50:648][610]LogShaderCompilers: Display: Worker (5/9): shaders left to compile 14
[2022.04.17-22.25.50:889][617]LogShaderCompilers: Display: Worker (8/9): shaders left to compile 13
[2022.04.17-22.25.51:132][625]LogShaderCompilers: Display: Worker (6/9): shaders left to compile 12
[2022.04.17-22.25.51:306][630]LogShaderCompilers: Display: Worker (7/9): shaders left to compile 11
[2022.04.17-22.25.51:711][640]LogShaderCompilers: Display: Worker (1/9): shaders left to compile 10
[2022.04.17-22.25.52:077][648]LogShaderCompilers: Display: Worker (2/9): shaders left to compile 9
[2022.04.17-22.25.52:120][649]LogShaderCompilers: Display: Worker (6/9): shaders left to compile 8
[2022.04.17-22.25.52:262][652]LogShaderCompilers: Display: Worker (4/9): shaders left to compile 7
[2022.04.17-22.25.52:262][652]LogShaderCompilers: Display: Worker (5/9): shaders left to compile 6
[2022.04.17-22.25.52:342][654]LogShaderCompilers: Display: Worker (8/9): shaders left to compile 5
[2022.04.17-22.25.52:426][655]LogShaderCompilers: Display: Worker (3/9): shaders left to compile 4
[2022.04.17-22.25.52:822][661]LogShaderCompilers: Display: Worker (7/9): shaders left to compile 3
[2022.04.17-22.25.52:957][664]LogShaderCompilers: Display: Worker (1/9): shaders left to compile 2
[2022.04.17-22.25.52:957][664]LogShaderCompilers: Display: Worker (6/9): shaders left to compile 1
[2022.04.17-22.25.53:742][680]MaterialEditorStats: Base pass shader: 113 instructions
[2022.04.17-22.25.53:742][680]MaterialEditorStats: Base pass shader with Surface Lightmap: 134 instructions
[2022.04.17-22.25.53:742][680]MaterialEditorStats: Base pass shader with Volumetric Lightmap: 181 instructions
[2022.04.17-22.25.53:742][680]MaterialEditorStats: Base pass vertex shader: 44 instructions
[2022.04.17-22.25.53:742][680]MaterialEditorStats: Texture samplers: 3/16
[2022.04.17-22.25.53:742][680]MaterialEditorStats: Texture Lookups (Est.): VS(0), PS(1)
[2022.04.17-22.25.53:742][680]MaterialEditorStats: User interpolators: 2/4 Scalars (1/4 Vectors) (TexCoords: 2, Custom: 0)
[2022.04.17-22.25.56:982][865]LogMaterialEditor: Saving and Compiling material RoadMaterial
[2022.04.17-22.25.57:090][865]LogSavePackage: Moving '../../../../../../Users/SLATE 15/Documents/GitHub/Hannah-Ashna.github.io/FYP-Prototype/PrototypeV2/Saved/RoadMaterialAECA934D436025AFE9EFF59EDE80F2AF.tmp' to '../../../../../../Users/SLATE 15/Documents/GitHub/Hannah-Ashna.github.io/FYP-Prototype/PrototypeV2/Content/Roads/Materials/RoadMaterial.uasset'
[2022.04.17-22.25.57:108][865]AssetCheck: New page: Asset Save: RoadMaterial
[2022.04.17-22.25.57:108][865]LogContentValidation: Display: Validating Material /Game/Roads/Materials/RoadMaterial.RoadMaterial
[2022.04.17-22.26.01:024][ 87]LogSlate: Window 'RoadMaterial' being destroyed
[2022.04.17-22.26.06:509][396]LogAssetEditorSubsystem: Opening Asset editor for Blueprint /Game/Roads/RoadActor.RoadActor
[2022.04.17-22.26.06:741][396]LogContentBrowser: Native class hierarchy updated for 'BlueprintGraph' in 0.0005 seconds. Added 125 classes and 0 folders.
[2022.04.17-22.26.11:168][592]LogRenderer: Reallocating scene render targets to support 1640x708 Format 10 NumSamples 1 (Frame:1).
[2022.04.17-22.26.28:366][575]Cmd: OBJ SAVEPACKAGE PACKAGE="/Game/Roads/RoadActor" FILE="../../../../../../Users/SLATE 15/Documents/GitHub/Hannah-Ashna.github.io/FYP-Prototype/PrototypeV2/Content/Roads/RoadActor.uasset" SILENT=true
[2022.04.17-22.26.28:395][575]LogSavePackage: Moving '../../../../../../Users/SLATE 15/Documents/GitHub/Hannah-Ashna.github.io/FYP-Prototype/PrototypeV2/Saved/RoadActorB80157ED40AE345D849FA1AC6367B1E1.tmp' to '../../../../../../Users/SLATE 15/Documents/GitHub/Hannah-Ashna.github.io/FYP-Prototype/PrototypeV2/Content/Roads/RoadActor.uasset'
[2022.04.17-22.26.28:409][575]AssetCheck: New page: Asset Save: RoadActor
[2022.04.17-22.26.28:409][575]LogContentValidation: Display: Validating Blueprint /Game/Roads/RoadActor.RoadActor
[2022.04.17-22.26.59:496][942]LogEditorFactories: Performing atomic reimport of [C:/Users/SLATE 15/Documents/GitHub/Hannah-Ashna.github.io/FYP-Prototype/3D Models/Exports/Road.fbx]
[2022.04.17-22.26.59:545][942]LogFbx: Loading FBX Scene from C:/Users/SLATE 15/Documents/GitHub/Hannah-Ashna.github.io/FYP-Prototype/3D Models/Exports/Road.fbx
[2022.04.17-22.26.59:559][942]LogFbx: FBX Scene Loaded Succesfully
[2022.04.17-22.26.59:572][942]LogStaticMesh: Building static mesh Road...
[2022.04.17-22.26.59:594][942]LogStaticMesh: Built static mesh [0.02s] /Engine/Transient.Road
[2022.04.17-22.26.59:603][942]LogFbx: Display: Triangulating static mesh Plane007
[2022.04.17-22.26.59:641][942]LogStaticMesh: Building static mesh Road...
[2022.04.17-22.26.59:645][942]LogStaticMesh: Built static mesh [0.00s] /Game/Roads/Road.Road
[2022.04.17-22.26.59:659][942]LogEditorFactories: -- imported successfully
[2022.04.17-22.26.59:662][942]FBXImport: Warning: No smoothing group information was found in this FBX scene.  Please make sure to enable the 'Export Smoothing Groups' option in the FBX Exporter plug-in before exporting the file.  Even for tools that don't support smoothing groups, the FBX Exporter will generate appropriate smoothing data at export-time so that correct vertex normals can be inferred while importing. 
[2022.04.17-22.27.27:786][541]MapCheck: New page: Map Check
[2022.04.17-22.27.27:807][541]Cmd: MAP REBUILD ALLVISIBLE
[2022.04.17-22.27.27:808][541]LogEditorServer: Rebuildmap Clear paths rebuilt
[2022.04.17-22.27.27:819][541]LogWorld: UWorld::CleanupWorld for VehicleExampleMap, bSessionEnded=true, bCleanupResources=false
[2022.04.17-22.27.27:925][541]LogNavigationDataBuild: Display: UNavigationSystemV1::Build started...
[2022.04.17-22.27.27:925][541]LogNavigationDataBuild: Display:    Building navigation data using PHYSICS_INTERFACE_PHYSX.
[2022.04.17-22.27.27:925][541]LogNavigationDataBuild: Display:    Building navigation data using WITH_PHYSX.
[2022.04.17-22.27.27:994][541]LogUObjectHash: Compacting FUObjectHashTables data took   4.91ms
[2022.04.17-22.27.28:009][541]LogMaterial: Display: Missing cached shader map for material DebugViewMode MaterialTexCoordScale, compiling. 
[2022.04.17-22.27.28:015][541]LogMaterial: Display: Missing cached shader map for material DebugViewMode MaterialTexCoordScale, compiling. 
[2022.04.17-22.27.28:017][541]LogMaterial: Display: Missing cached shader map for material DebugViewMode MaterialTexCoordScale, compiling. 
[2022.04.17-22.27.28:019][541]LogMaterial: Display: Missing cached shader map for material DebugViewMode MaterialTexCoordScale, compiling. 
[2022.04.17-22.27.28:021][541]LogShaderCompilers: Display: Worker (1/9): shaders left to compile 6
[2022.04.17-22.27.28:021][541]LogShaderCompilers: Display: Worker (2/9): shaders left to compile 5
[2022.04.17-22.27.28:021][541]LogShaderCompilers: Display: Worker (3/9): shaders left to compile 4
[2022.04.17-22.27.28:021][541]LogShaderCompilers: Display: Worker (4/9): shaders left to compile 3
[2022.04.17-22.27.28:021][541]LogShaderCompilers: Display: Worker (5/9): shaders left to compile 2
[2022.04.17-22.27.28:021][541]LogShaderCompilers: Display: Worker (6/9): shaders left to compile 1
[2022.04.17-22.27.28:021][541]LogMaterial: Display: Missing cached shader map for material DebugViewMode MaterialTexCoordScale, compiling. 
[2022.04.17-22.27.28:023][541]LogMaterial: Display: Missing cached shader map for material DebugViewMode MaterialTexCoordScale, compiling. 
[2022.04.17-22.27.29:448][541]LogShaderCompilers: Display: Worker (7/9): shaders left to compile 6
[2022.04.17-22.27.29:448][541]LogShaderCompilers: Display: Worker (8/9): shaders left to compile 5
[2022.04.17-22.27.29:448][541]LogShaderCompilers: Display: Worker (3/9): shaders left to compile 4
[2022.04.17-22.27.29:448][541]LogShaderCompilers: Display: Worker (5/9): shaders left to compile 3
[2022.04.17-22.27.29:448][541]LogShaderCompilers: Display: Worker (7/9): shaders left to compile 2
[2022.04.17-22.27.29:448][541]LogShaderCompilers: Display: Worker (6/9): shaders left to compile 1
[2022.04.17-22.27.29:448][541]TextureStreamingBuild: Display: Compiling optional shaders took 1.451 seconds.
[2022.04.17-22.27.29:455][541]LogLevel: Display: Export Material TexCoord Scales took 0.007 seconds.
[2022.04.17-22.27.29:459][541]TextureStreamingBuild: Display: Build Texture Streaming took 0.003 seconds.
[2022.04.17-22.27.29:491][541]LogUObjectHash: Compacting FUObjectHashTables data took   2.86ms
[2022.04.17-22.27.29:502][541]LightingResults: New page: Lighting Build - 18 Apr 2022, 00:27:29
[2022.04.17-22.27.29:573][541]LogSwarmInterface: [OpenConnection] Registering TCP channel ...
[2022.04.17-22.27.29:663][541]LogSwarmInterface: [OpenConnection] Connecting to agent ...
[2022.04.17-22.27.29:683][541]LogSwarmInterface: [TryOpenConnection] Testing the Agent
[2022.04.17-22.27.31:277][541]LogSwarmInterface: [TryOpenConnection] Opening Connection to Agent
[2022.04.17-22.27.31:278][541]LogSwarmInterface: [TryOpenConnection] Local Process ID is 18516
[2022.04.17-22.27.38:142][541]LogStaticLightingSystem: Running Lightmass w/ ImmediateImport mode ENABLED
[2022.04.17-22.27.38:142][541]LogStaticLightingSystem: Running Lightmass w/ ImmediateProcess mode ENABLED
[2022.04.17-22.27.38:142][541]LogStaticLightingSystem: Running Lightmass w/ Sorting mode ENABLED
[2022.04.17-22.27.38:142][541]LogStaticLightingSystem: Running Lightmass w/ Mapping paddings ENABLED
[2022.04.17-22.27.38:142][541]LogStaticLightingSystem: Running Lightmass w/ Mapping debug paddings DISABLED
[2022.04.17-22.27.38:335][541]Cmd: MAP CHECK DONTDISPLAYDIALOG
[2022.04.17-22.27.38:335][541]MapCheck: New page: VehicleExampleMap - 18 Apr 2022, 00:27:38
[2022.04.17-22.27.38:371][541]MapCheck: Warning: TJuncRoadActor2 Large actor receives a pre-shadow and will cause an extreme performance hit unless bCastDynamicShadow is set to false. 
[2022.04.17-22.27.38:371][541]MapCheck: Warning: TJuncRoadActor_2 Large actor receives a pre-shadow and will cause an extreme performance hit unless bCastDynamicShadow is set to false. 
[2022.04.17-22.27.38:372][541]MapCheck: Warning: TJuncRoadActor4 Large actor receives a pre-shadow and will cause an extreme performance hit unless bCastDynamicShadow is set to false. 
[2022.04.17-22.27.38:372][541]MapCheck: Warning: TJuncRoadActor3_2 Large actor receives a pre-shadow and will cause an extreme performance hit unless bCastDynamicShadow is set to false. 
[2022.04.17-22.27.38:372][541]MapCheck: Map check complete: 0 Error(s), 4 Warning(s), took 36.207ms to complete.
[2022.04.17-22.27.38:373][541]LogEditorBuildUtils: Build time 0:10
[2022.04.17-22.27.38:556][541]LogSlate: Took 0.009586 seconds to synchronously load lazily loaded font '../../../Engine/Content/Slate/Fonts/DroidSansMono.ttf' (77K)
[2022.04.17-22.27.38:838][544]LogUObjectHash: Compacting FUObjectHashTables data took   0.69ms
[2022.04.17-22.27.46:202][878]LogSlate: Window 'Message Log' being destroyed
[2022.04.17-22.27.46:215][878]LogSlate: Window 'Message Log' being destroyed
[2022.04.17-22.27.58:387][457]Job is a success!
[2022.04.17-22.27.58:745][458]LogVolumetricLightmapImport: Imported Volumetric Lightmap in 0.183s
[2022.04.17-22.27.58:745][458]LogVolumetricLightmapImport:      Indirection Texture 32x48x16 = 0.1Mb
[2022.04.17-22.27.58:745][458]LogVolumetricLightmapImport:      BrickData (all levels) 5.0Mb (trimmed 0.0Mb due to 0.010000 MinBrickError)
[2022.04.17-22.27.58:745][458]LogVolumetricLightmapImport:      Bricks at depth
[2022.04.17-22.27.58:745][458]LogVolumetricLightmapImport:          0: 0.8% covering 100.0% of volume
[2022.04.17-22.27.58:745][458]LogVolumetricLightmapImport:          1: 5.7% covering 11.7% of volume
[2022.04.17-22.27.58:745][458]LogVolumetricLightmapImport:          2: 93.6% covering 3.0% of volume
[2022.04.17-22.27.58:745][458]LogVolumetricLightmapImport:      Bricks in each level
[2022.04.17-22.27.58:745][458]LogVolumetricLightmapImport:          VehicleExampleMap 			 795 bricks 	 100.0% (Persistent Level)
[2022.04.17-22.28.00:254][458]LogTexture: Display: Building textures: SkyOcclusion1_1 (AutoDXT, 2048X1024)
[2022.04.17-22.28.00:254][458]LogTexture: Display: Building textures: HQ_Lightmap1_1 (AutoDXT, 2048X2048)
[2022.04.17-22.28.00:254][458]LogTexture: Display: Building textures: SkyOcclusion1_2 (AutoDXT, 512X256)
[2022.04.17-22.28.00:254][458]LogTexture: Display: Building textures: LQ_Lightmap_1_1 (DXT1, 2048X2048)
[2022.04.17-22.28.00:254][458]LogTexture: Display: Building textures: HQ_Lightmap1_2 (AutoDXT, 512X512)
[2022.04.17-22.28.00:254][458]LogTexture: Display: Building textures: LQ_Lightmap_1_2 (DXT1, 512X512)
[2022.04.17-22.28.00:255][458]LogTexture: Display: Building textures: SkyOcclusion1_3 (AutoDXT, 512X256)
[2022.04.17-22.28.00:255][458]LogTexture: Display: Building textures: HQ_Lightmap1_3 (AutoDXT, 512X512)
[2022.04.17-22.28.00:255][458]LogTexture: Display: Building textures: LQ_Lightmap_1_3 (DXT1, 512X512)
[2022.04.17-22.28.00:255][458]LogTexture: Display: Building textures: SkyOcclusion1_4 (AutoDXT, 512X256)
[2022.04.17-22.28.00:255][458]LogTexture: Display: Building textures: HQ_Lightmap1_4 (AutoDXT, 512X512)
[2022.04.17-22.28.00:255][458]LogTexture: Display: Building textures: LQ_Lightmap_1_4 (DXT1, 512X512)
[2022.04.17-22.28.00:255][458]LogTexture: Display: Building textures: SkyOcclusion1_5 (AutoDXT, 256X128)
[2022.04.17-22.28.00:255][458]LogTexture: Display: Building textures: HQ_Lightmap1_5 (AutoDXT, 256X256)
[2022.04.17-22.28.00:255][458]LogTexture: Display: Building textures: LQ_Lightmap_1_5 (DXT1, 256X256)
[2022.04.17-22.28.00:255][458]LogTexture: Display: Building textures: SkyOcclusion0_6 (AutoDXT, 64X32)
[2022.04.17-22.28.00:255][458]LogTexture: Display: Building textures: HQ_Lightmap0_6 (AutoDXT, 64X64)
[2022.04.17-22.28.00:255][458]LogTexture: Display: Building textures: LQ_Lightmap_0_6 (DXT1, 64X64)
[2022.04.17-22.28.00:456][458]LogTexture: Display: Building textures: ShadowMapTexture2D_11 (G8, 32X32)
[2022.04.17-22.28.00:456][458]LogTexture: Display: Building textures: ShadowMapTexture2D_10 (G8, 8X1024)
[2022.04.17-22.28.00:456][458]LogTexture: Display: Building textures: ShadowMapTexture2D_9 (G8, 256X128)
[2022.04.17-22.28.00:456][458]LogTexture: Display: Building textures: ShadowMapTexture2D_7 (G8, 1024X128)
[2022.04.17-22.28.00:456][458]LogTexture: Display: Building textures: ShadowMapTexture2D_8 (G8, 1024X128)
[2022.04.17-22.28.00:456][458]LogTexture: Display: Building textures: ShadowMapTexture2D_6 (G8, 512X1024)
[2022.04.17-22.28.00:456][458]Lightmass on NOTAHACKER: 20.6 sec total, 255 ms importing, 36 ms setup, 4.37 sec photons, 15.9 sec processing, 0 ms extra exporting [23/23 mappings]. Threads: 2:55 min total, 31.2 sec processing.
[2022.04.17-22.28.00:458][458]LogStaticLightingSystem: VehicleExampleMap_BuiltData storing lightmap data for 23 meshes in 11 LightmapResourceClusters (2.1 Meshes per cluster).
[2022.04.17-22.28.00:506][458]LogUObjectHash: Compacting FUObjectHashTables data took   3.13ms
[2022.04.17-22.28.00:536][458]LogStaticLightingSystem: Illumination: 31.0 sec (1.16 sec encoding lightmaps, 169 ms encoding shadowmaps)
[2022.04.17-22.28.00:537][458]LogStaticLightingSystem: Lightmap texture memory:  12.8 MB (2.2 MB streaming, 10.7 MB non-streaming), 12 textures
[2022.04.17-22.28.00:537][458]LogStaticLightingSystem: Shadowmap texture memory: 1.1 MB (0.4 MB streaming, 0.7 MB non-streaming), 6 textures
[2022.04.17-22.28.01:166][458]DumpUnbuiltLightIteractions
[2022.04.17-22.28.01:166][458]Lights with unbuilt interactions: 0
[2022.04.17-22.28.01:166][458]
[2022.04.17-22.28.01:166][458]Primitives with unbuilt interactions: 0
[2022.04.17-22.28.01:276][459]Cmd: MAP CHECK NOTIFYRESULTS
[2022.04.17-22.28.01:276][459]MapCheck: New page: VehicleExampleMap - 18 Apr 2022, 00:28:01
[2022.04.17-22.28.01:276][459]MapCheck: Warning: TJuncRoadActor2 Large actor receives a pre-shadow and will cause an extreme performance hit unless bCastDynamicShadow is set to false. 
[2022.04.17-22.28.01:276][459]MapCheck: Warning: TJuncRoadActor_2 Large actor receives a pre-shadow and will cause an extreme performance hit unless bCastDynamicShadow is set to false. 
[2022.04.17-22.28.01:276][459]MapCheck: Warning: TJuncRoadActor4 Large actor receives a pre-shadow and will cause an extreme performance hit unless bCastDynamicShadow is set to false. 
[2022.04.17-22.28.01:276][459]MapCheck: Warning: TJuncRoadActor3_2 Large actor receives a pre-shadow and will cause an extreme performance hit unless bCastDynamicShadow is set to false. 
[2022.04.17-22.28.01:276][459]MapCheck: Map check complete: 0 Error(s), 4 Warning(s), took 0.665ms to complete.
[2022.04.17-22.28.17:936][404]LogSlate: Took 0.011166 seconds to synchronously load lazily loaded font '../../../Engine/Content/Slate/Fonts/Roboto-Italic.ttf' (157K)
[2022.04.17-22.28.35:946][421]LogSlate: Window 'Message Log' being destroyed
[2022.04.17-22.28.35:954][421]LogSlate: Window 'Message Log' being destroyed
[2022.04.17-22.28.38:266][548]LogAssetEditorSubsystem: Opening Asset editor for Blueprint /Game/Roads/TJuncRoadActor.TJuncRoadActor
[2022.04.17-22.28.57:809][655]BlueprintLog: New page: Compile TJuncRoadActor
[2022.04.17-22.28.57:925][655]LogUObjectHash: Compacting FUObjectHashTables data took   4.06ms
[2022.04.17-22.28.58:559][679]LogSavePackage: Moving '../../../../../../Users/SLATE 15/Documents/GitHub/Hannah-Ashna.github.io/FYP-Prototype/PrototypeV2/Saved/TJuncRoadActorDF094B3C43D04099DE76DD9E8C95CDD0.tmp' to '../../../../../../Users/SLATE 15/Documents/GitHub/Hannah-Ashna.github.io/FYP-Prototype/PrototypeV2/Content/Roads/TJuncRoadActor.uasset'
[2022.04.17-22.28.58:576][679]AssetCheck: New page: Asset Save: TJuncRoadActor
[2022.04.17-22.28.58:576][679]LogContentValidation: Display: Validating Blueprint /Game/Roads/TJuncRoadActor.TJuncRoadActor
[2022.04.17-22.29.06:522][135]LogWorld: UWorld::CleanupWorld for World_8, bSessionEnded=true, bCleanupResources=true
[2022.04.17-22.29.06:522][135]LogSlate: InvalidateAllWidgets triggered.  All widgets were invalidated
[2022.04.17-22.29.14:505][600]BlueprintLog: New page: Compile RoadActor
[2022.04.17-22.29.14:593][600]LogUObjectHash: Compacting FUObjectHashTables data took   5.22ms
[2022.04.17-22.29.15:068][620]Cmd: OBJ SAVEPACKAGE PACKAGE="/Game/Roads/RoadActor" FILE="../../../../../../Users/SLATE 15/Documents/GitHub/Hannah-Ashna.github.io/FYP-Prototype/PrototypeV2/Content/Roads/RoadActor.uasset" SILENT=true
[2022.04.17-22.29.15:094][620]LogSavePackage: Moving '../../../../../../Users/SLATE 15/Documents/GitHub/Hannah-Ashna.github.io/FYP-Prototype/PrototypeV2/Saved/RoadActorCA6CB0FE4CE65E95C3DE9D9ABAFEB7C6.tmp' to '../../../../../../Users/SLATE 15/Documents/GitHub/Hannah-Ashna.github.io/FYP-Prototype/PrototypeV2/Content/Roads/RoadActor.uasset'
[2022.04.17-22.29.15:124][620]AssetCheck: New page: Asset Save: RoadActor
[2022.04.17-22.29.15:124][620]LogContentValidation: Display: Validating Blueprint /Game/Roads/RoadActor.RoadActor
[2022.04.17-22.29.28:656][417]LogAssetEditorSubsystem: Opening Asset editor for StaticMesh /Game/Roads/CurveRoad.CurveRoad
[2022.04.17-22.29.28:925][417]LogWorld: UWorld::CleanupWorld for World_9, bSessionEnded=true, bCleanupResources=true
[2022.04.17-22.29.28:925][417]LogSlate: InvalidateAllWidgets triggered.  All widgets were invalidated
[2022.04.17-22.29.29:478][418]LogRenderer: Reallocating scene render targets to support 1640x920 Format 10 NumSamples 1 (Frame:1).
[2022.04.17-22.29.30:534][477]LogWorld: UWorld::CleanupWorld for World_10, bSessionEnded=true, bCleanupResources=true
[2022.04.17-22.29.30:535][477]LogSlate: InvalidateAllWidgets triggered.  All widgets were invalidated
[2022.04.17-22.29.32:493][579]LogAssetEditorSubsystem: Opening Asset editor for Blueprint /Game/Roads/CurveRoadActor.CurveRoadActor
[2022.04.17-22.29.34:677][666]LogAssetEditorSubsystem: Opening Asset editor for Blueprint /Game/Roads/CrossRoadActorFinal.CrossRoadActorFinal
[2022.04.17-22.29.44:336][186]BlueprintLog: New page: Compile CrossRoadActorFinal
[2022.04.17-22.29.44:504][186]LogUObjectHash: Compacting FUObjectHashTables data took   4.59ms
[2022.04.17-22.29.45:137][206]LogSavePackage: Moving '../../../../../../Users/SLATE 15/Documents/GitHub/Hannah-Ashna.github.io/FYP-Prototype/PrototypeV2/Saved/CrossRoadActorFinalAF41F7E14B66F4521823DB82864C3062.tmp' to '../../../../../../Users/SLATE 15/Documents/GitHub/Hannah-Ashna.github.io/FYP-Prototype/PrototypeV2/Content/Roads/CrossRoadActorFinal.uasset'
[2022.04.17-22.29.45:162][206]AssetCheck: New page: Asset Save: CrossRoadActorFinal
[2022.04.17-22.29.45:162][206]LogContentValidation: Display: Validating Blueprint /Game/Roads/CrossRoadActorFinal.CrossRoadActorFinal
[2022.04.17-22.29.52:391][611]BlueprintLog: New page: Compile CurveRoadActor
[2022.04.17-22.29.52:503][611]LogUObjectHash: Compacting FUObjectHashTables data took   6.47ms
[2022.04.17-22.29.53:139][639]LogSavePackage: Moving '../../../../../../Users/SLATE 15/Documents/GitHub/Hannah-Ashna.github.io/FYP-Prototype/PrototypeV2/Saved/CurveRoadActor4E6C6E9740A7CEF16438BFBA653C83FF.tmp' to '../../../../../../Users/SLATE 15/Documents/GitHub/Hannah-Ashna.github.io/FYP-Prototype/PrototypeV2/Content/Roads/CurveRoadActor.uasset'
[2022.04.17-22.29.53:155][639]AssetCheck: New page: Asset Save: CurveRoadActor
[2022.04.17-22.29.53:155][639]LogContentValidation: Display: Validating Blueprint /Game/Roads/CurveRoadActor.CurveRoadActor
[2022.04.17-22.29.54:673][718]LogWorld: UWorld::CleanupWorld for World_11, bSessionEnded=true, bCleanupResources=true
[2022.04.17-22.29.54:673][718]LogSlate: InvalidateAllWidgets triggered.  All widgets were invalidated
[2022.04.17-22.29.55:210][744]LogActorComponent: UnregisterComponent: (/Engine/Transient.EditorFloorComp) Not registered. Aborting.
[2022.04.17-22.29.55:210][744]LogWorld: UWorld::CleanupWorld for World_12, bSessionEnded=true, bCleanupResources=true
[2022.04.17-22.29.55:210][744]LogSlate: InvalidateAllWidgets triggered.  All widgets were invalidated
[2022.04.17-22.29.56:007][789]LogActorComponent: UnregisterComponent: (/Engine/Transient.EditorFloorComp) Not registered. Aborting.
[2022.04.17-22.29.56:007][789]LogWorld: UWorld::CleanupWorld for World_7, bSessionEnded=true, bCleanupResources=true
[2022.04.17-22.29.56:007][789]LogSlate: InvalidateAllWidgets triggered.  All widgets were invalidated
[2022.04.17-22.29.57:121][850]LogWorld: UWorld::CleanupWorld for World_5, bSessionEnded=true, bCleanupResources=true
[2022.04.17-22.29.57:121][850]LogSlate: InvalidateAllWidgets triggered.  All widgets were invalidated
[2022.04.17-22.30.09:564][554]LogUObjectHash: Compacting FUObjectHashTables data took   4.50ms
[2022.04.17-22.30.09:685][554]LogSavePackage: Moving '../../../../../../Users/SLATE 15/Documents/GitHub/Hannah-Ashna.github.io/FYP-Prototype/PrototypeV2/Saved/VehicleExampleMap12512EFA46DAAC45F5FD40B056E758FF.tmp' to '../../../../../../Users/SLATE 15/Documents/GitHub/Hannah-Ashna.github.io/FYP-Prototype/PrototypeV2/Content/VehicleBP/Maps/VehicleExampleMap.umap'
[2022.04.17-22.30.10:003][554]LogSavePackage: Moving '../../../../../../Users/SLATE 15/Documents/GitHub/Hannah-Ashna.github.io/FYP-Prototype/PrototypeV2/Saved/VehicleExampleMap_BuiltDataCCE8542543795E3404B6B8A8E97F5C81.tmp' to '../../../../../../Users/SLATE 15/Documents/GitHub/Hannah-Ashna.github.io/FYP-Prototype/PrototypeV2/Content/VehicleBP/Maps/VehicleExampleMap_BuiltData.uasset'
[2022.04.17-22.30.10:032][554]AssetCheck: New page: Asset Save: multiple assets
[2022.04.17-22.30.10:032][554]LogContentValidation: Display: Validating World /Game/VehicleBP/Maps/VehicleExampleMap.VehicleExampleMap
[2022.04.17-22.30.10:032][554]LogContentValidation: Display: Validating MapBuildDataRegistry /Game/VehicleBP/Maps/VehicleExampleMap_BuiltData.VehicleExampleMap_BuiltData
[2022.04.17-22.30.10:510][581]LogAssetEditorSubsystem: Opening Asset editor for StaticMesh /Game/Roads/Road.Road
[2022.04.17-22.30.10:658][581]LogWorld: UWorld::CleanupWorld for World_13, bSessionEnded=true, bCleanupResources=true
[2022.04.17-22.30.10:658][581]LogSlate: InvalidateAllWidgets triggered.  All widgets were invalidated
[2022.04.17-22.30.25:108][393]Cmd: OBJ SAVEPACKAGE PACKAGE="/Game/Roads/Road" FILE="../../../../../../Users/SLATE 15/Documents/GitHub/Hannah-Ashna.github.io/FYP-Prototype/PrototypeV2/Content/Roads/Road.uasset" SILENT=true
[2022.04.17-22.30.25:126][393]LogSavePackage: Moving '../../../../../../Users/SLATE 15/Documents/GitHub/Hannah-Ashna.github.io/FYP-Prototype/PrototypeV2/Saved/RoadF3B74DB2432C2DDE1D41B88663642FA7.tmp' to '../../../../../../Users/SLATE 15/Documents/GitHub/Hannah-Ashna.github.io/FYP-Prototype/PrototypeV2/Content/Roads/Road.uasset'
[2022.04.17-22.30.25:142][393]AssetCheck: New page: Asset Save: Road
[2022.04.17-22.30.25:142][393]LogContentValidation: Display: Validating StaticMesh /Game/Roads/Road.Road
[2022.04.17-22.30.26:633][476]LogWorld: UWorld::CleanupWorld for World_14, bSessionEnded=true, bCleanupResources=true
[2022.04.17-22.30.26:633][476]LogSlate: InvalidateAllWidgets triggered.  All widgets were invalidated
[2022.04.17-22.30.28:627][590]LogTemp: Repeating last play command: Selected Viewport
[2022.04.17-22.30.28:675][590]LogPlayLevel: PlayLevel: No blueprints needed recompiling
[2022.04.17-22.30.28:675][590]PIE: New page: PIE session: VehicleExampleMap (18 Apr 2022, 00:30:28)
[2022.04.17-22.30.28:689][590]LogOnline: OSS: Creating online subsystem instance for: NULL
[2022.04.17-22.30.28:691][590]LogOnline: OSS: TryLoadSubsystemAndSetDefault: Loaded subsystem for module [NULL]
[2022.04.17-22.30.28:693][590]LogPlayLevel: Creating play world package: /Game/VehicleBP/Maps/UEDPIE_0_VehicleExampleMap
[2022.04.17-22.30.28:717][590]LogPlayLevel: PIE: StaticDuplicateObject took: (0.023935s)
[2022.04.17-22.30.28:718][590]LogAIModule: Creating AISystem for world VehicleExampleMap
[2022.04.17-22.30.28:718][590]LogAISub: UAISubsystem::UAISubsystem EnvQueryManager (00000153D2646400), frame # 14590
[2022.04.17-22.30.28:718][590]LogAISub: UAISubsystem::UAISubsystem AIPerceptionSystem (00000153D2638CC0), frame # 14590
[2022.04.17-22.30.28:719][590]LogPlayLevel: PIE: World Init took: (0.001503s)
[2022.04.17-22.30.28:719][590]LogPlayLevel: PIE: Created PIE world by copying editor world from /Game/VehicleBP/Maps/VehicleExampleMap.VehicleExampleMap to /Game/VehicleBP/Maps/UEDPIE_0_VehicleExampleMap.VehicleExampleMap (0.026198s)
[2022.04.17-22.30.28:783][590]LogUObjectHash: Compacting FUObjectHashTables data took   2.74ms
[2022.04.17-22.30.28:788][590]LogAudioMixer: Display: Audio Mixer Platform Settings:
[2022.04.17-22.30.28:788][590]LogAudioMixer: Display: 	Sample Rate:						  48000
[2022.04.17-22.30.28:788][590]LogAudioMixer: Display: 	Callback Buffer Frame Size Requested: 1024
[2022.04.17-22.30.28:788][590]LogAudioMixer: Display: 	Callback Buffer Frame Size To Use:	  1024
[2022.04.17-22.30.28:788][590]LogAudioMixer: Display: 	Number of buffers to queue:			  2
[2022.04.17-22.30.28:788][590]LogAudioMixer: Display: 	Max Channels (voices):				  32
[2022.04.17-22.30.28:788][590]LogAudioMixer: Display: 	Number of Async Source Workers:		  0
[2022.04.17-22.30.28:788][590]LogAudio: Display: AudioDevice MaxSources: 32
[2022.04.17-22.30.28:788][590]LogAudio: Display: Using built-in audio occlusion.
[2022.04.17-22.30.28:788][590]LogAudioMixer: Display: Initializing audio mixer.
[2022.04.17-22.30.28:794][590]LogAudioMixer: Display: 0: FrontLeft
[2022.04.17-22.30.28:794][590]LogAudioMixer: Display: 1: FrontRight
[2022.04.17-22.30.28:814][590]LogAudioMixer: Display: Using Audio Device Headphones (Elgato Wave:1)
[2022.04.17-22.30.28:814][590]LogAudioMixer: Display: Initializing Sound Submixes...
[2022.04.17-22.30.28:814][590]LogAudioMixer: Display: Creating Master Submix 'MasterSubmixDefault'
[2022.04.17-22.30.28:814][590]LogAudioMixer: Display: Creating Master Submix 'MasterReverbSubmixDefault'
[2022.04.17-22.30.28:815][590]LogAudioMixer: Display: Creating Master Submix 'MasterEQSubmixDefault'
[2022.04.17-22.30.28:830][590]LogInit: FAudioDevice initialized.
[2022.04.17-22.30.28:863][590]LogLoad: Game class is 'ThirdPersonGameMode_C'
[2022.04.17-22.30.28:898][590]LogWorld: Bringing World /Game/VehicleBP/Maps/UEDPIE_0_VehicleExampleMap.VehicleExampleMap up for play (max tick rate 60) at 2022.04.17-23.30.28
[2022.04.17-22.30.28:907][590]LogWorld: Bringing up level for play took: 0.018957
[2022.04.17-22.30.28:908][590]LogOnline: OSS: Creating online subsystem instance for: :Context_16
[2022.04.17-22.30.28:956][590]LogContentBrowser: Native class hierarchy updated for 'MovieSceneCapture' in 0.0004 seconds. Added 20 classes and 0 folders.
[2022.04.17-22.30.29:000][590]PIE: Server logged in
[2022.04.17-22.30.29:004][590]PIE: Play in editor total start time 0.363 seconds.
[2022.04.17-22.30.53:711][ 43]LogSlate: Updating window title bar state: overlay mode, drag disabled, window buttons hidden, title bar hidden
[2022.04.17-22.30.53:711][ 43]LogWorld: BeginTearingDown for /Game/VehicleBP/Maps/UEDPIE_0_VehicleExampleMap
[2022.04.17-22.30.53:712][ 43]LogWorld: UWorld::CleanupWorld for VehicleExampleMap, bSessionEnded=true, bCleanupResources=true
[2022.04.17-22.30.53:712][ 43]LogSlate: InvalidateAllWidgets triggered.  All widgets were invalidated
[2022.04.17-22.30.53:718][ 43]LogPlayLevel: Display: Shutting down PIE online subsystems
[2022.04.17-22.30.53:723][ 43]LogSlate: InvalidateAllWidgets triggered.  All widgets were invalidated
[2022.04.17-22.30.53:781][ 43]LogSlate: Updating window title bar state: overlay mode, drag disabled, window buttons hidden, title bar hidden
[2022.04.17-22.30.53:789][ 43]LogAISub: UAISubsystem::~UAISubsystem AIPerceptionSystem (00000153D2638CC0), frame # 16043
[2022.04.17-22.30.53:790][ 43]LogAISub: UAISubsystem::~UAISubsystem EnvQueryManager (00000153D2646400), frame # 16043
[2022.04.17-22.30.53:827][ 43]LogUObjectHash: Compacting FUObjectHashTables data took   3.89ms
[2022.04.17-22.30.53:861][ 44]LogPlayLevel: Display: Destroying online subsystem :Context_16
[2022.04.17-22.30.56:642][203]LogUObjectHash: Compacting FUObjectHashTables data took   3.19ms
[2022.04.17-22.30.56:757][203]LogSavePackage: Moving '../../../../../../Users/SLATE 15/Documents/GitHub/Hannah-Ashna.github.io/FYP-Prototype/PrototypeV2/Saved/VehicleExampleMap9A2E37EC4D70B7E38D7F33A6CA55DB70.tmp' to '../../../../../../Users/SLATE 15/Documents/GitHub/Hannah-Ashna.github.io/FYP-Prototype/PrototypeV2/Content/VehicleBP/Maps/VehicleExampleMap.umap'
[2022.04.17-22.30.57:067][203]LogSavePackage: Moving '../../../../../../Users/SLATE 15/Documents/GitHub/Hannah-Ashna.github.io/FYP-Prototype/PrototypeV2/Saved/VehicleExampleMap_BuiltData2213E72F4FB9531FFF451FBE30527EC6.tmp' to '../../../../../../Users/SLATE 15/Documents/GitHub/Hannah-Ashna.github.io/FYP-Prototype/PrototypeV2/Content/VehicleBP/Maps/VehicleExampleMap_BuiltData.uasset'
[2022.04.17-22.30.57:091][203]AssetCheck: New page: Asset Save: multiple assets
[2022.04.17-22.30.57:091][203]LogContentValidation: Display: Validating World /Game/VehicleBP/Maps/VehicleExampleMap.VehicleExampleMap
[2022.04.17-22.30.57:091][203]LogContentValidation: Display: Validating MapBuildDataRegistry /Game/VehicleBP/Maps/VehicleExampleMap_BuiltData.VehicleExampleMap_BuiltData
