Log file open, 01/13/22 17:43:29
LogInit: Display: Running engine for game: PrototypeV2
LogPlatformFile: Not using cached read wrapper
LogTaskGraph: Started task graph with 5 named threads and 35 total threads with 3 sets of task threads.
LogStats: Stats thread started at 0.318595
LogD3D11RHI: Loaded GFSDK_Aftermath_Lib.x64.dll
LogICUInternationalization: ICU TimeZone Detection - Raw Offset: +0:00, Platform Override: ''
LogPluginManager: Mounting plugin Paper2D
LogPluginManager: Mounting plugin AISupport
LogPluginManager: Mounting plugin LightPropagationVolume
LogPluginManager: Mounting plugin CameraShakePreviewer
LogPluginManager: Mounting plugin ActorLayerUtilities
LogPluginManager: Mounting plugin AnimationSharing
LogPluginManager: Mounting plugin CLionSourceCodeAccess
LogPluginManager: Mounting plugin CodeLiteSourceCodeAccess
LogPluginManager: Mounting plugin GitSourceControl
LogPluginManager: Mounting plugin KDevelopSourceCodeAccess
LogPluginManager: Mounting plugin NullSourceCodeAccess
LogPluginManager: Mounting plugin PerforceSourceControl
LogPluginManager: Mounting plugin PlasticSourceControl
LogPluginManager: Mounting plugin RiderSourceCodeAccess
LogPluginManager: Mounting plugin SubversionSourceControl
LogPluginManager: Mounting plugin UObjectPlugin
LogPluginManager: Mounting plugin VisualStudioCodeSourceCodeAccess
LogPluginManager: Mounting plugin VisualStudioSourceCodeAccess
LogPluginManager: Mounting plugin XCodeSourceCodeAccess
LogPluginManager: Mounting plugin AssetManagerEditor
LogPluginManager: Mounting plugin CryptoKeys
LogPluginManager: Mounting plugin CurveEditorTools
LogPluginManager: Mounting plugin DataValidation
LogPluginManager: Mounting plugin EditorScriptingUtilities
LogPluginManager: Mounting plugin FacialAnimation
LogPluginManager: Mounting plugin GameplayTagsEditor
LogPluginManager: Mounting plugin GeometryMode
LogPluginManager: Mounting plugin MacGraphicsSwitching
LogPluginManager: Mounting plugin MaterialAnalyzer
LogPluginManager: Mounting plugin MobileLauncherProfileWizard
LogPluginManager: Mounting plugin PluginBrowser
LogPluginManager: Mounting plugin SpeedTreeImporter
LogPluginManager: Mounting plugin DatasmithContent
LogPluginManager: Mounting plugin VariantManagerContent
LogPluginManager: Mounting plugin AlembicImporter
LogPluginManager: Mounting plugin AutomationUtils
LogPluginManager: Mounting plugin BackChannel
LogPluginManager: Mounting plugin ChaosCloth
LogPluginManager: Mounting plugin ChaosClothEditor
LogPluginManager: Mounting plugin ChaosEditor
LogPluginManager: Mounting plugin ChaosNiagara
LogPluginManager: Mounting plugin ChaosSolverPlugin
LogPluginManager: Mounting plugin CharacterAI
LogPluginManager: Mounting plugin GeometryCache
LogPluginManager: Mounting plugin GeometryCollectionPlugin
LogPluginManager: Mounting plugin GeometryProcessing
LogPluginManager: Mounting plugin PlanarCut
LogPluginManager: Mounting plugin PlatformCrypto
LogPluginManager: Mounting plugin ProxyLODPlugin
LogPluginManager: Mounting plugin RawInput
LogPluginManager: Mounting plugin SkeletalReduction
LogPluginManager: Mounting plugin Niagara
LogPluginManager: Mounting plugin MagicLeap
LogPluginManager: Mounting plugin MagicLeapLightEstimation
LogPluginManager: Mounting plugin MagicLeapMedia
LogPluginManager: Mounting plugin MagicLeapPassableWorld
LogPluginManager: Mounting plugin MLSDK
LogPluginManager: Mounting plugin AndroidMedia
LogPluginManager: Mounting plugin AvfMedia
LogPluginManager: Mounting plugin ImgMedia
LogPluginManager: Mounting plugin MediaCompositing
LogPluginManager: Mounting plugin MediaPlayerEditor
LogPluginManager: Mounting plugin WebMMedia
LogPluginManager: Mounting plugin WmfMedia
LogPluginManager: Mounting plugin MeshPainting
LogPluginManager: Mounting plugin TcpMessaging
LogPluginManager: Mounting plugin UdpMessaging
LogPluginManager: Mounting plugin ActorSequence
LogPluginManager: Mounting plugin LevelSequenceEditor
LogPluginManager: Mounting plugin MatineeToLevelSequence
LogPluginManager: Mounting plugin MovieRenderPipeline
LogPluginManager: Mounting plugin TemplateSequence
LogPluginManager: Mounting plugin NetcodeUnitTest
LogPluginManager: Mounting plugin NUTUnrealEngine4
LogPluginManager: Mounting plugin OnlineSubsystemGooglePlay
LogPluginManager: Mounting plugin OnlineSubsystemIOS
LogPluginManager: Mounting plugin OnlineSubsystem
LogPluginManager: Mounting plugin OnlineSubsystemNull
LogPluginManager: Mounting plugin OnlineSubsystemUtils
LogPluginManager: Mounting plugin LauncherChunkInstaller
LogPluginManager: Mounting plugin AndroidDeviceProfileSelector
LogPluginManager: Mounting plugin AndroidMoviePlayer
LogPluginManager: Mounting plugin AndroidPermission
LogPluginManager: Mounting plugin AppleImageUtils
LogPluginManager: Mounting plugin AppleMoviePlayer
LogPluginManager: Mounting plugin ArchVisCharacter
LogPluginManager: Mounting plugin AssetTags
LogPluginManager: Mounting plugin AudioCapture
LogPluginManager: Mounting plugin CableComponent
LogPluginManager: Mounting plugin CustomMeshComponent
LogPluginManager: Mounting plugin EditableMesh
LogPluginManager: Mounting plugin ExampleDeviceProfileSelector
LogPluginManager: Mounting plugin GoogleCloudMessaging
LogPluginManager: Mounting plugin GooglePAD
LogPluginManager: Mounting plugin IOSDeviceProfileSelector
LogPluginManager: Mounting plugin LinuxDeviceProfileSelector
LogPluginManager: Mounting plugin LocationServicesBPLibrary
LogPluginManager: Mounting plugin MobilePatchingUtils
LogPluginManager: Mounting plugin OculusVR
LogPluginManager: Mounting plugin PhysXVehicles
LogPluginManager: Mounting plugin PostSplashScreen
LogPluginManager: Mounting plugin ProceduralMeshComponent
LogPluginManager: Mounting plugin RuntimePhysXCooking
LogPluginManager: Mounting plugin SignificanceManager
LogPluginManager: Mounting plugin SoundFields
LogPluginManager: Mounting plugin SteamVR
LogPluginManager: Mounting plugin Synthesis
LogPluginManager: Mounting plugin WebMMoviePlayer
LogPluginManager: Mounting plugin WindowsMoviePlayer
LogPluginManager: Mounting plugin ScreenshotTools
LogInit: Using libcurl 7.55.1-DEV
LogInit:  - built for x86_64-pc-win32
LogInit:  - supports SSL with OpenSSL/1.1.1
LogInit:  - supports HTTP deflate (compression) using libz 1.2.8
LogInit:  - other features:
LogInit:      CURL_VERSION_SSL
LogInit:      CURL_VERSION_LIBZ
LogInit:      CURL_VERSION_IPV6
LogInit:      CURL_VERSION_ASYNCHDNS
LogInit:      CURL_VERSION_LARGEFILE
LogInit:      CURL_VERSION_IDN
LogInit:  CurlRequestOptions (configurable via config and command line):
LogInit:  - bVerifyPeer = true  - Libcurl will verify peer certificate
LogInit:  - bUseHttpProxy = false  - Libcurl will NOT use HTTP proxy
LogInit:  - bDontReuseConnections = false  - Libcurl will reuse connections
LogInit:  - MaxHostConnections = 16  - Libcurl will limit the number of connections to a host
LogInit:  - LocalHostAddr = Default
LogInit:  - BufferSize = 65536
LogOnline: OSS: Creating online subsystem instance for: NULL
LogInit: WinSock: version 1.1 (2.2), MaxSocks=32767, MaxUdp=65467
LogOnline: OSS: TryLoadSubsystemAndSetDefault: Loaded subsystem for module [NULL]
LogInit: Build: ++UE4+Release-4.25-CL-14469661
LogInit: Engine Version: 4.25.4-14469661+++UE4+Release-4.25
LogInit: Compatible Engine Version: 4.25.0-13144385+++UE4+Release-4.25
LogInit: Net CL: 13144385
LogInit: OS: Windows 10 (Release 2009) (), CPU: Intel(R) Core(TM) i7-9750H CPU @ 2.60GHz, GPU: Intel(R) UHD Graphics 630
LogInit: Compiled (64-bit): Oct 11 2020 08:10:49
LogInit: Compiled with Visual C++: 19.24.28315.00
LogInit: Build Configuration: Development
LogInit: Branch Name: ++UE4+Release-4.25
LogInit: Command Line: 
LogInit: Base Directory: C:/Program Files/Epic Games/UE_4.25/Engine/Binaries/Win64/
LogInit: Allocator: TBB
LogInit: Installed Engine Build: 1
LogDevObjectVersion: Number of dev versions registered: 26
LogDevObjectVersion:   Dev-Blueprints (B0D832E4-1F89-4F0D-ACCF-7EB736FD4AA2): 10
LogDevObjectVersion:   Dev-Build (E1C64328-A22C-4D53-A36C-8E866417BD8C): 0
LogDevObjectVersion:   Dev-Core (375EC13C-06E4-48FB-B500-84F0262A717E): 4
LogDevObjectVersion:   Dev-Editor (E4B068ED-F494-42E9-A231-DA0B2E46BB41): 38
LogDevObjectVersion:   Dev-Framework (CFFC743F-43B0-4480-9391-14DF171D2073): 37
LogDevObjectVersion:   Dev-Mobile (B02B49B5-BB20-44E9-A304-32B752E40360): 2
LogDevObjectVersion:   Dev-Networking (A4E4105C-59A1-49B5-A7C5-40C4547EDFEE): 0
LogDevObjectVersion:   Dev-Online (39C831C9-5AE6-47DC-9A44-9C173E1C8E7C): 0
LogDevObjectVersion:   Dev-Physics (78F01B33-EBEA-4F98-B9B4-84EACCB95AA2): 4
LogDevObjectVersion:   Dev-Platform (6631380F-2D4D-43E0-8009-CF276956A95A): 0
LogDevObjectVersion:   Dev-Rendering (12F88B9F-8875-4AFC-A67C-D90C383ABD29): 43
LogDevObjectVersion:   Dev-Sequencer (7B5AE74C-D270-4C10-A958-57980B212A5A): 12
LogDevObjectVersion:   Dev-VR (D7296918-1DD6-4BDD-9DE2-64A83CC13884): 3
LogDevObjectVersion:   Dev-LoadTimes (C2A15278-BFE7-4AFE-6C17-90FF531DF755): 1
LogDevObjectVersion:   Private-Geometry (6EACA3D4-40EC-4CC1-B786-8BED09428FC5): 3
LogDevObjectVersion:   Dev-AnimPhys (29E575DD-E0A3-4627-9D10-D276232CDCEA): 17
LogDevObjectVersion:   Dev-Anim (AF43A65D-7FD3-4947-9873-3E8ED9C1BB05): 7
LogDevObjectVersion:   Dev-ReflectionCapture (6B266CEC-1EC7-4B8F-A30B-E4D90942FC07): 1
LogDevObjectVersion:   Dev-Automation (0DF73D61-A23F-47EA-B727-89E90C41499A): 1
LogDevObjectVersion:   FortniteMain (601D1886-AC64-4F84-AA16-D3DE0DEAC7D6): 31
LogDevObjectVersion:   Dev-Enterprise (9DFFBCD6-494F-0158-E221-12823C92A888): 10
LogDevObjectVersion:   Dev-Niagara (F2AED0AC-9AFE-416F-8664-AA7FFA26D6FC): 1
LogDevObjectVersion:   Dev-Destruction (174F1F0B-B4C6-45A5-B13F-2EE8D0FB917D): 10
LogDevObjectVersion:   Dev-Physics-Ext (35F94A83-E258-406C-A318-09F59610247C): 37
LogDevObjectVersion:   Dev-PhysicsMaterial-Chaos (B68FC16E-8B1B-42E2-B453-215C058844FE): 1
LogDevObjectVersion:   Dev-CineCamera (B2E18506-4273-CFC2-A54E-F4BB758BBA07): 1
LogInit: Presizing for max 25165824 objects, including 0 objects not considered by GC, pre-allocating 0 bytes for permanent pool.
LogConfig: Applying CVar settings from Section [/Script/Engine.StreamingSettings] File [C:/Users/SLATE 15/Documents/GitHub/Hannah-Ashna.github.io/FYP-Prototype/PrototypeV2/Saved/Config/Windows/Engine.ini]
LogConfig: Setting CVar [[s.MinBulkDataSizeForAsyncLoading:131072]]
LogConfig: Setting CVar [[s.AsyncLoadingThreadEnabled:0]]
LogConfig: Setting CVar [[s.EventDrivenLoaderEnabled:1]]
LogConfig: Setting CVar [[s.WarnIfTimeLimitExceeded:0]]
LogConfig: Setting CVar [[s.TimeLimitExceededMultiplier:1.5]]
LogConfig: Setting CVar [[s.TimeLimitExceededMinTime:0.005]]
LogConfig: Setting CVar [[s.UseBackgroundLevelStreaming:1]]
LogConfig: Setting CVar [[s.PriorityAsyncLoadingExtraTime:15.0]]
LogConfig: Setting CVar [[s.LevelStreamingActorsUpdateTimeLimit:5.0]]
LogConfig: Setting CVar [[s.PriorityLevelStreamingActorsUpdateExtraTime:5.0]]
LogConfig: Setting CVar [[s.LevelStreamingComponentsRegistrationGranularity:10]]
LogConfig: Setting CVar [[s.UnregisterComponentsTimeLimit:1.0]]
LogConfig: Setting CVar [[s.LevelStreamingComponentsUnregistrationGranularity:5]]
LogConfig: Setting CVar [[s.FlushStreamingOnExit:1]]
LogInit: Object subsystem initialized
LogConfig: Setting CVar [[con.DebugEarlyDefault:1]]
LogConfig: Setting CVar [[r.setres:1280x720]]
[2022.01.13-17.43.29:564][  0]LogConfig: Setting CVar [[r.VSync:0]]
[2022.01.13-17.43.29:564][  0]LogConfig: Setting CVar [[r.RHICmdBypass:0]]
[2022.01.13-17.43.29:564][  0]LogConfig: Applying CVar settings from Section [/Script/Engine.RendererSettings] File [C:/Users/SLATE 15/Documents/GitHub/Hannah-Ashna.github.io/FYP-Prototype/PrototypeV2/Saved/Config/Windows/Engine.ini]
[2022.01.13-17.43.29:564][  0]LogConfig: Setting CVar [[r.GPUCrashDebugging:0]]
[2022.01.13-17.43.29:564][  0]LogConfig: Applying CVar settings from Section [/Script/Engine.RendererOverrideSettings] File [C:/Users/SLATE 15/Documents/GitHub/Hannah-Ashna.github.io/FYP-Prototype/PrototypeV2/Saved/Config/Windows/Engine.ini]
[2022.01.13-17.43.29:564][  0]LogConfig: Applying CVar settings from Section [/Script/Engine.StreamingSettings] File [C:/Users/SLATE 15/Documents/GitHub/Hannah-Ashna.github.io/FYP-Prototype/PrototypeV2/Saved/Config/Windows/Engine.ini]
[2022.01.13-17.43.29:564][  0]LogConfig: Setting CVar [[s.MinBulkDataSizeForAsyncLoading:131072]]
[2022.01.13-17.43.29:564][  0]LogConfig: Setting CVar [[s.AsyncLoadingThreadEnabled:0]]
[2022.01.13-17.43.29:564][  0]LogConfig: Setting CVar [[s.EventDrivenLoaderEnabled:1]]
[2022.01.13-17.43.29:564][  0]LogConfig: Setting CVar [[s.WarnIfTimeLimitExceeded:0]]
[2022.01.13-17.43.29:564][  0]LogConfig: Setting CVar [[s.TimeLimitExceededMultiplier:1.5]]
[2022.01.13-17.43.29:564][  0]LogConfig: Setting CVar [[s.TimeLimitExceededMinTime:0.005]]
[2022.01.13-17.43.29:564][  0]LogConfig: Setting CVar [[s.UseBackgroundLevelStreaming:1]]
[2022.01.13-17.43.29:564][  0]LogConfig: Setting CVar [[s.PriorityAsyncLoadingExtraTime:15.0]]
[2022.01.13-17.43.29:564][  0]LogConfig: Setting CVar [[s.LevelStreamingActorsUpdateTimeLimit:5.0]]
[2022.01.13-17.43.29:564][  0]LogConfig: Setting CVar [[s.PriorityLevelStreamingActorsUpdateExtraTime:5.0]]
[2022.01.13-17.43.29:564][  0]LogConfig: Setting CVar [[s.LevelStreamingComponentsRegistrationGranularity:10]]
[2022.01.13-17.43.29:564][  0]LogConfig: Setting CVar [[s.UnregisterComponentsTimeLimit:1.0]]
[2022.01.13-17.43.29:564][  0]LogConfig: Setting CVar [[s.LevelStreamingComponentsUnregistrationGranularity:5]]
[2022.01.13-17.43.29:564][  0]LogConfig: Setting CVar [[s.FlushStreamingOnExit:1]]
[2022.01.13-17.43.29:564][  0]LogConfig: Applying CVar settings from Section [/Script/Engine.GarbageCollectionSettings] File [C:/Users/SLATE 15/Documents/GitHub/Hannah-Ashna.github.io/FYP-Prototype/PrototypeV2/Saved/Config/Windows/Engine.ini]
[2022.01.13-17.43.29:564][  0]LogConfig: Setting CVar [[gc.MaxObjectsNotConsideredByGC:1]]
[2022.01.13-17.43.29:564][  0]LogConfig: Setting CVar [[gc.SizeOfPermanentObjectPool:0]]
[2022.01.13-17.43.29:564][  0]LogConfig: Setting CVar [[gc.FlushStreamingOnGC:0]]
[2022.01.13-17.43.29:564][  0]LogConfig: Setting CVar [[gc.NumRetriesBeforeForcingGC:10]]
[2022.01.13-17.43.29:564][  0]LogConfig: Setting CVar [[gc.AllowParallelGC:1]]
[2022.01.13-17.43.29:564][  0]LogConfig: Setting CVar [[gc.TimeBetweenPurgingPendingKillObjects:61.1]]
[2022.01.13-17.43.29:564][  0]LogConfig: Setting CVar [[gc.MaxObjectsInEditor:25165824]]
[2022.01.13-17.43.29:564][  0]LogConfig: Setting CVar [[gc.IncrementalBeginDestroyEnabled:1]]
[2022.01.13-17.43.29:564][  0]LogConfig: Setting CVar [[gc.CreateGCClusters:1]]
[2022.01.13-17.43.29:564][  0]LogConfig: Setting CVar [[gc.MinGCClusterSize:5]]
[2022.01.13-17.43.29:564][  0]LogConfig: Setting CVar [[gc.ActorClusteringEnabled:0]]
[2022.01.13-17.43.29:564][  0]LogConfig: Setting CVar [[gc.BlueprintClusteringEnabled:0]]
[2022.01.13-17.43.29:564][  0]LogConfig: Setting CVar [[gc.UseDisregardForGCOnDedicatedServers:0]]
[2022.01.13-17.43.29:564][  0]LogConfig: Applying CVar settings from Section [/Script/Engine.NetworkSettings] File [C:/Users/SLATE 15/Documents/GitHub/Hannah-Ashna.github.io/FYP-Prototype/PrototypeV2/Saved/Config/Windows/Engine.ini]
[2022.01.13-17.43.29:564][  0]LogConfig: Applying CVar settings from Section [/Script/UnrealEd.CookerSettings] File [C:/Users/SLATE 15/Documents/GitHub/Hannah-Ashna.github.io/FYP-Prototype/PrototypeV2/Saved/Config/Windows/Engine.ini]
[2022.01.13-17.43.29:567][  0]LogConfig: Applying CVar settings from Section [ViewDistanceQuality@3] File [C:/Users/SLATE 15/Documents/GitHub/Hannah-Ashna.github.io/FYP-Prototype/PrototypeV2/Saved/Config/Windows/Scalability.ini]
[2022.01.13-17.43.29:567][  0]LogConfig: Setting CVar [[r.SkeletalMeshLODBias:0]]
[2022.01.13-17.43.29:567][  0]LogConfig: Setting CVar [[r.ViewDistanceScale:1.0]]
[2022.01.13-17.43.29:567][  0]LogConfig: Applying CVar settings from Section [AntiAliasingQuality@3] File [C:/Users/SLATE 15/Documents/GitHub/Hannah-Ashna.github.io/FYP-Prototype/PrototypeV2/Saved/Config/Windows/Scalability.ini]
[2022.01.13-17.43.29:567][  0]LogConfig: Setting CVar [[r.PostProcessAAQuality:4]]
[2022.01.13-17.43.29:567][  0]LogConfig: Applying CVar settings from Section [ShadowQuality@3] File [C:/Users/SLATE 15/Documents/GitHub/Hannah-Ashna.github.io/FYP-Prototype/PrototypeV2/Saved/Config/Windows/Scalability.ini]
[2022.01.13-17.43.29:567][  0]LogConfig: Setting CVar [[r.LightFunctionQuality:1]]
[2022.01.13-17.43.29:567][  0]LogConfig: Setting CVar [[r.ShadowQuality:5]]
[2022.01.13-17.43.29:567][  0]LogConfig: Setting CVar [[r.Shadow.CSM.MaxCascades:10]]
[2022.01.13-17.43.29:567][  0]LogConfig: Setting CVar [[r.Shadow.MaxResolution:2048]]
[2022.01.13-17.43.29:567][  0]LogConfig: Setting CVar [[r.Shadow.MaxCSMResolution:2048]]
[2022.01.13-17.43.29:567][  0]LogConfig: Setting CVar [[r.Shadow.RadiusThreshold:0.01]]
[2022.01.13-17.43.29:567][  0]LogConfig: Setting CVar [[r.Shadow.DistanceScale:1.0]]
[2022.01.13-17.43.29:567][  0]LogConfig: Setting CVar [[r.Shadow.CSM.TransitionScale:1.0]]
[2022.01.13-17.43.29:567][  0]LogConfig: Setting CVar [[r.Shadow.PreShadowResolutionFactor:1.0]]
[2022.01.13-17.43.29:567][  0]LogConfig: Setting CVar [[r.DistanceFieldShadowing:1]]
[2022.01.13-17.43.29:567][  0]LogConfig: Setting CVar [[r.DistanceFieldAO:1]]
[2022.01.13-17.43.29:567][  0]LogConfig: Setting CVar [[r.AOQuality:2]]
[2022.01.13-17.43.29:567][  0]LogConfig: Setting CVar [[r.VolumetricFog:1]]
[2022.01.13-17.43.29:567][  0]LogConfig: Setting CVar [[r.VolumetricFog.GridPixelSize:8]]
[2022.01.13-17.43.29:567][  0]LogConfig: Setting CVar [[r.VolumetricFog.GridSizeZ:128]]
[2022.01.13-17.43.29:567][  0]LogConfig: Setting CVar [[r.VolumetricFog.HistoryMissSupersampleCount:4]]
[2022.01.13-17.43.29:568][  0]LogConfig: Setting CVar [[r.LightMaxDrawDistanceScale:1]]
[2022.01.13-17.43.29:568][  0]LogConfig: Setting CVar [[r.CapsuleShadows:1]]
[2022.01.13-17.43.29:568][  0]LogConfig: Applying CVar settings from Section [PostProcessQuality@3] File [C:/Users/SLATE 15/Documents/GitHub/Hannah-Ashna.github.io/FYP-Prototype/PrototypeV2/Saved/Config/Windows/Scalability.ini]
[2022.01.13-17.43.29:568][  0]LogConfig: Setting CVar [[r.MotionBlurQuality:4]]
[2022.01.13-17.43.29:568][  0]LogConfig: Setting CVar [[r.AmbientOcclusionMipLevelFactor:0.4]]
[2022.01.13-17.43.29:568][  0]LogConfig: Setting CVar [[r.AmbientOcclusionMaxQuality:100]]
[2022.01.13-17.43.29:568][  0]LogConfig: Setting CVar [[r.AmbientOcclusionLevels:-1]]
[2022.01.13-17.43.29:568][  0]LogConfig: Setting CVar [[r.AmbientOcclusionRadiusScale:1.0]]
[2022.01.13-17.43.29:568][  0]LogConfig: Setting CVar [[r.DepthOfFieldQuality:2]]
[2022.01.13-17.43.29:568][  0]LogConfig: Setting CVar [[r.RenderTargetPoolMin:400]]
[2022.01.13-17.43.29:568][  0]LogConfig: Setting CVar [[r.LensFlareQuality:2]]
[2022.01.13-17.43.29:568][  0]LogConfig: Setting CVar [[r.SceneColorFringeQuality:1]]
[2022.01.13-17.43.29:568][  0]LogConfig: Setting CVar [[r.EyeAdaptationQuality:2]]
[2022.01.13-17.43.29:568][  0]LogConfig: Setting CVar [[r.BloomQuality:5]]
[2022.01.13-17.43.29:568][  0]LogConfig: Setting CVar [[r.FastBlurThreshold:100]]
[2022.01.13-17.43.29:568][  0]LogConfig: Setting CVar [[r.Upscale.Quality:3]]
[2022.01.13-17.43.29:568][  0]LogConfig: Setting CVar [[r.Tonemapper.GrainQuantization:1]]
[2022.01.13-17.43.29:568][  0]LogConfig: Setting CVar [[r.LightShaftQuality:1]]
[2022.01.13-17.43.29:568][  0]LogConfig: Setting CVar [[r.Filter.SizeScale:1]]
[2022.01.13-17.43.29:568][  0]LogConfig: Setting CVar [[r.Tonemapper.Quality:5]]
[2022.01.13-17.43.29:568][  0]LogConfig: Setting CVar [[r.DOF.Gather.AccumulatorQuality:1        ; higher gathering accumulator quality]]
[2022.01.13-17.43.29:568][  0]LogConfig: Setting CVar [[r.DOF.Gather.PostfilterMethod:1          ; Median3x3 postfilering method]]
[2022.01.13-17.43.29:568][  0]LogConfig: Setting CVar [[r.DOF.Gather.EnableBokehSettings:0       ; no bokeh simulation when gathering]]
[2022.01.13-17.43.29:568][  0]LogConfig: Setting CVar [[r.DOF.Gather.RingCount:4                 ; medium number of samples when gathering]]
[2022.01.13-17.43.29:568][  0]LogConfig: Setting CVar [[r.DOF.Scatter.ForegroundCompositing:1    ; additive foreground scattering]]
[2022.01.13-17.43.29:568][  0]LogConfig: Setting CVar [[r.DOF.Scatter.BackgroundCompositing:2    ; additive background scattering]]
[2022.01.13-17.43.29:568][  0]LogConfig: Setting CVar [[r.DOF.Scatter.EnableBokehSettings:1      ; bokeh simulation when scattering]]
[2022.01.13-17.43.29:568][  0]LogConfig: Setting CVar [[r.DOF.Scatter.MaxSpriteRatio:0.1         ; only a maximum of 10% of scattered bokeh]]
[2022.01.13-17.43.29:568][  0]LogConfig: Setting CVar [[r.DOF.Recombine.Quality:1                ; cheap slight out of focus]]
[2022.01.13-17.43.29:568][  0]LogConfig: Setting CVar [[r.DOF.Recombine.EnableBokehSettings:0    ; no bokeh simulation on slight out of focus]]
[2022.01.13-17.43.29:568][  0]LogConfig: Setting CVar [[r.DOF.TemporalAAQuality:1                ; more stable temporal accumulation]]
[2022.01.13-17.43.29:568][  0]LogConfig: Setting CVar [[r.DOF.Kernel.MaxForegroundRadius:0.025]]
[2022.01.13-17.43.29:568][  0]LogConfig: Setting CVar [[r.DOF.Kernel.MaxBackgroundRadius:0.025]]
[2022.01.13-17.43.29:568][  0]LogConfig: Applying CVar settings from Section [TextureQuality@3] File [C:/Users/SLATE 15/Documents/GitHub/Hannah-Ashna.github.io/FYP-Prototype/PrototypeV2/Saved/Config/Windows/Scalability.ini]
[2022.01.13-17.43.29:568][  0]LogConfig: Setting CVar [[r.Streaming.MipBias:0]]
[2022.01.13-17.43.29:568][  0]LogConfig: Setting CVar [[r.Streaming.AmortizeCPUToGPUCopy:0]]
[2022.01.13-17.43.29:568][  0]LogConfig: Setting CVar [[r.Streaming.MaxNumTexturesToStreamPerFrame:0]]
[2022.01.13-17.43.29:568][  0]LogConfig: Setting CVar [[r.Streaming.Boost:1]]
[2022.01.13-17.43.29:568][  0]LogConfig: Setting CVar [[r.MaxAnisotropy:8]]
[2022.01.13-17.43.29:568][  0]LogConfig: Setting CVar [[r.VT.MaxAnisotropy:8]]
[2022.01.13-17.43.29:568][  0]LogConfig: Setting CVar [[r.Streaming.LimitPoolSizeToVRAM:0]]
[2022.01.13-17.43.29:568][  0]LogConfig: Setting CVar [[r.Streaming.PoolSize:1000]]
[2022.01.13-17.43.29:568][  0]LogConfig: Setting CVar [[r.Streaming.MaxEffectiveScreenSize:0]]
[2022.01.13-17.43.29:568][  0]LogConfig: Applying CVar settings from Section [EffectsQuality@3] File [C:/Users/SLATE 15/Documents/GitHub/Hannah-Ashna.github.io/FYP-Prototype/PrototypeV2/Saved/Config/Windows/Scalability.ini]
[2022.01.13-17.43.29:568][  0]LogConfig: Setting CVar [[r.TranslucencyLightingVolumeDim:64]]
[2022.01.13-17.43.29:568][  0]LogConfig: Setting CVar [[r.RefractionQuality:2]]
[2022.01.13-17.43.29:568][  0]LogConfig: Setting CVar [[r.SSR.Quality:3]]
[2022.01.13-17.43.29:568][  0]LogConfig: Setting CVar [[r.SSR.HalfResSceneColor:0]]
[2022.01.13-17.43.29:568][  0]LogConfig: Setting CVar [[r.SceneColorFormat:4]]
[2022.01.13-17.43.29:568][  0]LogConfig: Setting CVar [[r.DetailMode:2]]
[2022.01.13-17.43.29:568][  0]LogConfig: Setting CVar [[r.TranslucencyVolumeBlur:1]]
[2022.01.13-17.43.29:568][  0]LogConfig: Setting CVar [[r.MaterialQualityLevel:1 ; High quality]]
[2022.01.13-17.43.29:568][  0]LogConfig: Setting CVar [[r.SSS.Scale:1]]
[2022.01.13-17.43.29:568][  0]LogConfig: Setting CVar [[r.SSS.SampleSet:2]]
[2022.01.13-17.43.29:568][  0]LogConfig: Setting CVar [[r.SSS.Quality:1]]
[2022.01.13-17.43.29:568][  0]LogConfig: Setting CVar [[r.SSS.HalfRes:0]]
[2022.01.13-17.43.29:568][  0]LogConfig: Setting CVar [[r.SSGI.Quality:3]]
[2022.01.13-17.43.29:568][  0]LogConfig: Setting CVar [[r.EmitterSpawnRateScale:1.0]]
[2022.01.13-17.43.29:568][  0]LogConfig: Setting CVar [[r.ParticleLightQuality:2]]
[2022.01.13-17.43.29:568][  0]LogConfig: Setting CVar [[r.SkyAtmosphere.AerialPerspectiveLUT.FastApplyOnOpaque:1 ; Always have FastSkyLUT 1 in this case to avoid wrong sky]]
[2022.01.13-17.43.29:568][  0]LogConfig: Setting CVar [[r.SkyAtmosphere.AerialPerspectiveLUT.SampleCountPerSlice:1]]
[2022.01.13-17.43.29:568][  0]LogConfig: Setting CVar [[r.SkyAtmosphere.AerialPerspectiveLUT.DepthResolution:16.0]]
[2022.01.13-17.43.29:568][  0]LogConfig: Setting CVar [[r.SkyAtmosphere.FastSkyLUT:1]]
[2022.01.13-17.43.29:568][  0]LogConfig: Setting CVar [[r.SkyAtmosphere.FastSkyLUT.SampleCountMin:4.0]]
[2022.01.13-17.43.29:568][  0]LogConfig: Setting CVar [[r.SkyAtmosphere.FastSkyLUT.SampleCountMax:32.0]]
[2022.01.13-17.43.29:568][  0]LogConfig: Setting CVar [[r.SkyAtmosphere.SampleCountMin:4.0]]
[2022.01.13-17.43.29:568][  0]LogConfig: Setting CVar [[r.SkyAtmosphere.SampleCountMax:32.0]]
[2022.01.13-17.43.29:568][  0]LogConfig: Setting CVar [[r.SkyAtmosphere.TransmittanceLUT.UseSmallFormat:0]]
[2022.01.13-17.43.29:568][  0]LogConfig: Setting CVar [[r.SkyAtmosphere.TransmittanceLUT.SampleCount:10.0]]
[2022.01.13-17.43.29:568][  0]LogConfig: Setting CVar [[r.SkyAtmosphere.MultiScatteringLUT.SampleCount:15.0]]
[2022.01.13-17.43.29:568][  0]LogConfig: Applying CVar settings from Section [FoliageQuality@3] File [C:/Users/SLATE 15/Documents/GitHub/Hannah-Ashna.github.io/FYP-Prototype/PrototypeV2/Saved/Config/Windows/Scalability.ini]
[2022.01.13-17.43.29:568][  0]LogConfig: Setting CVar [[foliage.DensityScale:1.0]]
[2022.01.13-17.43.29:568][  0]LogConfig: Setting CVar [[grass.DensityScale:1.0]]
[2022.01.13-17.43.29:568][  0]LogConfig: Applying CVar settings from Section [ShadingQuality@3] File [C:/Users/SLATE 15/Documents/GitHub/Hannah-Ashna.github.io/FYP-Prototype/PrototypeV2/Saved/Config/Windows/Scalability.ini]
[2022.01.13-17.43.29:568][  0]LogConfig: Setting CVar [[r.HairStrands.SkyLighting.SampleCount:16]]
[2022.01.13-17.43.29:568][  0]LogConfig: Setting CVar [[r.HairStrands.SkyLighting.JitterIntegration:0]]
[2022.01.13-17.43.29:568][  0]LogConfig: Setting CVar [[r.HairStrands.SkyAO.SampleCount:16]]
[2022.01.13-17.43.29:568][  0]LogConfig: Setting CVar [[r.HairStrands.DeepShadow.SuperSampling:0]]
[2022.01.13-17.43.29:568][  0]LogConfig: Setting CVar [[r.HairStrands.VisibilityPPLL:0]]
[2022.01.13-17.43.29:568][  0]LogConfig: Setting CVar [[r.HairStrands.RasterizationScale:0.5]]
[2022.01.13-17.43.29:568][  0]LogConfig: Setting CVar [[r.HairStrands.VelocityRasterizationScale:1]]
[2022.01.13-17.43.29:568][  0]LogInit: Selected Device Profile: [Windows]
[2022.01.13-17.43.29:569][  0]LogInit: Applying CVar settings loaded from the selected device profile: [Windows]
[2022.01.13-17.43.29:569][  0]LogHAL: Display: Platform has ~ 16 GB [16973881344 / 17179869184 / 16], which maps to Larger [LargestMinGB=32, LargerMinGB=12, DefaultMinGB=8, SmallerMinGB=6, SmallestMinGB=0)
[2022.01.13-17.43.29:569][  0]LogInit: Going up to parent DeviceProfile []
[2022.01.13-17.43.29:569][  0]LogConfig: Applying CVar settings from Section [ViewDistanceQuality@3] File [C:/Users/SLATE 15/Documents/GitHub/Hannah-Ashna.github.io/FYP-Prototype/PrototypeV2/Saved/Config/Windows/Scalability.ini]
[2022.01.13-17.43.29:569][  0]LogConfig: Setting CVar [[r.SkeletalMeshLODBias:0]]
[2022.01.13-17.43.29:569][  0]LogConfig: Setting CVar [[r.ViewDistanceScale:1.0]]
[2022.01.13-17.43.29:569][  0]LogConfig: Applying CVar settings from Section [AntiAliasingQuality@3] File [C:/Users/SLATE 15/Documents/GitHub/Hannah-Ashna.github.io/FYP-Prototype/PrototypeV2/Saved/Config/Windows/Scalability.ini]
[2022.01.13-17.43.29:569][  0]LogConfig: Setting CVar [[r.PostProcessAAQuality:4]]
[2022.01.13-17.43.29:569][  0]LogConfig: Applying CVar settings from Section [ShadowQuality@3] File [C:/Users/SLATE 15/Documents/GitHub/Hannah-Ashna.github.io/FYP-Prototype/PrototypeV2/Saved/Config/Windows/Scalability.ini]
[2022.01.13-17.43.29:569][  0]LogConfig: Setting CVar [[r.LightFunctionQuality:1]]
[2022.01.13-17.43.29:569][  0]LogConfig: Setting CVar [[r.ShadowQuality:5]]
[2022.01.13-17.43.29:569][  0]LogConfig: Setting CVar [[r.Shadow.CSM.MaxCascades:10]]
[2022.01.13-17.43.29:569][  0]LogConfig: Setting CVar [[r.Shadow.MaxResolution:2048]]
[2022.01.13-17.43.29:569][  0]LogConfig: Setting CVar [[r.Shadow.MaxCSMResolution:2048]]
[2022.01.13-17.43.29:569][  0]LogConfig: Setting CVar [[r.Shadow.RadiusThreshold:0.01]]
[2022.01.13-17.43.29:569][  0]LogConfig: Setting CVar [[r.Shadow.DistanceScale:1.0]]
[2022.01.13-17.43.29:569][  0]LogConfig: Setting CVar [[r.Shadow.CSM.TransitionScale:1.0]]
[2022.01.13-17.43.29:569][  0]LogConfig: Setting CVar [[r.Shadow.PreShadowResolutionFactor:1.0]]
[2022.01.13-17.43.29:569][  0]LogConfig: Setting CVar [[r.DistanceFieldShadowing:1]]
[2022.01.13-17.43.29:569][  0]LogConfig: Setting CVar [[r.DistanceFieldAO:1]]
[2022.01.13-17.43.29:569][  0]LogConfig: Setting CVar [[r.AOQuality:2]]
[2022.01.13-17.43.29:569][  0]LogConfig: Setting CVar [[r.VolumetricFog:1]]
[2022.01.13-17.43.29:569][  0]LogConfig: Setting CVar [[r.VolumetricFog.GridPixelSize:8]]
[2022.01.13-17.43.29:569][  0]LogConfig: Setting CVar [[r.VolumetricFog.GridSizeZ:128]]
[2022.01.13-17.43.29:569][  0]LogConfig: Setting CVar [[r.VolumetricFog.HistoryMissSupersampleCount:4]]
[2022.01.13-17.43.29:569][  0]LogConfig: Setting CVar [[r.LightMaxDrawDistanceScale:1]]
[2022.01.13-17.43.29:569][  0]LogConfig: Setting CVar [[r.CapsuleShadows:1]]
[2022.01.13-17.43.29:569][  0]LogConfig: Applying CVar settings from Section [PostProcessQuality@3] File [C:/Users/SLATE 15/Documents/GitHub/Hannah-Ashna.github.io/FYP-Prototype/PrototypeV2/Saved/Config/Windows/Scalability.ini]
[2022.01.13-17.43.29:569][  0]LogConfig: Setting CVar [[r.MotionBlurQuality:4]]
[2022.01.13-17.43.29:569][  0]LogConfig: Setting CVar [[r.AmbientOcclusionMipLevelFactor:0.4]]
[2022.01.13-17.43.29:569][  0]LogConfig: Setting CVar [[r.AmbientOcclusionMaxQuality:100]]
[2022.01.13-17.43.29:569][  0]LogConfig: Setting CVar [[r.AmbientOcclusionLevels:-1]]
[2022.01.13-17.43.29:569][  0]LogConfig: Setting CVar [[r.AmbientOcclusionRadiusScale:1.0]]
[2022.01.13-17.43.29:569][  0]LogConfig: Setting CVar [[r.DepthOfFieldQuality:2]]
[2022.01.13-17.43.29:569][  0]LogConfig: Setting CVar [[r.RenderTargetPoolMin:400]]
[2022.01.13-17.43.29:569][  0]LogConfig: Setting CVar [[r.LensFlareQuality:2]]
[2022.01.13-17.43.29:569][  0]LogConfig: Setting CVar [[r.SceneColorFringeQuality:1]]
[2022.01.13-17.43.29:569][  0]LogConfig: Setting CVar [[r.EyeAdaptationQuality:2]]
[2022.01.13-17.43.29:569][  0]LogConfig: Setting CVar [[r.BloomQuality:5]]
[2022.01.13-17.43.29:569][  0]LogConfig: Setting CVar [[r.FastBlurThreshold:100]]
[2022.01.13-17.43.29:569][  0]LogConfig: Setting CVar [[r.Upscale.Quality:3]]
[2022.01.13-17.43.29:569][  0]LogConfig: Setting CVar [[r.Tonemapper.GrainQuantization:1]]
[2022.01.13-17.43.29:569][  0]LogConfig: Setting CVar [[r.LightShaftQuality:1]]
[2022.01.13-17.43.29:569][  0]LogConfig: Setting CVar [[r.Filter.SizeScale:1]]
[2022.01.13-17.43.29:569][  0]LogConfig: Setting CVar [[r.Tonemapper.Quality:5]]
[2022.01.13-17.43.29:569][  0]LogConfig: Setting CVar [[r.DOF.Gather.AccumulatorQuality:1        ; higher gathering accumulator quality]]
[2022.01.13-17.43.29:569][  0]LogConfig: Setting CVar [[r.DOF.Gather.PostfilterMethod:1          ; Median3x3 postfilering method]]
[2022.01.13-17.43.29:569][  0]LogConfig: Setting CVar [[r.DOF.Gather.EnableBokehSettings:0       ; no bokeh simulation when gathering]]
[2022.01.13-17.43.29:569][  0]LogConfig: Setting CVar [[r.DOF.Gather.RingCount:4                 ; medium number of samples when gathering]]
[2022.01.13-17.43.29:569][  0]LogConfig: Setting CVar [[r.DOF.Scatter.ForegroundCompositing:1    ; additive foreground scattering]]
[2022.01.13-17.43.29:569][  0]LogConfig: Setting CVar [[r.DOF.Scatter.BackgroundCompositing:2    ; additive background scattering]]
[2022.01.13-17.43.29:569][  0]LogConfig: Setting CVar [[r.DOF.Scatter.EnableBokehSettings:1      ; bokeh simulation when scattering]]
[2022.01.13-17.43.29:569][  0]LogConfig: Setting CVar [[r.DOF.Scatter.MaxSpriteRatio:0.1         ; only a maximum of 10% of scattered bokeh]]
[2022.01.13-17.43.29:569][  0]LogConfig: Setting CVar [[r.DOF.Recombine.Quality:1                ; cheap slight out of focus]]
[2022.01.13-17.43.29:569][  0]LogConfig: Setting CVar [[r.DOF.Recombine.EnableBokehSettings:0    ; no bokeh simulation on slight out of focus]]
[2022.01.13-17.43.29:569][  0]LogConfig: Setting CVar [[r.DOF.TemporalAAQuality:1                ; more stable temporal accumulation]]
[2022.01.13-17.43.29:569][  0]LogConfig: Setting CVar [[r.DOF.Kernel.MaxForegroundRadius:0.025]]
[2022.01.13-17.43.29:569][  0]LogConfig: Setting CVar [[r.DOF.Kernel.MaxBackgroundRadius:0.025]]
[2022.01.13-17.43.29:569][  0]LogConfig: Applying CVar settings from Section [TextureQuality@3] File [C:/Users/SLATE 15/Documents/GitHub/Hannah-Ashna.github.io/FYP-Prototype/PrototypeV2/Saved/Config/Windows/Scalability.ini]
[2022.01.13-17.43.29:569][  0]LogConfig: Setting CVar [[r.Streaming.MipBias:0]]
[2022.01.13-17.43.29:569][  0]LogConfig: Setting CVar [[r.Streaming.AmortizeCPUToGPUCopy:0]]
[2022.01.13-17.43.29:569][  0]LogConfig: Setting CVar [[r.Streaming.MaxNumTexturesToStreamPerFrame:0]]
[2022.01.13-17.43.29:569][  0]LogConfig: Setting CVar [[r.Streaming.Boost:1]]
[2022.01.13-17.43.29:569][  0]LogConfig: Setting CVar [[r.MaxAnisotropy:8]]
[2022.01.13-17.43.29:569][  0]LogConfig: Setting CVar [[r.VT.MaxAnisotropy:8]]
[2022.01.13-17.43.29:569][  0]LogConfig: Setting CVar [[r.Streaming.LimitPoolSizeToVRAM:0]]
[2022.01.13-17.43.29:569][  0]LogConfig: Setting CVar [[r.Streaming.PoolSize:1000]]
[2022.01.13-17.43.29:569][  0]LogConfig: Setting CVar [[r.Streaming.MaxEffectiveScreenSize:0]]
[2022.01.13-17.43.29:569][  0]LogConfig: Applying CVar settings from Section [EffectsQuality@3] File [C:/Users/SLATE 15/Documents/GitHub/Hannah-Ashna.github.io/FYP-Prototype/PrototypeV2/Saved/Config/Windows/Scalability.ini]
[2022.01.13-17.43.29:569][  0]LogConfig: Setting CVar [[r.TranslucencyLightingVolumeDim:64]]
[2022.01.13-17.43.29:569][  0]LogConfig: Setting CVar [[r.RefractionQuality:2]]
[2022.01.13-17.43.29:569][  0]LogConfig: Setting CVar [[r.SSR.Quality:3]]
[2022.01.13-17.43.29:569][  0]LogConfig: Setting CVar [[r.SSR.HalfResSceneColor:0]]
[2022.01.13-17.43.29:569][  0]LogConfig: Setting CVar [[r.SceneColorFormat:4]]
[2022.01.13-17.43.29:569][  0]LogConfig: Setting CVar [[r.DetailMode:2]]
[2022.01.13-17.43.29:569][  0]LogConfig: Setting CVar [[r.TranslucencyVolumeBlur:1]]
[2022.01.13-17.43.29:570][  0]LogConfig: Setting CVar [[r.MaterialQualityLevel:1 ; High quality]]
[2022.01.13-17.43.29:570][  0]LogConfig: Setting CVar [[r.SSS.Scale:1]]
[2022.01.13-17.43.29:570][  0]LogConfig: Setting CVar [[r.SSS.SampleSet:2]]
[2022.01.13-17.43.29:570][  0]LogConfig: Setting CVar [[r.SSS.Quality:1]]
[2022.01.13-17.43.29:570][  0]LogConfig: Setting CVar [[r.SSS.HalfRes:0]]
[2022.01.13-17.43.29:570][  0]LogConfig: Setting CVar [[r.SSGI.Quality:3]]
[2022.01.13-17.43.29:570][  0]LogConfig: Setting CVar [[r.EmitterSpawnRateScale:1.0]]
[2022.01.13-17.43.29:570][  0]LogConfig: Setting CVar [[r.ParticleLightQuality:2]]
[2022.01.13-17.43.29:570][  0]LogConfig: Setting CVar [[r.SkyAtmosphere.AerialPerspectiveLUT.FastApplyOnOpaque:1 ; Always have FastSkyLUT 1 in this case to avoid wrong sky]]
[2022.01.13-17.43.29:570][  0]LogConfig: Setting CVar [[r.SkyAtmosphere.AerialPerspectiveLUT.SampleCountPerSlice:1]]
[2022.01.13-17.43.29:570][  0]LogConfig: Setting CVar [[r.SkyAtmosphere.AerialPerspectiveLUT.DepthResolution:16.0]]
[2022.01.13-17.43.29:570][  0]LogConfig: Setting CVar [[r.SkyAtmosphere.FastSkyLUT:1]]
[2022.01.13-17.43.29:570][  0]LogConfig: Setting CVar [[r.SkyAtmosphere.FastSkyLUT.SampleCountMin:4.0]]
[2022.01.13-17.43.29:570][  0]LogConfig: Setting CVar [[r.SkyAtmosphere.FastSkyLUT.SampleCountMax:32.0]]
[2022.01.13-17.43.29:570][  0]LogConfig: Setting CVar [[r.SkyAtmosphere.SampleCountMin:4.0]]
[2022.01.13-17.43.29:570][  0]LogConfig: Setting CVar [[r.SkyAtmosphere.SampleCountMax:32.0]]
[2022.01.13-17.43.29:570][  0]LogConfig: Setting CVar [[r.SkyAtmosphere.TransmittanceLUT.UseSmallFormat:0]]
[2022.01.13-17.43.29:570][  0]LogConfig: Setting CVar [[r.SkyAtmosphere.TransmittanceLUT.SampleCount:10.0]]
[2022.01.13-17.43.29:570][  0]LogConfig: Setting CVar [[r.SkyAtmosphere.MultiScatteringLUT.SampleCount:15.0]]
[2022.01.13-17.43.29:570][  0]LogConfig: Applying CVar settings from Section [FoliageQuality@3] File [C:/Users/SLATE 15/Documents/GitHub/Hannah-Ashna.github.io/FYP-Prototype/PrototypeV2/Saved/Config/Windows/Scalability.ini]
[2022.01.13-17.43.29:570][  0]LogConfig: Setting CVar [[foliage.DensityScale:1.0]]
[2022.01.13-17.43.29:570][  0]LogConfig: Setting CVar [[grass.DensityScale:1.0]]
[2022.01.13-17.43.29:570][  0]LogConfig: Applying CVar settings from Section [ShadingQuality@3] File [C:/Users/SLATE 15/Documents/GitHub/Hannah-Ashna.github.io/FYP-Prototype/PrototypeV2/Saved/Config/Windows/Scalability.ini]
[2022.01.13-17.43.29:570][  0]LogConfig: Setting CVar [[r.HairStrands.SkyLighting.SampleCount:16]]
[2022.01.13-17.43.29:570][  0]LogConfig: Setting CVar [[r.HairStrands.SkyLighting.JitterIntegration:0]]
[2022.01.13-17.43.29:570][  0]LogConfig: Setting CVar [[r.HairStrands.SkyAO.SampleCount:16]]
[2022.01.13-17.43.29:570][  0]LogConfig: Setting CVar [[r.HairStrands.DeepShadow.SuperSampling:0]]
[2022.01.13-17.43.29:570][  0]LogConfig: Setting CVar [[r.HairStrands.VisibilityPPLL:0]]
[2022.01.13-17.43.29:570][  0]LogConfig: Setting CVar [[r.HairStrands.RasterizationScale:0.5]]
[2022.01.13-17.43.29:570][  0]LogConfig: Setting CVar [[r.HairStrands.VelocityRasterizationScale:1]]
[2022.01.13-17.43.29:570][  0]LogConfig: Applying CVar settings from Section [Startup] File [../../../Engine/Config/ConsoleVariables.ini]
[2022.01.13-17.43.29:570][  0]LogConfig: Setting CVar [[net.UseAdaptiveNetUpdateFrequency:0]]
[2022.01.13-17.43.29:570][  0]LogConfig: Setting CVar [[p.chaos.AllowCreatePhysxBodies:1]]
[2022.01.13-17.43.29:570][  0]LogConfig: Setting CVar [[fx.SkipVectorVMBackendOptimizations:1]]
[2022.01.13-17.43.29:570][  0]LogConfig: Applying CVar settings from Section [ConsoleVariables] File [C:/Users/SLATE 15/Documents/GitHub/Hannah-Ashna.github.io/FYP-Prototype/PrototypeV2/Saved/Config/Windows/Engine.ini]
[2022.01.13-17.43.29:570][  0]LogInit: Computer: NOTAHACKER
[2022.01.13-17.43.29:570][  0]LogInit: User: SLATE15
[2022.01.13-17.43.29:571][  0]LogInit: CPU Page size=4096, Cores=6
[2022.01.13-17.43.29:571][  0]LogInit: High frequency timer resolution =10.000000 MHz
[2022.01.13-17.43.29:571][  0]LogMemory: Memory total: Physical=15.8GB (16GB approx)
[2022.01.13-17.43.29:571][  0]LogMemory: Platform Memory Stats for Windows
[2022.01.13-17.43.29:571][  0]LogMemory: Process Physical Memory: 118.93 MB used, 118.94 MB peak
[2022.01.13-17.43.29:571][  0]LogMemory: Process Virtual Memory: 97.33 MB used, 97.33 MB peak
[2022.01.13-17.43.29:571][  0]LogMemory: Physical Memory: 7324.95 MB used,  8862.61 MB free, 16187.55 MB total
[2022.01.13-17.43.29:571][  0]LogMemory: Virtual Memory: 5167.28 MB used,  134212560.00 MB free, 134217728.00 MB total
[2022.01.13-17.43.29:576][  0]LogWindows: WindowsPlatformFeatures enabled
[2022.01.13-17.43.29:643][  0]LogInit: Physics initialised using underlying interface: PhysX
[2022.01.13-17.43.29:645][  0]LogInit: Using OS detected language (en-US).
[2022.01.13-17.43.29:645][  0]LogInit: Using OS detected locale (en-GB).
[2022.01.13-17.43.29:648][  0]LogTextLocalizationManager: No specific localization for 'en-US' exists, so the 'en' localization will be used.
[2022.01.13-17.43.29:817][  0]LogInit: Setting process to per monitor DPI aware
[2022.01.13-17.43.29:845][  0]LogSlate: New Slate User Created.  User Index 0, Is Virtual User: 0
[2022.01.13-17.43.29:845][  0]LogSlate: Slate User Registered.  User Index 0, Is Virtual User: 0
[2022.01.13-17.43.29:978][  0]LogHMD: Failed to initialize OpenVR with code 110
[2022.01.13-17.43.29:978][  0]LogD3D11RHI: D3D11 min allowed feature level: 11_0
[2022.01.13-17.43.29:978][  0]LogD3D11RHI: D3D11 max allowed feature level: 11_0
[2022.01.13-17.43.29:978][  0]LogD3D11RHI: D3D11 adapters:
[2022.01.13-17.43.30:106][  0]LogD3D11RHI:    0. 'NVIDIA GeForce RTX 2060' (Feature Level 11_0)
[2022.01.13-17.43.30:106][  0]LogD3D11RHI:       5980/0/8093 MB DedicatedVideo/DedicatedSystem/SharedSystem, Outputs:1, VendorId:0x10de
[2022.01.13-17.43.30:139][  0]LogD3D11RHI:    1. 'Intel(R) UHD Graphics 630' (Feature Level 11_0)
[2022.01.13-17.43.30:139][  0]LogD3D11RHI:       128/0/8093 MB DedicatedVideo/DedicatedSystem/SharedSystem, Outputs:1, VendorId:0x8086
[2022.01.13-17.43.30:155][  0]LogD3D11RHI:    2. 'Microsoft Basic Render Driver' (Feature Level 11_0)
[2022.01.13-17.43.30:155][  0]LogD3D11RHI:       0/0/8093 MB DedicatedVideo/DedicatedSystem/SharedSystem, Outputs:0, VendorId:0x1414
[2022.01.13-17.43.30:155][  0]LogD3D11RHI: Chosen D3D11 Adapter: 0
[2022.01.13-17.43.30:162][  0]LogD3D11RHI: Creating new Direct3DDevice
[2022.01.13-17.43.30:162][  0]LogD3D11RHI:     GPU DeviceId: 0x1f11 (for the marketing name, search the web for "GPU Device Id")
[2022.01.13-17.43.30:162][  0]LogWindows: EnumDisplayDevices:
[2022.01.13-17.43.30:162][  0]LogWindows:    0. 'Intel(R) UHD Graphics 630' (P:0 D:1)
[2022.01.13-17.43.30:162][  0]LogWindows:    1. 'Intel(R) UHD Graphics 630' (P:0 D:0)
[2022.01.13-17.43.30:163][  0]LogWindows:    2. 'Intel(R) UHD Graphics 630' (P:0 D:0)
[2022.01.13-17.43.30:163][  0]LogWindows:    3. 'NVIDIA GeForce RTX 2060' (P:1 D:1)
[2022.01.13-17.43.30:163][  0]LogWindows:    4. 'NVIDIA GeForce RTX 2060' (P:0 D:0)
[2022.01.13-17.43.30:164][  0]LogWindows:    5. 'NVIDIA GeForce RTX 2060' (P:0 D:0)
[2022.01.13-17.43.30:164][  0]LogWindows:    6. 'NVIDIA GeForce RTX 2060' (P:0 D:0)
[2022.01.13-17.43.30:164][  0]LogWindows: DebugString: PrimaryIsNotTheChoosenAdapter PrimaryIsNotTheChoosenAdapter PrimaryIsNotTheChoosenAdapter FoundDriverCount:4 
[2022.01.13-17.43.30:164][  0]LogD3D11RHI:     Adapter Name: NVIDIA GeForce RTX 2060
[2022.01.13-17.43.30:164][  0]LogD3D11RHI:   Driver Version: 497.29 (internal:30.0.14.9729, unified:497.29)
[2022.01.13-17.43.30:164][  0]LogD3D11RHI:      Driver Date: 12-15-2021
[2022.01.13-17.43.30:164][  0]LogRHI: Texture pool is 4186 MB (70% of 5980 MB)
[2022.01.13-17.43.30:227][  0]LogD3D11RHI: RHI has support for 64 bit atomics
[2022.01.13-17.43.30:227][  0]LogD3D11RHI: Async texture creation enabled
[2022.01.13-17.43.30:227][  0]LogD3D11RHI: Array index from any shader is supported
[2022.01.13-17.43.30:247][  0]LogD3D11RHI: GPU Timing Frequency: 1000.000000 (Debug: 2 1)
[2022.01.13-17.43.30:562][  0]LogTargetPlatformManager: Display: Loaded TargetPlatform 'AllDesktop'
[2022.01.13-17.43.30:583][  0]LogTargetPlatformManager: Display: Loaded TargetPlatform 'Android'
[2022.01.13-17.43.30:583][  0]LogTargetPlatformManager: Display: Loaded TargetPlatform 'Android_ASTC'
[2022.01.13-17.43.30:583][  0]LogTargetPlatformManager: Display: Loaded TargetPlatform 'Android_DXT'
[2022.01.13-17.43.30:583][  0]LogTargetPlatformManager: Display: Loaded TargetPlatform 'Android_ETC2'
[2022.01.13-17.43.30:583][  0]LogTargetPlatformManager: Display: Loaded TargetPlatform 'AndroidClient'
[2022.01.13-17.43.30:583][  0]LogTargetPlatformManager: Display: Loaded TargetPlatform 'Android_ASTCClient'
[2022.01.13-17.43.30:583][  0]LogTargetPlatformManager: Display: Loaded TargetPlatform 'Android_DXTClient'
[2022.01.13-17.43.30:583][  0]LogTargetPlatformManager: Display: Loaded TargetPlatform 'Android_ETC2Client'
[2022.01.13-17.43.30:583][  0]LogTargetPlatformManager: Display: Loaded TargetPlatform 'Android_Multi'
[2022.01.13-17.43.30:583][  0]LogTargetPlatformManager: Display: Loaded TargetPlatform 'Android_MultiClient'
[2022.01.13-17.43.30:608][  0]LogTargetPlatformManager: Display: Loaded TargetPlatform 'IOSClient'
[2022.01.13-17.43.30:608][  0]LogTargetPlatformManager: Display: Loaded TargetPlatform 'IOS'
[2022.01.13-17.43.30:621][  0]LogTargetPlatformManager: Display: Loaded TargetPlatform 'Linux'
[2022.01.13-17.43.30:631][  0]LogTargetPlatformManager: Display: Loaded TargetPlatform 'LinuxNoEditor'
[2022.01.13-17.43.30:640][  0]LogTargetPlatformManager: Display: Loaded TargetPlatform 'LinuxClient'
[2022.01.13-17.43.30:649][  0]LogTargetPlatformManager: Display: Loaded TargetPlatform 'LinuxServer'
[2022.01.13-17.43.30:660][  0]LogTargetPlatformManager: Display: Loaded TargetPlatform 'LinuxAArch64NoEditor'
[2022.01.13-17.43.30:669][  0]LogTargetPlatformManager: Display: Loaded TargetPlatform 'LinuxAArch64Client'
[2022.01.13-17.43.30:679][  0]LogTargetPlatformManager: Display: Loaded TargetPlatform 'LinuxAArch64Server'
[2022.01.13-17.43.30:708][  0]LogTargetPlatformManager: Display: Loaded TargetPlatform 'Lumin'
[2022.01.13-17.43.30:708][  0]LogTargetPlatformManager: Display: Loaded TargetPlatform 'LuminClient'
[2022.01.13-17.43.30:725][  0]LogTargetPlatformManager: Display: Loaded TargetPlatform 'TVOSClient'
[2022.01.13-17.43.30:725][  0]LogTargetPlatformManager: Display: Loaded TargetPlatform 'TVOS'
[2022.01.13-17.43.30:735][  0]LogTargetPlatformManager: Display: Loaded TargetPlatform 'WindowsNoEditor'
[2022.01.13-17.43.30:745][  0]LogTargetPlatformManager: Display: Loaded TargetPlatform 'Windows'
[2022.01.13-17.43.30:753][  0]LogTargetPlatformManager: Display: Loaded TargetPlatform 'WindowsClient'
[2022.01.13-17.43.30:762][  0]LogTargetPlatformManager: Display: Loaded TargetPlatform 'WindowsServer'
[2022.01.13-17.43.30:762][  0]LogTargetPlatformManager: Display: Building Assets For Windows
[2022.01.13-17.43.30:769][  0]LogAudioDebug: Display: Lib vorbis DLL was dynamically loaded.
[2022.01.13-17.43.30:821][  0]LogShaderCompilers: Guid format shader working directory is -49 characters bigger than the processId version (../../../../../../Users/SLATE 15/Documents/GitHub/Hannah-Ashna.github.io/FYP-Prototype/PrototypeV2/Intermediate/Shaders/WorkingDirectory/9028/).
[2022.01.13-17.43.30:821][  0]LogShaderCompilers: Cleaned the shader compiler working directory 'C:/Users/SLATE 15/AppData/Local/Temp/UnrealShaderWorkingDir/8B65CB6E4F840B0FF78876815A9E215E/'.
[2022.01.13-17.43.30:823][  0]LogXGEController: Cleaning working directory: C:/Users/SLATE 15/AppData/Local/Temp/UnrealXGEWorkingDir/
[2022.01.13-17.43.30:823][  0]LogXGEController: Cannot use XGE Controller as Incredibuild is not installed on this machine.
[2022.01.13-17.43.30:823][  0]LogShaderCompilers: Cannot use XGE Shader Compiler as Incredibuild is not installed on this machine.
[2022.01.13-17.43.30:823][  0]LogShaderCompilers: Display: Using Local Shader Compiler.
[2022.01.13-17.43.31:555][  0]LogDerivedDataCache: Display: Max Cache Size: 512 MB
[2022.01.13-17.43.31:610][  0]LogDerivedDataCache: Loaded boot cache 0.06s 75MB C:/Users/SLATE 15/AppData/Local/UnrealEngine/4.25/DerivedDataCache/Boot.ddc.
[2022.01.13-17.43.31:610][  0]LogDerivedDataCache: Display: Loaded Boot cache: C:/Users/SLATE 15/AppData/Local/UnrealEngine/4.25/DerivedDataCache/Boot.ddc
[2022.01.13-17.43.31:610][  0]LogDerivedDataCache: FDerivedDataBackendGraph:  Pak pak cache file ../../../../../../Users/SLATE 15/Documents/GitHub/Hannah-Ashna.github.io/FYP-Prototype/PrototypeV2/DerivedDataCache/DDC.ddp not found, will not use a pak cache.
[2022.01.13-17.43.31:610][  0]LogDerivedDataCache: Unable to find inner node Pak for hierarchical cache Hierarchy.
[2022.01.13-17.43.31:610][  0]LogDerivedDataCache: FDerivedDataBackendGraph:  CompressedPak pak cache file ../../../../../../Users/SLATE 15/Documents/GitHub/Hannah-Ashna.github.io/FYP-Prototype/PrototypeV2/DerivedDataCache/Compressed.ddp not found, will not use a pak cache.
[2022.01.13-17.43.31:610][  0]LogDerivedDataCache: Unable to find inner node CompressedPak for hierarchical cache Hierarchy.
[2022.01.13-17.43.31:619][  0]LogDerivedDataCache: Display: Pak cache opened for reading ../../../Engine/DerivedDataCache/Compressed.ddp.
[2022.01.13-17.43.31:619][  0]LogDerivedDataCache: FDerivedDataBackendGraph:  EnterprisePak pak cache file ../../../Enterprise/DerivedDataCache/Compressed.ddp not found, will not use a pak cache.
[2022.01.13-17.43.31:619][  0]LogDerivedDataCache: Unable to find inner node EnterprisePak for hierarchical cache Hierarchy.
[2022.01.13-17.43.31:620][  0]LogDerivedDataCache: Using Local data cache path C:/Users/SLATE 15/AppData/Local/UnrealEngine/Common/DerivedDataCache: Writable
[2022.01.13-17.43.31:620][  0]LogDerivedDataCache: Shared data cache path not found in *engine.ini, will not use an Shared cache.
[2022.01.13-17.43.31:620][  0]LogDerivedDataCache: Unable to find inner node Shared for hierarchical cache Hierarchy.
[2022.01.13-17.43.31:665][  0]LogSlate: Using FreeType 2.10.0
[2022.01.13-17.43.31:665][  0]LogSlate: SlateFontServices - WITH_FREETYPE: 1, WITH_HARFBUZZ: 1
[2022.01.13-17.43.31:694][  0]LogAssetRegistry: FAssetRegistry took 0.0026 seconds to start up
[2022.01.13-17.43.31:916][  0]LogInit: Selected Device Profile: [Windows]
[2022.01.13-17.43.32:031][  0]LogMeshReduction: Using QuadricMeshReduction for automatic static mesh reduction
[2022.01.13-17.43.32:031][  0]LogMeshReduction: Using SimplygonMeshReduction for automatic skeletal mesh reduction
[2022.01.13-17.43.32:031][  0]LogMeshReduction: Using ProxyLODMeshReduction for automatic mesh merging
[2022.01.13-17.43.32:031][  0]LogMeshReduction: No distributed automatic mesh merging module available
[2022.01.13-17.43.32:031][  0]LogMeshMerging: No distributed automatic mesh merging module available
[2022.01.13-17.43.32:046][  0]LogNetVersion: PrototypeV2 1.0.0, NetCL: 13144385, EngineNetVer: 14, GameNetVer: 0 (Checksum: 1038975548)
[2022.01.13-17.43.32:461][  0]LogAISub: UAISubsystem::UAISubsystem AISubsystem (0000025448D7DBC0), frame # 0
[2022.01.13-17.43.32:461][  0]LogAISub: UAISubsystem::UAISubsystem AIPerceptionSystem (0000025448CB3D80), frame # 0
[2022.01.13-17.43.32:462][  0]LogAISub: UAISubsystem::UAISubsystem EnvQueryManager (0000025448D3C800), frame # 0
[2022.01.13-17.43.32:498][  0]LogPackageLocalizationCache: Processed 19 localized package path(s) for 1 prioritized culture(s) in 0.031657 seconds
[2022.01.13-17.43.32:503][  0]LogUObjectArray: 15917 objects as part of root set at end of initial load.
[2022.01.13-17.43.32:503][  0]LogUObjectAllocator: 3965568 out of 0 bytes used by permanent object pool.
[2022.01.13-17.43.32:503][  0]LogUObjectArray: CloseDisregardForGC: 0/0 objects in disregard for GC pool
[2022.01.13-17.43.32:823][  0]LogTcpMessaging: Initializing TcpMessaging bridge
[2022.01.13-17.43.32:826][  0]LogUdpMessaging: Initializing bridge on interface 0.0.0.0:0 to multicast group 230.0.0.1:6666.
[2022.01.13-17.43.32:893][  0]SourceControl: Source control is disabled
[2022.01.13-17.43.32:893][  0]SourceControl: Source control is disabled
[2022.01.13-17.43.32:896][  0]SourceControl: Source control is disabled
[2022.01.13-17.43.32:900][  0]SourceControl: Source control is disabled
[2022.01.13-17.43.32:905][  0]SourceControl: Source control is disabled
[2022.01.13-17.43.33:138][  0]LogAndroidPermission: UAndroidPermissionCallbackProxy::GetInstance
[2022.01.13-17.43.33:155][  0]LogAudioCaptureCore: Display: No Audio Capture implementations found. Audio input will be silent.
[2022.01.13-17.43.33:155][  0]LogAudioCaptureCore: Display: No Audio Capture implementations found. Audio input will be silent.
[2022.01.13-17.43.33:198][  0]LogOcInput: OculusInput pre-init called
[2022.01.13-17.43.33:209][  0]LogWindows: Failed to load 'OVRPlugin.dll' (GetLastError=126)
[2022.01.13-17.43.33:209][  0]LogWindows: File 'OVRPlugin.dll' does not exist
[2022.01.13-17.43.33:263][  0]LogEngine: Initializing Engine...
[2022.01.13-17.43.33:265][  0]LogHMD: Failed to initialize OpenVR with code 110
[2022.01.13-17.43.33:265][  0]LogMagicLeap: Warning: VR disabled because ZI is not enabled.  To enable, in the editor, Edit -> Project Settings -> Plugins -> Magic Leap Plugin -> Enable Zero Iteration
[2022.01.13-17.43.33:265][  0]LogStats: UGameplayTagsManager::InitializeManager -  0.000 s
[2022.01.13-17.43.33:379][  0]LogInit: Initializing FReadOnlyCVARCache
[2022.01.13-17.43.33:392][  0]LogAIModule: Creating AISystem for world Untitled
[2022.01.13-17.43.33:392][  0]LogAISub: UAISubsystem::UAISubsystem EnvQueryManager (000002544E333C00), frame # 0
[2022.01.13-17.43.33:392][  0]LogAISub: UAISubsystem::UAISubsystem AIPerceptionSystem (000002544E391800), frame # 0
[2022.01.13-17.43.33:409][  0]LogAudioMixer: Display: Audio Mixer Platform Settings:
[2022.01.13-17.43.33:409][  0]LogAudioMixer: Display: 	Sample Rate:						  48000
[2022.01.13-17.43.33:409][  0]LogAudioMixer: Display: 	Callback Buffer Frame Size Requested: 1024
[2022.01.13-17.43.33:409][  0]LogAudioMixer: Display: 	Callback Buffer Frame Size To Use:	  1024
[2022.01.13-17.43.33:409][  0]LogAudioMixer: Display: 	Number of buffers to queue:			  2
[2022.01.13-17.43.33:409][  0]LogAudioMixer: Display: 	Max Channels (voices):				  32
[2022.01.13-17.43.33:409][  0]LogAudioMixer: Display: 	Number of Async Source Workers:		  0
[2022.01.13-17.43.33:409][  0]LogAudio: Display: AudioDevice MaxSources: 32
[2022.01.13-17.43.33:409][  0]LogAudio: Display: Using built-in audio occlusion.
[2022.01.13-17.43.33:409][  0]LogAudioMixer: Display: Initializing audio mixer.
[2022.01.13-17.43.33:437][  0]LogAudioMixer: Display: 0: FrontLeft
[2022.01.13-17.43.33:438][  0]LogAudioMixer: Display: 1: FrontRight
[2022.01.13-17.43.33:485][  0]LogAudioMixer: Display: Using Audio Device Speakers (Realtek(R) Audio)
[2022.01.13-17.43.33:487][  0]LogAudioMixer: Display: Initializing Sound Submixes...
[2022.01.13-17.43.33:489][  0]LogAudioMixer: Display: Creating Master Submix 'MasterSubmixDefault'
[2022.01.13-17.43.33:489][  0]LogAudioMixer: Display: Creating Master Submix 'MasterReverbSubmixDefault'
[2022.01.13-17.43.33:490][  0]LogAudioMixer: Display: Creating Master Submix 'MasterEQSubmixDefault'
[2022.01.13-17.43.33:490][  0]LogInit: FAudioDevice initialized.
[2022.01.13-17.43.33:491][  0]LogNetVersion: Set ProjectVersion to 1.0.0.0. Version Checksum will be recalculated on next use.
[2022.01.13-17.43.33:529][  0]LogDerivedDataCache: Saved boot cache 0.04s 75MB C:/Users/SLATE 15/AppData/Local/UnrealEngine/4.25/DerivedDataCache/Boot.ddc.
[2022.01.13-17.43.33:530][  0]LogInit: Texture streaming: Enabled
[2022.01.13-17.43.33:545][  0]LogEngineSessionManager: EngineSessionManager initialized
[2022.01.13-17.43.33:545][  0]LogEditorSessionSummary: Verbose: Initializing EditorSessionSummaryWriter for editor session tracking
[2022.01.13-17.43.33:547][  0]LogEditorSessionSummary: EditorSessionSummaryWriter initialized
[2022.01.13-17.43.33:580][  0]LogInit: Transaction tracking system initialized
[2022.01.13-17.43.33:598][  0]BlueprintLog: New page: Editor Load
[2022.01.13-17.43.33:670][  0]LocalizationService: Localization service is disabled
[2022.01.13-17.43.33:804][  0]LogCook: Display: Max memory allowance for cook 16384mb min free memory 0mb
[2022.01.13-17.43.33:804][  0]LogCook: Display: Mobile HDR setting 1
[2022.01.13-17.43.33:917][  0]LogFileCache: Scanning file cache for directory 'C:/Users/SLATE 15/Documents/GitHub/Hannah-Ashna.github.io/FYP-Prototype/PrototypeV2/Content/' took 0.01s
[2022.01.13-17.43.34:159][  0]SourceControl: Source control is disabled
[2022.01.13-17.43.34:159][  0]LogUnrealEdMisc: Loading editor; pre map load, took 6.230
[2022.01.13-17.43.34:159][  0]LightingResults: New page: Lighting Build
[2022.01.13-17.43.34:160][  0]LogWorld: UWorld::CleanupWorld for Untitled, bSessionEnded=true, bCleanupResources=true
[2022.01.13-17.43.34:160][  0]LogSlate: InvalidateAllWidgets triggered.  All widgets were invalidated
[2022.01.13-17.43.34:160][  0]MapCheck: New page: Map Check
[2022.01.13-17.43.34:160][  0]LightingResults: New page: Lighting Build
[2022.01.13-17.43.34:170][  0]LogAISub: UAISubsystem::~UAISubsystem EnvQueryManager (000002544E333C00), frame # 0
[2022.01.13-17.43.34:170][  0]LogAISub: UAISubsystem::~UAISubsystem AIPerceptionSystem (000002544E391800), frame # 0
[2022.01.13-17.43.34:171][  0]LogUObjectHash: Compacting FUObjectHashTables data took   0.62ms
[2022.01.13-17.43.34:367][  0]LogAIModule: Creating AISystem for world VehicleExampleMap
[2022.01.13-17.43.34:367][  0]LogAISub: UAISubsystem::UAISubsystem EnvQueryManager (0000025440636400), frame # 0
[2022.01.13-17.43.34:367][  0]LogAISub: UAISubsystem::UAISubsystem AIPerceptionSystem (000002544EC8AD40), frame # 0
[2022.01.13-17.43.34:382][  0]LogEditorServer: Finished looking for orphan Actors (0.000 secs)
[2022.01.13-17.43.34:394][  0]LogUObjectHash: Compacting FUObjectHashTables data took   0.73ms
[2022.01.13-17.43.34:395][  0]Cmd: MAP CHECKDEP NOCLEARLOG
[2022.01.13-17.43.34:395][  0]MapCheck: Map check complete: 0 Error(s), 0 Warning(s), took 0.183ms to complete.
[2022.01.13-17.43.34:395][  0]LogFileHelpers: Loading map 'VehicleExampleMap' took 0.237
[2022.01.13-17.43.34:396][  0]LogUnrealEdMisc: Total Editor Startup Time, took 6.468
[2022.01.13-17.43.34:531][  0]LogSlate: Updating window title bar state: overlay mode, drag disabled, window buttons hidden, title bar hidden
[2022.01.13-17.43.34:537][  0]LogSlate: Updating window title bar state: overlay mode, drag disabled, window buttons hidden, title bar hidden
[2022.01.13-17.43.34:544][  0]LogSlate: Updating window title bar state: overlay mode, drag disabled, window buttons hidden, title bar hidden
[2022.01.13-17.43.34:549][  0]LogSlate: Updating window title bar state: overlay mode, drag disabled, window buttons hidden, title bar hidden
[2022.01.13-17.43.34:558][  0]LogCollectionManager: Loaded 0 collections in 0.001542 seconds
[2022.01.13-17.43.34:572][  0]LogFileCache: Scanning file cache for directory 'C:/Users/SLATE 15/Documents/GitHub/Hannah-Ashna.github.io/FYP-Prototype/PrototypeV2/Saved/Collections/' took 0.00s
[2022.01.13-17.43.34:572][  0]LogFileCache: Scanning file cache for directory 'C:/Users/SLATE 15/Documents/GitHub/Hannah-Ashna.github.io/FYP-Prototype/PrototypeV2/Content/Developers/SLATE15/Collections/' took 0.00s
[2022.01.13-17.43.34:572][  0]LogFileCache: Scanning file cache for directory 'C:/Users/SLATE 15/Documents/GitHub/Hannah-Ashna.github.io/FYP-Prototype/PrototypeV2/Content/Collections/' took 0.00s
[2022.01.13-17.43.34:572][  0]LogContentBrowser: Native class hierarchy populated in 0.0078 seconds. Added 3429 classes and 824 folders.
[2022.01.13-17.43.34:576][  0]LogContentBrowser: Native class hierarchy updated for 'WidgetCarousel' in 0.0003 seconds. Added 0 classes and 0 folders.
[2022.01.13-17.43.34:622][  0]LogContentBrowser: Native class hierarchy updated for 'AddContentDialog' in 0.0004 seconds. Added 0 classes and 0 folders.
[2022.01.13-17.43.34:623][  0]LogContentBrowser: Native class hierarchy updated for 'SceneOutliner' in 0.0002 seconds. Added 2 classes and 0 folders.
[2022.01.13-17.43.34:657][  0]LogSlate: Took 0.000205 seconds to synchronously load lazily loaded font '../../../Engine/Content/Slate/Fonts/Roboto-Regular.ttf' (155K)
[2022.01.13-17.43.34:658][  0]LogSlate: Took 0.000095 seconds to synchronously load lazily loaded font '../../../Engine/Content/Slate/Fonts/Roboto-Bold.ttf' (160K)
[2022.01.13-17.43.34:661][  0]LogSlate: Took 0.000099 seconds to synchronously load lazily loaded font '../../../Engine/Content/Editor/Slate/Fonts/FontAwesome.ttf' (139K)
[2022.01.13-17.43.34:721][  0]LogRenderer: Reallocating scene render targets to support 1344x640 Format 10 NumSamples 1 (Frame:1).
[2022.01.13-17.43.34:816][  0]LogContentBrowser: Native class hierarchy updated for 'HierarchicalLODOutliner' in 0.0003 seconds. Added 0 classes and 0 folders.
[2022.01.13-17.43.34:816][  0]LogLoad: (Engine Initialization) Total time: 6.89 seconds
[2022.01.13-17.43.34:816][  0]LogLoad: (Engine Initialization) Total Blueprint compile time: 0.00 seconds
[2022.01.13-17.43.34:836][  0]LogRawInputWindows: Warning: Found device 17 devices
[2022.01.13-17.43.34:838][  0]LogRawInputWindows: Warning: Found device 17 devices
[2022.01.13-17.43.34:838][  0]LogRawInputWindows: Warning: Device was registered succesfully but not connected (Usage:4 UsagePage:1)
[2022.01.13-17.43.34:838][  0]LogRawInputWindows: Warning: Found device 17 devices
[2022.01.13-17.43.34:838][  0]LogRawInputWindows: Warning: Device was registered succesfully but not connected (Usage:5 UsagePage:1)
[2022.01.13-17.43.34:865][  0]LogAssetRegistry: Asset discovery search completed in 3.1718 seconds
[2022.01.13-17.43.34:869][  0]LogCollectionManager: Fixed up redirectors for 0 collections in 0.000003 seconds (updated 0 objects)
[2022.01.13-17.43.34:872][  0]LogContentStreaming: Texture pool size now 1000 MB
[2022.01.13-17.43.34:891][  0]LogSlate: Took 0.000814 seconds to synchronously load lazily loaded font '../../../Engine/Content/Slate/Fonts/Roboto-Light.ttf' (167K)
[2022.01.13-17.43.35:850][ 51]LogSlate: Took 0.000173 seconds to synchronously load lazily loaded font '../../../Engine/Content/Slate/Fonts/Roboto-Light.ttf' (167K)
[2022.01.13-17.44.03:417][637]LogEditorViewport: Clicking on Actor (LMB): Sedan_C (Sedan)
[2022.01.13-17.44.08:894][942]LogStaticMesh: Building static mesh StreetLines...
[2022.01.13-17.44.08:934][942]LogTexture: Display: Building textures: T_DebrisMisc_O (AutoDXT, 2048X2048)
[2022.01.13-17.44.08:976][942]LogStaticMesh: Built static mesh [0.08s] /Game/AutomotiveBridgeScene/Meshes/Environment/Bridge/StreetLines.StreetLines
[2022.01.13-17.44.15:132][942]LogTexture: Display: Building textures: T_DebrisMisc_R (AutoDXT, 2048X2048)
[2022.01.13-17.44.15:132][942]LogTexture: Display: Building textures: T_DebrisMisc_A (AutoDXT, 2048X2048)
[2022.01.13-17.44.15:132][942]LogTexture: Display: Building textures: T_DebrisMisc_N (BC5, 2048X2048)
[2022.01.13-17.44.15:132][942]LogTexture: Display: Building textures: T_PaintedLineCracked_R (AutoDXT, 8192X1024)
[2022.01.13-17.44.15:132][942]LogTexture: Display: Building textures: T_PaintedLineCracked_O (AutoDXT, 8192X1024)
[2022.01.13-17.44.15:132][942]LogTexture: Display: Building textures: T_PaintedLineCracked_N (BC5, 8192X1024)
[2022.01.13-17.44.15:132][942]LogTexture: Display: Building textures: T_PaintedLineYellow_A (AutoDXT, 8192X1024)
[2022.01.13-17.44.15:132][942]LogMaterial: Display: Missing cached shader map for material M_DecalMaster, compiling. 
[2022.01.13-17.44.15:346][942]LogShaderCompilers: Display: Worker (1/9): shaders left to compile 133
[2022.01.13-17.44.15:346][942]LogShaderCompilers: Display: Worker (2/9): shaders left to compile 123
[2022.01.13-17.44.15:346][942]LogShaderCompilers: Display: Worker (3/9): shaders left to compile 113
[2022.01.13-17.44.15:346][942]LogShaderCompilers: Display: Worker (4/9): shaders left to compile 103
[2022.01.13-17.44.15:346][942]LogShaderCompilers: Display: Worker (5/9): shaders left to compile 93
[2022.01.13-17.44.15:346][942]LogShaderCompilers: Display: Worker (6/9): shaders left to compile 83
[2022.01.13-17.44.15:346][942]LogShaderCompilers: Display: Worker (7/9): shaders left to compile 73
[2022.01.13-17.44.15:346][942]LogShaderCompilers: Display: Worker (8/9): shaders left to compile 63
[2022.01.13-17.44.15:368][942]LogActorFactory: Actor Factory created StreetLines
[2022.01.13-17.44.15:468][942]LogActorFactory: Actor Factory created StreetLines
[2022.01.13-17.44.21:404][203]LogShaderCompilers: Display: Worker (1/9): shaders left to compile 53
[2022.01.13-17.44.22:101][236]LogShaderCompilers: Display: Worker (2/9): shaders left to compile 46
[2022.01.13-17.44.22:146][238]LogShaderCompilers: Display: Worker (8/9): shaders left to compile 40
[2022.01.13-17.44.22:276][244]LogShaderCompilers: Display: Worker (6/9): shaders left to compile 34
[2022.01.13-17.44.22:334][247]LogShaderCompilers: Display: Worker (3/9): shaders left to compile 29
[2022.01.13-17.44.22:391][250]LogShaderCompilers: Display: Worker (5/9): shaders left to compile 25
[2022.01.13-17.44.23:410][282]LogShaderCompilers: Display: Worker (7/9): shaders left to compile 21
[2022.01.13-17.44.23:676][291]LogShaderCompilers: Display: Worker (4/9): shaders left to compile 18
[2022.01.13-17.44.24:803][342]LogShaderCompilers: Display: Worker (5/9): shaders left to compile 15
[2022.01.13-17.44.25:041][354]Cmd: DELETE
[2022.01.13-17.44.25:041][354]Cmd: ACTOR DELETE
[2022.01.13-17.44.25:068][354]LogEditorActor: Deleted Actor: StaticMeshActor
[2022.01.13-17.44.25:087][354]LogUObjectHash: Compacting FUObjectHashTables data took   2.03ms
[2022.01.13-17.44.25:102][354]LogEditorActor: Deleted 1 Actors (0.046 secs)
[2022.01.13-17.44.25:705][386]LogShaderCompilers: Display: Worker (2/9): shaders left to compile 13
[2022.01.13-17.44.25:809][392]LogShaderCompilers: Display: Worker (3/9): shaders left to compile 11
[2022.01.13-17.44.25:842][394]LogShaderCompilers: Display: Worker (5/9): shaders left to compile 9
[2022.01.13-17.44.25:985][402]LogShaderCompilers: Display: Worker (4/9): shaders left to compile 7
[2022.01.13-17.44.26:147][411]LogShaderCompilers: Display: Worker (7/9): shaders left to compile 6
[2022.01.13-17.44.26:147][411]LogShaderCompilers: Display: Worker (8/9): shaders left to compile 5
[2022.01.13-17.44.26:207][414]LogShaderCompilers: Display: Worker (1/9): shaders left to compile 4
[2022.01.13-17.44.26:419][426]LogShaderCompilers: Display: Worker (4/9): shaders left to compile 3
[2022.01.13-17.44.26:438][427]LogShaderCompilers: Display: Worker (2/9): shaders left to compile 2
[2022.01.13-17.44.26:759][444]LogShaderCompilers: Display: Worker (6/9): shaders left to compile 1
[2022.01.13-17.44.28:070][519]LogEditorViewport: Clicking on Actor (LMB): Pathway_C (AAAAA)
[2022.01.13-17.44.34:249][886]LogTemp: Repeating last play command: Selected Viewport
[2022.01.13-17.44.34:266][886]LogPlayLevel: PlayLevel: No blueprints needed recompiling
[2022.01.13-17.44.34:268][886]PIE: New page: PIE session: VehicleExampleMap (13 Jan 2022, 17:44:34)
[2022.01.13-17.44.34:271][886]LogOnline: OSS: Creating online subsystem instance for: NULL
[2022.01.13-17.44.34:274][886]LogOnline: OSS: TryLoadSubsystemAndSetDefault: Loaded subsystem for module [NULL]
[2022.01.13-17.44.34:276][886]LogPlayLevel: Creating play world package: /Game/VehicleBP/Maps/UEDPIE_0_VehicleExampleMap
[2022.01.13-17.44.34:292][886]LogPlayLevel: PIE: StaticDuplicateObject took: (0.016645s)
[2022.01.13-17.44.34:294][886]LogAIModule: Creating AISystem for world VehicleExampleMap
[2022.01.13-17.44.34:294][886]LogAISub: UAISubsystem::UAISubsystem EnvQueryManager (0000025488CC2E00), frame # 2886
[2022.01.13-17.44.34:294][886]LogAISub: UAISubsystem::UAISubsystem AIPerceptionSystem (000002544E665440), frame # 2886
[2022.01.13-17.44.34:295][886]LogPlayLevel: PIE: World Init took: (0.002079s)
[2022.01.13-17.44.34:295][886]LogPlayLevel: PIE: Created PIE world by copying editor world from /Game/VehicleBP/Maps/VehicleExampleMap.VehicleExampleMap to /Game/VehicleBP/Maps/UEDPIE_0_VehicleExampleMap.VehicleExampleMap (0.019529s)
[2022.01.13-17.44.34:321][886]LogUObjectHash: Compacting FUObjectHashTables data took   0.49ms
[2022.01.13-17.44.34:324][886]LogAudioMixer: Display: Audio Mixer Platform Settings:
[2022.01.13-17.44.34:324][886]LogAudioMixer: Display: 	Sample Rate:						  48000
[2022.01.13-17.44.34:324][886]LogAudioMixer: Display: 	Callback Buffer Frame Size Requested: 1024
[2022.01.13-17.44.34:324][886]LogAudioMixer: Display: 	Callback Buffer Frame Size To Use:	  1024
[2022.01.13-17.44.34:324][886]LogAudioMixer: Display: 	Number of buffers to queue:			  2
[2022.01.13-17.44.34:324][886]LogAudioMixer: Display: 	Max Channels (voices):				  32
[2022.01.13-17.44.34:324][886]LogAudioMixer: Display: 	Number of Async Source Workers:		  0
[2022.01.13-17.44.34:324][886]LogAudio: Display: AudioDevice MaxSources: 32
[2022.01.13-17.44.34:325][886]LogAudio: Display: Using built-in audio occlusion.
[2022.01.13-17.44.34:325][886]LogAudioMixer: Display: Initializing audio mixer.
[2022.01.13-17.44.34:329][886]LogAudioMixer: Display: 0: FrontLeft
[2022.01.13-17.44.34:329][886]LogAudioMixer: Display: 1: FrontRight
[2022.01.13-17.44.34:359][886]LogAudioMixer: Display: Using Audio Device Speakers (Realtek(R) Audio)
[2022.01.13-17.44.34:359][886]LogAudioMixer: Display: Initializing Sound Submixes...
[2022.01.13-17.44.34:359][886]LogAudioMixer: Display: Creating Master Submix 'MasterSubmixDefault'
[2022.01.13-17.44.34:359][886]LogAudioMixer: Display: Creating Master Submix 'MasterReverbSubmixDefault'
[2022.01.13-17.44.34:359][886]LogAudioMixer: Display: Creating Master Submix 'MasterEQSubmixDefault'
[2022.01.13-17.44.34:371][886]LogInit: FAudioDevice initialized.
[2022.01.13-17.44.34:381][886]LogLoad: Game class is 'VehicleGameMode_C'
[2022.01.13-17.44.34:413][886]LogWorld: Bringing World /Game/VehicleBP/Maps/UEDPIE_0_VehicleExampleMap.VehicleExampleMap up for play (max tick rate 60) at 2022.01.13-17.44.34
[2022.01.13-17.44.34:421][886]LogWorld: Bringing up level for play took: 0.011499
[2022.01.13-17.44.34:422][886]LogOnline: OSS: Creating online subsystem instance for: :Context_3
[2022.01.13-17.44.34:445][886]LogContentBrowser: Native class hierarchy updated for 'MovieSceneCapture' in 0.0004 seconds. Added 20 classes and 0 folders.
[2022.01.13-17.44.34:452][886]PIE: Server logged in
[2022.01.13-17.44.34:455][886]PIE: Play in editor total start time 0.196 seconds.
[2022.01.13-17.44.39:686][193]LogSlate: Updating window title bar state: overlay mode, drag disabled, window buttons hidden, title bar hidden
[2022.01.13-17.44.39:686][193]LogWorld: BeginTearingDown for /Game/VehicleBP/Maps/UEDPIE_0_VehicleExampleMap
[2022.01.13-17.44.39:686][193]LogWorld: UWorld::CleanupWorld for VehicleExampleMap, bSessionEnded=true, bCleanupResources=true
[2022.01.13-17.44.39:686][193]LogSlate: InvalidateAllWidgets triggered.  All widgets were invalidated
[2022.01.13-17.44.39:697][193]LogPlayLevel: Display: Shutting down PIE online subsystems
[2022.01.13-17.44.39:699][193]LogSlate: InvalidateAllWidgets triggered.  All widgets were invalidated
[2022.01.13-17.44.39:723][193]LogSlate: Updating window title bar state: overlay mode, drag disabled, window buttons hidden, title bar hidden
[2022.01.13-17.44.39:724][193]LogAISub: UAISubsystem::~UAISubsystem AIPerceptionSystem (000002544E665440), frame # 3193
[2022.01.13-17.44.39:724][193]LogAISub: UAISubsystem::~UAISubsystem EnvQueryManager (0000025488CC2E00), frame # 3193
[2022.01.13-17.44.39:724][193]LogUObjectHash: Compacting FUObjectHashTables data took   0.53ms
[2022.01.13-17.44.39:744][194]LogPlayLevel: Display: Destroying online subsystem :Context_3
[2022.01.13-17.44.50:346][808]LogStaticMesh: Building static mesh SM_roadwayStraightAsphalt...
[2022.01.13-17.44.50:513][808]LogStaticMesh: Built static mesh [0.17s] /Game/AutomotiveBridgeScene/Meshes/Environment/Bridge/SM_roadwayStraightAsphalt.SM_roadwayStraightAsphalt
[2022.01.13-17.44.50:578][808]LogActorFactory: Actor Factory created SM_roadwayStraightAsphalt
[2022.01.13-17.44.51:337][852]LogActorFactory: Actor Factory created SM_roadwayStraightAsphalt
[2022.01.13-17.45.51:268][387]LogTexture: Display: Building textures: T_RoadBreak_A (AutoDXT, 2048X2048)
[2022.01.13-17.45.51:286][387]LogTexture: Display: Building textures: T_Road_02_R (AutoDXT, 4096X4096)
[2022.01.13-17.45.51:286][387]LogTexture: Display: Building textures: T_Road_02_AO (AutoDXT, 4096X4096)
[2022.01.13-17.45.51:286][387]LogTexture: Display: Building textures: T_Road_02_A (AutoDXT, 4096X4096)
[2022.01.13-17.45.51:286][387]LogTexture: Display: Building textures: T_Road_02_N (BC5, 4096X4096)
[2022.01.13-17.45.51:286][387]LogTexture: Display: Building textures: T_Asphalt_Cracked_R (AutoDXT, 8192X8192)
[2022.01.13-17.45.51:286][387]LogTexture: Display: Building textures: T_Asphalt_Cracked_AO (AutoDXT, 8192X8192)
[2022.01.13-17.45.51:286][387]LogTexture: Display: Building textures: T_Asphalt_Cracked_A (AutoDXT, 8192X8192)
[2022.01.13-17.45.51:286][387]LogTexture: Display: Building textures: T_Asphalt_Cracked_N (BC5, 8192X8192)
[2022.01.13-17.45.51:286][387]LogAudioMixer: Display: Audio Buffer Underrun detected.
[2022.01.13-17.45.51:286][387]LogAudioMixer: Display: Audio Buffer Underrun detected.
[2022.01.13-17.45.51:286][387]LogAudioMixer: Display: Audio Buffer Underrun detected.
[2022.01.13-17.45.51:286][387]LogMaterial: Display: Missing cached shader map for material M_MasterMaterial, compiling. 
