Log file open, 01/16/23 20:56:57
LogWindows: Failed to load 'aqProf.dll' (GetLastError=126)
LogWindows: File 'aqProf.dll' does not exist
LogWindows: Failed to load 'VtuneApi.dll' (GetLastError=126)
LogWindows: File 'VtuneApi.dll' does not exist
LogWindows: Failed to load 'VtuneApi32e.dll' (GetLastError=126)
LogWindows: File 'VtuneApi32e.dll' does not exist
LogConsoleResponse: Display: Failed to find resolution value strings in scalability ini. Falling back to default.
LogConsoleResponse: Display: Failed to find resolution value strings in scalability ini. Falling back to default.
LogInit: Display: Running engine for game: PrototypeV6
LogPlatformFile: Not using cached read wrapper
LogTaskGraph: Started task graph with 5 named threads and 35 total threads with 3 sets of task threads.
LogStats: Stats thread started at 0.333383
LogICUInternationalization: ICU TimeZone Detection - Raw Offset: +0:00, Platform Override: ''
LogInit: Display: Loading text-based GConfig....
LogPluginManager: Mounting plugin MeshPainting
LogPluginManager: Mounting plugin XGEController
LogPluginManager: Mounting plugin Paper2D
LogPluginManager: Mounting plugin AISupport
LogPluginManager: Mounting plugin EnvironmentQueryEditor
LogPluginManager: Mounting plugin LightPropagationVolume
LogPluginManager: Mounting plugin LiveLink
LogPluginManager: Mounting plugin CameraShakePreviewer
LogPluginManager: Mounting plugin GameplayCameras
LogPluginManager: Mounting plugin AssetManagerEditor
LogPluginManager: Mounting plugin CryptoKeys
LogPluginManager: Mounting plugin CurveEditorTools
LogPluginManager: Mounting plugin FacialAnimation
LogPluginManager: Mounting plugin DataValidation
LogPluginManager: Mounting plugin GameplayTagsEditor
LogPluginManager: Mounting plugin MaterialAnalyzer
LogPluginManager: Mounting plugin MacGraphicsSwitching
LogPluginManager: Mounting plugin PluginBrowser
LogPluginManager: Mounting plugin GeometryMode
LogPluginManager: Mounting plugin MobileLauncherProfileWizard
LogPluginManager: Mounting plugin DatasmithContent
LogPluginManager: Mounting plugin SpeedTreeImporter
LogPluginManager: Mounting plugin VariantManagerContent
LogPluginManager: Mounting plugin Niagara
LogPluginManager: Mounting plugin LuminPlatformFeatures
LogPluginManager: Mounting plugin MagicLeap
LogPluginManager: Mounting plugin MagicLeapMedia
LogPluginManager: Mounting plugin MagicLeapLightEstimation
LogPluginManager: Mounting plugin MagicLeapPassableWorld
LogPluginManager: Mounting plugin MLSDK
LogPluginManager: Mounting plugin AlembicImporter
LogPluginManager: Mounting plugin AutomationUtils
LogPluginManager: Mounting plugin BackChannel
LogPluginManager: Mounting plugin ChaosCloth
LogPluginManager: Mounting plugin ChaosClothEditor
LogPluginManager: Mounting plugin ChaosEditor
LogPluginManager: Mounting plugin ChaosSolverPlugin
LogPluginManager: Mounting plugin ChaosNiagara
LogPluginManager: Mounting plugin CharacterAI
LogPluginManager: Mounting plugin AndroidMedia
LogPluginManager: Mounting plugin AvfMedia
LogPluginManager: Mounting plugin GeometryCache
LogPluginManager: Mounting plugin ImgMedia
LogPluginManager: Mounting plugin GeometryCollectionPlugin
LogPluginManager: Mounting plugin MediaCompositing
LogPluginManager: Mounting plugin MediaPlayerEditor
LogPluginManager: Mounting plugin WebMMedia
LogPluginManager: Mounting plugin WmfMedia
LogPluginManager: Mounting plugin ActorSequence
LogPluginManager: Mounting plugin MatineeToLevelSequence
LogPluginManager: Mounting plugin LevelSequenceEditor
LogPluginManager: Mounting plugin TemplateSequence
LogPluginManager: Mounting plugin TcpMessaging
LogPluginManager: Mounting plugin UdpMessaging
LogPluginManager: Mounting plugin GeometryProcessing
LogPluginManager: Mounting plugin MotoSynth
LogPluginManager: Mounting plugin OpenImageDenoise
LogPluginManager: Mounting plugin PlanarCut
LogPluginManager: Mounting plugin PlatformCrypto
LogPluginManager: Mounting plugin ProxyLODPlugin
LogPluginManager: Mounting plugin PythonScriptPlugin
LogPluginManager: Mounting plugin SkeletalReduction
LogPluginManager: Mounting plugin OnlineSubsystem
LogPluginManager: Mounting plugin OnlineSubsystemNull
LogPluginManager: Mounting plugin LauncherChunkInstaller
LogPluginManager: Mounting plugin OnlineSubsystemUtils
LogPluginManager: Mounting plugin ActorLayerUtilities
LogPluginManager: Mounting plugin AndroidMoviePlayer
LogPluginManager: Mounting plugin AndroidDeviceProfileSelector
LogPluginManager: Mounting plugin AndroidPermission
LogPluginManager: Mounting plugin AppleImageUtils
LogPluginManager: Mounting plugin ArchVisCharacter
LogPluginManager: Mounting plugin AppleMoviePlayer
LogPluginManager: Mounting plugin AssetTags
LogPluginManager: Mounting plugin AudioCapture
LogPluginManager: Mounting plugin AudioSynesthesia
LogPluginManager: Mounting plugin CableComponent
LogPluginManager: Mounting plugin ChunkDownloader
LogPluginManager: Mounting plugin CustomMeshComponent
LogPluginManager: Mounting plugin ExampleDeviceProfileSelector
LogPluginManager: Mounting plugin EditableMesh
LogPluginManager: Mounting plugin GooglePAD
LogPluginManager: Mounting plugin GoogleCloudMessaging
LogPluginManager: Mounting plugin ScreenshotTools
LogPluginManager: Mounting plugin IOSDeviceProfileSelector
LogPluginManager: Mounting plugin LinuxDeviceProfileSelector
LogPluginManager: Mounting plugin LocationServicesBPLibrary
LogPluginManager: Mounting plugin MobilePatchingUtils
LogPluginManager: Mounting plugin OpenXREyeTracker
LogPluginManager: Mounting plugin OpenXRHandTracking
LogPluginManager: Mounting plugin OpenXR
LogPluginManager: Mounting plugin PhysXVehicles
LogPluginManager: Mounting plugin PostSplashScreen
LogPluginManager: Mounting plugin ProceduralMeshComponent
LogPluginManager: Mounting plugin PropertyAccessEditor
LogPluginManager: Mounting plugin RuntimePhysXCooking
LogPluginManager: Mounting plugin SoundFields
LogPluginManager: Mounting plugin SignificanceManager
LogPluginManager: Mounting plugin Takes
LogPluginManager: Mounting plugin Synthesis
LogPluginManager: Mounting plugin WindowsMoviePlayer
LogPluginManager: Mounting plugin OodleData
LogPluginManager: Mounting plugin OodleNetwork
LogPluginManager: Mounting plugin AnimationSharing
LogPluginManager: Mounting plugin CLionSourceCodeAccess
LogPluginManager: Mounting plugin KDevelopSourceCodeAccess
LogPluginManager: Mounting plugin NullSourceCodeAccess
LogPluginManager: Mounting plugin GitSourceControl
LogPluginManager: Mounting plugin PixWinPlugin
LogPluginManager: Mounting plugin PerforceSourceControl
LogPluginManager: Mounting plugin CodeLiteSourceCodeAccess
LogPluginManager: Mounting plugin PropertyAccessNode
LogPluginManager: Mounting plugin PlasticSourceControl
LogPluginManager: Mounting plugin WebMMoviePlayer
LogPluginManager: Mounting plugin RiderSourceCodeAccess
LogPluginManager: Mounting plugin TextureFormatOodle
LogPluginManager: Mounting plugin UObjectPlugin
LogPluginManager: Mounting plugin PluginUtils
LogPluginManager: Mounting plugin VisualStudioCodeSourceCodeAccess
LogPluginManager: Mounting plugin VisualStudioSourceCodeAccess
LogPluginManager: Mounting plugin SubversionSourceControl
LogPluginManager: Mounting plugin XCodeSourceCodeAccess
LogPluginManager: Mounting plugin ContentBrowserAssetDataSource
LogPluginManager: Mounting plugin ContentBrowserClassDataSource
LogPluginManager: Mounting plugin ContentBrowserFileDataSource
LogPluginManager: Mounting plugin OnlineSubsystemIOS
LogPluginManager: Mounting plugin OculusVR
LogPluginManager: Mounting plugin SteamVR
LogInit: Using libcurl 7.55.1-DEV
LogInit:  - built for x86_64-pc-win32
LogInit:  - supports SSL with OpenSSL/1.1.1
LogInit:  - supports HTTP deflate (compression) using libz 1.2.8
LogInit:  - other features:
LogInit:      CURL_VERSION_SSL
LogInit:      CURL_VERSION_LIBZ
LogInit:      CURL_VERSION_IPV6
LogInit:      CURL_VERSION_ASYNCHDNS
LogInit:      CURL_VERSION_LARGEFILE
LogInit:      CURL_VERSION_IDN
LogInit:  CurlRequestOptions (configurable via config and command line):
LogInit:  - bVerifyPeer = true  - Libcurl will verify peer certificate
LogInit:  - bUseHttpProxy = false  - Libcurl will NOT use HTTP proxy
LogInit:  - bDontReuseConnections = false  - Libcurl will reuse connections
LogInit:  - MaxHostConnections = 16  - Libcurl will limit the number of connections to a host
LogInit:  - LocalHostAddr = Default
LogInit:  - BufferSize = 65536
LogOnline: OSS: Creating online subsystem instance for: NULL
LogInit: WinSock: version 1.1 (2.2), MaxSocks=32767, MaxUdp=65467
LogOnline: OSS: TryLoadSubsystemAndSetDefault: Loaded subsystem for module [NULL]
PixWinPlugin: PIX capture plugin failed to initialize! Check that the process is launched from PIX.
LogInit: Build: ++UE4+Release-4.27-CL-18319896
LogInit: Engine Version: 4.27.2-18319896+++UE4+Release-4.27
LogInit: Compatible Engine Version: 4.27.0-17155196+++UE4+Release-4.27
LogInit: Net CL: 17155196
LogInit: OS: Windows 10 (Release 2009) (), CPU: Intel(R) Core(TM) i7-9750H CPU @ 2.60GHz, GPU: Intel(R) UHD Graphics 630
LogInit: Compiled (64-bit): Nov 30 2021 07:12:08
LogInit: Compiled with Visual C++: 19.24.28315.00
LogInit: Build Configuration: Development
LogInit: Branch Name: ++UE4+Release-4.27
LogInit: Command Line:  127.0.0.1:17777 -game -PIEVIACONSOLE -Multiprocess "GameUserSettingsINI=C:/Users/SLATE 15/Documents/GitHub/Hannah-Ashna.github.io/FYP-Prototype/PrototypeV6/Saved/Config/Windows/PIEGameUserSettings1.ini" -MultiprocessSaveConfig -forcepassthrough -messaging -SessionName="Play in Standalone Game" -nohmd -windowed -WinX=0 -WinY=35 SAVEWINPOS=1 -ResX=640 -ResY=480
LogInit: Base Directory: C:/Program Files/Epic Games/UE_4.27/Engine/Binaries/Win64/
LogInit: Allocator: TBB
LogInit: Installed Engine Build: 1
LogDevObjectVersion: Number of dev versions registered: 29
LogDevObjectVersion:   Dev-Blueprints (B0D832E4-1F89-4F0D-ACCF-7EB736FD4AA2): 10
LogDevObjectVersion:   Dev-Build (E1C64328-A22C-4D53-A36C-8E866417BD8C): 0
LogDevObjectVersion:   Dev-Core (375EC13C-06E4-48FB-B500-84F0262A717E): 4
LogDevObjectVersion:   Dev-Editor (E4B068ED-F494-42E9-A231-DA0B2E46BB41): 40
LogDevObjectVersion:   Dev-Framework (CFFC743F-43B0-4480-9391-14DF171D2073): 37
LogDevObjectVersion:   Dev-Mobile (B02B49B5-BB20-44E9-A304-32B752E40360): 3
LogDevObjectVersion:   Dev-Networking (A4E4105C-59A1-49B5-A7C5-40C4547EDFEE): 0
LogDevObjectVersion:   Dev-Online (39C831C9-5AE6-47DC-9A44-9C173E1C8E7C): 0
LogDevObjectVersion:   Dev-Physics (78F01B33-EBEA-4F98-B9B4-84EACCB95AA2): 14
LogDevObjectVersion:   Dev-Platform (6631380F-2D4D-43E0-8009-CF276956A95A): 0
LogDevObjectVersion:   Dev-Rendering (12F88B9F-8875-4AFC-A67C-D90C383ABD29): 45
LogDevObjectVersion:   Dev-Sequencer (7B5AE74C-D270-4C10-A958-57980B212A5A): 13
LogDevObjectVersion:   Dev-VR (D7296918-1DD6-4BDD-9DE2-64A83CC13884): 3
LogDevObjectVersion:   Dev-LoadTimes (C2A15278-BFE7-4AFE-6C17-90FF531DF755): 1
LogDevObjectVersion:   Private-Geometry (6EACA3D4-40EC-4CC1-B786-8BED09428FC5): 3
LogDevObjectVersion:   Dev-AnimPhys (29E575DD-E0A3-4627-9D10-D276232CDCEA): 17
LogDevObjectVersion:   Dev-Anim (AF43A65D-7FD3-4947-9873-3E8ED9C1BB05): 15
LogDevObjectVersion:   Dev-ReflectionCapture (6B266CEC-1EC7-4B8F-A30B-E4D90942FC07): 1
LogDevObjectVersion:   Dev-Automation (0DF73D61-A23F-47EA-B727-89E90C41499A): 1
LogDevObjectVersion:   FortniteMain (601D1886-AC64-4F84-AA16-D3DE0DEAC7D6): 47
LogDevObjectVersion:   FortniteRelease (E7086368-6B23-4C58-8439-1B7016265E91): 1
LogDevObjectVersion:   Dev-Enterprise (9DFFBCD6-494F-0158-E221-12823C92A888): 10
LogDevObjectVersion:   Dev-Niagara (F2AED0AC-9AFE-416F-8664-AA7FFA26D6FC): 1
LogDevObjectVersion:   Dev-Destruction (174F1F0B-B4C6-45A5-B13F-2EE8D0FB917D): 10
LogDevObjectVersion:   Dev-Physics-Ext (35F94A83-E258-406C-A318-09F59610247C): 41
LogDevObjectVersion:   Dev-PhysicsMaterial-Chaos (B68FC16E-8B1B-42E2-B453-215C058844FE): 1
LogDevObjectVersion:   Dev-CineCamera (B2E18506-4273-CFC2-A54E-F4BB758BBA07): 1
LogDevObjectVersion:   Dev-VirtualProduction (64F58936-FD1B-42BA-BA96-7289D5D0FA4E): 1
LogDevObjectVersion:   Dev-MediaFramework (6F0ED827-A609-4895-9C91-998D90180EA4): 2
LogInit: Presizing for max 25165824 objects, including 0 objects not considered by GC, pre-allocating 0 bytes for permanent pool.
LogConfig: Applying CVar settings from Section [/Script/Engine.StreamingSettings] File [C:/Users/SLATE 15/Documents/GitHub/Hannah-Ashna.github.io/FYP-Prototype/PrototypeV6/Saved/Config/Windows/Engine.ini]
LogConfig: Setting CVar [[s.MinBulkDataSizeForAsyncLoading:131072]]
LogConfig: Setting CVar [[s.AsyncLoadingThreadEnabled:0]]
LogConfig: Setting CVar [[s.EventDrivenLoaderEnabled:1]]
LogConfig: Setting CVar [[s.WarnIfTimeLimitExceeded:0]]
LogConfig: Setting CVar [[s.TimeLimitExceededMultiplier:1.5]]
LogConfig: Setting CVar [[s.TimeLimitExceededMinTime:0.005]]
LogConfig: Setting CVar [[s.UseBackgroundLevelStreaming:1]]
LogConfig: Setting CVar [[s.PriorityAsyncLoadingExtraTime:15.0]]
LogConfig: Setting CVar [[s.LevelStreamingActorsUpdateTimeLimit:5.0]]
LogConfig: Setting CVar [[s.PriorityLevelStreamingActorsUpdateExtraTime:5.0]]
LogConfig: Setting CVar [[s.LevelStreamingComponentsRegistrationGranularity:10]]
LogConfig: Setting CVar [[s.UnregisterComponentsTimeLimit:1.0]]
LogConfig: Setting CVar [[s.LevelStreamingComponentsUnregistrationGranularity:5]]
LogConfig: Setting CVar [[s.FlushStreamingOnExit:1]]
LogInit: Object subsystem initialized
LogConfig: Setting CVar [[con.DebugEarlyDefault:1]]
LogConfig: Setting CVar [[r.setres:1280x720]]
[2023.01.16-20.56.57:773][  0]LogConfig: Setting CVar [[con.DebugEarlyDefault:1]]
[2023.01.16-20.56.57:773][  0]LogConfig: Setting CVar [[r.setres:1280x720]]
[2023.01.16-20.56.57:773][  0]LogConfig: Applying CVar settings from Section [/Script/Engine.RendererSettings] File [C:/Users/SLATE 15/Documents/GitHub/Hannah-Ashna.github.io/FYP-Prototype/PrototypeV6/Saved/Config/Windows/Engine.ini]
[2023.01.16-20.56.57:773][  0]LogConfig: Setting CVar [[r.GPUCrashDebugging:0]]
[2023.01.16-20.56.57:773][  0]LogConfig: Setting CVar [[r.Mobile.DisableVertexFog:1]]
[2023.01.16-20.56.57:773][  0]LogConfig: Setting CVar [[r.Shadow.CSM.MaxMobileCascades:2]]
[2023.01.16-20.56.57:773][  0]LogConfig: Setting CVar [[r.MobileMSAA:1]]
[2023.01.16-20.56.57:773][  0]LogConfig: Setting CVar [[r.Mobile.AllowDitheredLODTransition:0]]
[2023.01.16-20.56.57:773][  0]LogConfig: Setting CVar [[r.Mobile.AllowSoftwareOcclusion:0]]
[2023.01.16-20.56.57:773][  0]LogConfig: Setting CVar [[r.Mobile.VirtualTextures:0]]
[2023.01.16-20.56.57:773][  0]LogConfig: Setting CVar [[r.DiscardUnusedQuality:0]]
[2023.01.16-20.56.57:773][  0]LogConfig: Setting CVar [[r.AllowOcclusionQueries:1]]
[2023.01.16-20.56.57:773][  0]LogConfig: Setting CVar [[r.MinScreenRadiusForLights:0.030000]]
[2023.01.16-20.56.57:773][  0]LogConfig: Setting CVar [[r.MinScreenRadiusForDepthPrepass:0.030000]]
[2023.01.16-20.56.57:773][  0]LogConfig: Setting CVar [[r.MinScreenRadiusForCSMDepth:0.010000]]
[2023.01.16-20.56.57:773][  0]LogConfig: Setting CVar [[r.PrecomputedVisibilityWarning:0]]
[2023.01.16-20.56.57:773][  0]LogConfig: Setting CVar [[r.TextureStreaming:1]]
[2023.01.16-20.56.57:773][  0]LogConfig: Setting CVar [[Compat.UseDXT5NormalMaps:0]]
[2023.01.16-20.56.57:774][  0]LogConfig: Setting CVar [[r.VirtualTextures:0]]
[2023.01.16-20.56.57:774][  0]LogConfig: Setting CVar [[r.VT.EnableAutoImport:1]]
[2023.01.16-20.56.57:774][  0]LogConfig: Setting CVar [[r.VirtualTexturedLightmaps:0]]
[2023.01.16-20.56.57:774][  0]LogConfig: Setting CVar [[r.VT.TileSize:128]]
[2023.01.16-20.56.57:774][  0]LogConfig: Setting CVar [[r.VT.TileBorderSize:4]]
[2023.01.16-20.56.57:774][  0]LogConfig: Setting CVar [[r.vt.FeedbackFactor:16]]
[2023.01.16-20.56.57:774][  0]LogConfig: Setting CVar [[r.VT.EnableCompressZlib:1]]
[2023.01.16-20.56.57:774][  0]LogConfig: Setting CVar [[r.VT.EnableCompressCrunch:0]]
[2023.01.16-20.56.57:774][  0]LogConfig: Setting CVar [[r.ClearCoatNormal:0]]
[2023.01.16-20.56.57:774][  0]LogConfig: Setting CVar [[r.ReflectionCaptureResolution:128]]
[2023.01.16-20.56.57:774][  0]LogConfig: Setting CVar [[r.Mobile.ReflectionCaptureCompression:0]]
[2023.01.16-20.56.57:774][  0]LogConfig: Setting CVar [[r.ReflectionEnvironmentLightmapMixBasedOnRoughness:1]]
[2023.01.16-20.56.57:774][  0]LogConfig: Setting CVar [[r.ForwardShading:1]]
[2023.01.16-20.56.57:774][  0]LogConfig: Setting CVar [[r.VertexFoggingForOpaque:1]]
[2023.01.16-20.56.57:774][  0]LogConfig: Setting CVar [[r.AllowStaticLighting:1]]
[2023.01.16-20.56.57:774][  0]LogConfig: Setting CVar [[r.NormalMapsForStaticLighting:0]]
[2023.01.16-20.56.57:774][  0]LogConfig: Setting CVar [[r.GenerateMeshDistanceFields:0]]
[2023.01.16-20.56.57:774][  0]LogConfig: Setting CVar [[r.DistanceFieldBuild.EightBit:0]]
[2023.01.16-20.56.57:774][  0]LogConfig: Setting CVar [[r.GenerateLandscapeGIData:0]]
[2023.01.16-20.56.57:774][  0]LogConfig: Setting CVar [[r.DistanceFieldBuild.Compress:0]]
[2023.01.16-20.56.57:774][  0]LogConfig: Setting CVar [[r.TessellationAdaptivePixelsPerTriangle:48.000000]]
[2023.01.16-20.56.57:774][  0]LogConfig: Setting CVar [[r.SeparateTranslucency:0]]
[2023.01.16-20.56.57:774][  0]LogConfig: Setting CVar [[r.TranslucentSortPolicy:0]]
[2023.01.16-20.56.57:774][  0]LogConfig: Setting CVar [[vr.VRS.HMDFixedFoveationLevel:2]]
[2023.01.16-20.56.57:774][  0]LogConfig: Setting CVar [[r.CustomDepth:1]]
[2023.01.16-20.56.57:774][  0]LogConfig: Setting CVar [[r.CustomDepthTemporalAAJitter:1]]
[2023.01.16-20.56.57:774][  0]LogConfig: Setting CVar [[r.PostProcessing.PropagateAlpha:0]]
[2023.01.16-20.56.57:774][  0]LogConfig: Setting CVar [[r.DefaultFeature.Bloom:0]]
[2023.01.16-20.56.57:774][  0]LogConfig: Setting CVar [[r.DefaultFeature.AmbientOcclusion:0]]
[2023.01.16-20.56.57:774][  0]LogConfig: Setting CVar [[r.DefaultFeature.AmbientOcclusionStaticFraction:1]]
[2023.01.16-20.56.57:774][  0]LogConfig: Setting CVar [[r.DefaultFeature.AutoExposure:0]]
[2023.01.16-20.56.57:774][  0]LogConfig: Setting CVar [[r.DefaultFeature.AutoExposure.Method:0]]
[2023.01.16-20.56.57:774][  0]LogConfig: Setting CVar [[r.DefaultFeature.AutoExposure.Bias:1.000000]]
[2023.01.16-20.56.57:774][  0]LogConfig: Setting CVar [[r.DefaultFeature.AutoExposure.ExtendDefaultLuminanceRange:0]]
[2023.01.16-20.56.57:774][  0]LogConfig: Setting CVar [[r.UsePreExposure:1]]
[2023.01.16-20.56.57:774][  0]LogConfig: Setting CVar [[r.EyeAdaptation.EditorOnly:0]]
[2023.01.16-20.56.57:774][  0]LogConfig: Setting CVar [[r.DefaultFeature.MotionBlur:0]]
[2023.01.16-20.56.57:774][  0]LogConfig: Setting CVar [[r.DefaultFeature.LensFlare:0]]
[2023.01.16-20.56.57:774][  0]LogConfig: Setting CVar [[r.TemporalAA.Upsampling:0]]
[2023.01.16-20.56.57:774][  0]LogConfig: Setting CVar [[r.SSGI.Enable:0]]
[2023.01.16-20.56.57:774][  0]LogConfig: Setting CVar [[r.DefaultFeature.AntiAliasing:0]]
[2023.01.16-20.56.57:774][  0]LogConfig: Setting CVar [[r.DefaultFeature.LightUnits:1]]
[2023.01.16-20.56.57:774][  0]LogConfig: Setting CVar [[r.DefaultBackBufferPixelFormat:4]]
[2023.01.16-20.56.57:774][  0]LogConfig: Setting CVar [[r.Shadow.UnbuiltPreviewInGame:1]]
[2023.01.16-20.56.57:774][  0]LogConfig: Setting CVar [[r.StencilForLODDither:0]]
[2023.01.16-20.56.57:774][  0]LogConfig: Setting CVar [[r.EarlyZPass:3]]
[2023.01.16-20.56.57:774][  0]LogConfig: Setting CVar [[r.EarlyZPassOnlyMaterialMasking:0]]
[2023.01.16-20.56.57:774][  0]LogConfig: Setting CVar [[r.DBuffer:1]]
[2023.01.16-20.56.57:774][  0]LogConfig: Setting CVar [[r.ClearSceneMethod:1]]
[2023.01.16-20.56.57:774][  0]LogConfig: Setting CVar [[r.BasePassOutputsVelocity:0]]
[2023.01.16-20.56.57:774][  0]LogConfig: Setting CVar [[r.VertexDeformationOutputsVelocity:0]]
[2023.01.16-20.56.57:774][  0]LogConfig: Setting CVar [[r.SelectiveBasePassOutputs:0]]
[2023.01.16-20.56.57:774][  0]LogConfig: Setting CVar [[fx.GPUSimulationTextureSizeX:1024]]
[2023.01.16-20.56.57:774][  0]LogConfig: Setting CVar [[fx.GPUSimulationTextureSizeY:1024]]
[2023.01.16-20.56.57:774][  0]LogConfig: Setting CVar [[r.AllowGlobalClipPlane:0]]
[2023.01.16-20.56.57:774][  0]LogConfig: Setting CVar [[r.GBufferFormat:1]]
[2023.01.16-20.56.57:774][  0]LogConfig: Setting CVar [[r.MorphTarget.Mode:1]]
[2023.01.16-20.56.57:774][  0]LogConfig: Setting CVar [[vr.InstancedStereo:1]]
[2023.01.16-20.56.57:774][  0]LogConfig: Setting CVar [[r.MobileHDR:0]]
[2023.01.16-20.56.57:774][  0]LogConfig: Setting CVar [[vr.MobileMultiView:1]]
[2023.01.16-20.56.57:774][  0]LogConfig: Setting CVar [[r.Mobile.UseHWsRGBEncoding:1]]
[2023.01.16-20.56.57:774][  0]LogConfig: Setting CVar [[vr.RoundRobinOcclusion:1]]
[2023.01.16-20.56.57:774][  0]LogConfig: Setting CVar [[vr.ODSCapture:0]]
[2023.01.16-20.56.57:774][  0]LogConfig: Setting CVar [[r.MeshStreaming:0]]
[2023.01.16-20.56.57:774][  0]LogConfig: Setting CVar [[r.WireframeCullThreshold:5.000000]]
[2023.01.16-20.56.57:774][  0]LogConfig: Setting CVar [[r.RayTracing:0]]
[2023.01.16-20.56.57:774][  0]LogConfig: Setting CVar [[r.RayTracing.UseTextureLod:0]]
[2023.01.16-20.56.57:774][  0]LogConfig: Setting CVar [[r.SupportStationarySkylight:0]]
[2023.01.16-20.56.57:774][  0]LogConfig: Setting CVar [[r.SupportLowQualityLightmaps:1]]
[2023.01.16-20.56.57:774][  0]LogConfig: Setting CVar [[r.SupportPointLightWholeSceneShadows:1]]
[2023.01.16-20.56.57:774][  0]LogConfig: Setting CVar [[r.SupportAtmosphericFog:0]]
[2023.01.16-20.56.57:774][  0]LogConfig: Setting CVar [[r.SupportSkyAtmosphere:0]]
[2023.01.16-20.56.57:774][  0]LogConfig: Setting CVar [[r.SupportSkyAtmosphereAffectsHeightFog:0]]
[2023.01.16-20.56.57:774][  0]LogConfig: Setting CVar [[r.SkinCache.CompileShaders:0]]
[2023.01.16-20.56.57:774][  0]LogConfig: Setting CVar [[r.SkinCache.DefaultBehavior:1]]
[2023.01.16-20.56.57:774][  0]LogConfig: Setting CVar [[r.SkinCache.SceneMemoryLimitInMB:128.000000]]
[2023.01.16-20.56.57:774][  0]LogConfig: Setting CVar [[r.Mobile.EnableStaticAndCSMShadowReceivers:1]]
[2023.01.16-20.56.57:774][  0]LogConfig: Setting CVar [[r.Mobile.EnableMovableLightCSMShaderCulling:1]]
[2023.01.16-20.56.57:774][  0]LogConfig: Setting CVar [[r.Mobile.AllowDistanceFieldShadows:1]]
[2023.01.16-20.56.57:774][  0]LogConfig: Setting CVar [[r.Mobile.AllowMovableDirectionalLights:1]]
[2023.01.16-20.56.57:774][  0]LogConfig: Setting CVar [[r.MobileNumDynamicPointLights:4]]
[2023.01.16-20.56.57:774][  0]LogConfig: Setting CVar [[r.MobileDynamicPointLightsUseStaticBranch:1]]
[2023.01.16-20.56.57:774][  0]LogConfig: Setting CVar [[r.Mobile.EnableMovableSpotlights:0]]
[2023.01.16-20.56.57:774][  0]LogConfig: Setting CVar [[r.Mobile.EnableMovableSpotlightsShadow:0]]
[2023.01.16-20.56.57:774][  0]LogConfig: Setting CVar [[r.GPUSkin.Support16BitBoneIndex:0]]
[2023.01.16-20.56.57:774][  0]LogConfig: Setting CVar [[r.GPUSkin.Limit2BoneInfluences:0]]
[2023.01.16-20.56.57:774][  0]LogConfig: Setting CVar [[r.SupportDepthOnlyIndexBuffers:1]]
[2023.01.16-20.56.57:774][  0]LogConfig: Setting CVar [[r.SupportReversedIndexBuffers:1]]
[2023.01.16-20.56.57:774][  0]LogConfig: Setting CVar [[r.LightPropagationVolume:0]]
[2023.01.16-20.56.57:774][  0]LogConfig: Setting CVar [[r.Mobile.AmbientOcclusion:0]]
[2023.01.16-20.56.57:774][  0]LogConfig: Setting CVar [[r.GPUSkin.UnlimitedBoneInfluences:0]]
[2023.01.16-20.56.57:774][  0]LogConfig: Setting CVar [[r.GPUSkin.UnlimitedBoneInfluencesThreshold:8]]
[2023.01.16-20.56.57:774][  0]LogConfig: Setting CVar [[r.Mobile.PlanarReflectionMode:0]]
[2023.01.16-20.56.57:774][  0]LogConfig: Setting CVar [[r.Mobile.SupportsGen4TAA:0]]
[2023.01.16-20.56.57:774][  0]LogConfig: Applying CVar settings from Section [/Script/Engine.RendererOverrideSettings] File [C:/Users/SLATE 15/Documents/GitHub/Hannah-Ashna.github.io/FYP-Prototype/PrototypeV6/Saved/Config/Windows/Engine.ini]
[2023.01.16-20.56.57:774][  0]LogConfig: Applying CVar settings from Section [/Script/Engine.StreamingSettings] File [C:/Users/SLATE 15/Documents/GitHub/Hannah-Ashna.github.io/FYP-Prototype/PrototypeV6/Saved/Config/Windows/Engine.ini]
[2023.01.16-20.56.57:774][  0]LogConfig: Setting CVar [[s.MinBulkDataSizeForAsyncLoading:131072]]
[2023.01.16-20.56.57:774][  0]LogConfig: Setting CVar [[s.AsyncLoadingThreadEnabled:0]]
[2023.01.16-20.56.57:774][  0]LogConfig: Setting CVar [[s.EventDrivenLoaderEnabled:1]]
[2023.01.16-20.56.57:774][  0]LogConfig: Setting CVar [[s.WarnIfTimeLimitExceeded:0]]
[2023.01.16-20.56.57:774][  0]LogConfig: Setting CVar [[s.TimeLimitExceededMultiplier:1.5]]
[2023.01.16-20.56.57:774][  0]LogConfig: Setting CVar [[s.TimeLimitExceededMinTime:0.005]]
[2023.01.16-20.56.57:774][  0]LogConfig: Setting CVar [[s.UseBackgroundLevelStreaming:1]]
[2023.01.16-20.56.57:774][  0]LogConfig: Setting CVar [[s.PriorityAsyncLoadingExtraTime:15.0]]
[2023.01.16-20.56.57:774][  0]LogConfig: Setting CVar [[s.LevelStreamingActorsUpdateTimeLimit:5.0]]
[2023.01.16-20.56.57:774][  0]LogConfig: Setting CVar [[s.PriorityLevelStreamingActorsUpdateExtraTime:5.0]]
[2023.01.16-20.56.57:774][  0]LogConfig: Setting CVar [[s.LevelStreamingComponentsRegistrationGranularity:10]]
[2023.01.16-20.56.57:774][  0]LogConfig: Setting CVar [[s.UnregisterComponentsTimeLimit:1.0]]
[2023.01.16-20.56.57:774][  0]LogConfig: Setting CVar [[s.LevelStreamingComponentsUnregistrationGranularity:5]]
[2023.01.16-20.56.57:774][  0]LogConfig: Setting CVar [[s.FlushStreamingOnExit:1]]
[2023.01.16-20.56.57:774][  0]LogConfig: Applying CVar settings from Section [/Script/Engine.GarbageCollectionSettings] File [C:/Users/SLATE 15/Documents/GitHub/Hannah-Ashna.github.io/FYP-Prototype/PrototypeV6/Saved/Config/Windows/Engine.ini]
[2023.01.16-20.56.57:774][  0]LogConfig: Setting CVar [[gc.MaxObjectsNotConsideredByGC:1]]
[2023.01.16-20.56.57:774][  0]LogConfig: Setting CVar [[gc.SizeOfPermanentObjectPool:0]]
[2023.01.16-20.56.57:774][  0]LogConfig: Setting CVar [[gc.FlushStreamingOnGC:0]]
[2023.01.16-20.56.57:774][  0]LogConfig: Setting CVar [[gc.NumRetriesBeforeForcingGC:10]]
[2023.01.16-20.56.57:774][  0]LogConfig: Setting CVar [[gc.AllowParallelGC:1]]
[2023.01.16-20.56.57:774][  0]LogConfig: Setting CVar [[gc.TimeBetweenPurgingPendingKillObjects:61.1]]
[2023.01.16-20.56.57:774][  0]LogConfig: Setting CVar [[gc.MaxObjectsInEditor:25165824]]
[2023.01.16-20.56.57:774][  0]LogConfig: Setting CVar [[gc.IncrementalBeginDestroyEnabled:1]]
[2023.01.16-20.56.57:774][  0]LogConfig: Setting CVar [[gc.CreateGCClusters:1]]
[2023.01.16-20.56.57:774][  0]LogConfig: Setting CVar [[gc.MinGCClusterSize:5]]
[2023.01.16-20.56.57:774][  0]LogConfig: Setting CVar [[gc.ActorClusteringEnabled:0]]
[2023.01.16-20.56.57:774][  0]LogConfig: Setting CVar [[gc.BlueprintClusteringEnabled:0]]
[2023.01.16-20.56.57:774][  0]LogConfig: Setting CVar [[gc.UseDisregardForGCOnDedicatedServers:0]]
[2023.01.16-20.56.57:775][  0]LogConfig: Setting CVar [[gc.MultithreadedDestructionEnabled:1]]
[2023.01.16-20.56.57:775][  0]LogConfig: Applying CVar settings from Section [/Script/Engine.NetworkSettings] File [C:/Users/SLATE 15/Documents/GitHub/Hannah-Ashna.github.io/FYP-Prototype/PrototypeV6/Saved/Config/Windows/Engine.ini]
[2023.01.16-20.56.57:775][  0]LogConfig: Applying CVar settings from Section [/Script/UnrealEd.CookerSettings] File [C:/Users/SLATE 15/Documents/GitHub/Hannah-Ashna.github.io/FYP-Prototype/PrototypeV6/Saved/Config/Windows/Engine.ini]
[2023.01.16-20.56.57:794][  0]LogConfig: Applying CVar settings from Section [ViewDistanceQuality@3] File [C:/Users/SLATE 15/Documents/GitHub/Hannah-Ashna.github.io/FYP-Prototype/PrototypeV6/Saved/Config/Windows/Scalability.ini]
[2023.01.16-20.56.57:794][  0]LogConfig: Setting CVar [[r.SkeletalMeshLODBias:0]]
[2023.01.16-20.56.57:794][  0]LogConfig: Setting CVar [[r.ViewDistanceScale:1.0]]
[2023.01.16-20.56.57:794][  0]LogConfig: Applying CVar settings from Section [AntiAliasingQuality@3] File [C:/Users/SLATE 15/Documents/GitHub/Hannah-Ashna.github.io/FYP-Prototype/PrototypeV6/Saved/Config/Windows/Scalability.ini]
[2023.01.16-20.56.57:794][  0]LogConfig: Setting CVar [[r.PostProcessAAQuality:4]]
[2023.01.16-20.56.57:795][  0]LogConfig: Applying CVar settings from Section [ShadowQuality@3] File [C:/Users/SLATE 15/Documents/GitHub/Hannah-Ashna.github.io/FYP-Prototype/PrototypeV6/Saved/Config/Windows/Scalability.ini]
[2023.01.16-20.56.57:795][  0]LogConfig: Setting CVar [[r.LightFunctionQuality:1]]
[2023.01.16-20.56.57:795][  0]LogConfig: Setting CVar [[r.ShadowQuality:5]]
[2023.01.16-20.56.57:795][  0]LogConfig: Setting CVar [[r.Shadow.CSM.MaxCascades:10]]
[2023.01.16-20.56.57:795][  0]LogConfig: Setting CVar [[r.Shadow.MaxResolution:2048]]
[2023.01.16-20.56.57:795][  0]LogConfig: Setting CVar [[r.Shadow.MaxCSMResolution:2048]]
[2023.01.16-20.56.57:795][  0]LogConfig: Setting CVar [[r.Shadow.RadiusThreshold:0.01]]
[2023.01.16-20.56.57:795][  0]LogConfig: Setting CVar [[r.Shadow.DistanceScale:1.0]]
[2023.01.16-20.56.57:795][  0]LogConfig: Setting CVar [[r.Shadow.CSM.TransitionScale:1.0]]
[2023.01.16-20.56.57:795][  0]LogConfig: Setting CVar [[r.Shadow.PreShadowResolutionFactor:1.0]]
[2023.01.16-20.56.57:795][  0]LogConfig: Setting CVar [[r.DistanceFieldShadowing:1]]
[2023.01.16-20.56.57:795][  0]LogConfig: Setting CVar [[r.DistanceFieldAO:1]]
[2023.01.16-20.56.57:795][  0]LogConfig: Setting CVar [[r.AOQuality:2]]
[2023.01.16-20.56.57:795][  0]LogConfig: Setting CVar [[r.VolumetricFog:1]]
[2023.01.16-20.56.57:795][  0]LogConfig: Setting CVar [[r.VolumetricFog.GridPixelSize:8]]
[2023.01.16-20.56.57:795][  0]LogConfig: Setting CVar [[r.VolumetricFog.GridSizeZ:128]]
[2023.01.16-20.56.57:795][  0]LogConfig: Setting CVar [[r.VolumetricFog.HistoryMissSupersampleCount:4]]
[2023.01.16-20.56.57:795][  0]LogConfig: Setting CVar [[r.LightMaxDrawDistanceScale:1]]
[2023.01.16-20.56.57:795][  0]LogConfig: Setting CVar [[r.CapsuleShadows:1]]
[2023.01.16-20.56.57:795][  0]LogConfig: Applying CVar settings from Section [PostProcessQuality@3] File [C:/Users/SLATE 15/Documents/GitHub/Hannah-Ashna.github.io/FYP-Prototype/PrototypeV6/Saved/Config/Windows/Scalability.ini]
[2023.01.16-20.56.57:795][  0]LogConfig: Setting CVar [[r.MotionBlurQuality:4]]
[2023.01.16-20.56.57:795][  0]LogConfig: Setting CVar [[r.AmbientOcclusionMipLevelFactor:0.4]]
[2023.01.16-20.56.57:795][  0]LogConfig: Setting CVar [[r.AmbientOcclusionMaxQuality:100]]
[2023.01.16-20.56.57:795][  0]LogConfig: Setting CVar [[r.AmbientOcclusionLevels:-1]]
[2023.01.16-20.56.57:795][  0]LogConfig: Setting CVar [[r.AmbientOcclusionRadiusScale:1.0]]
[2023.01.16-20.56.57:795][  0]LogConfig: Setting CVar [[r.DepthOfFieldQuality:2]]
[2023.01.16-20.56.57:795][  0]LogConfig: Setting CVar [[r.RenderTargetPoolMin:400]]
[2023.01.16-20.56.57:795][  0]LogConfig: Setting CVar [[r.LensFlareQuality:2]]
[2023.01.16-20.56.57:795][  0]LogConfig: Setting CVar [[r.SceneColorFringeQuality:1]]
[2023.01.16-20.56.57:795][  0]LogConfig: Setting CVar [[r.EyeAdaptationQuality:2]]
[2023.01.16-20.56.57:795][  0]LogConfig: Setting CVar [[r.BloomQuality:5]]
[2023.01.16-20.56.57:795][  0]LogConfig: Setting CVar [[r.FastBlurThreshold:100]]
[2023.01.16-20.56.57:795][  0]LogConfig: Setting CVar [[r.Upscale.Quality:3]]
[2023.01.16-20.56.57:795][  0]LogConfig: Setting CVar [[r.Tonemapper.GrainQuantization:1]]
[2023.01.16-20.56.57:795][  0]LogConfig: Setting CVar [[r.LightShaftQuality:1]]
[2023.01.16-20.56.57:795][  0]LogConfig: Setting CVar [[r.Filter.SizeScale:1]]
[2023.01.16-20.56.57:795][  0]LogConfig: Setting CVar [[r.Tonemapper.Quality:5]]
[2023.01.16-20.56.57:795][  0]LogConfig: Setting CVar [[r.DOF.Gather.AccumulatorQuality:1        ; higher gathering accumulator quality]]
[2023.01.16-20.56.57:795][  0]LogConfig: Setting CVar [[r.DOF.Gather.PostfilterMethod:1          ; Median3x3 postfilering method]]
[2023.01.16-20.56.57:795][  0]LogConfig: Setting CVar [[r.DOF.Gather.EnableBokehSettings:0       ; no bokeh simulation when gathering]]
[2023.01.16-20.56.57:795][  0]LogConfig: Setting CVar [[r.DOF.Gather.RingCount:4                 ; medium number of samples when gathering]]
[2023.01.16-20.56.57:795][  0]LogConfig: Setting CVar [[r.DOF.Scatter.ForegroundCompositing:1    ; additive foreground scattering]]
[2023.01.16-20.56.57:795][  0]LogConfig: Setting CVar [[r.DOF.Scatter.BackgroundCompositing:2    ; additive background scattering]]
[2023.01.16-20.56.57:795][  0]LogConfig: Setting CVar [[r.DOF.Scatter.EnableBokehSettings:1      ; bokeh simulation when scattering]]
[2023.01.16-20.56.57:795][  0]LogConfig: Setting CVar [[r.DOF.Scatter.MaxSpriteRatio:0.1         ; only a maximum of 10% of scattered bokeh]]
[2023.01.16-20.56.57:795][  0]LogConfig: Setting CVar [[r.DOF.Recombine.Quality:1                ; cheap slight out of focus]]
[2023.01.16-20.56.57:795][  0]LogConfig: Setting CVar [[r.DOF.Recombine.EnableBokehSettings:0    ; no bokeh simulation on slight out of focus]]
[2023.01.16-20.56.57:795][  0]LogConfig: Setting CVar [[r.DOF.TemporalAAQuality:1                ; more stable temporal accumulation]]
[2023.01.16-20.56.57:795][  0]LogConfig: Setting CVar [[r.DOF.Kernel.MaxForegroundRadius:0.025]]
[2023.01.16-20.56.57:795][  0]LogConfig: Setting CVar [[r.DOF.Kernel.MaxBackgroundRadius:0.025]]
[2023.01.16-20.56.57:795][  0]LogConfig: Applying CVar settings from Section [TextureQuality@3] File [C:/Users/SLATE 15/Documents/GitHub/Hannah-Ashna.github.io/FYP-Prototype/PrototypeV6/Saved/Config/Windows/Scalability.ini]
[2023.01.16-20.56.57:795][  0]LogConfig: Setting CVar [[r.Streaming.MipBias:0]]
[2023.01.16-20.56.57:795][  0]LogConfig: Setting CVar [[r.Streaming.AmortizeCPUToGPUCopy:0]]
[2023.01.16-20.56.57:795][  0]LogConfig: Setting CVar [[r.Streaming.MaxNumTexturesToStreamPerFrame:0]]
[2023.01.16-20.56.57:795][  0]LogConfig: Setting CVar [[r.Streaming.Boost:1]]
[2023.01.16-20.56.57:795][  0]LogConfig: Setting CVar [[r.MaxAnisotropy:8]]
[2023.01.16-20.56.57:795][  0]LogConfig: Setting CVar [[r.VT.MaxAnisotropy:8]]
[2023.01.16-20.56.57:795][  0]LogConfig: Setting CVar [[r.Streaming.LimitPoolSizeToVRAM:0]]
[2023.01.16-20.56.57:795][  0]LogConfig: Setting CVar [[r.Streaming.PoolSize:1000]]
[2023.01.16-20.56.57:795][  0]LogConfig: Setting CVar [[r.Streaming.MaxEffectiveScreenSize:0]]
[2023.01.16-20.56.57:795][  0]LogConfig: Applying CVar settings from Section [EffectsQuality@3] File [C:/Users/SLATE 15/Documents/GitHub/Hannah-Ashna.github.io/FYP-Prototype/PrototypeV6/Saved/Config/Windows/Scalability.ini]
[2023.01.16-20.56.57:795][  0]LogConfig: Setting CVar [[r.TranslucencyLightingVolumeDim:64]]
[2023.01.16-20.56.57:795][  0]LogConfig: Setting CVar [[r.RefractionQuality:2]]
[2023.01.16-20.56.57:795][  0]LogConfig: Setting CVar [[r.SSR.Quality:3]]
[2023.01.16-20.56.57:795][  0]LogConfig: Setting CVar [[r.SSR.HalfResSceneColor:0]]
[2023.01.16-20.56.57:795][  0]LogConfig: Setting CVar [[r.SceneColorFormat:4]]
[2023.01.16-20.56.57:795][  0]LogConfig: Setting CVar [[r.DetailMode:2]]
[2023.01.16-20.56.57:795][  0]LogConfig: Setting CVar [[r.TranslucencyVolumeBlur:1]]
[2023.01.16-20.56.57:795][  0]LogConfig: Setting CVar [[r.MaterialQualityLevel:1 ; High quality]]
[2023.01.16-20.56.57:795][  0]LogConfig: Setting CVar [[r.AnisotropicMaterials:1]]
[2023.01.16-20.56.57:795][  0]LogConfig: Setting CVar [[r.SSS.Scale:1]]
[2023.01.16-20.56.57:795][  0]LogConfig: Setting CVar [[r.SSS.SampleSet:2]]
[2023.01.16-20.56.57:795][  0]LogConfig: Setting CVar [[r.SSS.Quality:1]]
[2023.01.16-20.56.57:795][  0]LogConfig: Setting CVar [[r.SSS.HalfRes:0]]
[2023.01.16-20.56.57:795][  0]LogConfig: Setting CVar [[r.SSGI.Quality:3]]
[2023.01.16-20.56.57:795][  0]LogConfig: Setting CVar [[r.EmitterSpawnRateScale:1.0]]
[2023.01.16-20.56.57:795][  0]LogConfig: Setting CVar [[r.ParticleLightQuality:2]]
[2023.01.16-20.56.57:795][  0]LogConfig: Setting CVar [[r.SkyAtmosphere.AerialPerspectiveLUT.FastApplyOnOpaque:1 ; Always have FastSkyLUT 1 in this case to avoid wrong sky]]
[2023.01.16-20.56.57:795][  0]LogConfig: Setting CVar [[r.SkyAtmosphere.AerialPerspectiveLUT.SampleCountMaxPerSlice:4]]
[2023.01.16-20.56.57:795][  0]LogConfig: Setting CVar [[r.SkyAtmosphere.AerialPerspectiveLUT.DepthResolution:16.0]]
[2023.01.16-20.56.57:795][  0]LogConfig: Setting CVar [[r.SkyAtmosphere.FastSkyLUT:1]]
[2023.01.16-20.56.57:795][  0]LogConfig: Setting CVar [[r.SkyAtmosphere.FastSkyLUT.SampleCountMin:4.0]]
[2023.01.16-20.56.57:795][  0]LogConfig: Setting CVar [[r.SkyAtmosphere.FastSkyLUT.SampleCountMax:128.0]]
[2023.01.16-20.56.57:796][  0]LogConfig: Setting CVar [[r.SkyAtmosphere.SampleCountMin:4.0]]
[2023.01.16-20.56.57:796][  0]LogConfig: Setting CVar [[r.SkyAtmosphere.SampleCountMax:128.0]]
[2023.01.16-20.56.57:796][  0]LogConfig: Setting CVar [[r.SkyAtmosphere.TransmittanceLUT.UseSmallFormat:0]]
[2023.01.16-20.56.57:796][  0]LogConfig: Setting CVar [[r.SkyAtmosphere.TransmittanceLUT.SampleCount:10.0]]
[2023.01.16-20.56.57:796][  0]LogConfig: Setting CVar [[r.SkyAtmosphere.MultiScatteringLUT.SampleCount:15.0]]
[2023.01.16-20.56.57:796][  0]LogConfig: Setting CVar [[r.SkyLight.RealTimeReflectionCapture:1]]
[2023.01.16-20.56.57:796][  0]LogConfig: Applying CVar settings from Section [FoliageQuality@3] File [C:/Users/SLATE 15/Documents/GitHub/Hannah-Ashna.github.io/FYP-Prototype/PrototypeV6/Saved/Config/Windows/Scalability.ini]
[2023.01.16-20.56.57:796][  0]LogConfig: Setting CVar [[foliage.DensityScale:1.0]]
[2023.01.16-20.56.57:796][  0]LogConfig: Setting CVar [[grass.DensityScale:1.0]]
[2023.01.16-20.56.57:796][  0]LogConfig: Applying CVar settings from Section [ShadingQuality@3] File [C:/Users/SLATE 15/Documents/GitHub/Hannah-Ashna.github.io/FYP-Prototype/PrototypeV6/Saved/Config/Windows/Scalability.ini]
[2023.01.16-20.56.57:796][  0]LogConfig: Setting CVar [[r.HairStrands.SkyLighting.IntegrationType:2]]
[2023.01.16-20.56.57:796][  0]LogConfig: Setting CVar [[r.HairStrands.SkyAO.SampleCount:4]]
[2023.01.16-20.56.57:796][  0]LogConfig: Setting CVar [[r.HairStrands.Visibility.MSAA.SamplePerPixel:4]]
[2023.01.16-20.56.57:796][  0]LogInit: Selected Device Profile: [Windows]
[2023.01.16-20.56.57:796][  0]LogInit: Applying CVar settings loaded from the selected device profile: [Windows]
[2023.01.16-20.56.57:796][  0]LogHAL: Display: Platform has ~ 16 GB [16973881344 / 17179869184 / 16], which maps to Larger [LargestMinGB=32, LargerMinGB=12, DefaultMinGB=8, SmallerMinGB=6, SmallestMinGB=0)
[2023.01.16-20.56.57:796][  0]LogInit: Going up to parent DeviceProfile []
[2023.01.16-20.56.57:796][  0]LogConfig: Applying CVar settings from Section [ViewDistanceQuality@3] File [C:/Users/SLATE 15/Documents/GitHub/Hannah-Ashna.github.io/FYP-Prototype/PrototypeV6/Saved/Config/Windows/Scalability.ini]
[2023.01.16-20.56.57:796][  0]LogConfig: Setting CVar [[r.SkeletalMeshLODBias:0]]
[2023.01.16-20.56.57:796][  0]LogConfig: Setting CVar [[r.ViewDistanceScale:1.0]]
[2023.01.16-20.56.57:796][  0]LogConfig: Applying CVar settings from Section [AntiAliasingQuality@3] File [C:/Users/SLATE 15/Documents/GitHub/Hannah-Ashna.github.io/FYP-Prototype/PrototypeV6/Saved/Config/Windows/Scalability.ini]
[2023.01.16-20.56.57:796][  0]LogConfig: Setting CVar [[r.PostProcessAAQuality:4]]
[2023.01.16-20.56.57:796][  0]LogConfig: Applying CVar settings from Section [ShadowQuality@3] File [C:/Users/SLATE 15/Documents/GitHub/Hannah-Ashna.github.io/FYP-Prototype/PrototypeV6/Saved/Config/Windows/Scalability.ini]
[2023.01.16-20.56.57:796][  0]LogConfig: Setting CVar [[r.LightFunctionQuality:1]]
[2023.01.16-20.56.57:796][  0]LogConfig: Setting CVar [[r.ShadowQuality:5]]
[2023.01.16-20.56.57:796][  0]LogConfig: Setting CVar [[r.Shadow.CSM.MaxCascades:10]]
[2023.01.16-20.56.57:796][  0]LogConfig: Setting CVar [[r.Shadow.MaxResolution:2048]]
[2023.01.16-20.56.57:796][  0]LogConfig: Setting CVar [[r.Shadow.MaxCSMResolution:2048]]
[2023.01.16-20.56.57:796][  0]LogConfig: Setting CVar [[r.Shadow.RadiusThreshold:0.01]]
[2023.01.16-20.56.57:796][  0]LogConfig: Setting CVar [[r.Shadow.DistanceScale:1.0]]
[2023.01.16-20.56.57:796][  0]LogConfig: Setting CVar [[r.Shadow.CSM.TransitionScale:1.0]]
[2023.01.16-20.56.57:796][  0]LogConfig: Setting CVar [[r.Shadow.PreShadowResolutionFactor:1.0]]
[2023.01.16-20.56.57:796][  0]LogConfig: Setting CVar [[r.DistanceFieldShadowing:1]]
[2023.01.16-20.56.57:796][  0]LogConfig: Setting CVar [[r.DistanceFieldAO:1]]
[2023.01.16-20.56.57:796][  0]LogConfig: Setting CVar [[r.AOQuality:2]]
[2023.01.16-20.56.57:796][  0]LogConfig: Setting CVar [[r.VolumetricFog:1]]
[2023.01.16-20.56.57:796][  0]LogConfig: Setting CVar [[r.VolumetricFog.GridPixelSize:8]]
[2023.01.16-20.56.57:796][  0]LogConfig: Setting CVar [[r.VolumetricFog.GridSizeZ:128]]
[2023.01.16-20.56.57:796][  0]LogConfig: Setting CVar [[r.VolumetricFog.HistoryMissSupersampleCount:4]]
[2023.01.16-20.56.57:796][  0]LogConfig: Setting CVar [[r.LightMaxDrawDistanceScale:1]]
[2023.01.16-20.56.57:796][  0]LogConfig: Setting CVar [[r.CapsuleShadows:1]]
[2023.01.16-20.56.57:796][  0]LogConfig: Applying CVar settings from Section [PostProcessQuality@3] File [C:/Users/SLATE 15/Documents/GitHub/Hannah-Ashna.github.io/FYP-Prototype/PrototypeV6/Saved/Config/Windows/Scalability.ini]
[2023.01.16-20.56.57:796][  0]LogConfig: Setting CVar [[r.MotionBlurQuality:4]]
[2023.01.16-20.56.57:796][  0]LogConfig: Setting CVar [[r.AmbientOcclusionMipLevelFactor:0.4]]
[2023.01.16-20.56.57:796][  0]LogConfig: Setting CVar [[r.AmbientOcclusionMaxQuality:100]]
[2023.01.16-20.56.57:796][  0]LogConfig: Setting CVar [[r.AmbientOcclusionLevels:-1]]
[2023.01.16-20.56.57:796][  0]LogConfig: Setting CVar [[r.AmbientOcclusionRadiusScale:1.0]]
[2023.01.16-20.56.57:796][  0]LogConfig: Setting CVar [[r.DepthOfFieldQuality:2]]
[2023.01.16-20.56.57:796][  0]LogConfig: Setting CVar [[r.RenderTargetPoolMin:400]]
[2023.01.16-20.56.57:796][  0]LogConfig: Setting CVar [[r.LensFlareQuality:2]]
[2023.01.16-20.56.57:796][  0]LogConfig: Setting CVar [[r.SceneColorFringeQuality:1]]
[2023.01.16-20.56.57:796][  0]LogConfig: Setting CVar [[r.EyeAdaptationQuality:2]]
[2023.01.16-20.56.57:796][  0]LogConfig: Setting CVar [[r.BloomQuality:5]]
[2023.01.16-20.56.57:796][  0]LogConfig: Setting CVar [[r.FastBlurThreshold:100]]
[2023.01.16-20.56.57:796][  0]LogConfig: Setting CVar [[r.Upscale.Quality:3]]
[2023.01.16-20.56.57:796][  0]LogConfig: Setting CVar [[r.Tonemapper.GrainQuantization:1]]
[2023.01.16-20.56.57:796][  0]LogConfig: Setting CVar [[r.LightShaftQuality:1]]
[2023.01.16-20.56.57:796][  0]LogConfig: Setting CVar [[r.Filter.SizeScale:1]]
[2023.01.16-20.56.57:796][  0]LogConfig: Setting CVar [[r.Tonemapper.Quality:5]]
[2023.01.16-20.56.57:796][  0]LogConfig: Setting CVar [[r.DOF.Gather.AccumulatorQuality:1        ; higher gathering accumulator quality]]
[2023.01.16-20.56.57:796][  0]LogConfig: Setting CVar [[r.DOF.Gather.PostfilterMethod:1          ; Median3x3 postfilering method]]
[2023.01.16-20.56.57:796][  0]LogConfig: Setting CVar [[r.DOF.Gather.EnableBokehSettings:0       ; no bokeh simulation when gathering]]
[2023.01.16-20.56.57:796][  0]LogConfig: Setting CVar [[r.DOF.Gather.RingCount:4                 ; medium number of samples when gathering]]
[2023.01.16-20.56.57:796][  0]LogConfig: Setting CVar [[r.DOF.Scatter.ForegroundCompositing:1    ; additive foreground scattering]]
[2023.01.16-20.56.57:796][  0]LogConfig: Setting CVar [[r.DOF.Scatter.BackgroundCompositing:2    ; additive background scattering]]
[2023.01.16-20.56.57:796][  0]LogConfig: Setting CVar [[r.DOF.Scatter.EnableBokehSettings:1      ; bokeh simulation when scattering]]
[2023.01.16-20.56.57:796][  0]LogConfig: Setting CVar [[r.DOF.Scatter.MaxSpriteRatio:0.1         ; only a maximum of 10% of scattered bokeh]]
[2023.01.16-20.56.57:796][  0]LogConfig: Setting CVar [[r.DOF.Recombine.Quality:1                ; cheap slight out of focus]]
[2023.01.16-20.56.57:796][  0]LogConfig: Setting CVar [[r.DOF.Recombine.EnableBokehSettings:0    ; no bokeh simulation on slight out of focus]]
[2023.01.16-20.56.57:796][  0]LogConfig: Setting CVar [[r.DOF.TemporalAAQuality:1                ; more stable temporal accumulation]]
[2023.01.16-20.56.57:796][  0]LogConfig: Setting CVar [[r.DOF.Kernel.MaxForegroundRadius:0.025]]
[2023.01.16-20.56.57:796][  0]LogConfig: Setting CVar [[r.DOF.Kernel.MaxBackgroundRadius:0.025]]
[2023.01.16-20.56.57:796][  0]LogConfig: Applying CVar settings from Section [TextureQuality@3] File [C:/Users/SLATE 15/Documents/GitHub/Hannah-Ashna.github.io/FYP-Prototype/PrototypeV6/Saved/Config/Windows/Scalability.ini]
[2023.01.16-20.56.57:796][  0]LogConfig: Setting CVar [[r.Streaming.MipBias:0]]
[2023.01.16-20.56.57:796][  0]LogConfig: Setting CVar [[r.Streaming.AmortizeCPUToGPUCopy:0]]
[2023.01.16-20.56.57:796][  0]LogConfig: Setting CVar [[r.Streaming.MaxNumTexturesToStreamPerFrame:0]]
[2023.01.16-20.56.57:796][  0]LogConfig: Setting CVar [[r.Streaming.Boost:1]]
[2023.01.16-20.56.57:797][  0]LogConfig: Setting CVar [[r.MaxAnisotropy:8]]
[2023.01.16-20.56.57:797][  0]LogConfig: Setting CVar [[r.VT.MaxAnisotropy:8]]
[2023.01.16-20.56.57:797][  0]LogConfig: Setting CVar [[r.Streaming.LimitPoolSizeToVRAM:0]]
[2023.01.16-20.56.57:797][  0]LogConfig: Setting CVar [[r.Streaming.PoolSize:1000]]
[2023.01.16-20.56.57:797][  0]LogConfig: Setting CVar [[r.Streaming.MaxEffectiveScreenSize:0]]
[2023.01.16-20.56.57:797][  0]LogConfig: Applying CVar settings from Section [EffectsQuality@3] File [C:/Users/SLATE 15/Documents/GitHub/Hannah-Ashna.github.io/FYP-Prototype/PrototypeV6/Saved/Config/Windows/Scalability.ini]
[2023.01.16-20.56.57:797][  0]LogConfig: Setting CVar [[r.TranslucencyLightingVolumeDim:64]]
[2023.01.16-20.56.57:797][  0]LogConfig: Setting CVar [[r.RefractionQuality:2]]
[2023.01.16-20.56.57:797][  0]LogConfig: Setting CVar [[r.SSR.Quality:3]]
[2023.01.16-20.56.57:797][  0]LogConfig: Setting CVar [[r.SSR.HalfResSceneColor:0]]
[2023.01.16-20.56.57:797][  0]LogConfig: Setting CVar [[r.SceneColorFormat:4]]
[2023.01.16-20.56.57:797][  0]LogConfig: Setting CVar [[r.DetailMode:2]]
[2023.01.16-20.56.57:797][  0]LogConfig: Setting CVar [[r.TranslucencyVolumeBlur:1]]
[2023.01.16-20.56.57:797][  0]LogConfig: Setting CVar [[r.MaterialQualityLevel:1 ; High quality]]
[2023.01.16-20.56.57:797][  0]LogConfig: Setting CVar [[r.AnisotropicMaterials:1]]
[2023.01.16-20.56.57:797][  0]LogConfig: Setting CVar [[r.SSS.Scale:1]]
[2023.01.16-20.56.57:797][  0]LogConfig: Setting CVar [[r.SSS.SampleSet:2]]
[2023.01.16-20.56.57:797][  0]LogConfig: Setting CVar [[r.SSS.Quality:1]]
[2023.01.16-20.56.57:797][  0]LogConfig: Setting CVar [[r.SSS.HalfRes:0]]
[2023.01.16-20.56.57:797][  0]LogConfig: Setting CVar [[r.SSGI.Quality:3]]
[2023.01.16-20.56.57:797][  0]LogConfig: Setting CVar [[r.EmitterSpawnRateScale:1.0]]
[2023.01.16-20.56.57:797][  0]LogConfig: Setting CVar [[r.ParticleLightQuality:2]]
[2023.01.16-20.56.57:797][  0]LogConfig: Setting CVar [[r.SkyAtmosphere.AerialPerspectiveLUT.FastApplyOnOpaque:1 ; Always have FastSkyLUT 1 in this case to avoid wrong sky]]
[2023.01.16-20.56.57:797][  0]LogConfig: Setting CVar [[r.SkyAtmosphere.AerialPerspectiveLUT.SampleCountMaxPerSlice:4]]
[2023.01.16-20.56.57:797][  0]LogConfig: Setting CVar [[r.SkyAtmosphere.AerialPerspectiveLUT.DepthResolution:16.0]]
[2023.01.16-20.56.57:797][  0]LogConfig: Setting CVar [[r.SkyAtmosphere.FastSkyLUT:1]]
[2023.01.16-20.56.57:797][  0]LogConfig: Setting CVar [[r.SkyAtmosphere.FastSkyLUT.SampleCountMin:4.0]]
[2023.01.16-20.56.57:797][  0]LogConfig: Setting CVar [[r.SkyAtmosphere.FastSkyLUT.SampleCountMax:128.0]]
[2023.01.16-20.56.57:797][  0]LogConfig: Setting CVar [[r.SkyAtmosphere.SampleCountMin:4.0]]
[2023.01.16-20.56.57:797][  0]LogConfig: Setting CVar [[r.SkyAtmosphere.SampleCountMax:128.0]]
[2023.01.16-20.56.57:797][  0]LogConfig: Setting CVar [[r.SkyAtmosphere.TransmittanceLUT.UseSmallFormat:0]]
[2023.01.16-20.56.57:797][  0]LogConfig: Setting CVar [[r.SkyAtmosphere.TransmittanceLUT.SampleCount:10.0]]
[2023.01.16-20.56.57:797][  0]LogConfig: Setting CVar [[r.SkyAtmosphere.MultiScatteringLUT.SampleCount:15.0]]
[2023.01.16-20.56.57:797][  0]LogConfig: Setting CVar [[r.SkyLight.RealTimeReflectionCapture:1]]
[2023.01.16-20.56.57:797][  0]LogConfig: Applying CVar settings from Section [FoliageQuality@3] File [C:/Users/SLATE 15/Documents/GitHub/Hannah-Ashna.github.io/FYP-Prototype/PrototypeV6/Saved/Config/Windows/Scalability.ini]
[2023.01.16-20.56.57:797][  0]LogConfig: Setting CVar [[foliage.DensityScale:1.0]]
[2023.01.16-20.56.57:797][  0]LogConfig: Setting CVar [[grass.DensityScale:1.0]]
[2023.01.16-20.56.57:797][  0]LogConfig: Applying CVar settings from Section [ShadingQuality@3] File [C:/Users/SLATE 15/Documents/GitHub/Hannah-Ashna.github.io/FYP-Prototype/PrototypeV6/Saved/Config/Windows/Scalability.ini]
[2023.01.16-20.56.57:797][  0]LogConfig: Setting CVar [[r.HairStrands.SkyLighting.IntegrationType:2]]
[2023.01.16-20.56.57:797][  0]LogConfig: Setting CVar [[r.HairStrands.SkyAO.SampleCount:4]]
[2023.01.16-20.56.57:797][  0]LogConfig: Setting CVar [[r.HairStrands.Visibility.MSAA.SamplePerPixel:4]]
[2023.01.16-20.56.57:797][  0]LogConfig: Applying CVar settings from Section [Startup] File [../../../Engine/Config/ConsoleVariables.ini]
[2023.01.16-20.56.57:799][  0]LogConfig: Setting CVar [[net.UseAdaptiveNetUpdateFrequency:0]]
[2023.01.16-20.56.57:799][  0]LogConfig: Setting CVar [[p.chaos.AllowCreatePhysxBodies:1]]
[2023.01.16-20.56.57:799][  0]LogConfig: Setting CVar [[fx.SkipVectorVMBackendOptimizations:1]]
[2023.01.16-20.56.57:799][  0]LogConfig: Applying CVar settings from Section [ConsoleVariables] File [C:/Users/SLATE 15/Documents/GitHub/Hannah-Ashna.github.io/FYP-Prototype/PrototypeV6/Saved/Config/Windows/Engine.ini]
[2023.01.16-20.56.57:799][  0]LogConfig: Applying CVar settings from Section [ConsoleVariables] File [C:/Users/SLATE 15/Documents/GitHub/Hannah-Ashna.github.io/FYP-Prototype/PrototypeV6/Saved/Config/Windows/Editor.ini]
[2023.01.16-20.56.57:799][  0]LogInit: Computer: NOTAHACKER
[2023.01.16-20.56.57:799][  0]LogInit: User: SLATE15
[2023.01.16-20.56.57:799][  0]LogInit: CPU Page size=4096, Cores=6
[2023.01.16-20.56.57:799][  0]LogInit: High frequency timer resolution =10.000000 MHz
[2023.01.16-20.56.57:799][  0]LogMemory: Memory total: Physical=15.8GB (16GB approx)
[2023.01.16-20.56.57:799][  0]LogMemory: Platform Memory Stats for Windows
[2023.01.16-20.56.57:799][  0]LogMemory: Process Physical Memory: 145.14 MB used, 145.14 MB peak
[2023.01.16-20.56.57:799][  0]LogMemory: Process Virtual Memory: 123.57 MB used, 123.57 MB peak
[2023.01.16-20.56.57:799][  0]LogMemory: Physical Memory: 8793.46 MB used,  7394.10 MB free, 16187.55 MB total
[2023.01.16-20.56.57:799][  0]LogMemory: Virtual Memory: 134209640.00 MB used,  8090.74 MB free, 134217728.00 MB total
[2023.01.16-20.56.57:804][  0]LogWindows: WindowsPlatformFeatures enabled
[2023.01.16-20.56.57:855][  0]LogInit: Physics initialised using underlying interface: PhysX
[2023.01.16-20.56.57:855][  0]LogInit: Using OS detected language (en-US).
[2023.01.16-20.56.57:855][  0]LogInit: Using OS detected locale (en-GB).
[2023.01.16-20.56.57:859][  0]LogTextLocalizationManager: No specific localization for 'en-US' exists, so the 'en' localization will be used.
[2023.01.16-20.56.58:095][  0]LogWindowsTextInputMethodSystem: Display: IME system deactivated.
[2023.01.16-20.56.58:128][  0]LogSlate: New Slate User Created.  User Index 0, Is Virtual User: 0
[2023.01.16-20.56.58:128][  0]LogSlate: Slate User Registered.  User Index 0, Is Virtual User: 0
[2023.01.16-20.56.58:155][  0]LogD3D11RHI: Loaded GFSDK_Aftermath_Lib.x64.dll
[2023.01.16-20.56.58:158][  0]LogD3D11RHI: D3D11 min allowed feature level: 11_0
[2023.01.16-20.56.58:158][  0]LogD3D11RHI: D3D11 max allowed feature level: 11_0
[2023.01.16-20.56.58:158][  0]LogD3D11RHI: D3D11 adapters:
[2023.01.16-20.56.58:285][  0]LogD3D11RHI:    0. 'NVIDIA GeForce RTX 2060' (Feature Level 11_0)
[2023.01.16-20.56.58:285][  0]LogD3D11RHI:       5980/0/8093 MB DedicatedVideo/DedicatedSystem/SharedSystem, Outputs:1, VendorId:0x10de
[2023.01.16-20.56.58:318][  0]LogD3D11RHI:    1. 'Intel(R) UHD Graphics 630' (Feature Level 11_0)
[2023.01.16-20.56.58:319][  0]LogD3D11RHI:       128/0/8093 MB DedicatedVideo/DedicatedSystem/SharedSystem, Outputs:1, VendorId:0x8086
[2023.01.16-20.56.58:320][  0]LogD3D11RHI:    2. 'Microsoft Basic Render Driver' (Feature Level 11_0)
[2023.01.16-20.56.58:320][  0]LogD3D11RHI:       0/0/8093 MB DedicatedVideo/DedicatedSystem/SharedSystem, Outputs:0, VendorId:0x1414
[2023.01.16-20.56.58:320][  0]LogD3D11RHI: Chosen D3D11 Adapter:
[2023.01.16-20.56.58:320][  0]LogD3D11RHI:     Description : NVIDIA GeForce RTX 2060
[2023.01.16-20.56.58:320][  0]LogD3D11RHI:     VendorId    : 10de
[2023.01.16-20.56.58:320][  0]LogD3D11RHI:     DeviceId    : 1f11
[2023.01.16-20.56.58:320][  0]LogD3D11RHI:     SubSysId    : 95e11558
[2023.01.16-20.56.58:320][  0]LogD3D11RHI:     Revision    : 00a1
[2023.01.16-20.56.58:320][  0]LogD3D11RHI:     DedicatedVideoMemory : 6270484480 bytes
[2023.01.16-20.56.58:320][  0]LogD3D11RHI:     DedicatedSystemMemory : 0 bytes
[2023.01.16-20.56.58:320][  0]LogD3D11RHI:     SharedSystemMemory : 8486940672 bytes
[2023.01.16-20.56.58:321][  0]LogD3D11RHI:     AdapterLuid : 0 69142
[2023.01.16-20.56.58:325][  0]LogD3D11RHI: Creating new Direct3DDevice
[2023.01.16-20.56.58:325][  0]LogD3D11RHI:     GPU DeviceId: 0x1f11 (for the marketing name, search the web for "GPU Device Id")
[2023.01.16-20.56.58:325][  0]LogWindows: EnumDisplayDevices:
[2023.01.16-20.56.58:325][  0]LogWindows:    0. 'Intel(R) UHD Graphics 630' (P:0 D:1)
[2023.01.16-20.56.58:326][  0]LogWindows:    1. 'Intel(R) UHD Graphics 630' (P:0 D:0)
[2023.01.16-20.56.58:326][  0]LogWindows:    2. 'Intel(R) UHD Graphics 630' (P:0 D:0)
[2023.01.16-20.56.58:326][  0]LogWindows:    3. 'NVIDIA GeForce RTX 2060' (P:1 D:1)
[2023.01.16-20.56.58:327][  0]LogWindows:    4. 'NVIDIA GeForce RTX 2060' (P:0 D:0)
[2023.01.16-20.56.58:327][  0]LogWindows:    5. 'NVIDIA GeForce RTX 2060' (P:0 D:0)
[2023.01.16-20.56.58:327][  0]LogWindows:    6. 'NVIDIA GeForce RTX 2060' (P:0 D:0)
[2023.01.16-20.56.58:327][  0]LogWindows: DebugString: PrimaryIsNotTheChoosenAdapter PrimaryIsNotTheChoosenAdapter PrimaryIsNotTheChoosenAdapter FoundDriverCount:4 
[2023.01.16-20.56.58:327][  0]LogD3D11RHI:     Adapter Name: NVIDIA GeForce RTX 2060
[2023.01.16-20.56.58:327][  0]LogD3D11RHI:   Driver Version: 516.94 (internal:31.0.15.1694, unified:516.94)
[2023.01.16-20.56.58:327][  0]LogD3D11RHI:      Driver Date: 7-21-2022
[2023.01.16-20.56.58:327][  0]LogRHI: Texture pool is 4186 MB (70% of 5980 MB)
[2023.01.16-20.56.58:327][  0]LogD3D11RHI: Creating D3DDevice using adapter:
[2023.01.16-20.56.58:327][  0]LogD3D11RHI:     Description : NVIDIA GeForce RTX 2060
[2023.01.16-20.56.58:327][  0]LogD3D11RHI:     VendorId    : 10de
[2023.01.16-20.56.58:327][  0]LogD3D11RHI:     DeviceId    : 1f11
[2023.01.16-20.56.58:327][  0]LogD3D11RHI:     SubSysId    : 95e11558
[2023.01.16-20.56.58:327][  0]LogD3D11RHI:     Revision    : 00a1
[2023.01.16-20.56.58:327][  0]LogD3D11RHI:     DedicatedVideoMemory : 6270484480 bytes
[2023.01.16-20.56.58:327][  0]LogD3D11RHI:     DedicatedSystemMemory : 0 bytes
[2023.01.16-20.56.58:327][  0]LogD3D11RHI:     SharedSystemMemory : 8486940672 bytes
[2023.01.16-20.56.58:327][  0]LogD3D11RHI:     AdapterLuid : 0 69142
[2023.01.16-20.56.58:401][  0]LogD3D11RHI: RHI has support for 64 bit atomics
[2023.01.16-20.56.58:401][  0]LogD3D11RHI: Async texture creation enabled
[2023.01.16-20.56.58:401][  0]LogD3D11RHI: Array index from any shader is supported
[2023.01.16-20.56.58:418][  0]LogD3D11RHI: GPU Timing Frequency: 1000.000000 (Debug: 2 1)
[2023.01.16-20.56.58:463][  0]LogRHI: GeForceNow SDK initialized: 1
[2023.01.16-20.56.58:761][  0]LogTargetPlatformManager: Display: Loaded TargetPlatform 'WindowsNoEditor'
[2023.01.16-20.56.58:765][  0]LogTargetPlatformManager: Display: Loaded TargetPlatform 'Windows'
[2023.01.16-20.56.58:769][  0]LogTargetPlatformManager: Display: Loaded TargetPlatform 'WindowsClient'
[2023.01.16-20.56.58:774][  0]LogTargetPlatformManager: Display: Loaded TargetPlatform 'WindowsServer'
[2023.01.16-20.56.58:774][  0]LogTargetPlatformManager: Display: Building Assets For Windows
[2023.01.16-20.56.58:779][  0]LogAudioDebug: Display: Lib vorbis DLL was dynamically loaded.
[2023.01.16-20.56.58:808][  0]LogTextureFormatOodle: Display: Oodle Texture 2.9.0 init RDO Off
[2023.01.16-20.56.58:836][  0]LogRendererCore: Ray tracing is disabled. Reason: r.RayTracing=0.
[2023.01.16-20.56.58:836][  0]LogShaderCompilers: Guid format shader working directory is -50 characters bigger than the processId version (../../../../../../Users/SLATE 15/Documents/GitHub/Hannah-Ashna.github.io/FYP-Prototype/PrototypeV6/Intermediate/Shaders/WorkingDirectory/10896/).
[2023.01.16-20.56.58:836][  0]LogShaderCompilers: Cleaned the shader compiler working directory 'C:/Users/SLATE 15/AppData/Local/Temp/UnrealShaderWorkingDir/8DD4E83A4236AA07B25DB19A88A473E1/'.
[2023.01.16-20.56.58:836][  0]LogXGEController: Cannot use XGE Controller as Incredibuild is not installed on this machine.
[2023.01.16-20.56.58:836][  0]LogShaderCompilers: Cannot use XGE Shader Compiler as Incredibuild is not installed on this machine.
[2023.01.16-20.56.58:836][  0]LogShaderCompilers: Display: Using Local Shader Compiler.
[2023.01.16-20.56.59:636][  0]LogDerivedDataCache: Display: Max Cache Size: 512 MB
[2023.01.16-20.56.59:721][  0]LogDerivedDataCache: Loaded boot cache 0.08s 105MB C:/Users/SLATE 15/AppData/Local/UnrealEngine/4.27/DerivedDataCache/Boot.ddc.
[2023.01.16-20.56.59:721][  0]LogDerivedDataCache: Display: Loaded Boot cache: C:/Users/SLATE 15/AppData/Local/UnrealEngine/4.27/DerivedDataCache/Boot.ddc
[2023.01.16-20.56.59:721][  0]LogDerivedDataCache: FDerivedDataBackendGraph:  Pak pak cache file ../../../../../../Users/SLATE 15/Documents/GitHub/Hannah-Ashna.github.io/FYP-Prototype/PrototypeV6/DerivedDataCache/DDC.ddp not found, will not use a pak cache.
[2023.01.16-20.56.59:721][  0]LogDerivedDataCache: Unable to find inner node Pak for hierarchical cache Hierarchy.
[2023.01.16-20.56.59:721][  0]LogDerivedDataCache: FDerivedDataBackendGraph:  CompressedPak pak cache file ../../../../../../Users/SLATE 15/Documents/GitHub/Hannah-Ashna.github.io/FYP-Prototype/PrototypeV6/DerivedDataCache/Compressed.ddp not found, will not use a pak cache.
[2023.01.16-20.56.59:722][  0]LogDerivedDataCache: Unable to find inner node CompressedPak for hierarchical cache Hierarchy.
[2023.01.16-20.56.59:742][  0]LogDerivedDataCache: Display: Pak cache opened for reading ../../../Engine/DerivedDataCache/Compressed.ddp.
[2023.01.16-20.56.59:743][  0]LogDerivedDataCache: FDerivedDataBackendGraph:  EnterprisePak pak cache file ../../../Enterprise/DerivedDataCache/Compressed.ddp not found, will not use a pak cache.
[2023.01.16-20.56.59:743][  0]LogDerivedDataCache: Unable to find inner node EnterprisePak for hierarchical cache Hierarchy.
[2023.01.16-20.56.59:753][  0]LogDerivedDataCache: Speed tests for C:/Users/SLATE 15/AppData/Local/UnrealEngine/Common/DerivedDataCache took 0.01 seconds
[2023.01.16-20.56.59:753][  0]LogDerivedDataCache: Display: Performance to C:/Users/SLATE 15/AppData/Local/UnrealEngine/Common/DerivedDataCache: Latency=0.03ms. RandomReadSpeed=203.55MBs, RandomWriteSpeed=169.13MBs. Assigned SpeedClass 'Local'
[2023.01.16-20.56.59:754][  0]LogDerivedDataCache: Using Local data cache path C:/Users/SLATE 15/AppData/Local/UnrealEngine/Common/DerivedDataCache: Writable
[2023.01.16-20.56.59:754][  0]LogDerivedDataCache: Shared data cache path not found in *engine.ini, will not use an Shared cache.
[2023.01.16-20.56.59:754][  0]LogDerivedDataCache: Unable to find inner node Shared for hierarchical cache Hierarchy.
[2023.01.16-20.56.59:792][  0]LogSlate: Using FreeType 2.10.0
[2023.01.16-20.56.59:792][  0]LogSlate: SlateFontServices - WITH_FREETYPE: 1, WITH_HARFBUZZ: 1
[2023.01.16-20.56.59:875][  0]LogInit: Using OS detected language (en-US).
[2023.01.16-20.56.59:875][  0]LogInit: Using OS detected locale (en-GB).
[2023.01.16-20.56.59:875][  0]LogTextLocalizationManager: No localization for 'en-US' exists, so 'en' will be used for the language.
[2023.01.16-20.56.59:875][  0]LogTextLocalizationManager: No localization for 'en-GB' exists, so 'en' will be used for the locale.
[2023.01.16-20.56.59:875][  0]LogSlate: FontCache flush requested. Reason: Culture for localization was changed
[2023.01.16-20.56.59:875][  0]LogSlate: FontCache flush requested. Reason: Culture for localization was changed
[2023.01.16-20.56.59:879][  0]LogTextLocalizationManager: Compacting localization data took   0.00ms
[2023.01.16-20.56.59:879][  0]LogAssetRegistry: FAssetRegistry took 0.0026 seconds to start up
[2023.01.16-20.57.00:067][  0]LogPackageLocalizationCache: Processed 27 localized package path(s) for 1 prioritized culture(s) in 0.001176 seconds
[2023.01.16-20.57.00:137][  0]LogInit: Selected Device Profile: [Windows]
[2023.01.16-20.57.00:137][  0]LogInit: Active device profile: [0000026554989300][000002654E38E4C0 49] Windows
[2023.01.16-20.57.00:137][  0]LogInit: Profiles: [0000026554989300][000002654E38E4C0 49] Windows, [000002655494F000][000002654E392780 49] WindowsNoEditor, [000002655498A200][000002654E396A40 49] WindowsServer, [000002655494FE00][000002654E39AD00 49] WindowsClient, [000002655498B000][000002654E39EFC0 49] IOS, [000002655494D500][000002654E3A3280 49] iPadAir, [000002655498BD00][000002654E3A7540 49] iPadAir2, [00000265548FE400][000002654E54FA80 49] IPadPro, [00000265548FE500][000002654E3ABAC0 49] iPadAir3, [000002655494FF00][000002654E38A1C0 49] iPadAir4, [00000265548FF300][000002654E546440 49] iPadMini2, [000002655494F500][000002654E54A700 49] iPadMini3, [00000265548FE300][000002654E5529C0 49] iPadMini4, [000002655494E400][000002654E556C80 49] iPadMini5, [0000026554931D00][000002654E56B1C0 49] iPhone6, [0000026554931E00][000002654E55B200 49] iPodTouch6, [000002655498AD00][000002654E573740 49] iPhone7, [000002655498AE00][000002654E563780 49] iPodTouch7, [00000265548FDC00][000002654E567A40 49] iPhone5S, [000002655498B900][000002654E55E180 49] iPhone6Plus, [00000265548FD400][000002654E542400 49] iPhone6S, [0000026554988700][000002654E56E680 49] iPhone6SPlus, [00000265548FCD00][000002654E57A940 49] iPhone7Plus, [0000026554988D00][000002654E57EC00 49] iPhoneSE, [00000265548FC500][000002654E582EC0 49] iPhone8, [000002655498AB00][000002654E587180 49] iPhone8Plus, [00000265548FC900][000002654A859440 49] iPhoneX, [00000265548FCF00][000002654A85D700 49] iPhoneXS, [0000026554930B00][000002654A8619C0 49] iPhoneXSMax, [00000265548FE200][000002654A864100 49] iPhoneXR, [0000026554931400][000002654A8683C0 49] iPhone11, [00000265548FE000][000002654E576640 49] iPhone11Pro, [0000026554931A00][000002654A86C8C0 49] iPhone11ProMax, [00000265548FCA00][000002654A874B80 49] iPhoneSE2, [0000026554933D00][000002654A878E40 49] iPhone12Mini, [00000265548FCE00][000002654A87D100 49] iPhone12, [0000026554932100][000002654A8813C0 49] iPhone12Pro, [0000026554931C00][000002654A885680 49] iPhone12ProMax, [0000026554988B00][000002654A889940 49] iPadPro105, [0000026554933800][000002654A88DC00 49] iPadPro129, [0000026554988800][000002654A890340 49] iPadPro97, [0000026554931800][000002654A894600 49] iPadPro2_129, [00000265548FDF00][000002654A870880 49] iPad5, [0000026554930E00][000002654A898B00 49] iPad6, [00000265548FDB00][000002654A8A0DC0 49] iPad7, [0000026554930F00][000002654E85B080 49] iPad8, [00000265548FE100][000002654E85F340 49] iPadPro11, [0000026554932F00][000002654E863600 49] iPadPro2_11, [00000265548FE900][000002654E8678C0 49] iPadPro3_129, [0000026554931200][000002654E86BB80 49] iPadPro4_129, [00000265548FD500][000002654E86E2C0 49] AppleTV, [0000026554932D00][000002654E872580 49] AppleTV4K, [00000265548FDE00][000002654E876840 49] TVOS, [0000026554930400][000002654A89CAC0 49] Mac, [00000265548FDD00][000002654E87AD40 49] MacClient, [0000026554932A00][000002654E883000 49] MacNoEditor, [00000265548FF100][000002654E8872C0 49] MacServer, [0000026554932200][000002654E88B580 49] Linux, [00000265548FC100][000002654E88F840 49] LinuxAArch64, [0000026554932500][000002654E893B00 49] LinuxNoEditor, [00000265548FFC00][000002654E896240 49] LinuxAArch64NoEditor, [0000026554933C00][000002654E89A500 49] LinuxClient, [00000265548FF000][000002654E89E7C0 49] LinuxAArch64Client, [0000026554932B00][000002654E8A2A80 49] LinuxServer, [00000265548FC700][000002654E87ED00 49] LinuxAArch64Server, [0000026554930A00][000002654E8A6F80 49] Android, [00000265548FCB00][000002654E8AF240 49] Android_Low, [0000026554932400][000002654E8B3500 49] Android_Mid, [00000265548FF800][000002654E8B77C0 49] Android_High, [0000026554933E00][000002654E8BBA80 49] Android_Default, [00000265548FF700][000002654E8BE1C0 49] Android_Adreno4xx, [0000026554932000][000002654E8C2480 49] Android_Adreno5xx_Low, [00000265548FCC00][000002654E8C6740 49] Android_Adreno5xx, [0000026554933200][000002654E8CAA00 49] Android_Adreno6xx, [00000265548FC300][000002654E8CECC0 49] Android_Adreno6xx_Vulkan, [0000026554931500][000002654E8AAF40 49] Android_Mali_T6xx, [00000265548FD800][000002654E8D31C0 49] Android_Mali_T7xx, [0000026554933500][000002654E8DB480 49] Android_Mali_T8xx, [00000265548FED00][000002654E8DF740 49] Android_Mali_G71, [0000026554932900][000002654E8E3A00 49] Android_Mali_G72, [00000265548FD200][000002654E8E6140 49] Android_Mali_G72_Vulkan, [0000026554930C00][000002654E8EA400 49] Android_Mali_G76, [00000265548FD700][000002654E8EE6C0 49] Android_Mali_G76_Vulkan, [0000026554931900][000002654E8F2980 49] Android_Mali_G77, [00000265548FC200][000002654E8F6C40 49] Android_Mali_G77_Vulkan, [000002655494E500][000002654E8FAF00 49] Android_Mali_G78, [0000026554988500][000002654E8D7180 49] Android_Mali_G78_Vulkan, [000002655494CB00][000002654A8A9440 49] Android_Mali_G710, [0000026554989D00][000002654A8AD700 49] Android_Mali_G710_Vulkan, [000002655494C900][000002654A8B19C0 49] Android_Vulkan_SM5, [000002655498BC00][000002654A8B4100 49] Android_PowerVR_G6xxx, [000002655494CD00][000002654A8B83C0 49] Android_PowerVR_GT7xxx, [000002655498B500][000002654A8BC680 49] Android_PowerVR_GE8xxx, [000002655494C200][000002654A8C0940 49] Android_PowerVR_GM9xxx, [0000026554988300][000002654A8C4C00 49] Android_PowerVR_GM9xxx_Vulkan, [000002655494F100][000002654A8C8EC0 49] Android_TegraK1, [000002655498B400][000002654A8A5140 49] Android_Unknown_Vulkan, [000002655494CF00][00000265551113C0 49] Lumin, [000002655498B600][0000026555119680 49] Lumin_Desktop, [000002655494D800][000002655511D940 49] HoloLens, 
[2023.01.16-20.57.00:176][  0]LogMeshReduction: Using QuadricMeshReduction for automatic static mesh reduction
[2023.01.16-20.57.00:176][  0]LogMeshReduction: Using SimplygonMeshReduction for automatic skeletal mesh reduction
[2023.01.16-20.57.00:176][  0]LogMeshReduction: Using ProxyLODMeshReduction for automatic mesh merging
[2023.01.16-20.57.00:176][  0]LogMeshReduction: No distributed automatic mesh merging module available
[2023.01.16-20.57.00:176][  0]LogMeshMerging: No distributed automatic mesh merging module available
[2023.01.16-20.57.00:301][  0]LogNetVersion: PrototypeV6 1.0.0, NetCL: 17155196, EngineNetVer: 17, GameNetVer: 0 (Checksum: 2678963413)
[2023.01.16-20.57.00:541][  0]LogTexture: Default maximum texture size for cubemaps generated from long-lat sources has been changed from 512 to unlimited. In order to preserve old behaiour for '/Engine/MapTemplates/Sky/DaylightAmbientCubemap.DaylightAmbientCubemap', its maximum texture size has been explicitly set to 512.
[2023.01.16-20.57.00:597][  0]LogHMD: PokeAHoleMaterial loaded successfully
[2023.01.16-20.57.00:689][  0]LogMoviePlayer: Initializing movie player
[2023.01.16-20.57.00:782][  0]LogNiagaraDebuggerClient: Niagara Debugger Client Initialized | Session: 5BCCDFCC49369D869EE1FE85B14D1CE1 | Instance: AE07A56B47FC10326F596BA83ACB7F6A (NOTAHACKER-10896).
[2023.01.16-20.57.00:799][  0]LogCollectionManager: Loaded 0 collections in 0.001622 seconds
[2023.01.16-20.57.00:801][  0]LogFileCache: Scanning file cache for directory 'C:/Users/SLATE 15/Documents/GitHub/Hannah-Ashna.github.io/FYP-Prototype/PrototypeV6/Saved/Collections/' took 0.00s
[2023.01.16-20.57.00:801][  0]LogFileCache: Scanning file cache for directory 'C:/Users/SLATE 15/Documents/GitHub/Hannah-Ashna.github.io/FYP-Prototype/PrototypeV6/Content/Developers/SLATE15/Collections/' took 0.00s
[2023.01.16-20.57.00:801][  0]LogFileCache: Scanning file cache for directory 'C:/Users/SLATE 15/Documents/GitHub/Hannah-Ashna.github.io/FYP-Prototype/PrototypeV6/Content/Collections/' took 0.00s
[2023.01.16-20.57.00:801][  0]LogCollectionManager: Fixed up redirectors for 0 collections in 0.000002 seconds (updated 0 objects)
[2023.01.16-20.57.00:892][  0]LogTcpMessaging: Initializing TcpMessaging bridge
[2023.01.16-20.57.00:895][  0]LogUdpMessaging: Initializing bridge on interface 0.0.0.0:0 to multicast group 230.0.0.1:6666.
[2023.01.16-20.57.00:905][  0]LogPython: Using Python 3.7.7
[2023.01.16-20.57.01:518][  0]LogOpenImageDenoise: OIDN starting up
[2023.01.16-20.57.01:523][  0]LogAndroidPermission: UAndroidPermissionCallbackProxy::GetInstance
[2023.01.16-20.57.01:540][  0]LogAudioCaptureCore: Display: No Audio Capture implementations found. Audio input will be silent.
[2023.01.16-20.57.01:540][  0]LogAudioCaptureCore: Display: No Audio Capture implementations found. Audio input will be silent.
[2023.01.16-20.57.01:593][  0]SourceControl: Source control is disabled
[2023.01.16-20.57.01:594][  0]SourceControl: Source control is disabled
[2023.01.16-20.57.01:595][  0]LogUProjectInfo: Found projects:
[2023.01.16-20.57.01:602][  0]SourceControl: Source control is disabled
[2023.01.16-20.57.01:618][  0]LogOcInput: OculusInput pre-init called
[2023.01.16-20.57.01:626][  0]LogUObjectArray: 22121 objects as part of root set at end of initial load.
[2023.01.16-20.57.01:626][  0]LogUObjectAllocator: 5975632 out of 0 bytes used by permanent object pool.
[2023.01.16-20.57.01:626][  0]LogUObjectArray: CloseDisregardForGC: 0/0 objects in disregard for GC pool
[2023.01.16-20.57.01:675][  0]LogEngine: Initializing Engine...
[2023.01.16-20.57.01:677][  0]LogStats: UGameplayTagsManager::InitializeManager -  0.000 s
[2023.01.16-20.57.01:781][  0]LogInit: Initializing FReadOnlyCVARCache
[2023.01.16-20.57.01:781][  0]LogAudio: Display: Initializing Audio Device Manager...
[2023.01.16-20.57.01:784][  0]LogAudio: Display: Loading Default Audio Settings Objects...
[2023.01.16-20.57.01:785][  0]LogAudio: Display: No default SoundConcurrencyObject specified (or failed to load).
[2023.01.16-20.57.01:785][  0]LogAudio: Display: Audio Device Manager Initialized
[2023.01.16-20.57.01:785][  0]LogAudio: Display: Creating Audio Device:                 Id: 1, Scope: Shared, Realtime: True
[2023.01.16-20.57.01:785][  0]LogAudioMixer: Display: Audio Mixer Platform Settings:
[2023.01.16-20.57.01:785][  0]LogAudioMixer: Display: 	Sample Rate:						  48000
[2023.01.16-20.57.01:785][  0]LogAudioMixer: Display: 	Callback Buffer Frame Size Requested: 1024
[2023.01.16-20.57.01:785][  0]LogAudioMixer: Display: 	Callback Buffer Frame Size To Use:	  1024
[2023.01.16-20.57.01:785][  0]LogAudioMixer: Display: 	Number of buffers to queue:			  2
[2023.01.16-20.57.01:785][  0]LogAudioMixer: Display: 	Max Channels (voices):				  32
[2023.01.16-20.57.01:785][  0]LogAudioMixer: Display: 	Number of Async Source Workers:		  0
[2023.01.16-20.57.01:785][  0]LogAudio: Display: AudioDevice MaxSources: 32
[2023.01.16-20.57.01:786][  0]LogAudio: Display: Audio Spatialization Plugin: None (built-in).
[2023.01.16-20.57.01:786][  0]LogAudio: Display: Audio Reverb Plugin: None (built-in).
[2023.01.16-20.57.01:786][  0]LogAudio: Display: Audio Occlusion Plugin: None (built-in).
[2023.01.16-20.57.01:786][  0]LogAudioMixer: Display: Initializing audio mixer.
[2023.01.16-20.57.01:814][  0]LogAudioMixer: Display: 0: FrontLeft
[2023.01.16-20.57.01:814][  0]LogAudioMixer: Display: 1: FrontRight
[2023.01.16-20.57.01:834][  0]LogAudioMixer: Display: Using Audio Device Headphones (Elgato Wave:1)
[2023.01.16-20.57.01:839][  0]LogAudioMixer: Display: Initializing Sound Submixes...
[2023.01.16-20.57.01:840][  0]LogAudioMixer: Display: Creating Master Submix 'MasterSubmixDefault'
[2023.01.16-20.57.01:840][  0]LogAudioMixer: Display: Creating Master Submix 'MasterReverbSubmixDefault'
[2023.01.16-20.57.01:841][  0]LogAudioMixer: Display: Creating Master Submix 'MasterEQSubmixDefault'
[2023.01.16-20.57.01:841][  0]LogAudioMixer: FMixerPlatformXAudio2::StartAudioStream() called
[2023.01.16-20.57.01:841][  0]LogAudioMixer: Display: Output buffers initialized: Frames=1024, Channels=2, Samples=2048
[2023.01.16-20.57.01:842][  0]LogAudioMixer: Display: Starting AudioMixerPlatformInterface::RunInternal()
[2023.01.16-20.57.01:842][  0]LogAudioMixer: Display: FMixerPlatformXAudio2::SubmitBuffer() called for the first time
[2023.01.16-20.57.01:842][  0]LogInit: FAudioDevice initialized.
[2023.01.16-20.57.01:843][  0]LogNetVersion: Set ProjectVersion to 1.0.0.0. Version Checksum will be recalculated on next use.
[2023.01.16-20.57.01:844][  0]LogInit: Texture streaming: Enabled
[2023.01.16-20.57.01:969][  0]LogAudio: Display: Audio Device (ID: 1) registered with world 'Untitled'.
[2023.01.16-20.57.01:969][  0]LogSlate: Updating window title bar state: overlay mode, drag disabled, window buttons hidden, title bar hidden
[2023.01.16-20.57.01:971][  0]LogInit: Display: Game Engine Initialized.
[2023.01.16-20.57.01:971][  0]LogNiagaraEditor: GEditor isn't valid! Particle reset commands will not work for Niagara components!
[2023.01.16-20.57.02:068][  0]LogInit: Display: Starting Game.
[2023.01.16-20.57.02:068][  0]LogNet: Browse: 127.0.0.1:17777/Game/Maps/VRBaseMap?Name=Player
[2023.01.16-20.57.02:068][  0]LogInit: WinSock: Socket queue. Rx: 32768 (config 32768) Tx: 32768 (config 32768)
[2023.01.16-20.57.02:068][  0]LogNet: Created socket for bind address: 0.0.0.0 on port 0
[2023.01.16-20.57.02:069][  0]PacketHandlerLog: Loaded PacketHandler component: Engine.EngineHandlerComponentFactory (StatelessConnectHandlerComponent)
[2023.01.16-20.57.02:069][  0]LogNet: Game client on port 17777, rate 100000
[2023.01.16-20.57.02:200][  0]LogInit: Display: Engine is initialized. Leaving FEngineLoop::Init()
[2023.01.16-20.57.02:200][  0]LogLoad: (Engine Initialization) Total time: 5.77 seconds
[2023.01.16-20.57.02:200][  0]LogLoad: (Engine Initialization) Total Blueprint compile time: 0.00 seconds
[2023.01.16-20.57.02:220][  0]LogOculusPluginWrapper: OculusPlugin initialized successfully
[2023.01.16-20.57.02:339][  0]LogHMD: FOculusHMDModule PreInit successfully
[2023.01.16-20.57.02:339][  0]LogOcInput: OculusInput is initialized
[2023.01.16-20.57.02:342][  0]LogContentStreaming: Texture pool size now 1000 MB
[2023.01.16-20.57.02:344][  0]LogSlate: InvalidateAllWidgets triggered.  All widgets were invalidated
[2023.01.16-20.57.03:100][983]LogHandshake: SendChallengeResponse. Timestamp: 0.365654, Cookie: 252246092151159115165192066040238119141143032144196012211195
[2023.01.16-20.57.03:105][998]LogNetVersion: PrototypeV6 1.0.0.0, NetCL: 17155196, EngineNetVer: 17, GameNetVer: 0 (Checksum: 2013864317)
[2023.01.16-20.57.03:105][998]LogNet: UPendingNetGame::SendInitialJoin: Sending hello. [UNetConnection] RemoteAddr: 127.0.0.1:17777, Name: IpConnection_0, Driver: PendingNetDriver IpNetDriver_0, IsServer: NO, PC: NULL, Owner: NULL, UniqueId: INVALID
[2023.01.16-20.57.03:132][ 76]LogNet: Welcomed by server (Level: /Game/Maps/VRHoloportMap, Game: /Game/VRPawns/GameModes/VRMultGamemode.VRMultGamemode_C)
[2023.01.16-20.57.03:133][ 76]LogLoad: LoadMap: 127.0.0.1:17777/Game/Maps/VRHoloportMap?Name=Player?game=/Game/VRPawns/GameModes/VRMultGamemode.VRMultGamemode_C
[2023.01.16-20.57.03:133][ 76]LogWorld: BeginTearingDown for /Temp/Untitled_0
[2023.01.16-20.57.03:133][ 76]LogWorld: UWorld::CleanupWorld for Untitled, bSessionEnded=true, bCleanupResources=true
[2023.01.16-20.57.03:133][ 76]LogSlate: InvalidateAllWidgets triggered.  All widgets were invalidated
[2023.01.16-20.57.03:137][ 76]LogAudio: Display: Audio Device unregistered from world 'None'.
[2023.01.16-20.57.03:140][ 76]LogUObjectHash: Compacting FUObjectHashTables data took   0.96ms
[2023.01.16-20.57.03:836][ 76]LogSkeletalMesh: Display: [AssetLog] C:\Users\SLATE 15\Documents\GitHub\Hannah-Ashna.github.io\FYP-Prototype\PrototypeV6\Content\VehicleVarietyPack\Skeletons\SK_SUV.uasset: Find and fix some bad tangent! please re-import this skeletal mesh asset to fix the issue. The shading of the skeletal mesh will be bad and faceted.
[2023.01.16-20.57.03:862][ 76]LogSkeletalMesh: Display: [AssetLog] C:\Users\SLATE 15\Documents\GitHub\Hannah-Ashna.github.io\FYP-Prototype\PrototypeV6\Content\Vehicle\Sedan\Sedan_SkelMesh.uasset: Find and fix some bad tangent! please re-import this skeletal mesh asset to fix the issue. The shading of the skeletal mesh will be bad and faceted.
[2023.01.16-20.57.03:879][ 76]LogSkeletalMesh: Display: [AssetLog] C:\Users\SLATE 15\Documents\GitHub\Hannah-Ashna.github.io\FYP-Prototype\PrototypeV6\Content\VehicleVarietyPack\Skeletons\SK_Hatchback.uasset: Find and fix some bad tangent! please re-import this skeletal mesh asset to fix the issue. The shading of the skeletal mesh will be bad and faceted.
[2023.01.16-20.57.03:969][ 76]LogAudio: Display: Audio Device (ID: 1) registered with world 'VRHoloportMap'.
[2023.01.16-20.57.03:982][ 76]LogWorld: Bringing World /Game/Maps/VRHoloportMap.VRHoloportMap up for play (max tick rate 0) at 2023.01.16-20.57.03
[2023.01.16-20.57.03:982][ 76]LogWorld: Bringing up level for play took: 0.010587
[2023.01.16-20.57.03:982][ 76]LogNavigation: Warning: NavData RegistrationFailed_DataPendingKill.
[2023.01.16-20.57.03:983][ 76]LogSlate: Took 0.000202 seconds to synchronously load lazily loaded font '../../../Engine/Content/Slate/Fonts/Roboto-Regular.ttf' (155K)
[2023.01.16-20.57.03:983][ 76]LogLoad: Took 0.850917 seconds to LoadMap(/Game/Maps/VRHoloportMap)
[2023.01.16-20.57.03:984][ 76]LogNavigation: Warning: NavData RegistrationFailed_DataPendingKill.
[2023.01.16-20.57.03:986][ 77]LogRenderer: Reallocating scene render targets to support 640x480 Format 10 NumSamples 1 (Frame:1).
[2023.01.16-20.57.04:029][ 86]LogSlate: New Slate User Created.  User Index 8, Is Virtual User: 1
[2023.01.16-20.57.04:029][ 86]LogSlate: Slate User Registered.  User Index 8, Is Virtual User: 1
[2023.01.16-20.57.04:030][ 86]LogOnlineSession: Warning: OSS: No game present to join for session (GameSession)
[2023.01.16-20.57.04:178][116]LogOnlineSession: Warning: OSS: No game present to join for session (GameSession)
[2023.01.16-20.57.04:178][116]LogBlueprintUserMessages: [ThirdPersonCharacter_C_0] VRHoloportMap
[2023.01.16-20.57.14:179][384]LogBlueprintUserMessages: [ThirdPersonCharacter_C_0] VRHoloportMap
[2023.01.16-20.57.23:541][454]Command not recognized: servertravel VRTeleportMap
[2023.01.16-20.57.23:670][515]LogWorld: SeamlessTravel to: /Game/Maps/VRTeleportMap
[2023.01.16-20.57.23:671][515]Command not recognized: servertravel VRTeleportMap
[2023.01.16-20.57.23:678][517]LogWorld: BeginTearingDown for /Game/Maps/VRHoloportMap
[2023.01.16-20.57.23:679][517]LogWorld: UWorld::CleanupWorld for VRHoloportMap, bSessionEnded=false, bCleanupResources=true
[2023.01.16-20.57.23:679][517]LogSlate: InvalidateAllWidgets triggered.  All widgets were invalidated
[2023.01.16-20.57.23:709][517]LogAudio: Display: Audio Device (ID: 1) registered with world 'VRTransitionMap'.
[2023.01.16-20.57.23:714][517]LogAudio: Display: Audio Device unregistered from world 'None'.
[2023.01.16-20.57.23:734][517]LogUObjectHash: Compacting FUObjectHashTables data took   0.92ms
[2023.01.16-20.57.23:738][517]LogStats:     SeamlessTravel FlushLevelStreaming  -  0.001 s
[2023.01.16-20.57.23:739][517]LogWorld: Bringing World /Game/Maps/VRTransitionMap.VRTransitionMap up for play (max tick rate 0) at 2023.01.16-20.57.23
[2023.01.16-20.57.23:739][517]LogWorld: Bringing up level for play took: 0.001176
[2023.01.16-20.57.23:739][517]LogWorld: Sending NotifyLoadedWorld for LP: LocalPlayer_0 PC: PlayerController_1
[2023.01.16-20.57.23:739][517]LogNet: Verbose: NotifyLoadedWorld Begin
[2023.01.16-20.57.23:739][517]LogNet: VeryVerbose: GetFunctionCallspace RemoteRole Remote ServerNotifyLoadedWorld
[2023.01.16-20.57.23:739][517]LogNetTraffic:       Sent RPC: PlayerController /Game/Maps/VRTransitionMap.VRTransitionMap:PersistentLevel.PlayerController_1::ServerNotifyLoadedWorld [40.4 bytes]
[2023.01.16-20.57.23:739][517]LogNetTraffic: VeryVerbose: Sending: FOutBunch: Channel[2] ChSequence: 865 NumBits: 323 PacketId: 0 bOpen: 0 bClose: 0 bIsReplicationPaused: 0 bReliable: 1 bPartial: 0//0//0 bHasPackageMapExports: 0 
[2023.01.16-20.57.23:740][517]LogNetTraffic: Verbose: FNetPacketNotify::WriteHeader - Seq 7349, AckedSeq 14669 bReFresh 0 HistorySizeInWords 1
[2023.01.16-20.57.23:740][517]LogNetTraffic: Verbose: UNetConnection::SendRawBunch. ChIndex: 2. Bits: 323. PacketId: 7349
[2023.01.16-20.57.23:740][517]LogNet: Verbose: NotifyLoadedWorld End
[2023.01.16-20.57.23:740][517]LogWorld: StartLoadingDestination to: /Game/Maps/VRTeleportMap
[2023.01.16-20.57.23:755][517]LogBlueprintUserMessages: [ThirdPersonCharacter_C_0] VRTransitionMap
[2023.01.16-20.57.23:938][524]LogSkeletalMesh: Display: [AssetLog] C:\Users\SLATE 15\Documents\GitHub\Hannah-Ashna.github.io\FYP-Prototype\PrototypeV6\Content\Vehicle\Sedan\Sedan_SkelMesh.uasset: Find and fix some bad tangent! please re-import this skeletal mesh asset to fix the issue. The shading of the skeletal mesh will be bad and faceted.
[2023.01.16-20.57.24:222][528]LogSkeletalMesh: Display: [AssetLog] C:\Users\SLATE 15\Documents\GitHub\Hannah-Ashna.github.io\FYP-Prototype\PrototypeV6\Content\VehicleVarietyPack\Skeletons\SK_Hatchback.uasset: Find and fix some bad tangent! please re-import this skeletal mesh asset to fix the issue. The shading of the skeletal mesh will be bad and faceted.
[2023.01.16-20.57.24:554][529]LogSkeletalMesh: Display: [AssetLog] C:\Users\SLATE 15\Documents\GitHub\Hannah-Ashna.github.io\FYP-Prototype\PrototypeV6\Content\VehicleVarietyPack\Skeletons\SK_SUV.uasset: Find and fix some bad tangent! please re-import this skeletal mesh asset to fix the issue. The shading of the skeletal mesh will be bad and faceted.
[2023.01.16-20.57.24:726][532]LogOnlineSession: Warning: OSS: No game present to leave for session (GameSession)
[2023.01.16-20.57.24:761][535]LogWorld: BeginTearingDown for /Game/Maps/VRTransitionMap
[2023.01.16-20.57.24:761][535]LogWorld: UWorld::CleanupWorld for VRTransitionMap, bSessionEnded=true, bCleanupResources=true
[2023.01.16-20.57.24:761][535]LogSlate: InvalidateAllWidgets triggered.  All widgets were invalidated
[2023.01.16-20.57.24:797][535]LogAudio: Display: Waited 35.451599 ms for audio thread.
[2023.01.16-20.57.24:800][535]LogAudio: Display: Waited 38.422398 ms for audio thread.
[2023.01.16-20.57.24:800][535]LogAudio: Display: Audio Device (ID: 1) registered with world 'VRTeleportMap'.
[2023.01.16-20.57.24:806][535]LogAudio: Display: Audio Device unregistered from world 'None'.
[2023.01.16-20.57.24:808][535]LogSlate: Slate User Unregistered.  User Index 8
[2023.01.16-20.57.24:808][535]LogSlate: Slate User Destroyed.  User Index 8, Is Virtual User: 1
[2023.01.16-20.57.24:810][535]LogUObjectHash: Compacting FUObjectHashTables data took   1.17ms
[2023.01.16-20.57.24:813][535]LogStats:     SeamlessTravel FlushLevelStreaming  -  0.001 s
[2023.01.16-20.57.24:825][535]LogWorld: Bringing World /Game/Maps/VRTeleportMap.VRTeleportMap up for play (max tick rate 0) at 2023.01.16-20.57.24
[2023.01.16-20.57.24:825][535]LogWorld: Bringing up level for play took: 0.012246
[2023.01.16-20.57.24:825][535]LogNavigation: Warning: NavData RegistrationFailed_DataPendingKill.
[2023.01.16-20.57.24:825][535]LogWorld: Sending NotifyLoadedWorld for LP: LocalPlayer_0 PC: PlayerController_1
[2023.01.16-20.57.24:825][535]LogNet: Verbose: NotifyLoadedWorld Begin
[2023.01.16-20.57.24:825][535]LogNet: VeryVerbose: GetFunctionCallspace RemoteRole Remote ServerNotifyLoadedWorld
[2023.01.16-20.57.24:825][535]LogNetTraffic:       Sent RPC: PlayerController /Game/Maps/VRTeleportMap.VRTeleportMap:PersistentLevel.PlayerController_1::ServerNotifyLoadedWorld [38.4 bytes]
[2023.01.16-20.57.24:825][535]LogNetTraffic: VeryVerbose: Sending: FOutBunch: Channel[2] ChSequence: 866 NumBits: 307 PacketId: 0 bOpen: 0 bClose: 0 bIsReplicationPaused: 0 bReliable: 1 bPartial: 0//0//0 bHasPackageMapExports: 0 
[2023.01.16-20.57.24:825][535]LogNetTraffic: Verbose: FNetPacketNotify::WriteHeader - Seq 7358, AckedSeq 14680 bReFresh 0 HistorySizeInWords 1
[2023.01.16-20.57.24:825][535]LogNetTraffic: Verbose: UNetConnection::SendRawBunch. ChIndex: 2. Bits: 307. PacketId: 7358
[2023.01.16-20.57.24:825][535]LogNet: Verbose: NotifyLoadedWorld End
[2023.01.16-20.57.24:825][535]LogWorld: ----SeamlessTravel finished in 1.16 seconds ------
[2023.01.16-20.57.24:825][535]LogNavigation: Warning: NavData RegistrationFailed_DataPendingKill.
[2023.01.16-20.57.24:870][551]LogOnlineSession: Warning: OSS: No game present to leave for session (GameSession)
[2023.01.16-20.57.24:871][551]LogSlate: New Slate User Created.  User Index 8, Is Virtual User: 1
[2023.01.16-20.57.24:871][551]LogSlate: Slate User Registered.  User Index 8, Is Virtual User: 1
[2023.01.16-20.57.24:872][551]LogOnlineSession: Warning: OSS: No game present to join for session (GameSession)
[2023.01.16-20.57.25:691][994]LogOnlineSession: Warning: OSS: No game present to join for session (GameSession)
