Log file open, 01/16/23 18:06:34
LogWindows: Failed to load 'aqProf.dll' (GetLastError=126)
LogWindows: File 'aqProf.dll' does not exist
LogWindows: Failed to load 'VtuneApi.dll' (GetLastError=126)
LogWindows: File 'VtuneApi.dll' does not exist
LogWindows: Failed to load 'VtuneApi32e.dll' (GetLastError=126)
LogWindows: File 'VtuneApi32e.dll' does not exist
LogConsoleResponse: Display: Failed to find resolution value strings in scalability ini. Falling back to default.
LogConsoleResponse: Display: Failed to find resolution value strings in scalability ini. Falling back to default.
LogInit: Display: Running engine for game: PrototypeV6
LogPlatformFile: Not using cached read wrapper
LogTaskGraph: Started task graph with 5 named threads and 17 total threads with 3 sets of task threads.
LogStats: Stats thread started at 0.289044
LogICUInternationalization: ICU TimeZone Detection - Raw Offset: +0:00, Platform Override: ''
LogInit: Display: Loading text-based GConfig....
LogPluginManager: Mounting plugin MeshPainting
LogPluginManager: Mounting plugin XGEController
LogPluginManager: Mounting plugin Paper2D
LogPluginManager: Mounting plugin AISupport
LogPluginManager: Mounting plugin EnvironmentQueryEditor
LogPluginManager: Mounting plugin LiveLink
LogPluginManager: Mounting plugin LightPropagationVolume
LogPluginManager: Mounting plugin CameraShakePreviewer
LogPluginManager: Mounting plugin GameplayCameras
LogPluginManager: Mounting plugin OodleData
LogPluginManager: Mounting plugin OodleNetwork
LogPluginManager: Mounting plugin AnimationSharing
LogPluginManager: Mounting plugin CLionSourceCodeAccess
LogPluginManager: Mounting plugin CodeLiteSourceCodeAccess
LogPluginManager: Mounting plugin GitSourceControl
LogPluginManager: Mounting plugin KDevelopSourceCodeAccess
LogPluginManager: Mounting plugin NullSourceCodeAccess
LogPluginManager: Mounting plugin PerforceSourceControl
LogPluginManager: Mounting plugin PixWinPlugin
LogPluginManager: Mounting plugin PlasticSourceControl
LogPluginManager: Mounting plugin PluginUtils
LogPluginManager: Mounting plugin PropertyAccessNode
LogPluginManager: Mounting plugin RiderSourceCodeAccess
LogPluginManager: Mounting plugin SubversionSourceControl
LogPluginManager: Mounting plugin TextureFormatOodle
LogPluginManager: Mounting plugin UObjectPlugin
LogPluginManager: Mounting plugin VisualStudioCodeSourceCodeAccess
LogPluginManager: Mounting plugin VisualStudioSourceCodeAccess
LogPluginManager: Mounting plugin XCodeSourceCodeAccess
LogPluginManager: Mounting plugin AssetManagerEditor
LogPluginManager: Mounting plugin CryptoKeys
LogPluginManager: Mounting plugin CurveEditorTools
LogPluginManager: Mounting plugin DataValidation
LogPluginManager: Mounting plugin FacialAnimation
LogPluginManager: Mounting plugin GameplayTagsEditor
LogPluginManager: Mounting plugin GeometryMode
LogPluginManager: Mounting plugin MacGraphicsSwitching
LogPluginManager: Mounting plugin MaterialAnalyzer
LogPluginManager: Mounting plugin MobileLauncherProfileWizard
LogPluginManager: Mounting plugin PluginBrowser
LogPluginManager: Mounting plugin SpeedTreeImporter
LogPluginManager: Mounting plugin DatasmithContent
LogPluginManager: Mounting plugin VariantManagerContent
LogPluginManager: Mounting plugin AlembicImporter
LogPluginManager: Mounting plugin AutomationUtils
LogPluginManager: Mounting plugin BackChannel
LogPluginManager: Mounting plugin ChaosCloth
LogPluginManager: Mounting plugin ChaosClothEditor
LogPluginManager: Mounting plugin ChaosEditor
LogPluginManager: Mounting plugin ChaosNiagara
LogPluginManager: Mounting plugin ChaosSolverPlugin
LogPluginManager: Mounting plugin CharacterAI
LogPluginManager: Mounting plugin GeometryCache
LogPluginManager: Mounting plugin GeometryCollectionPlugin
LogPluginManager: Mounting plugin GeometryProcessing
LogPluginManager: Mounting plugin MotoSynth
LogPluginManager: Mounting plugin OpenImageDenoise
LogPluginManager: Mounting plugin PlanarCut
LogPluginManager: Mounting plugin PlatformCrypto
LogPluginManager: Mounting plugin ProxyLODPlugin
LogPluginManager: Mounting plugin PythonScriptPlugin
LogPluginManager: Mounting plugin SkeletalReduction
LogPluginManager: Mounting plugin Niagara
LogPluginManager: Mounting plugin LuminPlatformFeatures
LogPluginManager: Mounting plugin MagicLeap
LogPluginManager: Mounting plugin MagicLeapLightEstimation
LogPluginManager: Mounting plugin MagicLeapMedia
LogPluginManager: Mounting plugin MagicLeapPassableWorld
LogPluginManager: Mounting plugin MLSDK
LogPluginManager: Mounting plugin AndroidMedia
LogPluginManager: Mounting plugin AvfMedia
LogPluginManager: Mounting plugin ImgMedia
LogPluginManager: Mounting plugin MediaCompositing
LogPluginManager: Mounting plugin MediaPlayerEditor
LogPluginManager: Mounting plugin WebMMedia
LogPluginManager: Mounting plugin WmfMedia
LogPluginManager: Mounting plugin TcpMessaging
LogPluginManager: Mounting plugin UdpMessaging
LogPluginManager: Mounting plugin ActorSequence
LogPluginManager: Mounting plugin LevelSequenceEditor
LogPluginManager: Mounting plugin MatineeToLevelSequence
LogPluginManager: Mounting plugin TemplateSequence
LogPluginManager: Mounting plugin OnlineSubsystem
LogPluginManager: Mounting plugin OnlineSubsystemNull
LogPluginManager: Mounting plugin OnlineSubsystemUtils
LogPluginManager: Mounting plugin LauncherChunkInstaller
LogPluginManager: Mounting plugin ActorLayerUtilities
LogPluginManager: Mounting plugin AndroidDeviceProfileSelector
LogPluginManager: Mounting plugin AndroidMoviePlayer
LogPluginManager: Mounting plugin AndroidPermission
LogPluginManager: Mounting plugin AppleImageUtils
LogPluginManager: Mounting plugin AppleMoviePlayer
LogPluginManager: Mounting plugin ArchVisCharacter
LogPluginManager: Mounting plugin AssetTags
LogPluginManager: Mounting plugin AudioCapture
LogPluginManager: Mounting plugin AudioSynesthesia
LogPluginManager: Mounting plugin CableComponent
LogPluginManager: Mounting plugin ChunkDownloader
LogPluginManager: Mounting plugin CustomMeshComponent
LogPluginManager: Mounting plugin EditableMesh
LogPluginManager: Mounting plugin ExampleDeviceProfileSelector
LogPluginManager: Mounting plugin GoogleCloudMessaging
LogPluginManager: Mounting plugin GooglePAD
LogPluginManager: Mounting plugin IOSDeviceProfileSelector
LogPluginManager: Mounting plugin LinuxDeviceProfileSelector
LogPluginManager: Mounting plugin LocationServicesBPLibrary
LogPluginManager: Mounting plugin MobilePatchingUtils
LogPluginManager: Mounting plugin OpenXR
LogPluginManager: Mounting plugin OpenXREyeTracker
LogPluginManager: Mounting plugin OpenXRHandTracking
LogPluginManager: Mounting plugin PhysXVehicles
LogPluginManager: Mounting plugin PostSplashScreen
LogPluginManager: Mounting plugin ProceduralMeshComponent
LogPluginManager: Mounting plugin PropertyAccessEditor
LogPluginManager: Mounting plugin RuntimePhysXCooking
LogPluginManager: Mounting plugin SignificanceManager
LogPluginManager: Mounting plugin SoundFields
LogPluginManager: Mounting plugin Synthesis
LogPluginManager: Mounting plugin WebMMoviePlayer
LogPluginManager: Mounting plugin WindowsMoviePlayer
LogPluginManager: Mounting plugin ScreenshotTools
LogPluginManager: Mounting plugin Takes
LogPluginManager: Mounting plugin ContentBrowserAssetDataSource
LogPluginManager: Mounting plugin ContentBrowserClassDataSource
LogPluginManager: Mounting plugin ContentBrowserFileDataSource
LogPluginManager: Mounting plugin OnlineSubsystemIOS
LogPluginManager: Mounting plugin OculusVR
LogPluginManager: Mounting plugin SteamVR
PixWinPlugin: PIX capture plugin failed to initialize! Check that the process is launched from PIX.
LogInit: Using libcurl 7.55.1-DEV
LogInit:  - built for x86_64-pc-win32
LogInit:  - supports SSL with OpenSSL/1.1.1
LogInit:  - supports HTTP deflate (compression) using libz 1.2.8
LogInit:  - other features:
LogInit:      CURL_VERSION_SSL
LogInit:      CURL_VERSION_LIBZ
LogInit:      CURL_VERSION_IPV6
LogInit:      CURL_VERSION_ASYNCHDNS
LogInit:      CURL_VERSION_LARGEFILE
LogInit:      CURL_VERSION_IDN
LogInit:  CurlRequestOptions (configurable via config and command line):
LogInit:  - bVerifyPeer = true  - Libcurl will verify peer certificate
LogInit:  - bUseHttpProxy = false  - Libcurl will NOT use HTTP proxy
LogInit:  - bDontReuseConnections = false  - Libcurl will reuse connections
LogInit:  - MaxHostConnections = 16  - Libcurl will limit the number of connections to a host
LogInit:  - LocalHostAddr = Default
LogInit:  - BufferSize = 65536
LogOnline: OSS: Creating online subsystem instance for: NULL
LogInit: WinSock: version 1.1 (2.2), MaxSocks=32767, MaxUdp=65467
LogOnline: OSS: TryLoadSubsystemAndSetDefault: Loaded subsystem for module [NULL]
LogInit: Build: ++UE4+Release-4.27-CL-18319896
LogInit: Engine Version: 4.27.2-18319896+++UE4+Release-4.27
LogInit: Compatible Engine Version: 4.27.0-17155196+++UE4+Release-4.27
LogInit: Net CL: 17155196
LogInit: OS: Windows 10 (Release 2009) (), CPU: Intel(R) Core(TM) i7-9750H CPU @ 2.60GHz, GPU: Intel(R) UHD Graphics 630
LogInit: Compiled (64-bit): Nov 30 2021 07:12:08
LogInit: Compiled with Visual C++: 19.24.28315.00
LogInit: Build Configuration: Development
LogInit: Branch Name: ++UE4+Release-4.27
LogInit: Command Line:  /Game/Maps/VRHoloportMap -game -PIEVIACONSOLE -Multiprocess -server -log "GameUserSettingsINI=C:/Users/SLATE 15/Documents/GitHub/Hannah-Ashna.github.io/FYP-Prototype/PrototypeV6/Saved/Config/Windows/PIEGameUserSettings0.ini" -MultiprocessSaveConfig -forcepassthrough -messaging -SessionName="Play in Standalone Game" -nohmd -port=17777 -windowed
LogInit: Base Directory: C:/Program Files/Epic Games/UE_4.27/Engine/Binaries/Win64/
LogInit: Allocator: TBB
LogInit: Installed Engine Build: 1
LogDevObjectVersion: Number of dev versions registered: 29
LogDevObjectVersion:   Dev-Blueprints (B0D832E4-1F89-4F0D-ACCF-7EB736FD4AA2): 10
LogDevObjectVersion:   Dev-Build (E1C64328-A22C-4D53-A36C-8E866417BD8C): 0
LogDevObjectVersion:   Dev-Core (375EC13C-06E4-48FB-B500-84F0262A717E): 4
LogDevObjectVersion:   Dev-Editor (E4B068ED-F494-42E9-A231-DA0B2E46BB41): 40
LogDevObjectVersion:   Dev-Framework (CFFC743F-43B0-4480-9391-14DF171D2073): 37
LogDevObjectVersion:   Dev-Mobile (B02B49B5-BB20-44E9-A304-32B752E40360): 3
LogDevObjectVersion:   Dev-Networking (A4E4105C-59A1-49B5-A7C5-40C4547EDFEE): 0
LogDevObjectVersion:   Dev-Online (39C831C9-5AE6-47DC-9A44-9C173E1C8E7C): 0
LogDevObjectVersion:   Dev-Physics (78F01B33-EBEA-4F98-B9B4-84EACCB95AA2): 14
LogDevObjectVersion:   Dev-Platform (6631380F-2D4D-43E0-8009-CF276956A95A): 0
LogDevObjectVersion:   Dev-Rendering (12F88B9F-8875-4AFC-A67C-D90C383ABD29): 45
LogDevObjectVersion:   Dev-Sequencer (7B5AE74C-D270-4C10-A958-57980B212A5A): 13
LogDevObjectVersion:   Dev-VR (D7296918-1DD6-4BDD-9DE2-64A83CC13884): 3
LogDevObjectVersion:   Dev-LoadTimes (C2A15278-BFE7-4AFE-6C17-90FF531DF755): 1
LogDevObjectVersion:   Private-Geometry (6EACA3D4-40EC-4CC1-B786-8BED09428FC5): 3
LogDevObjectVersion:   Dev-AnimPhys (29E575DD-E0A3-4627-9D10-D276232CDCEA): 17
LogDevObjectVersion:   Dev-Anim (AF43A65D-7FD3-4947-9873-3E8ED9C1BB05): 15
LogDevObjectVersion:   Dev-ReflectionCapture (6B266CEC-1EC7-4B8F-A30B-E4D90942FC07): 1
LogDevObjectVersion:   Dev-Automation (0DF73D61-A23F-47EA-B727-89E90C41499A): 1
LogDevObjectVersion:   FortniteMain (601D1886-AC64-4F84-AA16-D3DE0DEAC7D6): 47
LogDevObjectVersion:   FortniteRelease (E7086368-6B23-4C58-8439-1B7016265E91): 1
LogDevObjectVersion:   Dev-Enterprise (9DFFBCD6-494F-0158-E221-12823C92A888): 10
LogDevObjectVersion:   Dev-Niagara (F2AED0AC-9AFE-416F-8664-AA7FFA26D6FC): 1
LogDevObjectVersion:   Dev-Destruction (174F1F0B-B4C6-45A5-B13F-2EE8D0FB917D): 10
LogDevObjectVersion:   Dev-Physics-Ext (35F94A83-E258-406C-A318-09F59610247C): 41
LogDevObjectVersion:   Dev-PhysicsMaterial-Chaos (B68FC16E-8B1B-42E2-B453-215C058844FE): 1
LogDevObjectVersion:   Dev-CineCamera (B2E18506-4273-CFC2-A54E-F4BB758BBA07): 1
LogDevObjectVersion:   Dev-VirtualProduction (64F58936-FD1B-42BA-BA96-7289D5D0FA4E): 1
LogDevObjectVersion:   Dev-MediaFramework (6F0ED827-A609-4895-9C91-998D90180EA4): 2
LogInit: Presizing for max 25165824 objects, including 0 objects not considered by GC, pre-allocating 0 bytes for permanent pool.
LogConfig: Applying CVar settings from Section [/Script/Engine.StreamingSettings] File [C:/Users/SLATE 15/Documents/GitHub/Hannah-Ashna.github.io/FYP-Prototype/PrototypeV6/Saved/Config/Windows/Engine.ini]
LogConfig: Setting CVar [[s.MinBulkDataSizeForAsyncLoading:131072]]
LogConfig: Setting CVar [[s.AsyncLoadingThreadEnabled:0]]
LogConfig: Setting CVar [[s.EventDrivenLoaderEnabled:1]]
LogConfig: Setting CVar [[s.WarnIfTimeLimitExceeded:0]]
LogConfig: Setting CVar [[s.TimeLimitExceededMultiplier:1.5]]
LogConfig: Setting CVar [[s.TimeLimitExceededMinTime:0.005]]
LogConfig: Setting CVar [[s.UseBackgroundLevelStreaming:1]]
LogConfig: Setting CVar [[s.PriorityAsyncLoadingExtraTime:15.0]]
LogConfig: Setting CVar [[s.LevelStreamingActorsUpdateTimeLimit:5.0]]
LogConfig: Setting CVar [[s.PriorityLevelStreamingActorsUpdateExtraTime:5.0]]
LogConfig: Setting CVar [[s.LevelStreamingComponentsRegistrationGranularity:10]]
LogConfig: Setting CVar [[s.UnregisterComponentsTimeLimit:1.0]]
LogConfig: Setting CVar [[s.LevelStreamingComponentsUnregistrationGranularity:5]]
LogConfig: Setting CVar [[s.FlushStreamingOnExit:1]]
LogInit: Object subsystem initialized
LogConfig: Setting CVar [[con.DebugEarlyDefault:1]]
LogConfig: Setting CVar [[r.setres:1280x720]]
[2023.01.16-18.06.35:690][  0]LogConfig: Setting CVar [[con.DebugEarlyDefault:1]]
[2023.01.16-18.06.35:690][  0]LogConfig: Setting CVar [[r.setres:1280x720]]
[2023.01.16-18.06.35:691][  0]LogConfig: Applying CVar settings from Section [/Script/Engine.RendererSettings] File [C:/Users/SLATE 15/Documents/GitHub/Hannah-Ashna.github.io/FYP-Prototype/PrototypeV6/Saved/Config/Windows/Engine.ini]
[2023.01.16-18.06.35:691][  0]LogConfig: Setting CVar [[r.GPUCrashDebugging:0]]
[2023.01.16-18.06.35:691][  0]LogConfig: Setting CVar [[r.Mobile.DisableVertexFog:1]]
[2023.01.16-18.06.35:691][  0]LogConfig: Setting CVar [[r.Shadow.CSM.MaxMobileCascades:2]]
[2023.01.16-18.06.35:692][  0]LogConfig: Setting CVar [[r.MobileMSAA:1]]
[2023.01.16-18.06.35:692][  0]LogConfig: Setting CVar [[r.Mobile.AllowDitheredLODTransition:0]]
[2023.01.16-18.06.35:692][  0]LogConfig: Setting CVar [[r.Mobile.AllowSoftwareOcclusion:0]]
[2023.01.16-18.06.35:693][  0]LogConfig: Setting CVar [[r.Mobile.VirtualTextures:0]]
[2023.01.16-18.06.35:693][  0]LogConfig: Setting CVar [[r.DiscardUnusedQuality:0]]
[2023.01.16-18.06.35:693][  0]LogConfig: Setting CVar [[r.AllowOcclusionQueries:1]]
[2023.01.16-18.06.35:693][  0]LogConfig: Setting CVar [[r.MinScreenRadiusForLights:0.030000]]
[2023.01.16-18.06.35:694][  0]LogConfig: Setting CVar [[r.MinScreenRadiusForDepthPrepass:0.030000]]
[2023.01.16-18.06.35:694][  0]LogConfig: Setting CVar [[r.MinScreenRadiusForCSMDepth:0.010000]]
[2023.01.16-18.06.35:694][  0]LogConfig: Setting CVar [[r.PrecomputedVisibilityWarning:0]]
[2023.01.16-18.06.35:695][  0]LogConfig: Setting CVar [[r.TextureStreaming:1]]
[2023.01.16-18.06.35:695][  0]LogConfig: Setting CVar [[Compat.UseDXT5NormalMaps:0]]
[2023.01.16-18.06.35:696][  0]LogConfig: Setting CVar [[r.VirtualTextures:0]]
[2023.01.16-18.06.35:696][  0]LogConfig: Setting CVar [[r.VT.EnableAutoImport:1]]
[2023.01.16-18.06.35:696][  0]LogConfig: Setting CVar [[r.VirtualTexturedLightmaps:0]]
[2023.01.16-18.06.35:696][  0]LogConfig: Setting CVar [[r.VT.TileSize:128]]
[2023.01.16-18.06.35:697][  0]LogConfig: Setting CVar [[r.VT.TileBorderSize:4]]
[2023.01.16-18.06.35:697][  0]LogConfig: Setting CVar [[r.vt.FeedbackFactor:16]]
[2023.01.16-18.06.35:697][  0]LogConfig: Setting CVar [[r.VT.EnableCompressZlib:1]]
[2023.01.16-18.06.35:698][  0]LogConfig: Setting CVar [[r.VT.EnableCompressCrunch:0]]
[2023.01.16-18.06.35:698][  0]LogConfig: Setting CVar [[r.ClearCoatNormal:0]]
[2023.01.16-18.06.35:698][  0]LogConfig: Setting CVar [[r.ReflectionCaptureResolution:128]]
[2023.01.16-18.06.35:699][  0]LogConfig: Setting CVar [[r.Mobile.ReflectionCaptureCompression:0]]
[2023.01.16-18.06.35:699][  0]LogConfig: Setting CVar [[r.ReflectionEnvironmentLightmapMixBasedOnRoughness:1]]
[2023.01.16-18.06.35:699][  0]LogConfig: Setting CVar [[r.ForwardShading:1]]
[2023.01.16-18.06.35:699][  0]LogConfig: Setting CVar [[r.VertexFoggingForOpaque:1]]
[2023.01.16-18.06.35:700][  0]LogConfig: Setting CVar [[r.AllowStaticLighting:1]]
[2023.01.16-18.06.35:700][  0]LogConfig: Setting CVar [[r.NormalMapsForStaticLighting:0]]
[2023.01.16-18.06.35:700][  0]LogConfig: Setting CVar [[r.GenerateMeshDistanceFields:0]]
[2023.01.16-18.06.35:701][  0]LogConfig: Setting CVar [[r.DistanceFieldBuild.EightBit:0]]
[2023.01.16-18.06.35:708][  0]LogConfig: Setting CVar [[r.GenerateLandscapeGIData:0]]
[2023.01.16-18.06.35:708][  0]LogConfig: Setting CVar [[r.DistanceFieldBuild.Compress:0]]
[2023.01.16-18.06.35:708][  0]LogConfig: Setting CVar [[r.TessellationAdaptivePixelsPerTriangle:48.000000]]
[2023.01.16-18.06.35:708][  0]LogConfig: Setting CVar [[r.SeparateTranslucency:0]]
[2023.01.16-18.06.35:709][  0]LogConfig: Setting CVar [[r.TranslucentSortPolicy:0]]
[2023.01.16-18.06.35:709][  0]LogConfig: Setting CVar [[vr.VRS.HMDFixedFoveationLevel:2]]
[2023.01.16-18.06.35:709][  0]LogConfig: Setting CVar [[r.CustomDepth:1]]
[2023.01.16-18.06.35:710][  0]LogConfig: Setting CVar [[r.CustomDepthTemporalAAJitter:1]]
[2023.01.16-18.06.35:710][  0]LogConfig: Setting CVar [[r.PostProcessing.PropagateAlpha:0]]
[2023.01.16-18.06.35:711][  0]LogConfig: Setting CVar [[r.DefaultFeature.Bloom:0]]
[2023.01.16-18.06.35:712][  0]LogConfig: Setting CVar [[r.DefaultFeature.AmbientOcclusion:0]]
[2023.01.16-18.06.35:712][  0]LogConfig: Setting CVar [[r.DefaultFeature.AmbientOcclusionStaticFraction:1]]
[2023.01.16-18.06.35:712][  0]LogConfig: Setting CVar [[r.DefaultFeature.AutoExposure:0]]
[2023.01.16-18.06.35:712][  0]LogConfig: Setting CVar [[r.DefaultFeature.AutoExposure.Method:0]]
[2023.01.16-18.06.35:713][  0]LogConfig: Setting CVar [[r.DefaultFeature.AutoExposure.Bias:1.000000]]
[2023.01.16-18.06.35:713][  0]LogConfig: Setting CVar [[r.DefaultFeature.AutoExposure.ExtendDefaultLuminanceRange:0]]
[2023.01.16-18.06.35:713][  0]LogConfig: Setting CVar [[r.UsePreExposure:1]]
[2023.01.16-18.06.35:714][  0]LogConfig: Setting CVar [[r.EyeAdaptation.EditorOnly:0]]
[2023.01.16-18.06.35:714][  0]LogConfig: Setting CVar [[r.DefaultFeature.MotionBlur:0]]
[2023.01.16-18.06.35:714][  0]LogConfig: Setting CVar [[r.DefaultFeature.LensFlare:0]]
[2023.01.16-18.06.35:714][  0]LogConfig: Setting CVar [[r.TemporalAA.Upsampling:0]]
[2023.01.16-18.06.35:715][  0]LogConfig: Setting CVar [[r.SSGI.Enable:0]]
[2023.01.16-18.06.35:715][  0]LogConfig: Setting CVar [[r.DefaultFeature.AntiAliasing:0]]
[2023.01.16-18.06.35:715][  0]LogConfig: Setting CVar [[r.DefaultFeature.LightUnits:1]]
[2023.01.16-18.06.35:716][  0]LogConfig: Setting CVar [[r.DefaultBackBufferPixelFormat:4]]
[2023.01.16-18.06.35:720][  0]LogConfig: Setting CVar [[r.Shadow.UnbuiltPreviewInGame:1]]
[2023.01.16-18.06.35:721][  0]LogConfig: Setting CVar [[r.StencilForLODDither:0]]
[2023.01.16-18.06.35:721][  0]LogConfig: Setting CVar [[r.EarlyZPass:3]]
[2023.01.16-18.06.35:722][  0]LogConfig: Setting CVar [[r.EarlyZPassOnlyMaterialMasking:0]]
[2023.01.16-18.06.35:722][  0]LogConfig: Setting CVar [[r.DBuffer:1]]
[2023.01.16-18.06.35:722][  0]LogConfig: Setting CVar [[r.ClearSceneMethod:1]]
[2023.01.16-18.06.35:722][  0]LogConfig: Setting CVar [[r.BasePassOutputsVelocity:0]]
[2023.01.16-18.06.35:723][  0]LogConfig: Setting CVar [[r.VertexDeformationOutputsVelocity:0]]
[2023.01.16-18.06.35:723][  0]LogConfig: Setting CVar [[r.SelectiveBasePassOutputs:0]]
[2023.01.16-18.06.35:723][  0]LogConfig: Setting CVar [[fx.GPUSimulationTextureSizeX:1024]]
[2023.01.16-18.06.35:723][  0]LogConfig: Setting CVar [[fx.GPUSimulationTextureSizeY:1024]]
[2023.01.16-18.06.35:724][  0]LogConfig: Setting CVar [[r.AllowGlobalClipPlane:0]]
[2023.01.16-18.06.35:724][  0]LogConfig: Setting CVar [[r.GBufferFormat:1]]
[2023.01.16-18.06.35:724][  0]LogConfig: Setting CVar [[r.MorphTarget.Mode:1]]
[2023.01.16-18.06.35:725][  0]LogConfig: Setting CVar [[vr.InstancedStereo:1]]
[2023.01.16-18.06.35:725][  0]LogConfig: Setting CVar [[r.MobileHDR:0]]
[2023.01.16-18.06.35:725][  0]LogConfig: Setting CVar [[vr.MobileMultiView:1]]
[2023.01.16-18.06.35:725][  0]LogConfig: Setting CVar [[r.Mobile.UseHWsRGBEncoding:1]]
[2023.01.16-18.06.35:726][  0]LogConfig: Setting CVar [[vr.RoundRobinOcclusion:1]]
[2023.01.16-18.06.35:726][  0]LogConfig: Setting CVar [[vr.ODSCapture:0]]
[2023.01.16-18.06.35:726][  0]LogConfig: Setting CVar [[r.MeshStreaming:0]]
[2023.01.16-18.06.35:727][  0]LogConfig: Setting CVar [[r.WireframeCullThreshold:5.000000]]
[2023.01.16-18.06.35:727][  0]LogConfig: Setting CVar [[r.RayTracing:0]]
[2023.01.16-18.06.35:727][  0]LogConfig: Setting CVar [[r.RayTracing.UseTextureLod:0]]
[2023.01.16-18.06.35:727][  0]LogConfig: Setting CVar [[r.SupportStationarySkylight:0]]
[2023.01.16-18.06.35:728][  0]LogConfig: Setting CVar [[r.SupportLowQualityLightmaps:1]]
[2023.01.16-18.06.35:728][  0]LogConfig: Setting CVar [[r.SupportPointLightWholeSceneShadows:1]]
[2023.01.16-18.06.35:728][  0]LogConfig: Setting CVar [[r.SupportAtmosphericFog:0]]
[2023.01.16-18.06.35:729][  0]LogConfig: Setting CVar [[r.SupportSkyAtmosphere:0]]
[2023.01.16-18.06.35:729][  0]LogConfig: Setting CVar [[r.SupportSkyAtmosphereAffectsHeightFog:0]]
[2023.01.16-18.06.35:729][  0]LogConfig: Setting CVar [[r.SkinCache.CompileShaders:0]]
[2023.01.16-18.06.35:729][  0]LogConfig: Setting CVar [[r.SkinCache.DefaultBehavior:1]]
[2023.01.16-18.06.35:729][  0]LogConfig: Setting CVar [[r.SkinCache.SceneMemoryLimitInMB:128.000000]]
[2023.01.16-18.06.35:729][  0]LogConfig: Setting CVar [[r.Mobile.EnableStaticAndCSMShadowReceivers:1]]
[2023.01.16-18.06.35:729][  0]LogConfig: Setting CVar [[r.Mobile.EnableMovableLightCSMShaderCulling:1]]
[2023.01.16-18.06.35:730][  0]LogConfig: Setting CVar [[r.Mobile.AllowDistanceFieldShadows:1]]
[2023.01.16-18.06.35:730][  0]LogConfig: Setting CVar [[r.Mobile.AllowMovableDirectionalLights:1]]
[2023.01.16-18.06.35:730][  0]LogConfig: Setting CVar [[r.MobileNumDynamicPointLights:4]]
[2023.01.16-18.06.35:731][  0]LogConfig: Setting CVar [[r.MobileDynamicPointLightsUseStaticBranch:1]]
[2023.01.16-18.06.35:734][  0]LogConfig: Setting CVar [[r.Mobile.EnableMovableSpotlights:0]]
[2023.01.16-18.06.35:734][  0]LogConfig: Setting CVar [[r.Mobile.EnableMovableSpotlightsShadow:0]]
[2023.01.16-18.06.35:735][  0]LogConfig: Setting CVar [[r.GPUSkin.Support16BitBoneIndex:0]]
[2023.01.16-18.06.35:735][  0]LogConfig: Setting CVar [[r.GPUSkin.Limit2BoneInfluences:0]]
[2023.01.16-18.06.35:736][  0]LogConfig: Setting CVar [[r.SupportDepthOnlyIndexBuffers:1]]
[2023.01.16-18.06.35:737][  0]LogConfig: Setting CVar [[r.SupportReversedIndexBuffers:1]]
[2023.01.16-18.06.35:737][  0]LogConfig: Setting CVar [[r.LightPropagationVolume:0]]
[2023.01.16-18.06.35:737][  0]LogConfig: Setting CVar [[r.Mobile.AmbientOcclusion:0]]
[2023.01.16-18.06.35:738][  0]LogConfig: Setting CVar [[r.GPUSkin.UnlimitedBoneInfluences:0]]
[2023.01.16-18.06.35:738][  0]LogConfig: Setting CVar [[r.GPUSkin.UnlimitedBoneInfluencesThreshold:8]]
[2023.01.16-18.06.35:738][  0]LogConfig: Setting CVar [[r.Mobile.PlanarReflectionMode:0]]
[2023.01.16-18.06.35:739][  0]LogConfig: Setting CVar [[r.Mobile.SupportsGen4TAA:0]]
[2023.01.16-18.06.35:739][  0]LogConfig: Applying CVar settings from Section [/Script/Engine.RendererOverrideSettings] File [C:/Users/SLATE 15/Documents/GitHub/Hannah-Ashna.github.io/FYP-Prototype/PrototypeV6/Saved/Config/Windows/Engine.ini]
[2023.01.16-18.06.35:739][  0]LogConfig: Applying CVar settings from Section [/Script/Engine.StreamingSettings] File [C:/Users/SLATE 15/Documents/GitHub/Hannah-Ashna.github.io/FYP-Prototype/PrototypeV6/Saved/Config/Windows/Engine.ini]
[2023.01.16-18.06.35:739][  0]LogConfig: Setting CVar [[s.MinBulkDataSizeForAsyncLoading:131072]]
[2023.01.16-18.06.35:740][  0]LogConfig: Setting CVar [[s.AsyncLoadingThreadEnabled:0]]
[2023.01.16-18.06.35:740][  0]LogConfig: Setting CVar [[s.EventDrivenLoaderEnabled:1]]
[2023.01.16-18.06.35:740][  0]LogConfig: Setting CVar [[s.WarnIfTimeLimitExceeded:0]]
[2023.01.16-18.06.35:741][  0]LogConfig: Setting CVar [[s.TimeLimitExceededMultiplier:1.5]]
[2023.01.16-18.06.35:741][  0]LogConfig: Setting CVar [[s.TimeLimitExceededMinTime:0.005]]
[2023.01.16-18.06.35:741][  0]LogConfig: Setting CVar [[s.UseBackgroundLevelStreaming:1]]
[2023.01.16-18.06.35:741][  0]LogConfig: Setting CVar [[s.PriorityAsyncLoadingExtraTime:15.0]]
[2023.01.16-18.06.35:742][  0]LogConfig: Setting CVar [[s.LevelStreamingActorsUpdateTimeLimit:5.0]]
[2023.01.16-18.06.35:742][  0]LogConfig: Setting CVar [[s.PriorityLevelStreamingActorsUpdateExtraTime:5.0]]
[2023.01.16-18.06.35:742][  0]LogConfig: Setting CVar [[s.LevelStreamingComponentsRegistrationGranularity:10]]
[2023.01.16-18.06.35:743][  0]LogConfig: Setting CVar [[s.UnregisterComponentsTimeLimit:1.0]]
[2023.01.16-18.06.35:743][  0]LogConfig: Setting CVar [[s.LevelStreamingComponentsUnregistrationGranularity:5]]
[2023.01.16-18.06.35:743][  0]LogConfig: Setting CVar [[s.FlushStreamingOnExit:1]]
[2023.01.16-18.06.35:744][  0]LogConfig: Applying CVar settings from Section [/Script/Engine.GarbageCollectionSettings] File [C:/Users/SLATE 15/Documents/GitHub/Hannah-Ashna.github.io/FYP-Prototype/PrototypeV6/Saved/Config/Windows/Engine.ini]
[2023.01.16-18.06.35:744][  0]LogConfig: Setting CVar [[gc.MaxObjectsNotConsideredByGC:1]]
[2023.01.16-18.06.35:744][  0]LogConfig: Setting CVar [[gc.SizeOfPermanentObjectPool:0]]
[2023.01.16-18.06.35:745][  0]LogConfig: Setting CVar [[gc.FlushStreamingOnGC:0]]
[2023.01.16-18.06.35:745][  0]LogConfig: Setting CVar [[gc.NumRetriesBeforeForcingGC:10]]
[2023.01.16-18.06.35:745][  0]LogConfig: Setting CVar [[gc.AllowParallelGC:1]]
[2023.01.16-18.06.35:746][  0]LogConfig: Setting CVar [[gc.TimeBetweenPurgingPendingKillObjects:61.1]]
[2023.01.16-18.06.35:746][  0]LogConfig: Setting CVar [[gc.MaxObjectsInEditor:25165824]]
[2023.01.16-18.06.35:746][  0]LogConfig: Setting CVar [[gc.IncrementalBeginDestroyEnabled:1]]
[2023.01.16-18.06.35:747][  0]LogConfig: Setting CVar [[gc.CreateGCClusters:1]]
[2023.01.16-18.06.35:749][  0]LogConfig: Setting CVar [[gc.MinGCClusterSize:5]]
[2023.01.16-18.06.35:749][  0]LogConfig: Setting CVar [[gc.ActorClusteringEnabled:0]]
[2023.01.16-18.06.35:750][  0]LogConfig: Setting CVar [[gc.BlueprintClusteringEnabled:0]]
[2023.01.16-18.06.35:750][  0]LogConfig: Setting CVar [[gc.UseDisregardForGCOnDedicatedServers:0]]
[2023.01.16-18.06.35:750][  0]LogConfig: Setting CVar [[gc.MultithreadedDestructionEnabled:1]]
[2023.01.16-18.06.35:751][  0]LogConfig: Applying CVar settings from Section [/Script/Engine.NetworkSettings] File [C:/Users/SLATE 15/Documents/GitHub/Hannah-Ashna.github.io/FYP-Prototype/PrototypeV6/Saved/Config/Windows/Engine.ini]
[2023.01.16-18.06.35:751][  0]LogConfig: Applying CVar settings from Section [/Script/UnrealEd.CookerSettings] File [C:/Users/SLATE 15/Documents/GitHub/Hannah-Ashna.github.io/FYP-Prototype/PrototypeV6/Saved/Config/Windows/Engine.ini]
[2023.01.16-18.06.35:752][  0]LogConfig: Applying CVar settings from Section [ViewDistanceQuality@3] File [C:/Users/SLATE 15/Documents/GitHub/Hannah-Ashna.github.io/FYP-Prototype/PrototypeV6/Saved/Config/Windows/Scalability.ini]
[2023.01.16-18.06.35:753][  0]LogConfig: Setting CVar [[r.SkeletalMeshLODBias:0]]
[2023.01.16-18.06.35:753][  0]LogConfig: Setting CVar [[r.ViewDistanceScale:1.0]]
[2023.01.16-18.06.35:754][  0]LogConfig: Applying CVar settings from Section [AntiAliasingQuality@3] File [C:/Users/SLATE 15/Documents/GitHub/Hannah-Ashna.github.io/FYP-Prototype/PrototypeV6/Saved/Config/Windows/Scalability.ini]
[2023.01.16-18.06.35:754][  0]LogConfig: Setting CVar [[r.PostProcessAAQuality:4]]
[2023.01.16-18.06.35:754][  0]LogConfig: Applying CVar settings from Section [ShadowQuality@3] File [C:/Users/SLATE 15/Documents/GitHub/Hannah-Ashna.github.io/FYP-Prototype/PrototypeV6/Saved/Config/Windows/Scalability.ini]
[2023.01.16-18.06.35:755][  0]LogConfig: Setting CVar [[r.LightFunctionQuality:1]]
[2023.01.16-18.06.35:755][  0]LogConfig: Setting CVar [[r.ShadowQuality:5]]
[2023.01.16-18.06.35:755][  0]LogConfig: Setting CVar [[r.Shadow.CSM.MaxCascades:10]]
[2023.01.16-18.06.35:756][  0]LogConfig: Setting CVar [[r.Shadow.MaxResolution:2048]]
[2023.01.16-18.06.35:756][  0]LogConfig: Setting CVar [[r.Shadow.MaxCSMResolution:2048]]
[2023.01.16-18.06.35:756][  0]LogConfig: Setting CVar [[r.Shadow.RadiusThreshold:0.01]]
[2023.01.16-18.06.35:757][  0]LogConfig: Setting CVar [[r.Shadow.DistanceScale:1.0]]
[2023.01.16-18.06.35:757][  0]LogConfig: Setting CVar [[r.Shadow.CSM.TransitionScale:1.0]]
[2023.01.16-18.06.35:758][  0]LogConfig: Setting CVar [[r.Shadow.PreShadowResolutionFactor:1.0]]
[2023.01.16-18.06.35:758][  0]LogConfig: Setting CVar [[r.DistanceFieldShadowing:1]]
[2023.01.16-18.06.35:758][  0]LogConfig: Setting CVar [[r.DistanceFieldAO:1]]
[2023.01.16-18.06.35:759][  0]LogConfig: Setting CVar [[r.AOQuality:2]]
[2023.01.16-18.06.35:759][  0]LogConfig: Setting CVar [[r.VolumetricFog:1]]
[2023.01.16-18.06.35:759][  0]LogConfig: Setting CVar [[r.VolumetricFog.GridPixelSize:8]]
[2023.01.16-18.06.35:760][  0]LogConfig: Setting CVar [[r.VolumetricFog.GridSizeZ:128]]
[2023.01.16-18.06.35:760][  0]LogConfig: Setting CVar [[r.VolumetricFog.HistoryMissSupersampleCount:4]]
[2023.01.16-18.06.35:760][  0]LogConfig: Setting CVar [[r.LightMaxDrawDistanceScale:1]]
[2023.01.16-18.06.35:761][  0]LogConfig: Setting CVar [[r.CapsuleShadows:1]]
[2023.01.16-18.06.35:761][  0]LogConfig: Applying CVar settings from Section [PostProcessQuality@3] File [C:/Users/SLATE 15/Documents/GitHub/Hannah-Ashna.github.io/FYP-Prototype/PrototypeV6/Saved/Config/Windows/Scalability.ini]
[2023.01.16-18.06.35:762][  0]LogConfig: Setting CVar [[r.MotionBlurQuality:4]]
[2023.01.16-18.06.35:765][  0]LogConfig: Setting CVar [[r.AmbientOcclusionMipLevelFactor:0.4]]
[2023.01.16-18.06.35:766][  0]LogConfig: Setting CVar [[r.AmbientOcclusionMaxQuality:100]]
[2023.01.16-18.06.35:766][  0]LogConfig: Setting CVar [[r.AmbientOcclusionLevels:-1]]
[2023.01.16-18.06.35:766][  0]LogConfig: Setting CVar [[r.AmbientOcclusionRadiusScale:1.0]]
[2023.01.16-18.06.35:766][  0]LogConfig: Setting CVar [[r.DepthOfFieldQuality:2]]
[2023.01.16-18.06.35:767][  0]LogConfig: Setting CVar [[r.RenderTargetPoolMin:400]]
[2023.01.16-18.06.35:767][  0]LogConfig: Setting CVar [[r.LensFlareQuality:2]]
[2023.01.16-18.06.35:768][  0]LogConfig: Setting CVar [[r.SceneColorFringeQuality:1]]
[2023.01.16-18.06.35:768][  0]LogConfig: Setting CVar [[r.EyeAdaptationQuality:2]]
[2023.01.16-18.06.35:768][  0]LogConfig: Setting CVar [[r.BloomQuality:5]]
[2023.01.16-18.06.35:768][  0]LogConfig: Setting CVar [[r.FastBlurThreshold:100]]
[2023.01.16-18.06.35:769][  0]LogConfig: Setting CVar [[r.Upscale.Quality:3]]
[2023.01.16-18.06.35:770][  0]LogConfig: Setting CVar [[r.Tonemapper.GrainQuantization:1]]
[2023.01.16-18.06.35:771][  0]LogConfig: Setting CVar [[r.LightShaftQuality:1]]
[2023.01.16-18.06.35:771][  0]LogConfig: Setting CVar [[r.Filter.SizeScale:1]]
[2023.01.16-18.06.35:772][  0]LogConfig: Setting CVar [[r.Tonemapper.Quality:5]]
[2023.01.16-18.06.35:772][  0]LogConfig: Setting CVar [[r.DOF.Gather.AccumulatorQuality:1        ; higher gathering accumulator quality]]
[2023.01.16-18.06.35:772][  0]LogConfig: Setting CVar [[r.DOF.Gather.PostfilterMethod:1          ; Median3x3 postfilering method]]
[2023.01.16-18.06.35:773][  0]LogConfig: Setting CVar [[r.DOF.Gather.EnableBokehSettings:0       ; no bokeh simulation when gathering]]
[2023.01.16-18.06.35:773][  0]LogConfig: Setting CVar [[r.DOF.Gather.RingCount:4                 ; medium number of samples when gathering]]
[2023.01.16-18.06.35:773][  0]LogConfig: Setting CVar [[r.DOF.Scatter.ForegroundCompositing:1    ; additive foreground scattering]]
[2023.01.16-18.06.35:774][  0]LogConfig: Setting CVar [[r.DOF.Scatter.BackgroundCompositing:2    ; additive background scattering]]
[2023.01.16-18.06.35:774][  0]LogConfig: Setting CVar [[r.DOF.Scatter.EnableBokehSettings:1      ; bokeh simulation when scattering]]
[2023.01.16-18.06.35:774][  0]LogConfig: Setting CVar [[r.DOF.Scatter.MaxSpriteRatio:0.1         ; only a maximum of 10% of scattered bokeh]]
[2023.01.16-18.06.35:775][  0]LogConfig: Setting CVar [[r.DOF.Recombine.Quality:1                ; cheap slight out of focus]]
[2023.01.16-18.06.35:775][  0]LogConfig: Setting CVar [[r.DOF.Recombine.EnableBokehSettings:0    ; no bokeh simulation on slight out of focus]]
[2023.01.16-18.06.35:775][  0]LogConfig: Setting CVar [[r.DOF.TemporalAAQuality:1                ; more stable temporal accumulation]]
[2023.01.16-18.06.35:776][  0]LogConfig: Setting CVar [[r.DOF.Kernel.MaxForegroundRadius:0.025]]
[2023.01.16-18.06.35:776][  0]LogConfig: Setting CVar [[r.DOF.Kernel.MaxBackgroundRadius:0.025]]
[2023.01.16-18.06.35:776][  0]LogConfig: Applying CVar settings from Section [TextureQuality@3] File [C:/Users/SLATE 15/Documents/GitHub/Hannah-Ashna.github.io/FYP-Prototype/PrototypeV6/Saved/Config/Windows/Scalability.ini]
[2023.01.16-18.06.35:776][  0]LogConfig: Setting CVar [[r.Streaming.MipBias:0]]
[2023.01.16-18.06.35:777][  0]LogConfig: Setting CVar [[r.Streaming.AmortizeCPUToGPUCopy:0]]
[2023.01.16-18.06.35:777][  0]LogConfig: Setting CVar [[r.Streaming.MaxNumTexturesToStreamPerFrame:0]]
[2023.01.16-18.06.35:777][  0]LogConfig: Setting CVar [[r.Streaming.Boost:1]]
[2023.01.16-18.06.35:778][  0]LogConfig: Setting CVar [[r.MaxAnisotropy:8]]
[2023.01.16-18.06.35:781][  0]LogConfig: Setting CVar [[r.VT.MaxAnisotropy:8]]
[2023.01.16-18.06.35:781][  0]LogConfig: Setting CVar [[r.Streaming.LimitPoolSizeToVRAM:0]]
[2023.01.16-18.06.35:782][  0]LogConfig: Setting CVar [[r.Streaming.PoolSize:1000]]
[2023.01.16-18.06.35:782][  0]LogConfig: Setting CVar [[r.Streaming.MaxEffectiveScreenSize:0]]
[2023.01.16-18.06.35:782][  0]LogConfig: Applying CVar settings from Section [EffectsQuality@3] File [C:/Users/SLATE 15/Documents/GitHub/Hannah-Ashna.github.io/FYP-Prototype/PrototypeV6/Saved/Config/Windows/Scalability.ini]
[2023.01.16-18.06.35:783][  0]LogConfig: Setting CVar [[r.TranslucencyLightingVolumeDim:64]]
[2023.01.16-18.06.35:783][  0]LogConfig: Setting CVar [[r.RefractionQuality:2]]
[2023.01.16-18.06.35:783][  0]LogConfig: Setting CVar [[r.SSR.Quality:3]]
[2023.01.16-18.06.35:784][  0]LogConfig: Setting CVar [[r.SSR.HalfResSceneColor:0]]
[2023.01.16-18.06.35:784][  0]LogConfig: Setting CVar [[r.SceneColorFormat:4]]
[2023.01.16-18.06.35:784][  0]LogConfig: Setting CVar [[r.DetailMode:2]]
[2023.01.16-18.06.35:785][  0]LogConfig: Setting CVar [[r.TranslucencyVolumeBlur:1]]
[2023.01.16-18.06.35:786][  0]LogConfig: Setting CVar [[r.MaterialQualityLevel:1 ; High quality]]
[2023.01.16-18.06.35:788][  0]LogConfig: Setting CVar [[r.AnisotropicMaterials:1]]
[2023.01.16-18.06.35:788][  0]LogConfig: Setting CVar [[r.SSS.Scale:1]]
[2023.01.16-18.06.35:788][  0]LogConfig: Setting CVar [[r.SSS.SampleSet:2]]
[2023.01.16-18.06.35:788][  0]LogConfig: Setting CVar [[r.SSS.Quality:1]]
[2023.01.16-18.06.35:788][  0]LogConfig: Setting CVar [[r.SSS.HalfRes:0]]
[2023.01.16-18.06.35:789][  0]LogConfig: Setting CVar [[r.SSGI.Quality:3]]
[2023.01.16-18.06.35:789][  0]LogConfig: Setting CVar [[r.EmitterSpawnRateScale:1.0]]
[2023.01.16-18.06.35:789][  0]LogConfig: Setting CVar [[r.ParticleLightQuality:2]]
[2023.01.16-18.06.35:790][  0]LogConfig: Setting CVar [[r.SkyAtmosphere.AerialPerspectiveLUT.FastApplyOnOpaque:1 ; Always have FastSkyLUT 1 in this case to avoid wrong sky]]
[2023.01.16-18.06.35:790][  0]LogConfig: Setting CVar [[r.SkyAtmosphere.AerialPerspectiveLUT.SampleCountMaxPerSlice:4]]
[2023.01.16-18.06.35:790][  0]LogConfig: Setting CVar [[r.SkyAtmosphere.AerialPerspectiveLUT.DepthResolution:16.0]]
[2023.01.16-18.06.35:791][  0]LogConfig: Setting CVar [[r.SkyAtmosphere.FastSkyLUT:1]]
[2023.01.16-18.06.35:791][  0]LogConfig: Setting CVar [[r.SkyAtmosphere.FastSkyLUT.SampleCountMin:4.0]]
[2023.01.16-18.06.35:791][  0]LogConfig: Setting CVar [[r.SkyAtmosphere.FastSkyLUT.SampleCountMax:128.0]]
[2023.01.16-18.06.35:792][  0]LogConfig: Setting CVar [[r.SkyAtmosphere.SampleCountMin:4.0]]
[2023.01.16-18.06.35:792][  0]LogConfig: Setting CVar [[r.SkyAtmosphere.SampleCountMax:128.0]]
[2023.01.16-18.06.35:792][  0]LogConfig: Setting CVar [[r.SkyAtmosphere.TransmittanceLUT.UseSmallFormat:0]]
[2023.01.16-18.06.35:792][  0]LogConfig: Setting CVar [[r.SkyAtmosphere.TransmittanceLUT.SampleCount:10.0]]
[2023.01.16-18.06.35:793][  0]LogConfig: Setting CVar [[r.SkyAtmosphere.MultiScatteringLUT.SampleCount:15.0]]
[2023.01.16-18.06.35:796][  0]LogConfig: Setting CVar [[r.SkyLight.RealTimeReflectionCapture:1]]
[2023.01.16-18.06.35:796][  0]LogConfig: Applying CVar settings from Section [FoliageQuality@3] File [C:/Users/SLATE 15/Documents/GitHub/Hannah-Ashna.github.io/FYP-Prototype/PrototypeV6/Saved/Config/Windows/Scalability.ini]
[2023.01.16-18.06.35:797][  0]LogConfig: Setting CVar [[foliage.DensityScale:1.0]]
[2023.01.16-18.06.35:797][  0]LogConfig: Setting CVar [[grass.DensityScale:1.0]]
[2023.01.16-18.06.35:797][  0]LogConfig: Applying CVar settings from Section [ShadingQuality@3] File [C:/Users/SLATE 15/Documents/GitHub/Hannah-Ashna.github.io/FYP-Prototype/PrototypeV6/Saved/Config/Windows/Scalability.ini]
[2023.01.16-18.06.35:798][  0]LogConfig: Setting CVar [[r.HairStrands.SkyLighting.IntegrationType:2]]
[2023.01.16-18.06.35:798][  0]LogConfig: Setting CVar [[r.HairStrands.SkyAO.SampleCount:4]]
[2023.01.16-18.06.35:798][  0]LogConfig: Setting CVar [[r.HairStrands.Visibility.MSAA.SamplePerPixel:4]]
[2023.01.16-18.06.35:799][  0]LogInit: Selected Device Profile: [Windows]
[2023.01.16-18.06.35:799][  0]LogInit: Applying CVar settings loaded from the selected device profile: [Windows]
[2023.01.16-18.06.35:799][  0]LogHAL: Display: Platform has ~ 16 GB [16973881344 / 17179869184 / 16], which maps to Larger [LargestMinGB=32, LargerMinGB=12, DefaultMinGB=8, SmallerMinGB=6, SmallestMinGB=0)
[2023.01.16-18.06.35:799][  0]LogInit: Going up to parent DeviceProfile []
[2023.01.16-18.06.35:801][  0]LogConfig: Applying CVar settings from Section [ViewDistanceQuality@3] File [C:/Users/SLATE 15/Documents/GitHub/Hannah-Ashna.github.io/FYP-Prototype/PrototypeV6/Saved/Config/Windows/Scalability.ini]
[2023.01.16-18.06.35:801][  0]LogConfig: Setting CVar [[r.SkeletalMeshLODBias:0]]
[2023.01.16-18.06.35:801][  0]LogConfig: Setting CVar [[r.ViewDistanceScale:1.0]]
[2023.01.16-18.06.35:802][  0]LogConfig: Applying CVar settings from Section [AntiAliasingQuality@3] File [C:/Users/SLATE 15/Documents/GitHub/Hannah-Ashna.github.io/FYP-Prototype/PrototypeV6/Saved/Config/Windows/Scalability.ini]
[2023.01.16-18.06.35:802][  0]LogConfig: Setting CVar [[r.PostProcessAAQuality:4]]
[2023.01.16-18.06.35:803][  0]LogConfig: Applying CVar settings from Section [ShadowQuality@3] File [C:/Users/SLATE 15/Documents/GitHub/Hannah-Ashna.github.io/FYP-Prototype/PrototypeV6/Saved/Config/Windows/Scalability.ini]
[2023.01.16-18.06.35:804][  0]LogConfig: Setting CVar [[r.LightFunctionQuality:1]]
[2023.01.16-18.06.35:805][  0]LogConfig: Setting CVar [[r.ShadowQuality:5]]
[2023.01.16-18.06.35:805][  0]LogConfig: Setting CVar [[r.Shadow.CSM.MaxCascades:10]]
[2023.01.16-18.06.35:806][  0]LogConfig: Setting CVar [[r.Shadow.MaxResolution:2048]]
[2023.01.16-18.06.35:806][  0]LogConfig: Setting CVar [[r.Shadow.MaxCSMResolution:2048]]
[2023.01.16-18.06.35:806][  0]LogConfig: Setting CVar [[r.Shadow.RadiusThreshold:0.01]]
[2023.01.16-18.06.35:807][  0]LogConfig: Setting CVar [[r.Shadow.DistanceScale:1.0]]
[2023.01.16-18.06.35:807][  0]LogConfig: Setting CVar [[r.Shadow.CSM.TransitionScale:1.0]]
[2023.01.16-18.06.35:807][  0]LogConfig: Setting CVar [[r.Shadow.PreShadowResolutionFactor:1.0]]
[2023.01.16-18.06.35:807][  0]LogConfig: Setting CVar [[r.DistanceFieldShadowing:1]]
[2023.01.16-18.06.35:807][  0]LogConfig: Setting CVar [[r.DistanceFieldAO:1]]
[2023.01.16-18.06.35:808][  0]LogConfig: Setting CVar [[r.AOQuality:2]]
[2023.01.16-18.06.35:811][  0]LogConfig: Setting CVar [[r.VolumetricFog:1]]
[2023.01.16-18.06.35:811][  0]LogConfig: Setting CVar [[r.VolumetricFog.GridPixelSize:8]]
[2023.01.16-18.06.35:811][  0]LogConfig: Setting CVar [[r.VolumetricFog.GridSizeZ:128]]
[2023.01.16-18.06.35:812][  0]LogConfig: Setting CVar [[r.VolumetricFog.HistoryMissSupersampleCount:4]]
[2023.01.16-18.06.35:812][  0]LogConfig: Setting CVar [[r.LightMaxDrawDistanceScale:1]]
[2023.01.16-18.06.35:813][  0]LogConfig: Setting CVar [[r.CapsuleShadows:1]]
[2023.01.16-18.06.35:813][  0]LogConfig: Applying CVar settings from Section [PostProcessQuality@3] File [C:/Users/SLATE 15/Documents/GitHub/Hannah-Ashna.github.io/FYP-Prototype/PrototypeV6/Saved/Config/Windows/Scalability.ini]
[2023.01.16-18.06.35:813][  0]LogConfig: Setting CVar [[r.MotionBlurQuality:4]]
[2023.01.16-18.06.35:814][  0]LogConfig: Setting CVar [[r.AmbientOcclusionMipLevelFactor:0.4]]
[2023.01.16-18.06.35:814][  0]LogConfig: Setting CVar [[r.AmbientOcclusionMaxQuality:100]]
[2023.01.16-18.06.35:814][  0]LogConfig: Setting CVar [[r.AmbientOcclusionLevels:-1]]
[2023.01.16-18.06.35:814][  0]LogConfig: Setting CVar [[r.AmbientOcclusionRadiusScale:1.0]]
[2023.01.16-18.06.35:815][  0]LogConfig: Setting CVar [[r.DepthOfFieldQuality:2]]
[2023.01.16-18.06.35:815][  0]LogConfig: Setting CVar [[r.RenderTargetPoolMin:400]]
[2023.01.16-18.06.35:815][  0]LogConfig: Setting CVar [[r.LensFlareQuality:2]]
[2023.01.16-18.06.35:816][  0]LogConfig: Setting CVar [[r.SceneColorFringeQuality:1]]
[2023.01.16-18.06.35:816][  0]LogConfig: Setting CVar [[r.EyeAdaptationQuality:2]]
[2023.01.16-18.06.35:816][  0]LogConfig: Setting CVar [[r.BloomQuality:5]]
[2023.01.16-18.06.35:816][  0]LogConfig: Setting CVar [[r.FastBlurThreshold:100]]
[2023.01.16-18.06.35:816][  0]LogConfig: Setting CVar [[r.Upscale.Quality:3]]
[2023.01.16-18.06.35:817][  0]LogConfig: Setting CVar [[r.Tonemapper.GrainQuantization:1]]
[2023.01.16-18.06.35:817][  0]LogConfig: Setting CVar [[r.LightShaftQuality:1]]
[2023.01.16-18.06.35:818][  0]LogConfig: Setting CVar [[r.Filter.SizeScale:1]]
[2023.01.16-18.06.35:818][  0]LogConfig: Setting CVar [[r.Tonemapper.Quality:5]]
[2023.01.16-18.06.35:818][  0]LogConfig: Setting CVar [[r.DOF.Gather.AccumulatorQuality:1        ; higher gathering accumulator quality]]
[2023.01.16-18.06.35:819][  0]LogConfig: Setting CVar [[r.DOF.Gather.PostfilterMethod:1          ; Median3x3 postfilering method]]
[2023.01.16-18.06.35:820][  0]LogConfig: Setting CVar [[r.DOF.Gather.EnableBokehSettings:0       ; no bokeh simulation when gathering]]
[2023.01.16-18.06.35:820][  0]LogConfig: Setting CVar [[r.DOF.Gather.RingCount:4                 ; medium number of samples when gathering]]
[2023.01.16-18.06.35:821][  0]LogConfig: Setting CVar [[r.DOF.Scatter.ForegroundCompositing:1    ; additive foreground scattering]]
[2023.01.16-18.06.35:821][  0]LogConfig: Setting CVar [[r.DOF.Scatter.BackgroundCompositing:2    ; additive background scattering]]
[2023.01.16-18.06.35:821][  0]LogConfig: Setting CVar [[r.DOF.Scatter.EnableBokehSettings:1      ; bokeh simulation when scattering]]
[2023.01.16-18.06.35:822][  0]LogConfig: Setting CVar [[r.DOF.Scatter.MaxSpriteRatio:0.1         ; only a maximum of 10% of scattered bokeh]]
[2023.01.16-18.06.35:822][  0]LogConfig: Setting CVar [[r.DOF.Recombine.Quality:1                ; cheap slight out of focus]]
[2023.01.16-18.06.35:823][  0]LogConfig: Setting CVar [[r.DOF.Recombine.EnableBokehSettings:0    ; no bokeh simulation on slight out of focus]]
[2023.01.16-18.06.35:823][  0]LogConfig: Setting CVar [[r.DOF.TemporalAAQuality:1                ; more stable temporal accumulation]]
[2023.01.16-18.06.35:823][  0]LogConfig: Setting CVar [[r.DOF.Kernel.MaxForegroundRadius:0.025]]
[2023.01.16-18.06.35:824][  0]LogConfig: Setting CVar [[r.DOF.Kernel.MaxBackgroundRadius:0.025]]
[2023.01.16-18.06.35:826][  0]LogConfig: Applying CVar settings from Section [TextureQuality@3] File [C:/Users/SLATE 15/Documents/GitHub/Hannah-Ashna.github.io/FYP-Prototype/PrototypeV6/Saved/Config/Windows/Scalability.ini]
[2023.01.16-18.06.35:826][  0]LogConfig: Setting CVar [[r.Streaming.MipBias:0]]
[2023.01.16-18.06.35:827][  0]LogConfig: Setting CVar [[r.Streaming.AmortizeCPUToGPUCopy:0]]
[2023.01.16-18.06.35:827][  0]LogConfig: Setting CVar [[r.Streaming.MaxNumTexturesToStreamPerFrame:0]]
[2023.01.16-18.06.35:828][  0]LogConfig: Setting CVar [[r.Streaming.Boost:1]]
[2023.01.16-18.06.35:828][  0]LogConfig: Setting CVar [[r.MaxAnisotropy:8]]
[2023.01.16-18.06.35:829][  0]LogConfig: Setting CVar [[r.VT.MaxAnisotropy:8]]
[2023.01.16-18.06.35:829][  0]LogConfig: Setting CVar [[r.Streaming.LimitPoolSizeToVRAM:0]]
[2023.01.16-18.06.35:829][  0]LogConfig: Setting CVar [[r.Streaming.PoolSize:1000]]
[2023.01.16-18.06.35:829][  0]LogConfig: Setting CVar [[r.Streaming.MaxEffectiveScreenSize:0]]
[2023.01.16-18.06.35:830][  0]LogConfig: Applying CVar settings from Section [EffectsQuality@3] File [C:/Users/SLATE 15/Documents/GitHub/Hannah-Ashna.github.io/FYP-Prototype/PrototypeV6/Saved/Config/Windows/Scalability.ini]
[2023.01.16-18.06.35:830][  0]LogConfig: Setting CVar [[r.TranslucencyLightingVolumeDim:64]]
[2023.01.16-18.06.35:830][  0]LogConfig: Setting CVar [[r.RefractionQuality:2]]
[2023.01.16-18.06.35:831][  0]LogConfig: Setting CVar [[r.SSR.Quality:3]]
[2023.01.16-18.06.35:831][  0]LogConfig: Setting CVar [[r.SSR.HalfResSceneColor:0]]
[2023.01.16-18.06.35:831][  0]LogConfig: Setting CVar [[r.SceneColorFormat:4]]
[2023.01.16-18.06.35:832][  0]LogConfig: Setting CVar [[r.DetailMode:2]]
[2023.01.16-18.06.35:832][  0]LogConfig: Setting CVar [[r.TranslucencyVolumeBlur:1]]
[2023.01.16-18.06.35:832][  0]LogConfig: Setting CVar [[r.MaterialQualityLevel:1 ; High quality]]
[2023.01.16-18.06.35:832][  0]LogConfig: Setting CVar [[r.AnisotropicMaterials:1]]
[2023.01.16-18.06.35:833][  0]LogConfig: Setting CVar [[r.SSS.Scale:1]]
[2023.01.16-18.06.35:833][  0]LogConfig: Setting CVar [[r.SSS.SampleSet:2]]
[2023.01.16-18.06.35:833][  0]LogConfig: Setting CVar [[r.SSS.Quality:1]]
[2023.01.16-18.06.35:834][  0]LogConfig: Setting CVar [[r.SSS.HalfRes:0]]
[2023.01.16-18.06.35:834][  0]LogConfig: Setting CVar [[r.SSGI.Quality:3]]
[2023.01.16-18.06.35:834][  0]LogConfig: Setting CVar [[r.EmitterSpawnRateScale:1.0]]
[2023.01.16-18.06.35:835][  0]LogConfig: Setting CVar [[r.ParticleLightQuality:2]]
[2023.01.16-18.06.35:835][  0]LogConfig: Setting CVar [[r.SkyAtmosphere.AerialPerspectiveLUT.FastApplyOnOpaque:1 ; Always have FastSkyLUT 1 in this case to avoid wrong sky]]
[2023.01.16-18.06.35:835][  0]LogConfig: Setting CVar [[r.SkyAtmosphere.AerialPerspectiveLUT.SampleCountMaxPerSlice:4]]
[2023.01.16-18.06.35:836][  0]LogConfig: Setting CVar [[r.SkyAtmosphere.AerialPerspectiveLUT.DepthResolution:16.0]]
[2023.01.16-18.06.35:837][  0]LogConfig: Setting CVar [[r.SkyAtmosphere.FastSkyLUT:1]]
[2023.01.16-18.06.35:838][  0]LogConfig: Setting CVar [[r.SkyAtmosphere.FastSkyLUT.SampleCountMin:4.0]]
[2023.01.16-18.06.35:838][  0]LogConfig: Setting CVar [[r.SkyAtmosphere.FastSkyLUT.SampleCountMax:128.0]]
[2023.01.16-18.06.35:838][  0]LogConfig: Setting CVar [[r.SkyAtmosphere.SampleCountMin:4.0]]
[2023.01.16-18.06.35:838][  0]LogConfig: Setting CVar [[r.SkyAtmosphere.SampleCountMax:128.0]]
[2023.01.16-18.06.35:839][  0]LogConfig: Setting CVar [[r.SkyAtmosphere.TransmittanceLUT.UseSmallFormat:0]]
[2023.01.16-18.06.35:839][  0]LogConfig: Setting CVar [[r.SkyAtmosphere.TransmittanceLUT.SampleCount:10.0]]
[2023.01.16-18.06.35:839][  0]LogConfig: Setting CVar [[r.SkyAtmosphere.MultiScatteringLUT.SampleCount:15.0]]
[2023.01.16-18.06.35:840][  0]LogConfig: Setting CVar [[r.SkyLight.RealTimeReflectionCapture:1]]
[2023.01.16-18.06.35:841][  0]LogConfig: Applying CVar settings from Section [FoliageQuality@3] File [C:/Users/SLATE 15/Documents/GitHub/Hannah-Ashna.github.io/FYP-Prototype/PrototypeV6/Saved/Config/Windows/Scalability.ini]
[2023.01.16-18.06.35:842][  0]LogConfig: Setting CVar [[foliage.DensityScale:1.0]]
[2023.01.16-18.06.35:842][  0]LogConfig: Setting CVar [[grass.DensityScale:1.0]]
[2023.01.16-18.06.35:843][  0]LogConfig: Applying CVar settings from Section [ShadingQuality@3] File [C:/Users/SLATE 15/Documents/GitHub/Hannah-Ashna.github.io/FYP-Prototype/PrototypeV6/Saved/Config/Windows/Scalability.ini]
[2023.01.16-18.06.35:843][  0]LogConfig: Setting CVar [[r.HairStrands.SkyLighting.IntegrationType:2]]
[2023.01.16-18.06.35:843][  0]LogConfig: Setting CVar [[r.HairStrands.SkyAO.SampleCount:4]]
[2023.01.16-18.06.35:844][  0]LogConfig: Setting CVar [[r.HairStrands.Visibility.MSAA.SamplePerPixel:4]]
[2023.01.16-18.06.35:844][  0]LogConfig: Applying CVar settings from Section [Startup] File [../../../Engine/Config/ConsoleVariables.ini]
[2023.01.16-18.06.35:845][  0]LogConfig: Setting CVar [[net.UseAdaptiveNetUpdateFrequency:0]]
[2023.01.16-18.06.35:845][  0]LogConfig: Setting CVar [[p.chaos.AllowCreatePhysxBodies:1]]
[2023.01.16-18.06.35:845][  0]LogConfig: Setting CVar [[fx.SkipVectorVMBackendOptimizations:1]]
[2023.01.16-18.06.35:845][  0]LogConfig: Applying CVar settings from Section [ConsoleVariables] File [C:/Users/SLATE 15/Documents/GitHub/Hannah-Ashna.github.io/FYP-Prototype/PrototypeV6/Saved/Config/Windows/Engine.ini]
[2023.01.16-18.06.35:846][  0]LogConfig: Applying CVar settings from Section [ConsoleVariables] File [C:/Users/SLATE 15/Documents/GitHub/Hannah-Ashna.github.io/FYP-Prototype/PrototypeV6/Saved/Config/Windows/Editor.ini]
[2023.01.16-18.06.35:847][  0]LogInit: Computer: NOTAHACKER
[2023.01.16-18.06.35:847][  0]LogInit: User: SLATE15
[2023.01.16-18.06.35:847][  0]LogInit: CPU Page size=4096, Cores=6
[2023.01.16-18.06.35:848][  0]LogInit: High frequency timer resolution =10.000000 MHz
[2023.01.16-18.06.35:848][  0]LogMemory: Memory total: Physical=15.8GB (16GB approx)
[2023.01.16-18.06.35:848][  0]LogMemory: Platform Memory Stats for Windows
[2023.01.16-18.06.35:848][  0]LogMemory: Process Physical Memory: 140.30 MB used, 140.31 MB peak
[2023.01.16-18.06.35:849][  0]LogMemory: Process Virtual Memory: 124.41 MB used, 124.41 MB peak
[2023.01.16-18.06.35:849][  0]LogMemory: Physical Memory: 8397.78 MB used,  7789.77 MB free, 16187.55 MB total
[2023.01.16-18.06.35:849][  0]LogMemory: Virtual Memory: 134208888.00 MB used,  8841.29 MB free, 134217728.00 MB total
[2023.01.16-18.06.35:854][  0]LogWindows: WindowsPlatformFeatures disabled or dedicated server build
[2023.01.16-18.06.35:894][  0]LogInit: Physics initialised using underlying interface: PhysX
[2023.01.16-18.06.35:895][  0]LogInit: Using OS detected language (en-US).
[2023.01.16-18.06.35:895][  0]LogInit: Using OS detected locale (en-GB).
[2023.01.16-18.06.35:899][  0]LogTextLocalizationManager: No specific localization for 'en-US' exists, so the 'en' localization will be used.
[2023.01.16-18.06.36:410][  0]LogTargetPlatformManager: Display: Loaded TargetPlatform 'WindowsNoEditor'
[2023.01.16-18.06.36:413][  0]LogTargetPlatformManager: Display: Loaded TargetPlatform 'Windows'
[2023.01.16-18.06.36:416][  0]LogTargetPlatformManager: Display: Loaded TargetPlatform 'WindowsClient'
[2023.01.16-18.06.36:421][  0]LogTargetPlatformManager: Display: Loaded TargetPlatform 'WindowsServer'
[2023.01.16-18.06.36:421][  0]LogTargetPlatformManager: Display: Building Assets For Windows
[2023.01.16-18.06.36:425][  0]LogAudioDebug: Display: Lib vorbis DLL was dynamically loaded.
[2023.01.16-18.06.36:442][  0]LogTextureFormatOodle: Display: Oodle Texture 2.9.0 init RDO Off
[2023.01.16-18.06.36:458][  0]LogRendererCore: Ray tracing is disabled. Reason: r.RayTracing=0.
[2023.01.16-18.06.36:458][  0]LogShaderCompilers: Guid format shader working directory is -50 characters bigger than the processId version (../../../../../../Users/SLATE 15/Documents/GitHub/Hannah-Ashna.github.io/FYP-Prototype/PrototypeV6/Intermediate/Shaders/WorkingDirectory/15384/).
[2023.01.16-18.06.36:458][  0]LogShaderCompilers: Cleaned the shader compiler working directory 'C:/Users/SLATE 15/AppData/Local/Temp/UnrealShaderWorkingDir/BAE41E6148A53D71FBCA158875813604/'.
[2023.01.16-18.06.36:458][  0]LogXGEController: Cannot use XGE Controller as Incredibuild is not installed on this machine.
[2023.01.16-18.06.36:459][  0]LogShaderCompilers: Cannot use XGE Shader Compiler as Incredibuild is not installed on this machine.
[2023.01.16-18.06.36:459][  0]LogShaderCompilers: Display: Using Local Shader Compiler.
[2023.01.16-18.06.37:014][  0]LogDerivedDataCache: Display: Max Cache Size: 512 MB
[2023.01.16-18.06.37:094][  0]LogDerivedDataCache: Loaded boot cache 0.08s 105MB C:/Users/SLATE 15/AppData/Local/UnrealEngine/4.27/DerivedDataCache/Boot.ddc.
[2023.01.16-18.06.37:096][  0]LogDerivedDataCache: Display: Loaded Boot cache: C:/Users/SLATE 15/AppData/Local/UnrealEngine/4.27/DerivedDataCache/Boot.ddc
[2023.01.16-18.06.37:097][  0]LogDerivedDataCache: FDerivedDataBackendGraph:  Pak pak cache file ../../../../../../Users/SLATE 15/Documents/GitHub/Hannah-Ashna.github.io/FYP-Prototype/PrototypeV6/DerivedDataCache/DDC.ddp not found, will not use a pak cache.
[2023.01.16-18.06.37:099][  0]LogDerivedDataCache: Unable to find inner node Pak for hierarchical cache Hierarchy.
[2023.01.16-18.06.37:099][  0]LogDerivedDataCache: FDerivedDataBackendGraph:  CompressedPak pak cache file ../../../../../../Users/SLATE 15/Documents/GitHub/Hannah-Ashna.github.io/FYP-Prototype/PrototypeV6/DerivedDataCache/Compressed.ddp not found, will not use a pak cache.
[2023.01.16-18.06.37:100][  0]LogDerivedDataCache: Unable to find inner node CompressedPak for hierarchical cache Hierarchy.
[2023.01.16-18.06.37:118][  0]LogDerivedDataCache: Display: Pak cache opened for reading ../../../Engine/DerivedDataCache/Compressed.ddp.
[2023.01.16-18.06.37:118][  0]LogDerivedDataCache: FDerivedDataBackendGraph:  EnterprisePak pak cache file ../../../Enterprise/DerivedDataCache/Compressed.ddp not found, will not use a pak cache.
[2023.01.16-18.06.37:119][  0]LogDerivedDataCache: Unable to find inner node EnterprisePak for hierarchical cache Hierarchy.
[2023.01.16-18.06.37:130][  0]LogDerivedDataCache: Speed tests for C:/Users/SLATE 15/AppData/Local/UnrealEngine/Common/DerivedDataCache took 0.01 seconds
[2023.01.16-18.06.37:131][  0]LogDerivedDataCache: Display: Performance to C:/Users/SLATE 15/AppData/Local/UnrealEngine/Common/DerivedDataCache: Latency=0.04ms. RandomReadSpeed=212.52MBs, RandomWriteSpeed=188.15MBs. Assigned SpeedClass 'Local'
[2023.01.16-18.06.37:132][  0]LogDerivedDataCache: Using Local data cache path C:/Users/SLATE 15/AppData/Local/UnrealEngine/Common/DerivedDataCache: Writable
[2023.01.16-18.06.37:132][  0]LogDerivedDataCache: Shared data cache path not found in *engine.ini, will not use an Shared cache.
[2023.01.16-18.06.37:132][  0]LogDerivedDataCache: Unable to find inner node Shared for hierarchical cache Hierarchy.
[2023.01.16-18.06.37:133][  0]LogInit: Using OS detected language (en-US).
[2023.01.16-18.06.37:134][  0]LogInit: Using OS detected locale (en-GB).
[2023.01.16-18.06.37:134][  0]LogTextLocalizationManager: No localization for 'en-US' exists, so 'en' will be used for the language.
[2023.01.16-18.06.37:134][  0]LogTextLocalizationManager: No localization for 'en-GB' exists, so 'en' will be used for the locale.
[2023.01.16-18.06.37:140][  0]LogTextLocalizationManager: Compacting localization data took   0.01ms
[2023.01.16-18.06.37:140][  0]LogAssetRegistry: FAssetRegistry took 0.0031 seconds to start up
[2023.01.16-18.06.37:295][  0]LogPackageLocalizationCache: Processed 27 localized package path(s) for 1 prioritized culture(s) in 0.001195 seconds
[2023.01.16-18.06.37:374][  0]LogInit: Selected Device Profile: [Windows]
[2023.01.16-18.06.37:374][  0]LogInit: Active device profile: [000001926126D200][000001925FBB4F00 49] Windows
[2023.01.16-18.06.37:375][  0]LogInit: Profiles: [000001926126D200][000001925FBB4F00 49] Windows, [000001926123ED00][000001925FBC31C0 49] WindowsNoEditor, [000001926126E300][000001925FBC7480 49] WindowsServer, [000001926123F900][000001925FBCB740 49] WindowsClient, [000001926126EF00][000001925FBCFA00 49] IOS, [000001926123E700][000001925FBD2140 49] iPadAir, [000001926126E800][000001925FBB83C0 49] iPadAir2, [00000192611E5A00][00000192608FE8C0 49] IPadPro, [00000192611E5B00][000001925FBD6900 49] iPadAir3, [000001926123DA00][00000192608F6BC0 49] iPadAir4, [00000192611E6900][000001925FBE4E80 49] iPadMini2, [000001926123F800][00000192608FB140 49] iPadMini3, [00000192611E7500][0000019260909400 49] iPadMini4, [000001926123E200][000001926090D6C0 49] iPadMini5, [0000019261211300][0000019260921C00 49] iPhone6, [0000019261211400][00000192609100C0 49] iPodTouch6, [000001926126E900][00000192609245C0 49] iPhone7, [000001926126D400][0000019260918600 49] iPodTouch7, [00000192611E4F00][000001925FBDA880 49] iPhone5S, [000001926126DB00][0000019260914B40 49] iPhone6Plus, [00000192611E7D00][0000019260928E00 49] iPhone6S, [000001926126DF00][000001926092D0C0 49] iPhone6SPlus, [00000192611E4C00][0000019260931380 49] iPhone7Plus, [00000192611E7800][0000019260935640 49] iPhoneSE, [0000019261210C00][0000019260939900 49] iPhone8, [00000192611E5C00][000001926093DBC0 49] iPhone8Plus, [0000019261213A00][0000019260940300 49] iPhoneX, [00000192611E4900][00000192609445C0 49] iPhoneXS, [0000019261210500][000001926091C840 49] iPhoneXSMax, [00000192611E6B00][0000019260948AC0 49] iPhoneXR, [0000019261212600][0000019260950D80 49] iPhone11, [0000019261213F00][0000019260955040 49] iPhone11Pro, [0000019261210100][0000019260959300 49] iPhone11ProMax, [0000019261212B00][000001926095D5C0 49] iPhoneSE2, [000001926126E600][0000019260961880 49] iPhone12Mini, [00000192611E4A00][0000019260965B40 49] iPhone12, [000001926126C600][0000019260968280 49] iPhone12Pro, [00000192611E4300][000001926096C540 49] iPhone12ProMax, [000001926126E400][0000019260970800 49] iPadPro105, [00000192611E7000][000001926094CA80 49] iPadPro129, [000001926126CA00][0000019260974D00 49] iPadPro97, [00000192611E6700][000001926097CFC0 49] iPadPro2_129, [000001926126F600][0000019261991280 49] iPad5, [00000192611E7400][0000019261995540 49] iPad6, [000001926126F400][0000019261999800 49] iPad7, [00000192611E5E00][000001926199DAC0 49] iPad8, [000001926126E100][00000192619A0200 49] iPadPro11, [00000192611E6F00][00000192619A44C0 49] iPadPro2_11, [000001926126CD00][00000192619A8780 49] iPadPro3_129, [00000192611E6600][00000192619ACA40 49] iPadPro4_129, [000001926126F700][0000019260978CC0 49] AppleTV, [00000192611E4200][00000192619B0F40 49] AppleTV4K, [000001926126CC00][00000192619B9200 49] TVOS, [00000192611E4600][00000192619BD4C0 49] Mac, [000001926126C800][00000192619C1780 49] MacClient, [00000192611E5800][00000192619C5A40 49] MacNoEditor, [000001926126C100][00000192619C8180 49] MacServer, [00000192611E7C00][00000192619CC440 49] Linux, [000001926126F200][00000192619D0700 49] LinuxAArch64, [00000192611E7300][00000192619D49C0 49] LinuxNoEditor, [000001926126E500][00000192619D8C80 49] LinuxAArch64NoEditor, [00000192611E5700][00000192619B4F00 49] LinuxClient, [000001926126F000][00000192619DD180 49] LinuxAArch64Client, [00000192611E5300][00000192619E5440 49] LinuxServer, [000001926126C200][00000192619E9700 49] LinuxAArch64Server, [00000192611E7F00][00000192619ED9C0 49] Android, [000001926126C500][00000192619F0100 49] Android_Low, [00000192611E4E00][00000192619F43C0 49] Android_Mid, [000001926126EC00][00000192619F8680 49] Android_High, [00000192611E4100][00000192619FC940 49] Android_Default, [000001926126DA00][0000019261A00C00 49] Android_Adreno4xx, [00000192611E5900][0000019261A04EC0 49] Android_Adreno5xx_Low, [000001926126D800][00000192619E1140 49] Android_Adreno5xx, [00000192611E7700][0000019261A093C0 49] Android_Adreno6xx, [000001926126EA00][0000019261A11680 49] Android_Adreno6xx_Vulkan, [00000192611E6300][0000019261A15940 49] Android_Mali_T6xx, [000001926126D300][0000019261A19C00 49] Android_Mali_T7xx, [00000192611E7100][0000019261A1C340 49] Android_Mali_T8xx, [0000019261212500][0000019261A20600 49] Android_Mali_G71, [000001926123FB00][0000019261A248C0 49] Android_Mali_G72, [0000019261211900][0000019261A28B80 49] Android_Mali_G72_Vulkan, [000001926123CA00][0000019261A2CE40 49] Android_Mali_G76, [0000019261211100][0000019261A31100 49] Android_Mali_G76_Vulkan, [000001926123D200][0000019261A0D380 49] Android_Mali_G77, [0000019261212200][0000019261A35600 49] Android_Mali_G77_Vulkan, [000001926123CE00][0000019261A3D8C0 49] Android_Mali_G78, [0000019261212300][0000019261A41B80 49] Android_Mali_G78_Vulkan, [000001926123F700][0000019261A442C0 49] Android_Mali_G710, [0000019261213300][0000019261A48580 49] Android_Mali_G710_Vulkan, [000001926123F500][0000019261A4C840 49] Android_Vulkan_SM5, [0000019261212900][0000019261A50B00 49] Android_PowerVR_G6xxx, [000001926123C200][0000019261A54DC0 49] Android_PowerVR_GT7xxx, [0000019261213C00][0000019261A59080 49] Android_PowerVR_GE8xxx, [000001926123D300][0000019261A5D340 49] Android_PowerVR_GM9xxx, [0000019261211800][0000019261A395C0 49] Android_PowerVR_GM9xxx_Vulkan, [000001926123FA00][0000019261A61840 49] Android_TegraK1, [0000019261210900][0000019261A69B00 49] Android_Unknown_Vulkan, [000001926123E900][0000019261A6C240 49] Lumin, [0000019261211500][0000019261A70500 49] Lumin_Desktop, [000001926123C800][0000019261A747C0 49] HoloLens, 
[2023.01.16-18.06.37:394][  0]LogMeshReduction: Using QuadricMeshReduction for automatic static mesh reduction
[2023.01.16-18.06.37:395][  0]LogMeshReduction: Using SimplygonMeshReduction for automatic skeletal mesh reduction
[2023.01.16-18.06.37:396][  0]LogMeshReduction: Using ProxyLODMeshReduction for automatic mesh merging
[2023.01.16-18.06.37:396][  0]LogMeshReduction: No distributed automatic mesh merging module available
[2023.01.16-18.06.37:397][  0]LogMeshMerging: No distributed automatic mesh merging module available
[2023.01.16-18.06.37:408][  0]LogNetVersion: PrototypeV6 1.0.0, NetCL: 17155196, EngineNetVer: 17, GameNetVer: 0 (Checksum: 2678963413)
[2023.01.16-18.06.37:496][  0]LogTexture: Default maximum texture size for cubemaps generated from long-lat sources has been changed from 512 to unlimited. In order to preserve old behaiour for '/Engine/MapTemplates/Sky/DaylightAmbientCubemap.DaylightAmbientCubemap', its maximum texture size has been explicitly set to 512.
[2023.01.16-18.06.37:510][  0]LogHMD: PokeAHoleMaterial loaded successfully
[2023.01.16-18.06.37:570][  0]LogPython: Using Python 3.7.7
[2023.01.16-18.06.37:974][  0]LogNiagaraDebuggerClient: Niagara Debugger Client Initialized | Session: CC8ADEA447BEE379D9BD759B38EB26BF | Instance: 10302ED04653A4B121CF78A9D92AA55D (NOTAHACKER-15384).
[2023.01.16-18.06.37:987][  0]LogCollectionManager: Loaded 0 collections in 0.001806 seconds
[2023.01.16-18.06.37:990][  0]LogFileCache: Scanning file cache for directory 'C:/Users/SLATE 15/Documents/GitHub/Hannah-Ashna.github.io/FYP-Prototype/PrototypeV6/Saved/Collections/' took 0.00s
[2023.01.16-18.06.37:990][  0]LogFileCache: Scanning file cache for directory 'C:/Users/SLATE 15/Documents/GitHub/Hannah-Ashna.github.io/FYP-Prototype/PrototypeV6/Content/Developers/SLATE15/Collections/' took 0.00s
[2023.01.16-18.06.37:991][  0]LogFileCache: Scanning file cache for directory 'C:/Users/SLATE 15/Documents/GitHub/Hannah-Ashna.github.io/FYP-Prototype/PrototypeV6/Content/Collections/' took 0.00s
[2023.01.16-18.06.37:991][  0]LogCollectionManager: Fixed up redirectors for 0 collections in 0.000002 seconds (updated 0 objects)
[2023.01.16-18.06.38:059][  0]LogTcpMessaging: Initializing TcpMessaging bridge
[2023.01.16-18.06.38:060][  0]LogUdpMessaging: Initializing bridge on interface 0.0.0.0:0 to multicast group 230.0.0.1:6666.
[2023.01.16-18.06.38:116][  0]SourceControl: Source control is disabled
[2023.01.16-18.06.38:118][  0]SourceControl: Source control is disabled
[2023.01.16-18.06.38:119][  0]SourceControl: Source control is disabled
[2023.01.16-18.06.38:122][  0]LogUProjectInfo: Found projects:
[2023.01.16-18.06.38:157][  0]LogOpenImageDenoise: OIDN starting up
[2023.01.16-18.06.38:173][  0]LogAndroidPermission: UAndroidPermissionCallbackProxy::GetInstance
[2023.01.16-18.06.38:181][  0]LogAudioCaptureCore: Display: No Audio Capture implementations found. Audio input will be silent.
[2023.01.16-18.06.38:181][  0]LogAudioCaptureCore: Display: No Audio Capture implementations found. Audio input will be silent.
[2023.01.16-18.06.38:226][  0]LogOcInput: OculusInput pre-init called
[2023.01.16-18.06.38:235][  0]LogUObjectArray: 21886 objects as part of root set at end of initial load.
[2023.01.16-18.06.38:236][  0]LogUObjectAllocator: 5893904 out of 0 bytes used by permanent object pool.
[2023.01.16-18.06.38:236][  0]LogUObjectArray: CloseDisregardForGC: 0/0 objects in disregard for GC pool
[2023.01.16-18.06.38:267][  0]LogEngine: Initializing Engine...
[2023.01.16-18.06.38:269][  0]LogStats: UGameplayTagsManager::InitializeManager -  0.000 s
[2023.01.16-18.06.38:282][  0]LogInit: Initializing FReadOnlyCVARCache
[2023.01.16-18.06.38:283][  0]LogNetVersion: Set ProjectVersion to 1.0.0.0. Version Checksum will be recalculated on next use.
[2023.01.16-18.06.38:284][  0]LogInit: Texture streaming: Disabled
[2023.01.16-18.06.38:377][  0]LogInit: Display: Game Engine Initialized.
[2023.01.16-18.06.38:378][  0]LogNiagaraEditor: GEditor isn't valid! Particle reset commands will not work for Niagara components!
[2023.01.16-18.06.38:424][  0]LogInit: Display: Starting Game.
[2023.01.16-18.06.38:424][  0]LogNet: Browse: /Game/Maps/VRHoloportMap?Name=Player
[2023.01.16-18.06.38:424][  0]LogLoad: LoadMap: /Game/Maps/VRHoloportMap?Name=Player
[2023.01.16-18.06.38:426][  0]LogWorld: BeginTearingDown for /Temp/Untitled_0
[2023.01.16-18.06.38:429][  0]LogWorld: UWorld::CleanupWorld for Untitled, bSessionEnded=true, bCleanupResources=true
[2023.01.16-18.06.38:438][  0]LogUObjectHash: Compacting FUObjectHashTables data took   0.69ms
[2023.01.16-18.06.39:130][  0]LogSkeletalMesh: Display: [AssetLog] C:\Users\SLATE 15\Documents\GitHub\Hannah-Ashna.github.io\FYP-Prototype\PrototypeV6\Content\VehicleVarietyPack\Skeletons\SK_SUV.uasset: Find and fix some bad tangent! please re-import this skeletal mesh asset to fix the issue. The shading of the skeletal mesh will be bad and faceted.
[2023.01.16-18.06.39:182][  0]LogSkeletalMesh: Display: [AssetLog] C:\Users\SLATE 15\Documents\GitHub\Hannah-Ashna.github.io\FYP-Prototype\PrototypeV6\Content\VehicleVarietyPack\Skeletons\SK_Hatchback.uasset: Find and fix some bad tangent! please re-import this skeletal mesh asset to fix the issue. The shading of the skeletal mesh will be bad and faceted.
[2023.01.16-18.06.39:205][  0]LogSkeletalMesh: Display: [AssetLog] C:\Users\SLATE 15\Documents\GitHub\Hannah-Ashna.github.io\FYP-Prototype\PrototypeV6\Content\Vehicle\Sedan\Sedan_SkelMesh.uasset: Find and fix some bad tangent! please re-import this skeletal mesh asset to fix the issue. The shading of the skeletal mesh will be bad and faceted.
[2023.01.16-18.06.39:222][  0]LogAIModule: Creating AISystem for world VRHoloportMap
[2023.01.16-18.06.39:223][  0]LogLoad: Game class is 'VRMultGamemode_C'
[2023.01.16-18.06.39:224][  0]LogNet: ReplicationDriverClass is null! Not using ReplicationDriver.
[2023.01.16-18.06.39:224][  0]LogNetCore: DDoS detection status: detection enabled: 0 analytics enabled: 0
[2023.01.16-18.06.39:225][  0]LogInit: WinSock: Socket queue. Rx: 131072 (config 131072) Tx: 131072 (config 131072)
[2023.01.16-18.06.39:226][  0]LogNet: Created socket for bind address: 0.0.0.0 on port 17777
[2023.01.16-18.06.39:226][  0]PacketHandlerLog: Loaded PacketHandler component: Engine.EngineHandlerComponentFactory (StatelessConnectHandlerComponent)
[2023.01.16-18.06.39:227][  0]LogNet: GameNetDriver IpNetDriver_0 IpNetDriver listening on port 17777
[2023.01.16-18.06.39:237][  0]LogWorld: Bringing World /Game/Maps/VRHoloportMap.VRHoloportMap up for play (max tick rate 30) at 2023.01.16-18.06.39
[2023.01.16-18.06.39:238][  0]LogWorld: Bringing up level for play took: 0.010502
[2023.01.16-18.06.39:239][  0]LogLoad: Took 0.815228 seconds to LoadMap(/Game/Maps/VRHoloportMap)
[2023.01.16-18.06.39:245][  0]LogInit: Display: Engine is initialized. Leaving FEngineLoop::Init()
[2023.01.16-18.06.39:245][  0]LogLoad: (Engine Initialization) Total time: 6.47 seconds
[2023.01.16-18.06.39:246][  0]LogLoad: (Engine Initialization) Total Blueprint compile time: 0.00 seconds
[2023.01.16-18.06.39:582][  9]LogNet: NotifyAcceptingConnection accepted from: 127.0.0.1:50856
[2023.01.16-18.06.39:582][  9]LogHandshake: SendConnectChallenge. Timestamp: 0.335958, Cookie: 242003116128100117226094185071067032156027241006189188235060
[2023.01.16-18.06.39:615][ 10]LogNet: NotifyAcceptingConnection accepted from: 127.0.0.1:50856
[2023.01.16-18.06.39:615][ 10]LogHandshake: SendChallengeAck. InCookie: 242003116128100117226094185071067032156027241006189188235060
[2023.01.16-18.06.39:616][ 10]LogNet: Server accepting post-challenge connection from: 127.0.0.1:50856
[2023.01.16-18.06.39:617][ 10]PacketHandlerLog: Loaded PacketHandler component: Engine.EngineHandlerComponentFactory (StatelessConnectHandlerComponent)
[2023.01.16-18.06.39:617][ 10]LogNet: NotifyAcceptedConnection: Name: VRHoloportMap, TimeStamp: 01/16/23 18:06:39, [UNetConnection] RemoteAddr: 127.0.0.1:50856, Name: IpConnection_0, Driver: GameNetDriver IpNetDriver_0, IsServer: YES, PC: NULL, Owner: NULL, UniqueId: INVALID
[2023.01.16-18.06.39:617][ 10]LogNet: AddClientConnection: Added client connection: [UNetConnection] RemoteAddr: 127.0.0.1:50856, Name: IpConnection_0, Driver: GameNetDriver IpNetDriver_0, IsServer: YES, PC: NULL, Owner: NULL, UniqueId: INVALID
[2023.01.16-18.06.39:618][ 10]LogNet: NotifyAcceptingChannel Control 0 server World /Game/Maps/VRHoloportMap.VRHoloportMap: Accepted
[2023.01.16-18.06.39:618][ 10]LogNet: Remote platform little endian=1
[2023.01.16-18.06.39:619][ 10]LogNet: This platform little endian=1
[2023.01.16-18.06.39:619][ 10]LogNetVersion: PrototypeV6 1.0.0.0, NetCL: 17155196, EngineNetVer: 17, GameNetVer: 0 (Checksum: 2013864317)
[2023.01.16-18.06.39:649][ 11]LogNet: Login request: ?Name=NotAHacker-CA769BA8435E54E8FAC5A8B79E2F7E5F userId: NULL:NotAHacker-CA769BA8435E54E8FAC5A8B79E2F7E5F platform: NULL
[2023.01.16-18.06.40:503][ 37]LogNet: Client netspeed is 100000
[2023.01.16-18.06.40:504][ 37]LogNet: Join request: ?Name=NotAHacker-CA769BA8435E54E8FAC5A8B79E2F7E5F?SplitscreenCount=1
[2023.01.16-18.06.40:505][ 37]LogOnlineSession: Warning: OSS: No game present to join for session (GameSession)
[2023.01.16-18.06.40:506][ 37]LogGameMode: FindPlayerStart: PATHS NOT DEFINED or NO PLAYERSTART with positive rating
[2023.01.16-18.06.40:509][ 37]LogNet: Join succeeded: NotAHacker-CA769BA84
[2023.01.16-18.06.59:711][615]LogNet: UChannel::ReceivedSequencedBunch: Bunch.bClose == true. ChIndex == 0. Calling ConditionalCleanUp.
[2023.01.16-18.06.59:711][615]LogNet: UChannel::CleanUp: ChIndex == 0. Closing connection. [UChannel] ChIndex: 0, Closing: 0 [UNetConnection] RemoteAddr: 127.0.0.1:50856, Name: IpConnection_0, Driver: GameNetDriver IpNetDriver_0, IsServer: YES, PC: PlayerController_0, Owner: PlayerController_0, UniqueId: NULL:NotAHacker-CA769BA8435E54E8FAC5A8B79E2F7E5F
[2023.01.16-18.06.59:713][615]LogNet: UNetConnection::Close: [UNetConnection] RemoteAddr: 127.0.0.1:50856, Name: IpConnection_0, Driver: GameNetDriver IpNetDriver_0, IsServer: YES, PC: PlayerController_0, Owner: PlayerController_0, UniqueId: NULL:NotAHacker-CA769BA8435E54E8FAC5A8B79E2F7E5F, Channels: 9, Time: 2023.01.16-18.06.59
[2023.01.16-18.06.59:714][615]LogNet: UChannel::Close: Sending CloseBunch. ChIndex == 0. Name: [UChannel] ChIndex: 0, Closing: 0 [UNetConnection] RemoteAddr: 127.0.0.1:50856, Name: IpConnection_0, Driver: GameNetDriver IpNetDriver_0, IsServer: YES, PC: PlayerController_0, Owner: PlayerController_0, UniqueId: NULL:NotAHacker-CA769BA8435E54E8FAC5A8B79E2F7E5F
[2023.01.16-18.06.59:715][615]LogOnlineSession: Warning: OSS: No game present to leave for session (GameSession)
