Log file open, 01/16/23 20:56:07
LogWindows: Failed to load 'aqProf.dll' (GetLastError=126)
LogWindows: File 'aqProf.dll' does not exist
LogWindows: Failed to load 'VtuneApi.dll' (GetLastError=126)
LogWindows: File 'VtuneApi.dll' does not exist
LogWindows: Failed to load 'VtuneApi32e.dll' (GetLastError=126)
LogWindows: File 'VtuneApi32e.dll' does not exist
LogConsoleResponse: Display: Failed to find resolution value strings in scalability ini. Falling back to default.
LogConsoleResponse: Display: Failed to find resolution value strings in scalability ini. Falling back to default.
LogInit: Display: Running engine for game: PrototypeV6
LogPlatformFile: Not using cached read wrapper
LogTaskGraph: Started task graph with 5 named threads and 35 total threads with 3 sets of task threads.
LogStats: Stats thread started at 0.260476
LogICUInternationalization: ICU TimeZone Detection - Raw Offset: +0:00, Platform Override: ''
LogInit: Display: Loading text-based GConfig....
LogPluginManager: Mounting plugin MeshPainting
LogPluginManager: Mounting plugin XGEController
LogPluginManager: Mounting plugin Paper2D
LogPluginManager: Mounting plugin LiveLink
LogPluginManager: Mounting plugin AISupport
LogPluginManager: Mounting plugin EnvironmentQueryEditor
LogPluginManager: Mounting plugin LightPropagationVolume
LogPluginManager: Mounting plugin CameraShakePreviewer
LogPluginManager: Mounting plugin GameplayCameras
LogPluginManager: Mounting plugin AnimationSharing
LogPluginManager: Mounting plugin CLionSourceCodeAccess
LogPluginManager: Mounting plugin CodeLiteSourceCodeAccess
LogPluginManager: Mounting plugin KDevelopSourceCodeAccess
LogPluginManager: Mounting plugin GitSourceControl
LogPluginManager: Mounting plugin NullSourceCodeAccess
LogPluginManager: Mounting plugin PerforceSourceControl
LogPluginManager: Mounting plugin PlasticSourceControl
LogPluginManager: Mounting plugin SubversionSourceControl
LogPluginManager: Mounting plugin PluginUtils
LogPluginManager: Mounting plugin TextureFormatOodle
LogPluginManager: Mounting plugin RiderSourceCodeAccess
LogPluginManager: Mounting plugin PropertyAccessNode
LogPluginManager: Mounting plugin UObjectPlugin
LogPluginManager: Mounting plugin VisualStudioCodeSourceCodeAccess
LogPluginManager: Mounting plugin XCodeSourceCodeAccess
LogPluginManager: Mounting plugin OodleData
LogPluginManager: Mounting plugin VisualStudioSourceCodeAccess
LogPluginManager: Mounting plugin PixWinPlugin
LogPluginManager: Mounting plugin OodleNetwork
LogPluginManager: Mounting plugin DataValidation
LogPluginManager: Mounting plugin CryptoKeys
LogPluginManager: Mounting plugin AssetManagerEditor
LogPluginManager: Mounting plugin FacialAnimation
LogPluginManager: Mounting plugin GameplayTagsEditor
LogPluginManager: Mounting plugin GeometryMode
LogPluginManager: Mounting plugin MacGraphicsSwitching
LogPluginManager: Mounting plugin MaterialAnalyzer
LogPluginManager: Mounting plugin MobileLauncherProfileWizard
LogPluginManager: Mounting plugin SpeedTreeImporter
LogPluginManager: Mounting plugin CurveEditorTools
LogPluginManager: Mounting plugin PluginBrowser
LogPluginManager: Mounting plugin Niagara
LogPluginManager: Mounting plugin AlembicImporter
LogPluginManager: Mounting plugin AutomationUtils
LogPluginManager: Mounting plugin BackChannel
LogPluginManager: Mounting plugin ChaosCloth
LogPluginManager: Mounting plugin ChaosClothEditor
LogPluginManager: Mounting plugin ChaosSolverPlugin
LogPluginManager: Mounting plugin ChaosNiagara
LogPluginManager: Mounting plugin ChaosEditor
LogPluginManager: Mounting plugin CharacterAI
LogPluginManager: Mounting plugin GeometryCache
LogPluginManager: Mounting plugin GeometryCollectionPlugin
LogPluginManager: Mounting plugin DatasmithContent
LogPluginManager: Mounting plugin VariantManagerContent
LogPluginManager: Mounting plugin LuminPlatformFeatures
LogPluginManager: Mounting plugin MagicLeap
LogPluginManager: Mounting plugin GeometryProcessing
LogPluginManager: Mounting plugin MagicLeapLightEstimation
LogPluginManager: Mounting plugin MagicLeapMedia
LogPluginManager: Mounting plugin OpenImageDenoise
LogPluginManager: Mounting plugin MotoSynth
LogPluginManager: Mounting plugin MagicLeapPassableWorld
LogPluginManager: Mounting plugin PlanarCut
LogPluginManager: Mounting plugin PlatformCrypto
LogPluginManager: Mounting plugin MLSDK
LogPluginManager: Mounting plugin PythonScriptPlugin
LogPluginManager: Mounting plugin ProxyLODPlugin
LogPluginManager: Mounting plugin SkeletalReduction
LogPluginManager: Mounting plugin AndroidMedia
LogPluginManager: Mounting plugin AvfMedia
LogPluginManager: Mounting plugin ImgMedia
LogPluginManager: Mounting plugin MediaCompositing
LogPluginManager: Mounting plugin MediaPlayerEditor
LogPluginManager: Mounting plugin WebMMedia
LogPluginManager: Mounting plugin WmfMedia
LogPluginManager: Mounting plugin TcpMessaging
LogPluginManager: Mounting plugin UdpMessaging
LogPluginManager: Mounting plugin ActorSequence
LogPluginManager: Mounting plugin LevelSequenceEditor
LogPluginManager: Mounting plugin MatineeToLevelSequence
LogPluginManager: Mounting plugin TemplateSequence
LogPluginManager: Mounting plugin OnlineSubsystemNull
LogPluginManager: Mounting plugin OnlineSubsystem
LogPluginManager: Mounting plugin OnlineSubsystemUtils
LogPluginManager: Mounting plugin ActorLayerUtilities
LogPluginManager: Mounting plugin LauncherChunkInstaller
LogPluginManager: Mounting plugin AndroidMoviePlayer
LogPluginManager: Mounting plugin AndroidDeviceProfileSelector
LogPluginManager: Mounting plugin AndroidPermission
LogPluginManager: Mounting plugin AppleImageUtils
LogPluginManager: Mounting plugin AppleMoviePlayer
LogPluginManager: Mounting plugin ArchVisCharacter
LogPluginManager: Mounting plugin AssetTags
LogPluginManager: Mounting plugin AudioCapture
LogPluginManager: Mounting plugin AudioSynesthesia
LogPluginManager: Mounting plugin ChunkDownloader
LogPluginManager: Mounting plugin CableComponent
LogPluginManager: Mounting plugin CustomMeshComponent
LogPluginManager: Mounting plugin EditableMesh
LogPluginManager: Mounting plugin ExampleDeviceProfileSelector
LogPluginManager: Mounting plugin GoogleCloudMessaging
LogPluginManager: Mounting plugin GooglePAD
LogPluginManager: Mounting plugin ScreenshotTools
LogPluginManager: Mounting plugin IOSDeviceProfileSelector
LogPluginManager: Mounting plugin LinuxDeviceProfileSelector
LogPluginManager: Mounting plugin LocationServicesBPLibrary
LogPluginManager: Mounting plugin MobilePatchingUtils
LogPluginManager: Mounting plugin OpenXR
LogPluginManager: Mounting plugin OpenXREyeTracker
LogPluginManager: Mounting plugin OpenXRHandTracking
LogPluginManager: Mounting plugin PhysXVehicles
LogPluginManager: Mounting plugin PostSplashScreen
LogPluginManager: Mounting plugin PropertyAccessEditor
LogPluginManager: Mounting plugin ProceduralMeshComponent
LogPluginManager: Mounting plugin Takes
LogPluginManager: Mounting plugin SignificanceManager
LogPluginManager: Mounting plugin RuntimePhysXCooking
LogPluginManager: Mounting plugin SoundFields
LogPluginManager: Mounting plugin Synthesis
LogPluginManager: Mounting plugin WebMMoviePlayer
LogPluginManager: Mounting plugin WindowsMoviePlayer
LogPluginManager: Mounting plugin ContentBrowserClassDataSource
LogPluginManager: Mounting plugin ContentBrowserAssetDataSource
LogPluginManager: Mounting plugin ContentBrowserFileDataSource
LogPluginManager: Mounting plugin OnlineSubsystemIOS
LogPluginManager: Mounting plugin OculusVR
LogPluginManager: Mounting plugin SteamVR
PixWinPlugin: PIX capture plugin failed to initialize! Check that the process is launched from PIX.
LogInit: Using libcurl 7.55.1-DEV
LogInit:  - built for x86_64-pc-win32
LogInit:  - supports SSL with OpenSSL/1.1.1
LogInit:  - supports HTTP deflate (compression) using libz 1.2.8
LogInit:  - other features:
LogInit:      CURL_VERSION_SSL
LogInit:      CURL_VERSION_LIBZ
LogInit:      CURL_VERSION_IPV6
LogInit:      CURL_VERSION_ASYNCHDNS
LogInit:      CURL_VERSION_LARGEFILE
LogInit:      CURL_VERSION_IDN
LogInit:  CurlRequestOptions (configurable via config and command line):
LogInit:  - bVerifyPeer = true  - Libcurl will verify peer certificate
LogInit:  - bUseHttpProxy = false  - Libcurl will NOT use HTTP proxy
LogInit:  - bDontReuseConnections = false  - Libcurl will reuse connections
LogInit:  - MaxHostConnections = 16  - Libcurl will limit the number of connections to a host
LogInit:  - LocalHostAddr = Default
LogInit:  - BufferSize = 65536
LogOnline: OSS: Creating online subsystem instance for: NULL
LogInit: WinSock: version 1.1 (2.2), MaxSocks=32767, MaxUdp=65467
LogOnline: OSS: TryLoadSubsystemAndSetDefault: Loaded subsystem for module [NULL]
LogInit: Build: ++UE4+Release-4.27-CL-18319896
LogInit: Engine Version: 4.27.2-18319896+++UE4+Release-4.27
LogInit: Compatible Engine Version: 4.27.0-17155196+++UE4+Release-4.27
LogInit: Net CL: 17155196
LogInit: OS: Windows 10 (Release 2009) (), CPU: Intel(R) Core(TM) i7-9750H CPU @ 2.60GHz, GPU: Intel(R) UHD Graphics 630
LogInit: Compiled (64-bit): Nov 30 2021 07:12:08
LogInit: Compiled with Visual C++: 19.24.28315.00
LogInit: Build Configuration: Development
LogInit: Branch Name: ++UE4+Release-4.27
LogInit: Command Line:  127.0.0.1:17777 -game -PIEVIACONSOLE -Multiprocess "GameUserSettingsINI=C:/Users/SLATE 15/Documents/GitHub/Hannah-Ashna.github.io/FYP-Prototype/PrototypeV6/Saved/Config/Windows/PIEGameUserSettings1.ini" -MultiprocessSaveConfig -forcepassthrough -messaging -SessionName="Play in Standalone Game" -nohmd -windowed -WinX=0 -WinY=35 SAVEWINPOS=1 -ResX=640 -ResY=480
LogInit: Base Directory: C:/Program Files/Epic Games/UE_4.27/Engine/Binaries/Win64/
LogInit: Allocator: TBB
LogInit: Installed Engine Build: 1
LogDevObjectVersion: Number of dev versions registered: 29
LogDevObjectVersion:   Dev-Blueprints (B0D832E4-1F89-4F0D-ACCF-7EB736FD4AA2): 10
LogDevObjectVersion:   Dev-Build (E1C64328-A22C-4D53-A36C-8E866417BD8C): 0
LogDevObjectVersion:   Dev-Core (375EC13C-06E4-48FB-B500-84F0262A717E): 4
LogDevObjectVersion:   Dev-Editor (E4B068ED-F494-42E9-A231-DA0B2E46BB41): 40
LogDevObjectVersion:   Dev-Framework (CFFC743F-43B0-4480-9391-14DF171D2073): 37
LogDevObjectVersion:   Dev-Mobile (B02B49B5-BB20-44E9-A304-32B752E40360): 3
LogDevObjectVersion:   Dev-Networking (A4E4105C-59A1-49B5-A7C5-40C4547EDFEE): 0
LogDevObjectVersion:   Dev-Online (39C831C9-5AE6-47DC-9A44-9C173E1C8E7C): 0
LogDevObjectVersion:   Dev-Physics (78F01B33-EBEA-4F98-B9B4-84EACCB95AA2): 14
LogDevObjectVersion:   Dev-Platform (6631380F-2D4D-43E0-8009-CF276956A95A): 0
LogDevObjectVersion:   Dev-Rendering (12F88B9F-8875-4AFC-A67C-D90C383ABD29): 45
LogDevObjectVersion:   Dev-Sequencer (7B5AE74C-D270-4C10-A958-57980B212A5A): 13
LogDevObjectVersion:   Dev-VR (D7296918-1DD6-4BDD-9DE2-64A83CC13884): 3
LogDevObjectVersion:   Dev-LoadTimes (C2A15278-BFE7-4AFE-6C17-90FF531DF755): 1
LogDevObjectVersion:   Private-Geometry (6EACA3D4-40EC-4CC1-B786-8BED09428FC5): 3
LogDevObjectVersion:   Dev-AnimPhys (29E575DD-E0A3-4627-9D10-D276232CDCEA): 17
LogDevObjectVersion:   Dev-Anim (AF43A65D-7FD3-4947-9873-3E8ED9C1BB05): 15
LogDevObjectVersion:   Dev-ReflectionCapture (6B266CEC-1EC7-4B8F-A30B-E4D90942FC07): 1
LogDevObjectVersion:   Dev-Automation (0DF73D61-A23F-47EA-B727-89E90C41499A): 1
LogDevObjectVersion:   FortniteMain (601D1886-AC64-4F84-AA16-D3DE0DEAC7D6): 47
LogDevObjectVersion:   FortniteRelease (E7086368-6B23-4C58-8439-1B7016265E91): 1
LogDevObjectVersion:   Dev-Enterprise (9DFFBCD6-494F-0158-E221-12823C92A888): 10
LogDevObjectVersion:   Dev-Niagara (F2AED0AC-9AFE-416F-8664-AA7FFA26D6FC): 1
LogDevObjectVersion:   Dev-Destruction (174F1F0B-B4C6-45A5-B13F-2EE8D0FB917D): 10
LogDevObjectVersion:   Dev-Physics-Ext (35F94A83-E258-406C-A318-09F59610247C): 41
LogDevObjectVersion:   Dev-PhysicsMaterial-Chaos (B68FC16E-8B1B-42E2-B453-215C058844FE): 1
LogDevObjectVersion:   Dev-CineCamera (B2E18506-4273-CFC2-A54E-F4BB758BBA07): 1
LogDevObjectVersion:   Dev-VirtualProduction (64F58936-FD1B-42BA-BA96-7289D5D0FA4E): 1
LogDevObjectVersion:   Dev-MediaFramework (6F0ED827-A609-4895-9C91-998D90180EA4): 2
LogInit: Presizing for max 25165824 objects, including 0 objects not considered by GC, pre-allocating 0 bytes for permanent pool.
LogConfig: Applying CVar settings from Section [/Script/Engine.StreamingSettings] File [C:/Users/SLATE 15/Documents/GitHub/Hannah-Ashna.github.io/FYP-Prototype/PrototypeV6/Saved/Config/Windows/Engine.ini]
LogConfig: Setting CVar [[s.MinBulkDataSizeForAsyncLoading:131072]]
LogConfig: Setting CVar [[s.AsyncLoadingThreadEnabled:0]]
LogConfig: Setting CVar [[s.EventDrivenLoaderEnabled:1]]
LogConfig: Setting CVar [[s.WarnIfTimeLimitExceeded:0]]
LogConfig: Setting CVar [[s.TimeLimitExceededMultiplier:1.5]]
LogConfig: Setting CVar [[s.TimeLimitExceededMinTime:0.005]]
LogConfig: Setting CVar [[s.UseBackgroundLevelStreaming:1]]
LogConfig: Setting CVar [[s.PriorityAsyncLoadingExtraTime:15.0]]
LogConfig: Setting CVar [[s.LevelStreamingActorsUpdateTimeLimit:5.0]]
LogConfig: Setting CVar [[s.PriorityLevelStreamingActorsUpdateExtraTime:5.0]]
LogConfig: Setting CVar [[s.LevelStreamingComponentsRegistrationGranularity:10]]
LogConfig: Setting CVar [[s.UnregisterComponentsTimeLimit:1.0]]
LogConfig: Setting CVar [[s.LevelStreamingComponentsUnregistrationGranularity:5]]
LogConfig: Setting CVar [[s.FlushStreamingOnExit:1]]
LogInit: Object subsystem initialized
LogConfig: Setting CVar [[con.DebugEarlyDefault:1]]
LogConfig: Setting CVar [[r.setres:1280x720]]
[2023.01.16-20.56.07:766][  0]LogConfig: Setting CVar [[con.DebugEarlyDefault:1]]
[2023.01.16-20.56.07:766][  0]LogConfig: Setting CVar [[r.setres:1280x720]]
[2023.01.16-20.56.07:766][  0]LogConfig: Applying CVar settings from Section [/Script/Engine.RendererSettings] File [C:/Users/SLATE 15/Documents/GitHub/Hannah-Ashna.github.io/FYP-Prototype/PrototypeV6/Saved/Config/Windows/Engine.ini]
[2023.01.16-20.56.07:766][  0]LogConfig: Setting CVar [[r.GPUCrashDebugging:0]]
[2023.01.16-20.56.07:766][  0]LogConfig: Setting CVar [[r.Mobile.DisableVertexFog:1]]
[2023.01.16-20.56.07:766][  0]LogConfig: Setting CVar [[r.Shadow.CSM.MaxMobileCascades:2]]
[2023.01.16-20.56.07:766][  0]LogConfig: Setting CVar [[r.MobileMSAA:1]]
[2023.01.16-20.56.07:766][  0]LogConfig: Setting CVar [[r.Mobile.AllowDitheredLODTransition:0]]
[2023.01.16-20.56.07:766][  0]LogConfig: Setting CVar [[r.Mobile.AllowSoftwareOcclusion:0]]
[2023.01.16-20.56.07:766][  0]LogConfig: Setting CVar [[r.Mobile.VirtualTextures:0]]
[2023.01.16-20.56.07:766][  0]LogConfig: Setting CVar [[r.DiscardUnusedQuality:0]]
[2023.01.16-20.56.07:766][  0]LogConfig: Setting CVar [[r.AllowOcclusionQueries:1]]
[2023.01.16-20.56.07:766][  0]LogConfig: Setting CVar [[r.MinScreenRadiusForLights:0.030000]]
[2023.01.16-20.56.07:766][  0]LogConfig: Setting CVar [[r.MinScreenRadiusForDepthPrepass:0.030000]]
[2023.01.16-20.56.07:766][  0]LogConfig: Setting CVar [[r.MinScreenRadiusForCSMDepth:0.010000]]
[2023.01.16-20.56.07:767][  0]LogConfig: Setting CVar [[r.PrecomputedVisibilityWarning:0]]
[2023.01.16-20.56.07:767][  0]LogConfig: Setting CVar [[r.TextureStreaming:1]]
[2023.01.16-20.56.07:767][  0]LogConfig: Setting CVar [[Compat.UseDXT5NormalMaps:0]]
[2023.01.16-20.56.07:767][  0]LogConfig: Setting CVar [[r.VirtualTextures:0]]
[2023.01.16-20.56.07:767][  0]LogConfig: Setting CVar [[r.VT.EnableAutoImport:1]]
[2023.01.16-20.56.07:767][  0]LogConfig: Setting CVar [[r.VirtualTexturedLightmaps:0]]
[2023.01.16-20.56.07:767][  0]LogConfig: Setting CVar [[r.VT.TileSize:128]]
[2023.01.16-20.56.07:767][  0]LogConfig: Setting CVar [[r.VT.TileBorderSize:4]]
[2023.01.16-20.56.07:767][  0]LogConfig: Setting CVar [[r.vt.FeedbackFactor:16]]
[2023.01.16-20.56.07:767][  0]LogConfig: Setting CVar [[r.VT.EnableCompressZlib:1]]
[2023.01.16-20.56.07:767][  0]LogConfig: Setting CVar [[r.VT.EnableCompressCrunch:0]]
[2023.01.16-20.56.07:767][  0]LogConfig: Setting CVar [[r.ClearCoatNormal:0]]
[2023.01.16-20.56.07:767][  0]LogConfig: Setting CVar [[r.ReflectionCaptureResolution:128]]
[2023.01.16-20.56.07:767][  0]LogConfig: Setting CVar [[r.Mobile.ReflectionCaptureCompression:0]]
[2023.01.16-20.56.07:767][  0]LogConfig: Setting CVar [[r.ReflectionEnvironmentLightmapMixBasedOnRoughness:1]]
[2023.01.16-20.56.07:767][  0]LogConfig: Setting CVar [[r.ForwardShading:1]]
[2023.01.16-20.56.07:767][  0]LogConfig: Setting CVar [[r.VertexFoggingForOpaque:1]]
[2023.01.16-20.56.07:767][  0]LogConfig: Setting CVar [[r.AllowStaticLighting:1]]
[2023.01.16-20.56.07:767][  0]LogConfig: Setting CVar [[r.NormalMapsForStaticLighting:0]]
[2023.01.16-20.56.07:767][  0]LogConfig: Setting CVar [[r.GenerateMeshDistanceFields:0]]
[2023.01.16-20.56.07:767][  0]LogConfig: Setting CVar [[r.DistanceFieldBuild.EightBit:0]]
[2023.01.16-20.56.07:767][  0]LogConfig: Setting CVar [[r.GenerateLandscapeGIData:0]]
[2023.01.16-20.56.07:767][  0]LogConfig: Setting CVar [[r.DistanceFieldBuild.Compress:0]]
[2023.01.16-20.56.07:767][  0]LogConfig: Setting CVar [[r.TessellationAdaptivePixelsPerTriangle:48.000000]]
[2023.01.16-20.56.07:767][  0]LogConfig: Setting CVar [[r.SeparateTranslucency:0]]
[2023.01.16-20.56.07:767][  0]LogConfig: Setting CVar [[r.TranslucentSortPolicy:0]]
[2023.01.16-20.56.07:767][  0]LogConfig: Setting CVar [[vr.VRS.HMDFixedFoveationLevel:2]]
[2023.01.16-20.56.07:767][  0]LogConfig: Setting CVar [[r.CustomDepth:1]]
[2023.01.16-20.56.07:767][  0]LogConfig: Setting CVar [[r.CustomDepthTemporalAAJitter:1]]
[2023.01.16-20.56.07:767][  0]LogConfig: Setting CVar [[r.PostProcessing.PropagateAlpha:0]]
[2023.01.16-20.56.07:767][  0]LogConfig: Setting CVar [[r.DefaultFeature.Bloom:0]]
[2023.01.16-20.56.07:767][  0]LogConfig: Setting CVar [[r.DefaultFeature.AmbientOcclusion:0]]
[2023.01.16-20.56.07:767][  0]LogConfig: Setting CVar [[r.DefaultFeature.AmbientOcclusionStaticFraction:1]]
[2023.01.16-20.56.07:767][  0]LogConfig: Setting CVar [[r.DefaultFeature.AutoExposure:0]]
[2023.01.16-20.56.07:767][  0]LogConfig: Setting CVar [[r.DefaultFeature.AutoExposure.Method:0]]
[2023.01.16-20.56.07:767][  0]LogConfig: Setting CVar [[r.DefaultFeature.AutoExposure.Bias:1.000000]]
[2023.01.16-20.56.07:767][  0]LogConfig: Setting CVar [[r.DefaultFeature.AutoExposure.ExtendDefaultLuminanceRange:0]]
[2023.01.16-20.56.07:767][  0]LogConfig: Setting CVar [[r.UsePreExposure:1]]
[2023.01.16-20.56.07:767][  0]LogConfig: Setting CVar [[r.EyeAdaptation.EditorOnly:0]]
[2023.01.16-20.56.07:767][  0]LogConfig: Setting CVar [[r.DefaultFeature.MotionBlur:0]]
[2023.01.16-20.56.07:767][  0]LogConfig: Setting CVar [[r.DefaultFeature.LensFlare:0]]
[2023.01.16-20.56.07:767][  0]LogConfig: Setting CVar [[r.TemporalAA.Upsampling:0]]
[2023.01.16-20.56.07:767][  0]LogConfig: Setting CVar [[r.SSGI.Enable:0]]
[2023.01.16-20.56.07:767][  0]LogConfig: Setting CVar [[r.DefaultFeature.AntiAliasing:0]]
[2023.01.16-20.56.07:767][  0]LogConfig: Setting CVar [[r.DefaultFeature.LightUnits:1]]
[2023.01.16-20.56.07:767][  0]LogConfig: Setting CVar [[r.DefaultBackBufferPixelFormat:4]]
[2023.01.16-20.56.07:767][  0]LogConfig: Setting CVar [[r.Shadow.UnbuiltPreviewInGame:1]]
[2023.01.16-20.56.07:767][  0]LogConfig: Setting CVar [[r.StencilForLODDither:0]]
[2023.01.16-20.56.07:767][  0]LogConfig: Setting CVar [[r.EarlyZPass:3]]
[2023.01.16-20.56.07:767][  0]LogConfig: Setting CVar [[r.EarlyZPassOnlyMaterialMasking:0]]
[2023.01.16-20.56.07:767][  0]LogConfig: Setting CVar [[r.DBuffer:1]]
[2023.01.16-20.56.07:767][  0]LogConfig: Setting CVar [[r.ClearSceneMethod:1]]
[2023.01.16-20.56.07:767][  0]LogConfig: Setting CVar [[r.BasePassOutputsVelocity:0]]
[2023.01.16-20.56.07:767][  0]LogConfig: Setting CVar [[r.VertexDeformationOutputsVelocity:0]]
[2023.01.16-20.56.07:767][  0]LogConfig: Setting CVar [[r.SelectiveBasePassOutputs:0]]
[2023.01.16-20.56.07:767][  0]LogConfig: Setting CVar [[fx.GPUSimulationTextureSizeX:1024]]
[2023.01.16-20.56.07:767][  0]LogConfig: Setting CVar [[fx.GPUSimulationTextureSizeY:1024]]
[2023.01.16-20.56.07:767][  0]LogConfig: Setting CVar [[r.AllowGlobalClipPlane:0]]
[2023.01.16-20.56.07:767][  0]LogConfig: Setting CVar [[r.GBufferFormat:1]]
[2023.01.16-20.56.07:767][  0]LogConfig: Setting CVar [[r.MorphTarget.Mode:1]]
[2023.01.16-20.56.07:767][  0]LogConfig: Setting CVar [[vr.InstancedStereo:1]]
[2023.01.16-20.56.07:767][  0]LogConfig: Setting CVar [[r.MobileHDR:0]]
[2023.01.16-20.56.07:767][  0]LogConfig: Setting CVar [[vr.MobileMultiView:1]]
[2023.01.16-20.56.07:767][  0]LogConfig: Setting CVar [[r.Mobile.UseHWsRGBEncoding:1]]
[2023.01.16-20.56.07:767][  0]LogConfig: Setting CVar [[vr.RoundRobinOcclusion:1]]
[2023.01.16-20.56.07:767][  0]LogConfig: Setting CVar [[vr.ODSCapture:0]]
[2023.01.16-20.56.07:767][  0]LogConfig: Setting CVar [[r.MeshStreaming:0]]
[2023.01.16-20.56.07:767][  0]LogConfig: Setting CVar [[r.WireframeCullThreshold:5.000000]]
[2023.01.16-20.56.07:767][  0]LogConfig: Setting CVar [[r.RayTracing:0]]
[2023.01.16-20.56.07:767][  0]LogConfig: Setting CVar [[r.RayTracing.UseTextureLod:0]]
[2023.01.16-20.56.07:767][  0]LogConfig: Setting CVar [[r.SupportStationarySkylight:0]]
[2023.01.16-20.56.07:767][  0]LogConfig: Setting CVar [[r.SupportLowQualityLightmaps:1]]
[2023.01.16-20.56.07:767][  0]LogConfig: Setting CVar [[r.SupportPointLightWholeSceneShadows:1]]
[2023.01.16-20.56.07:767][  0]LogConfig: Setting CVar [[r.SupportAtmosphericFog:0]]
[2023.01.16-20.56.07:767][  0]LogConfig: Setting CVar [[r.SupportSkyAtmosphere:0]]
[2023.01.16-20.56.07:767][  0]LogConfig: Setting CVar [[r.SupportSkyAtmosphereAffectsHeightFog:0]]
[2023.01.16-20.56.07:767][  0]LogConfig: Setting CVar [[r.SkinCache.CompileShaders:0]]
[2023.01.16-20.56.07:767][  0]LogConfig: Setting CVar [[r.SkinCache.DefaultBehavior:1]]
[2023.01.16-20.56.07:767][  0]LogConfig: Setting CVar [[r.SkinCache.SceneMemoryLimitInMB:128.000000]]
[2023.01.16-20.56.07:767][  0]LogConfig: Setting CVar [[r.Mobile.EnableStaticAndCSMShadowReceivers:1]]
[2023.01.16-20.56.07:767][  0]LogConfig: Setting CVar [[r.Mobile.EnableMovableLightCSMShaderCulling:1]]
[2023.01.16-20.56.07:767][  0]LogConfig: Setting CVar [[r.Mobile.AllowDistanceFieldShadows:1]]
[2023.01.16-20.56.07:767][  0]LogConfig: Setting CVar [[r.Mobile.AllowMovableDirectionalLights:1]]
[2023.01.16-20.56.07:767][  0]LogConfig: Setting CVar [[r.MobileNumDynamicPointLights:4]]
[2023.01.16-20.56.07:767][  0]LogConfig: Setting CVar [[r.MobileDynamicPointLightsUseStaticBranch:1]]
[2023.01.16-20.56.07:767][  0]LogConfig: Setting CVar [[r.Mobile.EnableMovableSpotlights:0]]
[2023.01.16-20.56.07:768][  0]LogConfig: Setting CVar [[r.Mobile.EnableMovableSpotlightsShadow:0]]
[2023.01.16-20.56.07:768][  0]LogConfig: Setting CVar [[r.GPUSkin.Support16BitBoneIndex:0]]
[2023.01.16-20.56.07:768][  0]LogConfig: Setting CVar [[r.GPUSkin.Limit2BoneInfluences:0]]
[2023.01.16-20.56.07:768][  0]LogConfig: Setting CVar [[r.SupportDepthOnlyIndexBuffers:1]]
[2023.01.16-20.56.07:768][  0]LogConfig: Setting CVar [[r.SupportReversedIndexBuffers:1]]
[2023.01.16-20.56.07:768][  0]LogConfig: Setting CVar [[r.LightPropagationVolume:0]]
[2023.01.16-20.56.07:768][  0]LogConfig: Setting CVar [[r.Mobile.AmbientOcclusion:0]]
[2023.01.16-20.56.07:768][  0]LogConfig: Setting CVar [[r.GPUSkin.UnlimitedBoneInfluences:0]]
[2023.01.16-20.56.07:768][  0]LogConfig: Setting CVar [[r.GPUSkin.UnlimitedBoneInfluencesThreshold:8]]
[2023.01.16-20.56.07:768][  0]LogConfig: Setting CVar [[r.Mobile.PlanarReflectionMode:0]]
[2023.01.16-20.56.07:768][  0]LogConfig: Setting CVar [[r.Mobile.SupportsGen4TAA:0]]
[2023.01.16-20.56.07:768][  0]LogConfig: Applying CVar settings from Section [/Script/Engine.RendererOverrideSettings] File [C:/Users/SLATE 15/Documents/GitHub/Hannah-Ashna.github.io/FYP-Prototype/PrototypeV6/Saved/Config/Windows/Engine.ini]
[2023.01.16-20.56.07:768][  0]LogConfig: Applying CVar settings from Section [/Script/Engine.StreamingSettings] File [C:/Users/SLATE 15/Documents/GitHub/Hannah-Ashna.github.io/FYP-Prototype/PrototypeV6/Saved/Config/Windows/Engine.ini]
[2023.01.16-20.56.07:768][  0]LogConfig: Setting CVar [[s.MinBulkDataSizeForAsyncLoading:131072]]
[2023.01.16-20.56.07:768][  0]LogConfig: Setting CVar [[s.AsyncLoadingThreadEnabled:0]]
[2023.01.16-20.56.07:768][  0]LogConfig: Setting CVar [[s.EventDrivenLoaderEnabled:1]]
[2023.01.16-20.56.07:768][  0]LogConfig: Setting CVar [[s.WarnIfTimeLimitExceeded:0]]
[2023.01.16-20.56.07:768][  0]LogConfig: Setting CVar [[s.TimeLimitExceededMultiplier:1.5]]
[2023.01.16-20.56.07:768][  0]LogConfig: Setting CVar [[s.TimeLimitExceededMinTime:0.005]]
[2023.01.16-20.56.07:768][  0]LogConfig: Setting CVar [[s.UseBackgroundLevelStreaming:1]]
[2023.01.16-20.56.07:768][  0]LogConfig: Setting CVar [[s.PriorityAsyncLoadingExtraTime:15.0]]
[2023.01.16-20.56.07:768][  0]LogConfig: Setting CVar [[s.LevelStreamingActorsUpdateTimeLimit:5.0]]
[2023.01.16-20.56.07:768][  0]LogConfig: Setting CVar [[s.PriorityLevelStreamingActorsUpdateExtraTime:5.0]]
[2023.01.16-20.56.07:768][  0]LogConfig: Setting CVar [[s.LevelStreamingComponentsRegistrationGranularity:10]]
[2023.01.16-20.56.07:768][  0]LogConfig: Setting CVar [[s.UnregisterComponentsTimeLimit:1.0]]
[2023.01.16-20.56.07:768][  0]LogConfig: Setting CVar [[s.LevelStreamingComponentsUnregistrationGranularity:5]]
[2023.01.16-20.56.07:768][  0]LogConfig: Setting CVar [[s.FlushStreamingOnExit:1]]
[2023.01.16-20.56.07:768][  0]LogConfig: Applying CVar settings from Section [/Script/Engine.GarbageCollectionSettings] File [C:/Users/SLATE 15/Documents/GitHub/Hannah-Ashna.github.io/FYP-Prototype/PrototypeV6/Saved/Config/Windows/Engine.ini]
[2023.01.16-20.56.07:768][  0]LogConfig: Setting CVar [[gc.MaxObjectsNotConsideredByGC:1]]
[2023.01.16-20.56.07:768][  0]LogConfig: Setting CVar [[gc.SizeOfPermanentObjectPool:0]]
[2023.01.16-20.56.07:768][  0]LogConfig: Setting CVar [[gc.FlushStreamingOnGC:0]]
[2023.01.16-20.56.07:768][  0]LogConfig: Setting CVar [[gc.NumRetriesBeforeForcingGC:10]]
[2023.01.16-20.56.07:768][  0]LogConfig: Setting CVar [[gc.AllowParallelGC:1]]
[2023.01.16-20.56.07:768][  0]LogConfig: Setting CVar [[gc.TimeBetweenPurgingPendingKillObjects:61.1]]
[2023.01.16-20.56.07:768][  0]LogConfig: Setting CVar [[gc.MaxObjectsInEditor:25165824]]
[2023.01.16-20.56.07:768][  0]LogConfig: Setting CVar [[gc.IncrementalBeginDestroyEnabled:1]]
[2023.01.16-20.56.07:768][  0]LogConfig: Setting CVar [[gc.CreateGCClusters:1]]
[2023.01.16-20.56.07:768][  0]LogConfig: Setting CVar [[gc.MinGCClusterSize:5]]
[2023.01.16-20.56.07:768][  0]LogConfig: Setting CVar [[gc.ActorClusteringEnabled:0]]
[2023.01.16-20.56.07:768][  0]LogConfig: Setting CVar [[gc.BlueprintClusteringEnabled:0]]
[2023.01.16-20.56.07:768][  0]LogConfig: Setting CVar [[gc.UseDisregardForGCOnDedicatedServers:0]]
[2023.01.16-20.56.07:768][  0]LogConfig: Setting CVar [[gc.MultithreadedDestructionEnabled:1]]
[2023.01.16-20.56.07:768][  0]LogConfig: Applying CVar settings from Section [/Script/Engine.NetworkSettings] File [C:/Users/SLATE 15/Documents/GitHub/Hannah-Ashna.github.io/FYP-Prototype/PrototypeV6/Saved/Config/Windows/Engine.ini]
[2023.01.16-20.56.07:768][  0]LogConfig: Applying CVar settings from Section [/Script/UnrealEd.CookerSettings] File [C:/Users/SLATE 15/Documents/GitHub/Hannah-Ashna.github.io/FYP-Prototype/PrototypeV6/Saved/Config/Windows/Engine.ini]
[2023.01.16-20.56.07:787][  0]LogConfig: Applying CVar settings from Section [ViewDistanceQuality@3] File [C:/Users/SLATE 15/Documents/GitHub/Hannah-Ashna.github.io/FYP-Prototype/PrototypeV6/Saved/Config/Windows/Scalability.ini]
[2023.01.16-20.56.07:787][  0]LogConfig: Setting CVar [[r.SkeletalMeshLODBias:0]]
[2023.01.16-20.56.07:787][  0]LogConfig: Setting CVar [[r.ViewDistanceScale:1.0]]
[2023.01.16-20.56.07:787][  0]LogConfig: Applying CVar settings from Section [AntiAliasingQuality@3] File [C:/Users/SLATE 15/Documents/GitHub/Hannah-Ashna.github.io/FYP-Prototype/PrototypeV6/Saved/Config/Windows/Scalability.ini]
[2023.01.16-20.56.07:787][  0]LogConfig: Setting CVar [[r.PostProcessAAQuality:4]]
[2023.01.16-20.56.07:787][  0]LogConfig: Applying CVar settings from Section [ShadowQuality@3] File [C:/Users/SLATE 15/Documents/GitHub/Hannah-Ashna.github.io/FYP-Prototype/PrototypeV6/Saved/Config/Windows/Scalability.ini]
[2023.01.16-20.56.07:787][  0]LogConfig: Setting CVar [[r.LightFunctionQuality:1]]
[2023.01.16-20.56.07:787][  0]LogConfig: Setting CVar [[r.ShadowQuality:5]]
[2023.01.16-20.56.07:787][  0]LogConfig: Setting CVar [[r.Shadow.CSM.MaxCascades:10]]
[2023.01.16-20.56.07:787][  0]LogConfig: Setting CVar [[r.Shadow.MaxResolution:2048]]
[2023.01.16-20.56.07:787][  0]LogConfig: Setting CVar [[r.Shadow.MaxCSMResolution:2048]]
[2023.01.16-20.56.07:787][  0]LogConfig: Setting CVar [[r.Shadow.RadiusThreshold:0.01]]
[2023.01.16-20.56.07:787][  0]LogConfig: Setting CVar [[r.Shadow.DistanceScale:1.0]]
[2023.01.16-20.56.07:787][  0]LogConfig: Setting CVar [[r.Shadow.CSM.TransitionScale:1.0]]
[2023.01.16-20.56.07:787][  0]LogConfig: Setting CVar [[r.Shadow.PreShadowResolutionFactor:1.0]]
[2023.01.16-20.56.07:787][  0]LogConfig: Setting CVar [[r.DistanceFieldShadowing:1]]
[2023.01.16-20.56.07:787][  0]LogConfig: Setting CVar [[r.DistanceFieldAO:1]]
[2023.01.16-20.56.07:787][  0]LogConfig: Setting CVar [[r.AOQuality:2]]
[2023.01.16-20.56.07:787][  0]LogConfig: Setting CVar [[r.VolumetricFog:1]]
[2023.01.16-20.56.07:787][  0]LogConfig: Setting CVar [[r.VolumetricFog.GridPixelSize:8]]
[2023.01.16-20.56.07:787][  0]LogConfig: Setting CVar [[r.VolumetricFog.GridSizeZ:128]]
[2023.01.16-20.56.07:787][  0]LogConfig: Setting CVar [[r.VolumetricFog.HistoryMissSupersampleCount:4]]
[2023.01.16-20.56.07:787][  0]LogConfig: Setting CVar [[r.LightMaxDrawDistanceScale:1]]
[2023.01.16-20.56.07:787][  0]LogConfig: Setting CVar [[r.CapsuleShadows:1]]
[2023.01.16-20.56.07:787][  0]LogConfig: Applying CVar settings from Section [PostProcessQuality@3] File [C:/Users/SLATE 15/Documents/GitHub/Hannah-Ashna.github.io/FYP-Prototype/PrototypeV6/Saved/Config/Windows/Scalability.ini]
[2023.01.16-20.56.07:787][  0]LogConfig: Setting CVar [[r.MotionBlurQuality:4]]
[2023.01.16-20.56.07:787][  0]LogConfig: Setting CVar [[r.AmbientOcclusionMipLevelFactor:0.4]]
[2023.01.16-20.56.07:787][  0]LogConfig: Setting CVar [[r.AmbientOcclusionMaxQuality:100]]
[2023.01.16-20.56.07:787][  0]LogConfig: Setting CVar [[r.AmbientOcclusionLevels:-1]]
[2023.01.16-20.56.07:787][  0]LogConfig: Setting CVar [[r.AmbientOcclusionRadiusScale:1.0]]
[2023.01.16-20.56.07:787][  0]LogConfig: Setting CVar [[r.DepthOfFieldQuality:2]]
[2023.01.16-20.56.07:787][  0]LogConfig: Setting CVar [[r.RenderTargetPoolMin:400]]
[2023.01.16-20.56.07:787][  0]LogConfig: Setting CVar [[r.LensFlareQuality:2]]
[2023.01.16-20.56.07:787][  0]LogConfig: Setting CVar [[r.SceneColorFringeQuality:1]]
[2023.01.16-20.56.07:787][  0]LogConfig: Setting CVar [[r.EyeAdaptationQuality:2]]
[2023.01.16-20.56.07:787][  0]LogConfig: Setting CVar [[r.BloomQuality:5]]
[2023.01.16-20.56.07:787][  0]LogConfig: Setting CVar [[r.FastBlurThreshold:100]]
[2023.01.16-20.56.07:787][  0]LogConfig: Setting CVar [[r.Upscale.Quality:3]]
[2023.01.16-20.56.07:787][  0]LogConfig: Setting CVar [[r.Tonemapper.GrainQuantization:1]]
[2023.01.16-20.56.07:787][  0]LogConfig: Setting CVar [[r.LightShaftQuality:1]]
[2023.01.16-20.56.07:787][  0]LogConfig: Setting CVar [[r.Filter.SizeScale:1]]
[2023.01.16-20.56.07:787][  0]LogConfig: Setting CVar [[r.Tonemapper.Quality:5]]
[2023.01.16-20.56.07:787][  0]LogConfig: Setting CVar [[r.DOF.Gather.AccumulatorQuality:1        ; higher gathering accumulator quality]]
[2023.01.16-20.56.07:787][  0]LogConfig: Setting CVar [[r.DOF.Gather.PostfilterMethod:1          ; Median3x3 postfilering method]]
[2023.01.16-20.56.07:787][  0]LogConfig: Setting CVar [[r.DOF.Gather.EnableBokehSettings:0       ; no bokeh simulation when gathering]]
[2023.01.16-20.56.07:787][  0]LogConfig: Setting CVar [[r.DOF.Gather.RingCount:4                 ; medium number of samples when gathering]]
[2023.01.16-20.56.07:787][  0]LogConfig: Setting CVar [[r.DOF.Scatter.ForegroundCompositing:1    ; additive foreground scattering]]
[2023.01.16-20.56.07:787][  0]LogConfig: Setting CVar [[r.DOF.Scatter.BackgroundCompositing:2    ; additive background scattering]]
[2023.01.16-20.56.07:787][  0]LogConfig: Setting CVar [[r.DOF.Scatter.EnableBokehSettings:1      ; bokeh simulation when scattering]]
[2023.01.16-20.56.07:787][  0]LogConfig: Setting CVar [[r.DOF.Scatter.MaxSpriteRatio:0.1         ; only a maximum of 10% of scattered bokeh]]
[2023.01.16-20.56.07:787][  0]LogConfig: Setting CVar [[r.DOF.Recombine.Quality:1                ; cheap slight out of focus]]
[2023.01.16-20.56.07:787][  0]LogConfig: Setting CVar [[r.DOF.Recombine.EnableBokehSettings:0    ; no bokeh simulation on slight out of focus]]
[2023.01.16-20.56.07:787][  0]LogConfig: Setting CVar [[r.DOF.TemporalAAQuality:1                ; more stable temporal accumulation]]
[2023.01.16-20.56.07:787][  0]LogConfig: Setting CVar [[r.DOF.Kernel.MaxForegroundRadius:0.025]]
[2023.01.16-20.56.07:787][  0]LogConfig: Setting CVar [[r.DOF.Kernel.MaxBackgroundRadius:0.025]]
[2023.01.16-20.56.07:787][  0]LogConfig: Applying CVar settings from Section [TextureQuality@3] File [C:/Users/SLATE 15/Documents/GitHub/Hannah-Ashna.github.io/FYP-Prototype/PrototypeV6/Saved/Config/Windows/Scalability.ini]
[2023.01.16-20.56.07:787][  0]LogConfig: Setting CVar [[r.Streaming.MipBias:0]]
[2023.01.16-20.56.07:787][  0]LogConfig: Setting CVar [[r.Streaming.AmortizeCPUToGPUCopy:0]]
[2023.01.16-20.56.07:787][  0]LogConfig: Setting CVar [[r.Streaming.MaxNumTexturesToStreamPerFrame:0]]
[2023.01.16-20.56.07:787][  0]LogConfig: Setting CVar [[r.Streaming.Boost:1]]
[2023.01.16-20.56.07:787][  0]LogConfig: Setting CVar [[r.MaxAnisotropy:8]]
[2023.01.16-20.56.07:787][  0]LogConfig: Setting CVar [[r.VT.MaxAnisotropy:8]]
[2023.01.16-20.56.07:787][  0]LogConfig: Setting CVar [[r.Streaming.LimitPoolSizeToVRAM:0]]
[2023.01.16-20.56.07:787][  0]LogConfig: Setting CVar [[r.Streaming.PoolSize:1000]]
[2023.01.16-20.56.07:787][  0]LogConfig: Setting CVar [[r.Streaming.MaxEffectiveScreenSize:0]]
[2023.01.16-20.56.07:787][  0]LogConfig: Applying CVar settings from Section [EffectsQuality@3] File [C:/Users/SLATE 15/Documents/GitHub/Hannah-Ashna.github.io/FYP-Prototype/PrototypeV6/Saved/Config/Windows/Scalability.ini]
[2023.01.16-20.56.07:787][  0]LogConfig: Setting CVar [[r.TranslucencyLightingVolumeDim:64]]
[2023.01.16-20.56.07:787][  0]LogConfig: Setting CVar [[r.RefractionQuality:2]]
[2023.01.16-20.56.07:787][  0]LogConfig: Setting CVar [[r.SSR.Quality:3]]
[2023.01.16-20.56.07:787][  0]LogConfig: Setting CVar [[r.SSR.HalfResSceneColor:0]]
[2023.01.16-20.56.07:787][  0]LogConfig: Setting CVar [[r.SceneColorFormat:4]]
[2023.01.16-20.56.07:787][  0]LogConfig: Setting CVar [[r.DetailMode:2]]
[2023.01.16-20.56.07:787][  0]LogConfig: Setting CVar [[r.TranslucencyVolumeBlur:1]]
[2023.01.16-20.56.07:787][  0]LogConfig: Setting CVar [[r.MaterialQualityLevel:1 ; High quality]]
[2023.01.16-20.56.07:787][  0]LogConfig: Setting CVar [[r.AnisotropicMaterials:1]]
[2023.01.16-20.56.07:788][  0]LogConfig: Setting CVar [[r.SSS.Scale:1]]
[2023.01.16-20.56.07:788][  0]LogConfig: Setting CVar [[r.SSS.SampleSet:2]]
[2023.01.16-20.56.07:788][  0]LogConfig: Setting CVar [[r.SSS.Quality:1]]
[2023.01.16-20.56.07:788][  0]LogConfig: Setting CVar [[r.SSS.HalfRes:0]]
[2023.01.16-20.56.07:788][  0]LogConfig: Setting CVar [[r.SSGI.Quality:3]]
[2023.01.16-20.56.07:788][  0]LogConfig: Setting CVar [[r.EmitterSpawnRateScale:1.0]]
[2023.01.16-20.56.07:788][  0]LogConfig: Setting CVar [[r.ParticleLightQuality:2]]
[2023.01.16-20.56.07:788][  0]LogConfig: Setting CVar [[r.SkyAtmosphere.AerialPerspectiveLUT.FastApplyOnOpaque:1 ; Always have FastSkyLUT 1 in this case to avoid wrong sky]]
[2023.01.16-20.56.07:788][  0]LogConfig: Setting CVar [[r.SkyAtmosphere.AerialPerspectiveLUT.SampleCountMaxPerSlice:4]]
[2023.01.16-20.56.07:788][  0]LogConfig: Setting CVar [[r.SkyAtmosphere.AerialPerspectiveLUT.DepthResolution:16.0]]
[2023.01.16-20.56.07:788][  0]LogConfig: Setting CVar [[r.SkyAtmosphere.FastSkyLUT:1]]
[2023.01.16-20.56.07:788][  0]LogConfig: Setting CVar [[r.SkyAtmosphere.FastSkyLUT.SampleCountMin:4.0]]
[2023.01.16-20.56.07:788][  0]LogConfig: Setting CVar [[r.SkyAtmosphere.FastSkyLUT.SampleCountMax:128.0]]
[2023.01.16-20.56.07:788][  0]LogConfig: Setting CVar [[r.SkyAtmosphere.SampleCountMin:4.0]]
[2023.01.16-20.56.07:788][  0]LogConfig: Setting CVar [[r.SkyAtmosphere.SampleCountMax:128.0]]
[2023.01.16-20.56.07:788][  0]LogConfig: Setting CVar [[r.SkyAtmosphere.TransmittanceLUT.UseSmallFormat:0]]
[2023.01.16-20.56.07:788][  0]LogConfig: Setting CVar [[r.SkyAtmosphere.TransmittanceLUT.SampleCount:10.0]]
[2023.01.16-20.56.07:788][  0]LogConfig: Setting CVar [[r.SkyAtmosphere.MultiScatteringLUT.SampleCount:15.0]]
[2023.01.16-20.56.07:788][  0]LogConfig: Setting CVar [[r.SkyLight.RealTimeReflectionCapture:1]]
[2023.01.16-20.56.07:788][  0]LogConfig: Applying CVar settings from Section [FoliageQuality@3] File [C:/Users/SLATE 15/Documents/GitHub/Hannah-Ashna.github.io/FYP-Prototype/PrototypeV6/Saved/Config/Windows/Scalability.ini]
[2023.01.16-20.56.07:788][  0]LogConfig: Setting CVar [[foliage.DensityScale:1.0]]
[2023.01.16-20.56.07:788][  0]LogConfig: Setting CVar [[grass.DensityScale:1.0]]
[2023.01.16-20.56.07:788][  0]LogConfig: Applying CVar settings from Section [ShadingQuality@3] File [C:/Users/SLATE 15/Documents/GitHub/Hannah-Ashna.github.io/FYP-Prototype/PrototypeV6/Saved/Config/Windows/Scalability.ini]
[2023.01.16-20.56.07:788][  0]LogConfig: Setting CVar [[r.HairStrands.SkyLighting.IntegrationType:2]]
[2023.01.16-20.56.07:788][  0]LogConfig: Setting CVar [[r.HairStrands.SkyAO.SampleCount:4]]
[2023.01.16-20.56.07:788][  0]LogConfig: Setting CVar [[r.HairStrands.Visibility.MSAA.SamplePerPixel:4]]
[2023.01.16-20.56.07:788][  0]LogInit: Selected Device Profile: [Windows]
[2023.01.16-20.56.07:788][  0]LogInit: Applying CVar settings loaded from the selected device profile: [Windows]
[2023.01.16-20.56.07:788][  0]LogHAL: Display: Platform has ~ 16 GB [16973881344 / 17179869184 / 16], which maps to Larger [LargestMinGB=32, LargerMinGB=12, DefaultMinGB=8, SmallerMinGB=6, SmallestMinGB=0)
[2023.01.16-20.56.07:788][  0]LogInit: Going up to parent DeviceProfile []
[2023.01.16-20.56.07:788][  0]LogConfig: Applying CVar settings from Section [ViewDistanceQuality@3] File [C:/Users/SLATE 15/Documents/GitHub/Hannah-Ashna.github.io/FYP-Prototype/PrototypeV6/Saved/Config/Windows/Scalability.ini]
[2023.01.16-20.56.07:788][  0]LogConfig: Setting CVar [[r.SkeletalMeshLODBias:0]]
[2023.01.16-20.56.07:788][  0]LogConfig: Setting CVar [[r.ViewDistanceScale:1.0]]
[2023.01.16-20.56.07:788][  0]LogConfig: Applying CVar settings from Section [AntiAliasingQuality@3] File [C:/Users/SLATE 15/Documents/GitHub/Hannah-Ashna.github.io/FYP-Prototype/PrototypeV6/Saved/Config/Windows/Scalability.ini]
[2023.01.16-20.56.07:788][  0]LogConfig: Setting CVar [[r.PostProcessAAQuality:4]]
[2023.01.16-20.56.07:788][  0]LogConfig: Applying CVar settings from Section [ShadowQuality@3] File [C:/Users/SLATE 15/Documents/GitHub/Hannah-Ashna.github.io/FYP-Prototype/PrototypeV6/Saved/Config/Windows/Scalability.ini]
[2023.01.16-20.56.07:788][  0]LogConfig: Setting CVar [[r.LightFunctionQuality:1]]
[2023.01.16-20.56.07:788][  0]LogConfig: Setting CVar [[r.ShadowQuality:5]]
[2023.01.16-20.56.07:788][  0]LogConfig: Setting CVar [[r.Shadow.CSM.MaxCascades:10]]
[2023.01.16-20.56.07:788][  0]LogConfig: Setting CVar [[r.Shadow.MaxResolution:2048]]
[2023.01.16-20.56.07:788][  0]LogConfig: Setting CVar [[r.Shadow.MaxCSMResolution:2048]]
[2023.01.16-20.56.07:788][  0]LogConfig: Setting CVar [[r.Shadow.RadiusThreshold:0.01]]
[2023.01.16-20.56.07:788][  0]LogConfig: Setting CVar [[r.Shadow.DistanceScale:1.0]]
[2023.01.16-20.56.07:788][  0]LogConfig: Setting CVar [[r.Shadow.CSM.TransitionScale:1.0]]
[2023.01.16-20.56.07:788][  0]LogConfig: Setting CVar [[r.Shadow.PreShadowResolutionFactor:1.0]]
[2023.01.16-20.56.07:788][  0]LogConfig: Setting CVar [[r.DistanceFieldShadowing:1]]
[2023.01.16-20.56.07:788][  0]LogConfig: Setting CVar [[r.DistanceFieldAO:1]]
[2023.01.16-20.56.07:788][  0]LogConfig: Setting CVar [[r.AOQuality:2]]
[2023.01.16-20.56.07:788][  0]LogConfig: Setting CVar [[r.VolumetricFog:1]]
[2023.01.16-20.56.07:788][  0]LogConfig: Setting CVar [[r.VolumetricFog.GridPixelSize:8]]
[2023.01.16-20.56.07:788][  0]LogConfig: Setting CVar [[r.VolumetricFog.GridSizeZ:128]]
[2023.01.16-20.56.07:788][  0]LogConfig: Setting CVar [[r.VolumetricFog.HistoryMissSupersampleCount:4]]
[2023.01.16-20.56.07:788][  0]LogConfig: Setting CVar [[r.LightMaxDrawDistanceScale:1]]
[2023.01.16-20.56.07:788][  0]LogConfig: Setting CVar [[r.CapsuleShadows:1]]
[2023.01.16-20.56.07:788][  0]LogConfig: Applying CVar settings from Section [PostProcessQuality@3] File [C:/Users/SLATE 15/Documents/GitHub/Hannah-Ashna.github.io/FYP-Prototype/PrototypeV6/Saved/Config/Windows/Scalability.ini]
[2023.01.16-20.56.07:788][  0]LogConfig: Setting CVar [[r.MotionBlurQuality:4]]
[2023.01.16-20.56.07:788][  0]LogConfig: Setting CVar [[r.AmbientOcclusionMipLevelFactor:0.4]]
[2023.01.16-20.56.07:788][  0]LogConfig: Setting CVar [[r.AmbientOcclusionMaxQuality:100]]
[2023.01.16-20.56.07:788][  0]LogConfig: Setting CVar [[r.AmbientOcclusionLevels:-1]]
[2023.01.16-20.56.07:788][  0]LogConfig: Setting CVar [[r.AmbientOcclusionRadiusScale:1.0]]
[2023.01.16-20.56.07:788][  0]LogConfig: Setting CVar [[r.DepthOfFieldQuality:2]]
[2023.01.16-20.56.07:788][  0]LogConfig: Setting CVar [[r.RenderTargetPoolMin:400]]
[2023.01.16-20.56.07:788][  0]LogConfig: Setting CVar [[r.LensFlareQuality:2]]
[2023.01.16-20.56.07:788][  0]LogConfig: Setting CVar [[r.SceneColorFringeQuality:1]]
[2023.01.16-20.56.07:788][  0]LogConfig: Setting CVar [[r.EyeAdaptationQuality:2]]
[2023.01.16-20.56.07:788][  0]LogConfig: Setting CVar [[r.BloomQuality:5]]
[2023.01.16-20.56.07:788][  0]LogConfig: Setting CVar [[r.FastBlurThreshold:100]]
[2023.01.16-20.56.07:788][  0]LogConfig: Setting CVar [[r.Upscale.Quality:3]]
[2023.01.16-20.56.07:788][  0]LogConfig: Setting CVar [[r.Tonemapper.GrainQuantization:1]]
[2023.01.16-20.56.07:788][  0]LogConfig: Setting CVar [[r.LightShaftQuality:1]]
[2023.01.16-20.56.07:788][  0]LogConfig: Setting CVar [[r.Filter.SizeScale:1]]
[2023.01.16-20.56.07:788][  0]LogConfig: Setting CVar [[r.Tonemapper.Quality:5]]
[2023.01.16-20.56.07:788][  0]LogConfig: Setting CVar [[r.DOF.Gather.AccumulatorQuality:1        ; higher gathering accumulator quality]]
[2023.01.16-20.56.07:788][  0]LogConfig: Setting CVar [[r.DOF.Gather.PostfilterMethod:1          ; Median3x3 postfilering method]]
[2023.01.16-20.56.07:788][  0]LogConfig: Setting CVar [[r.DOF.Gather.EnableBokehSettings:0       ; no bokeh simulation when gathering]]
[2023.01.16-20.56.07:788][  0]LogConfig: Setting CVar [[r.DOF.Gather.RingCount:4                 ; medium number of samples when gathering]]
[2023.01.16-20.56.07:789][  0]LogConfig: Setting CVar [[r.DOF.Scatter.ForegroundCompositing:1    ; additive foreground scattering]]
[2023.01.16-20.56.07:789][  0]LogConfig: Setting CVar [[r.DOF.Scatter.BackgroundCompositing:2    ; additive background scattering]]
[2023.01.16-20.56.07:789][  0]LogConfig: Setting CVar [[r.DOF.Scatter.EnableBokehSettings:1      ; bokeh simulation when scattering]]
[2023.01.16-20.56.07:789][  0]LogConfig: Setting CVar [[r.DOF.Scatter.MaxSpriteRatio:0.1         ; only a maximum of 10% of scattered bokeh]]
[2023.01.16-20.56.07:789][  0]LogConfig: Setting CVar [[r.DOF.Recombine.Quality:1                ; cheap slight out of focus]]
[2023.01.16-20.56.07:789][  0]LogConfig: Setting CVar [[r.DOF.Recombine.EnableBokehSettings:0    ; no bokeh simulation on slight out of focus]]
[2023.01.16-20.56.07:789][  0]LogConfig: Setting CVar [[r.DOF.TemporalAAQuality:1                ; more stable temporal accumulation]]
[2023.01.16-20.56.07:789][  0]LogConfig: Setting CVar [[r.DOF.Kernel.MaxForegroundRadius:0.025]]
[2023.01.16-20.56.07:789][  0]LogConfig: Setting CVar [[r.DOF.Kernel.MaxBackgroundRadius:0.025]]
[2023.01.16-20.56.07:789][  0]LogConfig: Applying CVar settings from Section [TextureQuality@3] File [C:/Users/SLATE 15/Documents/GitHub/Hannah-Ashna.github.io/FYP-Prototype/PrototypeV6/Saved/Config/Windows/Scalability.ini]
[2023.01.16-20.56.07:789][  0]LogConfig: Setting CVar [[r.Streaming.MipBias:0]]
[2023.01.16-20.56.07:789][  0]LogConfig: Setting CVar [[r.Streaming.AmortizeCPUToGPUCopy:0]]
[2023.01.16-20.56.07:789][  0]LogConfig: Setting CVar [[r.Streaming.MaxNumTexturesToStreamPerFrame:0]]
[2023.01.16-20.56.07:789][  0]LogConfig: Setting CVar [[r.Streaming.Boost:1]]
[2023.01.16-20.56.07:789][  0]LogConfig: Setting CVar [[r.MaxAnisotropy:8]]
[2023.01.16-20.56.07:789][  0]LogConfig: Setting CVar [[r.VT.MaxAnisotropy:8]]
[2023.01.16-20.56.07:789][  0]LogConfig: Setting CVar [[r.Streaming.LimitPoolSizeToVRAM:0]]
[2023.01.16-20.56.07:789][  0]LogConfig: Setting CVar [[r.Streaming.PoolSize:1000]]
[2023.01.16-20.56.07:789][  0]LogConfig: Setting CVar [[r.Streaming.MaxEffectiveScreenSize:0]]
[2023.01.16-20.56.07:789][  0]LogConfig: Applying CVar settings from Section [EffectsQuality@3] File [C:/Users/SLATE 15/Documents/GitHub/Hannah-Ashna.github.io/FYP-Prototype/PrototypeV6/Saved/Config/Windows/Scalability.ini]
[2023.01.16-20.56.07:789][  0]LogConfig: Setting CVar [[r.TranslucencyLightingVolumeDim:64]]
[2023.01.16-20.56.07:789][  0]LogConfig: Setting CVar [[r.RefractionQuality:2]]
[2023.01.16-20.56.07:789][  0]LogConfig: Setting CVar [[r.SSR.Quality:3]]
[2023.01.16-20.56.07:789][  0]LogConfig: Setting CVar [[r.SSR.HalfResSceneColor:0]]
[2023.01.16-20.56.07:789][  0]LogConfig: Setting CVar [[r.SceneColorFormat:4]]
[2023.01.16-20.56.07:789][  0]LogConfig: Setting CVar [[r.DetailMode:2]]
[2023.01.16-20.56.07:789][  0]LogConfig: Setting CVar [[r.TranslucencyVolumeBlur:1]]
[2023.01.16-20.56.07:789][  0]LogConfig: Setting CVar [[r.MaterialQualityLevel:1 ; High quality]]
[2023.01.16-20.56.07:789][  0]LogConfig: Setting CVar [[r.AnisotropicMaterials:1]]
[2023.01.16-20.56.07:789][  0]LogConfig: Setting CVar [[r.SSS.Scale:1]]
[2023.01.16-20.56.07:789][  0]LogConfig: Setting CVar [[r.SSS.SampleSet:2]]
[2023.01.16-20.56.07:789][  0]LogConfig: Setting CVar [[r.SSS.Quality:1]]
[2023.01.16-20.56.07:789][  0]LogConfig: Setting CVar [[r.SSS.HalfRes:0]]
[2023.01.16-20.56.07:789][  0]LogConfig: Setting CVar [[r.SSGI.Quality:3]]
[2023.01.16-20.56.07:789][  0]LogConfig: Setting CVar [[r.EmitterSpawnRateScale:1.0]]
[2023.01.16-20.56.07:789][  0]LogConfig: Setting CVar [[r.ParticleLightQuality:2]]
[2023.01.16-20.56.07:789][  0]LogConfig: Setting CVar [[r.SkyAtmosphere.AerialPerspectiveLUT.FastApplyOnOpaque:1 ; Always have FastSkyLUT 1 in this case to avoid wrong sky]]
[2023.01.16-20.56.07:789][  0]LogConfig: Setting CVar [[r.SkyAtmosphere.AerialPerspectiveLUT.SampleCountMaxPerSlice:4]]
[2023.01.16-20.56.07:789][  0]LogConfig: Setting CVar [[r.SkyAtmosphere.AerialPerspectiveLUT.DepthResolution:16.0]]
[2023.01.16-20.56.07:789][  0]LogConfig: Setting CVar [[r.SkyAtmosphere.FastSkyLUT:1]]
[2023.01.16-20.56.07:789][  0]LogConfig: Setting CVar [[r.SkyAtmosphere.FastSkyLUT.SampleCountMin:4.0]]
[2023.01.16-20.56.07:789][  0]LogConfig: Setting CVar [[r.SkyAtmosphere.FastSkyLUT.SampleCountMax:128.0]]
[2023.01.16-20.56.07:789][  0]LogConfig: Setting CVar [[r.SkyAtmosphere.SampleCountMin:4.0]]
[2023.01.16-20.56.07:789][  0]LogConfig: Setting CVar [[r.SkyAtmosphere.SampleCountMax:128.0]]
[2023.01.16-20.56.07:789][  0]LogConfig: Setting CVar [[r.SkyAtmosphere.TransmittanceLUT.UseSmallFormat:0]]
[2023.01.16-20.56.07:789][  0]LogConfig: Setting CVar [[r.SkyAtmosphere.TransmittanceLUT.SampleCount:10.0]]
[2023.01.16-20.56.07:789][  0]LogConfig: Setting CVar [[r.SkyAtmosphere.MultiScatteringLUT.SampleCount:15.0]]
[2023.01.16-20.56.07:789][  0]LogConfig: Setting CVar [[r.SkyLight.RealTimeReflectionCapture:1]]
[2023.01.16-20.56.07:789][  0]LogConfig: Applying CVar settings from Section [FoliageQuality@3] File [C:/Users/SLATE 15/Documents/GitHub/Hannah-Ashna.github.io/FYP-Prototype/PrototypeV6/Saved/Config/Windows/Scalability.ini]
[2023.01.16-20.56.07:789][  0]LogConfig: Setting CVar [[foliage.DensityScale:1.0]]
[2023.01.16-20.56.07:789][  0]LogConfig: Setting CVar [[grass.DensityScale:1.0]]
[2023.01.16-20.56.07:789][  0]LogConfig: Applying CVar settings from Section [ShadingQuality@3] File [C:/Users/SLATE 15/Documents/GitHub/Hannah-Ashna.github.io/FYP-Prototype/PrototypeV6/Saved/Config/Windows/Scalability.ini]
[2023.01.16-20.56.07:789][  0]LogConfig: Setting CVar [[r.HairStrands.SkyLighting.IntegrationType:2]]
[2023.01.16-20.56.07:789][  0]LogConfig: Setting CVar [[r.HairStrands.SkyAO.SampleCount:4]]
[2023.01.16-20.56.07:789][  0]LogConfig: Setting CVar [[r.HairStrands.Visibility.MSAA.SamplePerPixel:4]]
[2023.01.16-20.56.07:789][  0]LogConfig: Applying CVar settings from Section [Startup] File [../../../Engine/Config/ConsoleVariables.ini]
[2023.01.16-20.56.07:790][  0]LogConfig: Setting CVar [[net.UseAdaptiveNetUpdateFrequency:0]]
[2023.01.16-20.56.07:790][  0]LogConfig: Setting CVar [[p.chaos.AllowCreatePhysxBodies:1]]
[2023.01.16-20.56.07:790][  0]LogConfig: Setting CVar [[fx.SkipVectorVMBackendOptimizations:1]]
[2023.01.16-20.56.07:790][  0]LogConfig: Applying CVar settings from Section [ConsoleVariables] File [C:/Users/SLATE 15/Documents/GitHub/Hannah-Ashna.github.io/FYP-Prototype/PrototypeV6/Saved/Config/Windows/Engine.ini]
[2023.01.16-20.56.07:790][  0]LogConfig: Applying CVar settings from Section [ConsoleVariables] File [C:/Users/SLATE 15/Documents/GitHub/Hannah-Ashna.github.io/FYP-Prototype/PrototypeV6/Saved/Config/Windows/Editor.ini]
[2023.01.16-20.56.07:790][  0]LogInit: Computer: NOTAHACKER
[2023.01.16-20.56.07:790][  0]LogInit: User: SLATE15
[2023.01.16-20.56.07:790][  0]LogInit: CPU Page size=4096, Cores=6
[2023.01.16-20.56.07:790][  0]LogInit: High frequency timer resolution =10.000000 MHz
[2023.01.16-20.56.07:790][  0]LogMemory: Memory total: Physical=15.8GB (16GB approx)
[2023.01.16-20.56.07:790][  0]LogMemory: Platform Memory Stats for Windows
[2023.01.16-20.56.07:790][  0]LogMemory: Process Physical Memory: 143.38 MB used, 143.38 MB peak
[2023.01.16-20.56.07:790][  0]LogMemory: Process Virtual Memory: 127.55 MB used, 127.55 MB peak
[2023.01.16-20.56.07:791][  0]LogMemory: Physical Memory: 8310.49 MB used,  7877.07 MB free, 16187.55 MB total
[2023.01.16-20.56.07:791][  0]LogMemory: Virtual Memory: 134208728.00 MB used,  8999.20 MB free, 134217728.00 MB total
[2023.01.16-20.56.07:794][  0]LogWindows: WindowsPlatformFeatures enabled
[2023.01.16-20.56.07:845][  0]LogInit: Physics initialised using underlying interface: PhysX
[2023.01.16-20.56.07:845][  0]LogInit: Using OS detected language (en-US).
[2023.01.16-20.56.07:845][  0]LogInit: Using OS detected locale (en-GB).
[2023.01.16-20.56.07:849][  0]LogTextLocalizationManager: No specific localization for 'en-US' exists, so the 'en' localization will be used.
[2023.01.16-20.56.08:068][  0]LogWindowsTextInputMethodSystem: Display: IME system deactivated.
[2023.01.16-20.56.08:098][  0]LogSlate: New Slate User Created.  User Index 0, Is Virtual User: 0
[2023.01.16-20.56.08:098][  0]LogSlate: Slate User Registered.  User Index 0, Is Virtual User: 0
[2023.01.16-20.56.08:124][  0]LogD3D11RHI: Loaded GFSDK_Aftermath_Lib.x64.dll
[2023.01.16-20.56.08:127][  0]LogD3D11RHI: D3D11 min allowed feature level: 11_0
[2023.01.16-20.56.08:127][  0]LogD3D11RHI: D3D11 max allowed feature level: 11_0
[2023.01.16-20.56.08:127][  0]LogD3D11RHI: D3D11 adapters:
[2023.01.16-20.56.08:232][  0]LogD3D11RHI:    0. 'NVIDIA GeForce RTX 2060' (Feature Level 11_0)
[2023.01.16-20.56.08:232][  0]LogD3D11RHI:       5980/0/8093 MB DedicatedVideo/DedicatedSystem/SharedSystem, Outputs:1, VendorId:0x10de
[2023.01.16-20.56.08:270][  0]LogD3D11RHI:    1. 'Intel(R) UHD Graphics 630' (Feature Level 11_0)
[2023.01.16-20.56.08:270][  0]LogD3D11RHI:       128/0/8093 MB DedicatedVideo/DedicatedSystem/SharedSystem, Outputs:1, VendorId:0x8086
[2023.01.16-20.56.08:271][  0]LogD3D11RHI:    2. 'Microsoft Basic Render Driver' (Feature Level 11_0)
[2023.01.16-20.56.08:272][  0]LogD3D11RHI:       0/0/8093 MB DedicatedVideo/DedicatedSystem/SharedSystem, Outputs:0, VendorId:0x1414
[2023.01.16-20.56.08:272][  0]LogD3D11RHI: Chosen D3D11 Adapter:
[2023.01.16-20.56.08:272][  0]LogD3D11RHI:     Description : NVIDIA GeForce RTX 2060
[2023.01.16-20.56.08:272][  0]LogD3D11RHI:     VendorId    : 10de
[2023.01.16-20.56.08:272][  0]LogD3D11RHI:     DeviceId    : 1f11
[2023.01.16-20.56.08:272][  0]LogD3D11RHI:     SubSysId    : 95e11558
[2023.01.16-20.56.08:272][  0]LogD3D11RHI:     Revision    : 00a1
[2023.01.16-20.56.08:272][  0]LogD3D11RHI:     DedicatedVideoMemory : 6270484480 bytes
[2023.01.16-20.56.08:272][  0]LogD3D11RHI:     DedicatedSystemMemory : 0 bytes
[2023.01.16-20.56.08:272][  0]LogD3D11RHI:     SharedSystemMemory : 8486940672 bytes
[2023.01.16-20.56.08:272][  0]LogD3D11RHI:     AdapterLuid : 0 69142
[2023.01.16-20.56.08:278][  0]LogD3D11RHI: Creating new Direct3DDevice
[2023.01.16-20.56.08:278][  0]LogD3D11RHI:     GPU DeviceId: 0x1f11 (for the marketing name, search the web for "GPU Device Id")
[2023.01.16-20.56.08:278][  0]LogWindows: EnumDisplayDevices:
[2023.01.16-20.56.08:279][  0]LogWindows:    0. 'Intel(R) UHD Graphics 630' (P:0 D:1)
[2023.01.16-20.56.08:279][  0]LogWindows:    1. 'Intel(R) UHD Graphics 630' (P:0 D:0)
[2023.01.16-20.56.08:279][  0]LogWindows:    2. 'Intel(R) UHD Graphics 630' (P:0 D:0)
[2023.01.16-20.56.08:279][  0]LogWindows:    3. 'NVIDIA GeForce RTX 2060' (P:1 D:1)
[2023.01.16-20.56.08:280][  0]LogWindows:    4. 'NVIDIA GeForce RTX 2060' (P:0 D:0)
[2023.01.16-20.56.08:280][  0]LogWindows:    5. 'NVIDIA GeForce RTX 2060' (P:0 D:0)
[2023.01.16-20.56.08:281][  0]LogWindows:    6. 'NVIDIA GeForce RTX 2060' (P:0 D:0)
[2023.01.16-20.56.08:281][  0]LogWindows: DebugString: PrimaryIsNotTheChoosenAdapter PrimaryIsNotTheChoosenAdapter PrimaryIsNotTheChoosenAdapter FoundDriverCount:4 
[2023.01.16-20.56.08:281][  0]LogD3D11RHI:     Adapter Name: NVIDIA GeForce RTX 2060
[2023.01.16-20.56.08:281][  0]LogD3D11RHI:   Driver Version: 516.94 (internal:31.0.15.1694, unified:516.94)
[2023.01.16-20.56.08:281][  0]LogD3D11RHI:      Driver Date: 7-21-2022
[2023.01.16-20.56.08:281][  0]LogRHI: Texture pool is 4186 MB (70% of 5980 MB)
[2023.01.16-20.56.08:281][  0]LogD3D11RHI: Creating D3DDevice using adapter:
[2023.01.16-20.56.08:281][  0]LogD3D11RHI:     Description : NVIDIA GeForce RTX 2060
[2023.01.16-20.56.08:281][  0]LogD3D11RHI:     VendorId    : 10de
[2023.01.16-20.56.08:281][  0]LogD3D11RHI:     DeviceId    : 1f11
[2023.01.16-20.56.08:281][  0]LogD3D11RHI:     SubSysId    : 95e11558
[2023.01.16-20.56.08:281][  0]LogD3D11RHI:     Revision    : 00a1
[2023.01.16-20.56.08:281][  0]LogD3D11RHI:     DedicatedVideoMemory : 6270484480 bytes
[2023.01.16-20.56.08:281][  0]LogD3D11RHI:     DedicatedSystemMemory : 0 bytes
[2023.01.16-20.56.08:281][  0]LogD3D11RHI:     SharedSystemMemory : 8486940672 bytes
[2023.01.16-20.56.08:281][  0]LogD3D11RHI:     AdapterLuid : 0 69142
[2023.01.16-20.56.08:343][  0]LogD3D11RHI: RHI has support for 64 bit atomics
[2023.01.16-20.56.08:344][  0]LogD3D11RHI: Async texture creation enabled
[2023.01.16-20.56.08:344][  0]LogD3D11RHI: Array index from any shader is supported
[2023.01.16-20.56.08:360][  0]LogD3D11RHI: GPU Timing Frequency: 1000.000000 (Debug: 2 1)
[2023.01.16-20.56.08:403][  0]LogRHI: GeForceNow SDK initialized: 1
[2023.01.16-20.56.08:701][  0]LogTargetPlatformManager: Display: Loaded TargetPlatform 'WindowsNoEditor'
[2023.01.16-20.56.08:706][  0]LogTargetPlatformManager: Display: Loaded TargetPlatform 'Windows'
[2023.01.16-20.56.08:710][  0]LogTargetPlatformManager: Display: Loaded TargetPlatform 'WindowsClient'
[2023.01.16-20.56.08:714][  0]LogTargetPlatformManager: Display: Loaded TargetPlatform 'WindowsServer'
[2023.01.16-20.56.08:714][  0]LogTargetPlatformManager: Display: Building Assets For Windows
[2023.01.16-20.56.08:720][  0]LogAudioDebug: Display: Lib vorbis DLL was dynamically loaded.
[2023.01.16-20.56.08:747][  0]LogTextureFormatOodle: Display: Oodle Texture 2.9.0 init RDO Off
[2023.01.16-20.56.08:773][  0]LogRendererCore: Ray tracing is disabled. Reason: r.RayTracing=0.
[2023.01.16-20.56.08:773][  0]LogShaderCompilers: Guid format shader working directory is -50 characters bigger than the processId version (../../../../../../Users/SLATE 15/Documents/GitHub/Hannah-Ashna.github.io/FYP-Prototype/PrototypeV6/Intermediate/Shaders/WorkingDirectory/13364/).
[2023.01.16-20.56.08:773][  0]LogShaderCompilers: Cleaned the shader compiler working directory 'C:/Users/SLATE 15/AppData/Local/Temp/UnrealShaderWorkingDir/493A84994ABA50E06203AEAFAA8BDE5C/'.
[2023.01.16-20.56.08:773][  0]LogXGEController: Cannot use XGE Controller as Incredibuild is not installed on this machine.
[2023.01.16-20.56.08:773][  0]LogShaderCompilers: Cannot use XGE Shader Compiler as Incredibuild is not installed on this machine.
[2023.01.16-20.56.08:773][  0]LogShaderCompilers: Display: Using Local Shader Compiler.
[2023.01.16-20.56.09:490][  0]LogDerivedDataCache: Display: Max Cache Size: 512 MB
[2023.01.16-20.56.09:558][  0]LogDerivedDataCache: Loaded boot cache 0.07s 105MB C:/Users/SLATE 15/AppData/Local/UnrealEngine/4.27/DerivedDataCache/Boot.ddc.
[2023.01.16-20.56.09:558][  0]LogDerivedDataCache: Display: Loaded Boot cache: C:/Users/SLATE 15/AppData/Local/UnrealEngine/4.27/DerivedDataCache/Boot.ddc
[2023.01.16-20.56.09:558][  0]LogDerivedDataCache: FDerivedDataBackendGraph:  Pak pak cache file ../../../../../../Users/SLATE 15/Documents/GitHub/Hannah-Ashna.github.io/FYP-Prototype/PrototypeV6/DerivedDataCache/DDC.ddp not found, will not use a pak cache.
[2023.01.16-20.56.09:558][  0]LogDerivedDataCache: Unable to find inner node Pak for hierarchical cache Hierarchy.
[2023.01.16-20.56.09:558][  0]LogDerivedDataCache: FDerivedDataBackendGraph:  CompressedPak pak cache file ../../../../../../Users/SLATE 15/Documents/GitHub/Hannah-Ashna.github.io/FYP-Prototype/PrototypeV6/DerivedDataCache/Compressed.ddp not found, will not use a pak cache.
[2023.01.16-20.56.09:558][  0]LogDerivedDataCache: Unable to find inner node CompressedPak for hierarchical cache Hierarchy.
[2023.01.16-20.56.09:574][  0]LogDerivedDataCache: Display: Pak cache opened for reading ../../../Engine/DerivedDataCache/Compressed.ddp.
[2023.01.16-20.56.09:574][  0]LogDerivedDataCache: FDerivedDataBackendGraph:  EnterprisePak pak cache file ../../../Enterprise/DerivedDataCache/Compressed.ddp not found, will not use a pak cache.
[2023.01.16-20.56.09:574][  0]LogDerivedDataCache: Unable to find inner node EnterprisePak for hierarchical cache Hierarchy.
[2023.01.16-20.56.09:583][  0]LogDerivedDataCache: Speed tests for C:/Users/SLATE 15/AppData/Local/UnrealEngine/Common/DerivedDataCache took 0.01 seconds
[2023.01.16-20.56.09:583][  0]LogDerivedDataCache: Display: Performance to C:/Users/SLATE 15/AppData/Local/UnrealEngine/Common/DerivedDataCache: Latency=0.03ms. RandomReadSpeed=193.09MBs, RandomWriteSpeed=220.93MBs. Assigned SpeedClass 'Local'
[2023.01.16-20.56.09:584][  0]LogDerivedDataCache: Using Local data cache path C:/Users/SLATE 15/AppData/Local/UnrealEngine/Common/DerivedDataCache: Writable
[2023.01.16-20.56.09:584][  0]LogDerivedDataCache: Shared data cache path not found in *engine.ini, will not use an Shared cache.
[2023.01.16-20.56.09:584][  0]LogDerivedDataCache: Unable to find inner node Shared for hierarchical cache Hierarchy.
[2023.01.16-20.56.09:617][  0]LogSlate: Using FreeType 2.10.0
[2023.01.16-20.56.09:617][  0]LogSlate: SlateFontServices - WITH_FREETYPE: 1, WITH_HARFBUZZ: 1
[2023.01.16-20.56.09:696][  0]LogInit: Using OS detected language (en-US).
[2023.01.16-20.56.09:696][  0]LogInit: Using OS detected locale (en-GB).
[2023.01.16-20.56.09:696][  0]LogTextLocalizationManager: No localization for 'en-US' exists, so 'en' will be used for the language.
[2023.01.16-20.56.09:696][  0]LogTextLocalizationManager: No localization for 'en-GB' exists, so 'en' will be used for the locale.
[2023.01.16-20.56.09:696][  0]LogSlate: FontCache flush requested. Reason: Culture for localization was changed
[2023.01.16-20.56.09:696][  0]LogSlate: FontCache flush requested. Reason: Culture for localization was changed
[2023.01.16-20.56.09:699][  0]LogTextLocalizationManager: Compacting localization data took   0.00ms
[2023.01.16-20.56.09:699][  0]LogAssetRegistry: FAssetRegistry took 0.0022 seconds to start up
[2023.01.16-20.56.09:866][  0]LogPackageLocalizationCache: Processed 27 localized package path(s) for 1 prioritized culture(s) in 0.001170 seconds
[2023.01.16-20.56.09:935][  0]LogInit: Selected Device Profile: [Windows]
[2023.01.16-20.56.09:935][  0]LogInit: Active device profile: [0000016A9FE01300][0000016A95E4E4C0 49] Windows
[2023.01.16-20.56.09:935][  0]LogInit: Profiles: [0000016A9FE01300][0000016A95E4E4C0 49] Windows, [0000016A9FDD3000][0000016A95E52780 49] WindowsNoEditor, [0000016A9FE02200][0000016A95E56A40 49] WindowsServer, [0000016A9FDD3E00][0000016A95E5AD00 49] WindowsClient, [0000016A9FE03000][0000016A95E5EFC0 49] IOS, [0000016A9FDD1500][0000016A95E63280 49] iPadAir, [0000016A9FE03D00][0000016A95E67540 49] iPadAir2, [0000016A9FD82400][0000016A95E7BA80 49] IPadPro, [0000016A9FD82500][0000016A95E6BAC0 49] iPadAir3, [0000016A9FDD3F00][0000016A95E4A1C0 49] iPadAir4, [0000016A9FD83300][0000016A95E72440 49] iPadMini2, [0000016A9FDD3500][0000016A95E76700 49] iPadMini3, [0000016A9FD82300][0000016A95E7E9C0 49] iPadMini4, [0000016A9FDD2400][0000016A95E82C80 49] iPadMini5, [0000016A9FDB1D00][0000016A99A031C0 49] iPhone6, [0000016A9FDB1E00][0000016A95E87200 49] iPodTouch6, [0000016A9FE02D00][0000016A99A0B740 49] iPhone7, [0000016A9FE02E00][0000016A95E8F780 49] iPodTouch7, [0000016A9FD81C00][0000016A95E93A40 49] iPhone5S, [0000016A9FE03900][0000016A95E8A180 49] iPhone6Plus, [0000016A9FD81400][0000016A95E6E400 49] iPhone6S, [0000016A9FE00700][0000016A99A06680 49] iPhone6SPlus, [0000016A9FD80D00][0000016A99A12940 49] iPhone7Plus, [0000016A9FE00D00][0000016A99A16C00 49] iPhoneSE, [0000016A9FD80500][0000016A99A1AEC0 49] iPhone8, [0000016A9FE02B00][0000016A99A1F180 49] iPhone8Plus, [0000016A9FD80900][0000016A99A23440 49] iPhoneX, [0000016A9FD80F00][0000016A99A27700 49] iPhoneXS, [0000016A9FDB0B00][0000016A99A2B9C0 49] iPhoneXSMax, [0000016A9FD82200][0000016A99A2E100 49] iPhoneXR, [0000016A9FDB1400][0000016A99A323C0 49] iPhone11, [0000016A9FD82000][0000016A99A0E640 49] iPhone11Pro, [0000016A9FDB1A00][0000016A99A368C0 49] iPhone11ProMax, [0000016A9FD80A00][0000016A99A3EB80 49] iPhoneSE2, [0000016A9FDB3D00][0000016A99A42E40 49] iPhone12Mini, [0000016A9FD80E00][0000016A99A47100 49] iPhone12, [0000016A9FDB2100][0000016A99A4B3C0 49] iPhone12Pro, [0000016A9FDB1C00][0000016A99A4F680 49] iPhone12ProMax, [0000016A9FE00B00][0000016A99A53940 49] iPadPro105, [0000016A9FDB3800][0000016A99A57C00 49] iPadPro129, [0000016A9FE00800][0000016A99A5A340 49] iPadPro97, [0000016A9FDB1800][0000016A99A5E600 49] iPadPro2_129, [0000016A9FD81F00][0000016A99A3A880 49] iPad5, [0000016A9FDB0E00][0000016A99A62B00 49] iPad6, [0000016A9FD81B00][0000016A99A6ADC0 49] iPad7, [0000016A9FDB0F00][0000016A99A6F080 49] iPad8, [0000016A9FD82100][0000016A99A73340 49] iPadPro11, [0000016A9FDB2F00][0000016A99A77600 49] iPadPro2_11, [0000016A9FD82900][0000016A99A7B8C0 49] iPadPro3_129, [0000016A9FDB1200][0000016AA0191B80 49] iPadPro4_129, [0000016A9FD81500][0000016AA01942C0 49] AppleTV, [0000016A9FDB2D00][0000016AA0198580 49] AppleTV4K, [0000016A9FD81E00][0000016AA019C840 49] TVOS, [0000016A9FDB0400][0000016A99A66AC0 49] Mac, [0000016A9FD81D00][0000016AA01A0D40 49] MacClient, [0000016A9FDB2A00][0000016AA01A9000 49] MacNoEditor, [0000016A9FD83100][0000016AA01AD2C0 49] MacServer, [0000016A9FDB2200][0000016AA01B1580 49] Linux, [0000016A9FD80100][0000016AA01B5840 49] LinuxAArch64, [0000016A9FDB2500][0000016AA01B9B00 49] LinuxNoEditor, [0000016A9FD83C00][0000016AA01BC240 49] LinuxAArch64NoEditor, [0000016A9FDB3C00][0000016AA01C0500 49] LinuxClient, [0000016A9FD83000][0000016AA01C47C0 49] LinuxAArch64Client, [0000016A9FDB2B00][0000016AA01C8A80 49] LinuxServer, [0000016A9FD80700][0000016AA01A4D00 49] LinuxAArch64Server, [0000016A9FDB0A00][0000016AA01CCF80 49] Android, [0000016A9FD80B00][0000016AA01D5240 49] Android_Low, [0000016A9FDB2400][0000016AA01D9500 49] Android_Mid, [0000016A9FD83800][0000016AA01DD7C0 49] Android_High, [0000016A9FDB3E00][0000016AA01E1A80 49] Android_Default, [0000016A9FD83700][0000016AA01E41C0 49] Android_Adreno4xx, [0000016A9FDB2000][0000016AA01E8480 49] Android_Adreno5xx_Low, [0000016A9FD80C00][0000016AA01EC740 49] Android_Adreno5xx, [0000016A9FDB3200][0000016AA01F0A00 49] Android_Adreno6xx, [0000016A9FD80300][0000016AA01F4CC0 49] Android_Adreno6xx_Vulkan, [0000016A9FDB1500][0000016AA01D0F40 49] Android_Mali_T6xx, [0000016A9FD81800][0000016AA01F91C0 49] Android_Mali_T7xx, [0000016A9FDB3500][0000016AA0201480 49] Android_Mali_T8xx, [0000016A9FD82D00][0000016AA0205740 49] Android_Mali_G71, [0000016A9FDB2900][0000016AA0209A00 49] Android_Mali_G72, [0000016A9FD81200][0000016AA020C140 49] Android_Mali_G72_Vulkan, [0000016A9FDB0C00][0000016AA0210400 49] Android_Mali_G76, [0000016A9FD81700][0000016AA02146C0 49] Android_Mali_G76_Vulkan, [0000016A9FDB1900][0000016AA0218980 49] Android_Mali_G77, [0000016A9FD80200][0000016AA021CC40 49] Android_Mali_G77_Vulkan, [0000016A9FDD2500][0000016AA0220F00 49] Android_Mali_G78, [0000016A9FE00500][0000016AA01FD180 49] Android_Mali_G78_Vulkan, [0000016A9FDD0B00][0000016AA0229440 49] Android_Mali_G710, [0000016A9FE01D00][0000016AA022D700 49] Android_Mali_G710_Vulkan, [0000016A9FDD0900][0000016AA02319C0 49] Android_Vulkan_SM5, [0000016A9FE03C00][0000016AA0234100 49] Android_PowerVR_G6xxx, [0000016A9FDD0D00][0000016AA02383C0 49] Android_PowerVR_GT7xxx, [0000016A9FE03500][0000016AA023C680 49] Android_PowerVR_GE8xxx, [0000016A9FDD0200][0000016AA0240940 49] Android_PowerVR_GM9xxx, [0000016A9FE00300][0000016AA0244C00 49] Android_PowerVR_GM9xxx_Vulkan, [0000016A9FDD3100][0000016AA0248EC0 49] Android_TegraK1, [0000016A9FE03400][0000016AA0225140 49] Android_Unknown_Vulkan, [0000016A9FDD0F00][0000016AA024D3C0 49] Lumin, [0000016A9FE03600][0000016AA0255680 49] Lumin_Desktop, [0000016A9FDD1800][0000016AA0259940 49] HoloLens, 
[2023.01.16-20.56.09:971][  0]LogMeshReduction: Using QuadricMeshReduction for automatic static mesh reduction
[2023.01.16-20.56.09:971][  0]LogMeshReduction: Using SimplygonMeshReduction for automatic skeletal mesh reduction
[2023.01.16-20.56.09:971][  0]LogMeshReduction: Using ProxyLODMeshReduction for automatic mesh merging
[2023.01.16-20.56.09:971][  0]LogMeshReduction: No distributed automatic mesh merging module available
[2023.01.16-20.56.09:971][  0]LogMeshMerging: No distributed automatic mesh merging module available
[2023.01.16-20.56.10:078][  0]LogNetVersion: PrototypeV6 1.0.0, NetCL: 17155196, EngineNetVer: 17, GameNetVer: 0 (Checksum: 2678963413)
[2023.01.16-20.56.10:299][  0]LogTexture: Default maximum texture size for cubemaps generated from long-lat sources has been changed from 512 to unlimited. In order to preserve old behaiour for '/Engine/MapTemplates/Sky/DaylightAmbientCubemap.DaylightAmbientCubemap', its maximum texture size has been explicitly set to 512.
[2023.01.16-20.56.10:350][  0]LogHMD: PokeAHoleMaterial loaded successfully
[2023.01.16-20.56.10:437][  0]LogMoviePlayer: Initializing movie player
[2023.01.16-20.56.10:544][  0]LogNiagaraDebuggerClient: Niagara Debugger Client Initialized | Session: 70B05FDE4CA4430DD4386F95CF907920 | Instance: 764A95F447FF86622AFAACA4F8AF2E53 (NOTAHACKER-13364).
[2023.01.16-20.56.10:561][  0]LogCollectionManager: Loaded 0 collections in 0.001674 seconds
[2023.01.16-20.56.10:562][  0]LogFileCache: Scanning file cache for directory 'C:/Users/SLATE 15/Documents/GitHub/Hannah-Ashna.github.io/FYP-Prototype/PrototypeV6/Saved/Collections/' took 0.00s
[2023.01.16-20.56.10:562][  0]LogFileCache: Scanning file cache for directory 'C:/Users/SLATE 15/Documents/GitHub/Hannah-Ashna.github.io/FYP-Prototype/PrototypeV6/Content/Developers/SLATE15/Collections/' took 0.00s
[2023.01.16-20.56.10:562][  0]LogCollectionManager: Fixed up redirectors for 0 collections in 0.000002 seconds (updated 0 objects)
[2023.01.16-20.56.10:649][  0]LogFileCache: Scanning file cache for directory 'C:/Users/SLATE 15/Documents/GitHub/Hannah-Ashna.github.io/FYP-Prototype/PrototypeV6/Content/Collections/' took 0.00s
[2023.01.16-20.56.10:649][  0]LogPython: Using Python 3.7.7
[2023.01.16-20.56.11:057][  0]LogTcpMessaging: Initializing TcpMessaging bridge
[2023.01.16-20.56.11:061][  0]LogUdpMessaging: Initializing bridge on interface 0.0.0.0:0 to multicast group 230.0.0.1:6666.
[2023.01.16-20.56.11:135][  0]SourceControl: Source control is disabled
[2023.01.16-20.56.11:135][  0]SourceControl: Source control is disabled
[2023.01.16-20.56.11:138][  0]SourceControl: Source control is disabled
[2023.01.16-20.56.11:142][  0]LogUProjectInfo: Found projects:
[2023.01.16-20.56.11:211][  0]LogOpenImageDenoise: OIDN starting up
[2023.01.16-20.56.11:237][  0]LogAndroidPermission: UAndroidPermissionCallbackProxy::GetInstance
[2023.01.16-20.56.11:252][  0]LogAudioCaptureCore: Display: No Audio Capture implementations found. Audio input will be silent.
[2023.01.16-20.56.11:252][  0]LogAudioCaptureCore: Display: No Audio Capture implementations found. Audio input will be silent.
[2023.01.16-20.56.11:323][  0]LogOcInput: OculusInput pre-init called
[2023.01.16-20.56.11:333][  0]LogUObjectArray: 22121 objects as part of root set at end of initial load.
[2023.01.16-20.56.11:333][  0]LogUObjectAllocator: 5975632 out of 0 bytes used by permanent object pool.
[2023.01.16-20.56.11:333][  0]LogUObjectArray: CloseDisregardForGC: 0/0 objects in disregard for GC pool
[2023.01.16-20.56.11:374][  0]LogEngine: Initializing Engine...
[2023.01.16-20.56.11:376][  0]LogStats: UGameplayTagsManager::InitializeManager -  0.000 s
[2023.01.16-20.56.11:471][  0]LogInit: Initializing FReadOnlyCVARCache
[2023.01.16-20.56.11:471][  0]LogAudio: Display: Initializing Audio Device Manager...
[2023.01.16-20.56.11:474][  0]LogAudio: Display: Loading Default Audio Settings Objects...
[2023.01.16-20.56.11:475][  0]LogAudio: Display: No default SoundConcurrencyObject specified (or failed to load).
[2023.01.16-20.56.11:475][  0]LogAudio: Display: Audio Device Manager Initialized
[2023.01.16-20.56.11:475][  0]LogAudio: Display: Creating Audio Device:                 Id: 1, Scope: Shared, Realtime: True
[2023.01.16-20.56.11:475][  0]LogAudioMixer: Display: Audio Mixer Platform Settings:
[2023.01.16-20.56.11:475][  0]LogAudioMixer: Display: 	Sample Rate:						  48000
[2023.01.16-20.56.11:475][  0]LogAudioMixer: Display: 	Callback Buffer Frame Size Requested: 1024
[2023.01.16-20.56.11:475][  0]LogAudioMixer: Display: 	Callback Buffer Frame Size To Use:	  1024
[2023.01.16-20.56.11:475][  0]LogAudioMixer: Display: 	Number of buffers to queue:			  2
[2023.01.16-20.56.11:475][  0]LogAudioMixer: Display: 	Max Channels (voices):				  32
[2023.01.16-20.56.11:475][  0]LogAudioMixer: Display: 	Number of Async Source Workers:		  0
[2023.01.16-20.56.11:475][  0]LogAudio: Display: AudioDevice MaxSources: 32
[2023.01.16-20.56.11:475][  0]LogAudio: Display: Audio Spatialization Plugin: None (built-in).
[2023.01.16-20.56.11:476][  0]LogAudio: Display: Audio Reverb Plugin: None (built-in).
[2023.01.16-20.56.11:476][  0]LogAudio: Display: Audio Occlusion Plugin: None (built-in).
[2023.01.16-20.56.11:476][  0]LogAudioMixer: Display: Initializing audio mixer.
[2023.01.16-20.56.11:502][  0]LogAudioMixer: Display: 0: FrontLeft
[2023.01.16-20.56.11:502][  0]LogAudioMixer: Display: 1: FrontRight
[2023.01.16-20.56.11:519][  0]LogAudioMixer: Display: Using Audio Device Headphones (Elgato Wave:1)
[2023.01.16-20.56.11:524][  0]LogAudioMixer: Display: Initializing Sound Submixes...
[2023.01.16-20.56.11:526][  0]LogAudioMixer: Display: Creating Master Submix 'MasterSubmixDefault'
[2023.01.16-20.56.11:526][  0]LogAudioMixer: Display: Creating Master Submix 'MasterReverbSubmixDefault'
[2023.01.16-20.56.11:528][  0]LogAudioMixer: Display: Creating Master Submix 'MasterEQSubmixDefault'
[2023.01.16-20.56.11:528][  0]LogAudioMixer: FMixerPlatformXAudio2::StartAudioStream() called
[2023.01.16-20.56.11:528][  0]LogAudioMixer: Display: Output buffers initialized: Frames=1024, Channels=2, Samples=2048
[2023.01.16-20.56.11:529][  0]LogAudioMixer: Display: Starting AudioMixerPlatformInterface::RunInternal()
[2023.01.16-20.56.11:529][  0]LogAudioMixer: Display: FMixerPlatformXAudio2::SubmitBuffer() called for the first time
[2023.01.16-20.56.11:529][  0]LogInit: FAudioDevice initialized.
[2023.01.16-20.56.11:530][  0]LogNetVersion: Set ProjectVersion to 1.0.0.0. Version Checksum will be recalculated on next use.
[2023.01.16-20.56.11:531][  0]LogInit: Texture streaming: Enabled
[2023.01.16-20.56.11:656][  0]LogAudio: Display: Audio Device (ID: 1) registered with world 'Untitled'.
[2023.01.16-20.56.11:656][  0]LogSlate: Updating window title bar state: overlay mode, drag disabled, window buttons hidden, title bar hidden
[2023.01.16-20.56.11:657][  0]LogInit: Display: Game Engine Initialized.
[2023.01.16-20.56.11:657][  0]LogNiagaraEditor: GEditor isn't valid! Particle reset commands will not work for Niagara components!
[2023.01.16-20.56.11:764][  0]LogInit: Display: Starting Game.
[2023.01.16-20.56.11:764][  0]LogNet: Browse: 127.0.0.1:17777/Game/Maps/VRBaseMap?Name=Player
[2023.01.16-20.56.11:764][  0]LogInit: WinSock: Socket queue. Rx: 32768 (config 32768) Tx: 32768 (config 32768)
[2023.01.16-20.56.11:765][  0]LogNet: Created socket for bind address: 0.0.0.0 on port 0
[2023.01.16-20.56.11:765][  0]PacketHandlerLog: Loaded PacketHandler component: Engine.EngineHandlerComponentFactory (StatelessConnectHandlerComponent)
[2023.01.16-20.56.11:765][  0]LogNet: Game client on port 17777, rate 100000
[2023.01.16-20.56.11:872][  0]LogInit: Display: Engine is initialized. Leaving FEngineLoop::Init()
[2023.01.16-20.56.11:872][  0]LogLoad: (Engine Initialization) Total time: 5.31 seconds
[2023.01.16-20.56.11:872][  0]LogLoad: (Engine Initialization) Total Blueprint compile time: 0.00 seconds
[2023.01.16-20.56.11:887][  0]LogOculusPluginWrapper: OculusPlugin initialized successfully
[2023.01.16-20.56.11:994][  0]LogHMD: FOculusHMDModule PreInit successfully
[2023.01.16-20.56.11:994][  0]LogOcInput: OculusInput is initialized
[2023.01.16-20.56.11:997][  0]LogContentStreaming: Texture pool size now 1000 MB
[2023.01.16-20.56.11:998][  0]LogSlate: InvalidateAllWidgets triggered.  All widgets were invalidated
[2023.01.16-20.56.13:071][536]LogHandshake: SendChallengeResponse. Timestamp: 7.032633, Cookie: 166183147114232167225006192010234079175125000089017002104218
[2023.01.16-20.56.13:406][827]LogNetVersion: PrototypeV6 1.0.0.0, NetCL: 17155196, EngineNetVer: 17, GameNetVer: 0 (Checksum: 2013864317)
[2023.01.16-20.56.13:406][827]LogNet: UPendingNetGame::SendInitialJoin: Sending hello. [UNetConnection] RemoteAddr: 127.0.0.1:17777, Name: IpConnection_0, Driver: PendingNetDriver IpNetDriver_0, IsServer: NO, PC: NULL, Owner: NULL, UniqueId: INVALID
[2023.01.16-20.56.13:739][170]LogNet: Welcomed by server (Level: /Game/Maps/UEDPIE_0_VRHoloportMap, Game: /Game/VRPawns/GameModes/VRMultGamemode.VRMultGamemode_C)
[2023.01.16-20.56.13:740][170]LogLoad: LoadMap: 127.0.0.1:17777/Game/Maps/VRHoloportMap?Name=Player?game=/Game/VRPawns/GameModes/VRMultGamemode.VRMultGamemode_C
[2023.01.16-20.56.13:740][170]LogWorld: BeginTearingDown for /Temp/Untitled_0
[2023.01.16-20.56.13:740][170]LogWorld: UWorld::CleanupWorld for Untitled, bSessionEnded=true, bCleanupResources=true
[2023.01.16-20.56.13:740][170]LogSlate: InvalidateAllWidgets triggered.  All widgets were invalidated
[2023.01.16-20.56.13:744][170]LogAudio: Display: Audio Device unregistered from world 'None'.
[2023.01.16-20.56.13:747][170]LogUObjectHash: Compacting FUObjectHashTables data took   0.72ms
[2023.01.16-20.56.14:410][170]LogSkeletalMesh: Display: [AssetLog] C:\Users\SLATE 15\Documents\GitHub\Hannah-Ashna.github.io\FYP-Prototype\PrototypeV6\Content\VehicleVarietyPack\Skeletons\SK_SUV.uasset: Find and fix some bad tangent! please re-import this skeletal mesh asset to fix the issue. The shading of the skeletal mesh will be bad and faceted.
[2023.01.16-20.56.14:491][170]LogSkeletalMesh: Display: [AssetLog] C:\Users\SLATE 15\Documents\GitHub\Hannah-Ashna.github.io\FYP-Prototype\PrototypeV6\Content\Vehicle\Sedan\Sedan_SkelMesh.uasset: Find and fix some bad tangent! please re-import this skeletal mesh asset to fix the issue. The shading of the skeletal mesh will be bad and faceted.
[2023.01.16-20.56.14:519][170]LogSkeletalMesh: Display: [AssetLog] C:\Users\SLATE 15\Documents\GitHub\Hannah-Ashna.github.io\FYP-Prototype\PrototypeV6\Content\VehicleVarietyPack\Skeletons\SK_Hatchback.uasset: Find and fix some bad tangent! please re-import this skeletal mesh asset to fix the issue. The shading of the skeletal mesh will be bad and faceted.
[2023.01.16-20.56.14:537][170]LogAudio: Display: Audio Device (ID: 1) registered with world 'VRHoloportMap'.
[2023.01.16-20.56.14:550][170]LogWorld: Bringing World /Game/Maps/VRHoloportMap.VRHoloportMap up for play (max tick rate 0) at 2023.01.16-20.56.14
[2023.01.16-20.56.14:550][170]LogWorld: Bringing up level for play took: 0.010581
[2023.01.16-20.56.14:551][170]LogNavigation: Warning: NavData RegistrationFailed_DataPendingKill.
[2023.01.16-20.56.14:552][170]LogSlate: Took 0.000269 seconds to synchronously load lazily loaded font '../../../Engine/Content/Slate/Fonts/Roboto-Regular.ttf' (155K)
[2023.01.16-20.56.14:552][170]LogLoad: Took 0.811963 seconds to LoadMap(/Game/Maps/VRHoloportMap)
[2023.01.16-20.56.14:552][170]LogNavigation: Warning: NavData RegistrationFailed_DataPendingKill.
[2023.01.16-20.56.14:554][171]LogRenderer: Reallocating scene render targets to support 640x480 Format 10 NumSamples 1 (Frame:1).
[2023.01.16-20.56.15:085][495]LogSlate: New Slate User Created.  User Index 8, Is Virtual User: 1
[2023.01.16-20.56.15:085][495]LogSlate: Slate User Registered.  User Index 8, Is Virtual User: 1
[2023.01.16-20.56.15:087][495]LogOnlineSession: Warning: OSS: No game present to join for session (GameSession)
[2023.01.16-20.56.15:087][495]LogOnlineSession: Warning: OSS: No game present to join for session (GameSession)
[2023.01.16-20.56.15:087][495]LogBlueprintUserMessages: [ThirdPersonCharacter_C_0] VRHoloportMap
[2023.01.16-20.56.22:451][806]Command not recognized: servertravel VRTeleportMap
[2023.01.16-20.56.22:679][928]Command not recognized: servertravel VRTeleportMap
[2023.01.16-20.56.22:877][ 32]Command not recognized: servertravel VRTeleportMap
[2023.01.16-20.56.25:083][286]LogBlueprintUserMessages: [ThirdPersonCharacter_C_0] VRHoloportMap
[2023.01.16-20.56.35:085][774]LogBlueprintUserMessages: [ThirdPersonCharacter_C_0] VRHoloportMap
