Log file open, 01/15/23 16:20:32
LogWindows: Failed to load 'aqProf.dll' (GetLastError=126)
LogWindows: File 'aqProf.dll' does not exist
LogWindows: Failed to load 'VtuneApi.dll' (GetLastError=126)
LogWindows: File 'VtuneApi.dll' does not exist
LogWindows: Failed to load 'VtuneApi32e.dll' (GetLastError=126)
LogWindows: File 'VtuneApi32e.dll' does not exist
LogConsoleResponse: Display: Failed to find resolution value strings in scalability ini. Falling back to default.
LogConsoleResponse: Display: Failed to find resolution value strings in scalability ini. Falling back to default.
LogInit: Display: Running engine for game: PrototypeV5
LogPlatformFile: Not using cached read wrapper
LogTaskGraph: Started task graph with 5 named threads and 35 total threads with 3 sets of task threads.
LogStats: Stats thread started at 0.279348
LogICUInternationalization: ICU TimeZone Detection - Raw Offset: +0:00, Platform Override: ''
LogInit: Display: Loading text-based GConfig....
LogPluginManager: Mounting plugin MeshPainting
LogPluginManager: Mounting plugin XGEController
LogPluginManager: Mounting plugin AISupport
LogPluginManager: Mounting plugin Paper2D
LogPluginManager: Mounting plugin EnvironmentQueryEditor
LogPluginManager: Mounting plugin LiveLink
LogPluginManager: Mounting plugin CameraShakePreviewer
LogPluginManager: Mounting plugin GameplayCameras
LogPluginManager: Mounting plugin OodleNetwork
LogPluginManager: Mounting plugin OodleData
LogPluginManager: Mounting plugin AnimationSharing
LogPluginManager: Mounting plugin CLionSourceCodeAccess
LogPluginManager: Mounting plugin CodeLiteSourceCodeAccess
LogPluginManager: Mounting plugin GitSourceControl
LogPluginManager: Mounting plugin KDevelopSourceCodeAccess
LogPluginManager: Mounting plugin NullSourceCodeAccess
LogPluginManager: Mounting plugin PerforceSourceControl
LogPluginManager: Mounting plugin PixWinPlugin
LogPluginManager: Mounting plugin PlasticSourceControl
LogPluginManager: Mounting plugin PluginUtils
LogPluginManager: Mounting plugin PropertyAccessNode
LogPluginManager: Mounting plugin SubversionSourceControl
LogPluginManager: Mounting plugin TextureFormatOodle
LogPluginManager: Mounting plugin UObjectPlugin
LogPluginManager: Mounting plugin AssetManagerEditor
LogPluginManager: Mounting plugin CryptoKeys
LogPluginManager: Mounting plugin DataValidation
LogPluginManager: Mounting plugin CurveEditorTools
LogPluginManager: Mounting plugin VisualStudioCodeSourceCodeAccess
LogPluginManager: Mounting plugin VisualStudioSourceCodeAccess
LogPluginManager: Mounting plugin FacialAnimation
LogPluginManager: Mounting plugin GameplayTagsEditor
LogPluginManager: Mounting plugin XCodeSourceCodeAccess
LogPluginManager: Mounting plugin GeometryMode
LogPluginManager: Mounting plugin LightPropagationVolume
LogPluginManager: Mounting plugin MacGraphicsSwitching
LogPluginManager: Mounting plugin MaterialAnalyzer
LogPluginManager: Mounting plugin MobileLauncherProfileWizard
LogPluginManager: Mounting plugin PluginBrowser
LogPluginManager: Mounting plugin SpeedTreeImporter
LogPluginManager: Mounting plugin DatasmithContent
LogPluginManager: Mounting plugin AlembicImporter
LogPluginManager: Mounting plugin BackChannel
LogPluginManager: Mounting plugin AutomationUtils
LogPluginManager: Mounting plugin ChaosCloth
LogPluginManager: Mounting plugin ChaosNiagara
LogPluginManager: Mounting plugin ChaosClothEditor
LogPluginManager: Mounting plugin ChaosEditor
LogPluginManager: Mounting plugin ChaosSolverPlugin
LogPluginManager: Mounting plugin CharacterAI
LogPluginManager: Mounting plugin VariantManagerContent
LogPluginManager: Mounting plugin GeometryCollectionPlugin
LogPluginManager: Mounting plugin GeometryCache
LogPluginManager: Mounting plugin GeometryProcessing
LogPluginManager: Mounting plugin Niagara
LogPluginManager: Mounting plugin MotoSynth
LogPluginManager: Mounting plugin OpenImageDenoise
LogPluginManager: Mounting plugin PlanarCut
LogPluginManager: Mounting plugin PlatformCrypto
LogPluginManager: Mounting plugin PythonScriptPlugin
LogPluginManager: Mounting plugin ProxyLODPlugin
LogPluginManager: Mounting plugin SkeletalReduction
LogPluginManager: Mounting plugin LuminPlatformFeatures
LogPluginManager: Mounting plugin MagicLeapLightEstimation
LogPluginManager: Mounting plugin MagicLeapMedia
LogPluginManager: Mounting plugin MagicLeapPassableWorld
LogPluginManager: Mounting plugin MLSDK
LogPluginManager: Mounting plugin AndroidMedia
LogPluginManager: Mounting plugin AvfMedia
LogPluginManager: Mounting plugin ImgMedia
LogPluginManager: Mounting plugin MagicLeap
LogPluginManager: Mounting plugin MediaCompositing
LogPluginManager: Mounting plugin WebMMedia
LogPluginManager: Mounting plugin WmfMedia
LogPluginManager: Mounting plugin UdpMessaging
LogPluginManager: Mounting plugin TcpMessaging
LogPluginManager: Mounting plugin ActorSequence
LogPluginManager: Mounting plugin LevelSequenceEditor
LogPluginManager: Mounting plugin MatineeToLevelSequence
LogPluginManager: Mounting plugin TemplateSequence
LogPluginManager: Mounting plugin MediaPlayerEditor
LogPluginManager: Mounting plugin OnlineSubsystemNull
LogPluginManager: Mounting plugin OnlineSubsystem
LogPluginManager: Mounting plugin OnlineSubsystemUtils
LogPluginManager: Mounting plugin LauncherChunkInstaller
LogPluginManager: Mounting plugin ActorLayerUtilities
LogPluginManager: Mounting plugin AndroidDeviceProfileSelector
LogPluginManager: Mounting plugin AndroidMoviePlayer
LogPluginManager: Mounting plugin AndroidPermission
LogPluginManager: Mounting plugin AppleImageUtils
LogPluginManager: Mounting plugin AppleMoviePlayer
LogPluginManager: Mounting plugin ArchVisCharacter
LogPluginManager: Mounting plugin AssetTags
LogPluginManager: Mounting plugin CableComponent
LogPluginManager: Mounting plugin AudioCapture
LogPluginManager: Mounting plugin CustomMeshComponent
LogPluginManager: Mounting plugin AudioSynesthesia
LogPluginManager: Mounting plugin RiderSourceCodeAccess
LogPluginManager: Mounting plugin EditableMesh
LogPluginManager: Mounting plugin ExampleDeviceProfileSelector
LogPluginManager: Mounting plugin GoogleCloudMessaging
LogPluginManager: Mounting plugin GooglePAD
LogPluginManager: Mounting plugin IOSDeviceProfileSelector
LogPluginManager: Mounting plugin LinuxDeviceProfileSelector
LogPluginManager: Mounting plugin LocationServicesBPLibrary
LogPluginManager: Mounting plugin MobilePatchingUtils
LogPluginManager: Mounting plugin OpenXR
LogPluginManager: Mounting plugin OpenXREyeTracker
LogPluginManager: Mounting plugin OpenXRHandTracking
LogPluginManager: Mounting plugin PhysXVehicles
LogPluginManager: Mounting plugin PostSplashScreen
LogPluginManager: Mounting plugin ProceduralMeshComponent
LogPluginManager: Mounting plugin PropertyAccessEditor
LogPluginManager: Mounting plugin SignificanceManager
LogPluginManager: Mounting plugin RuntimePhysXCooking
LogPluginManager: Mounting plugin SoundFields
LogPluginManager: Mounting plugin Synthesis
LogPluginManager: Mounting plugin WebMMoviePlayer
LogPluginManager: Mounting plugin WindowsMoviePlayer
LogPluginManager: Mounting plugin ScreenshotTools
LogPluginManager: Mounting plugin Takes
LogPluginManager: Mounting plugin ChunkDownloader
LogPluginManager: Mounting plugin ContentBrowserAssetDataSource
LogPluginManager: Mounting plugin ContentBrowserClassDataSource
LogPluginManager: Mounting plugin ContentBrowserFileDataSource
LogPluginManager: Mounting plugin OnlineSubsystemIOS
LogPluginManager: Mounting plugin OculusVR
LogPluginManager: Mounting plugin SteamVR
PixWinPlugin: PIX capture plugin failed to initialize! Check that the process is launched from PIX.
LogInit: Using libcurl 7.55.1-DEV
LogInit:  - built for x86_64-pc-win32
LogInit:  - supports SSL with OpenSSL/1.1.1
LogInit:  - supports HTTP deflate (compression) using libz 1.2.8
LogInit:  - other features:
LogInit:      CURL_VERSION_SSL
LogInit:      CURL_VERSION_LIBZ
LogInit:      CURL_VERSION_IPV6
LogInit:      CURL_VERSION_ASYNCHDNS
LogInit:      CURL_VERSION_LARGEFILE
LogInit:      CURL_VERSION_IDN
LogInit:  CurlRequestOptions (configurable via config and command line):
LogInit:  - bVerifyPeer = true  - Libcurl will verify peer certificate
LogInit:  - bUseHttpProxy = false  - Libcurl will NOT use HTTP proxy
LogInit:  - bDontReuseConnections = false  - Libcurl will reuse connections
LogInit:  - MaxHostConnections = 16  - Libcurl will limit the number of connections to a host
LogInit:  - LocalHostAddr = Default
LogInit:  - BufferSize = 65536
LogOnline: OSS: Creating online subsystem instance for: NULL
LogInit: WinSock: version 1.1 (2.2), MaxSocks=32767, MaxUdp=65467
LogOnline: OSS: TryLoadSubsystemAndSetDefault: Loaded subsystem for module [NULL]
LogOculusPluginWrapper: OculusPlugin initialized successfully
LogHMD: FOculusHMDModule PreInit successfully
LogInit: Build: ++UE4+Release-4.27-CL-18319896
LogInit: Engine Version: 4.27.2-18319896+++UE4+Release-4.27
LogInit: Compatible Engine Version: 4.27.0-17155196+++UE4+Release-4.27
LogInit: Net CL: 17155196
LogInit: OS: Windows 10 (Release 2009) (), CPU: Intel(R) Core(TM) i7-9750H CPU @ 2.60GHz, GPU: Intel(R) UHD Graphics 630
LogInit: Compiled (64-bit): Nov 30 2021 07:12:08
LogInit: Compiled with Visual C++: 19.24.28315.00
LogInit: Build Configuration: Development
LogInit: Branch Name: ++UE4+Release-4.27
LogInit: Command Line:  127.0.0.1:17777 -game -PIEVIACONSOLE -Multiprocess "GameUserSettingsINI=C:/Users/SLATE 15/Documents/GitHub/Hannah-Ashna.github.io/FYP-Prototype/PrototypeV5/Saved/Config/Windows/PIEGameUserSettings1.ini" -MultiprocessSaveConfig -forcepassthrough -messaging -SessionName="Play in Standalone Game" -windowed -WinX=0 -WinY=35 SAVEWINPOS=1 -ResX=640 -ResY=480
LogInit: Base Directory: C:/Program Files/Epic Games/UE_4.27/Engine/Binaries/Win64/
LogInit: Allocator: TBB
LogInit: Installed Engine Build: 1
LogDevObjectVersion: Number of dev versions registered: 29
LogDevObjectVersion:   Dev-Blueprints (B0D832E4-1F89-4F0D-ACCF-7EB736FD4AA2): 10
LogDevObjectVersion:   Dev-Build (E1C64328-A22C-4D53-A36C-8E866417BD8C): 0
LogDevObjectVersion:   Dev-Core (375EC13C-06E4-48FB-B500-84F0262A717E): 4
LogDevObjectVersion:   Dev-Editor (E4B068ED-F494-42E9-A231-DA0B2E46BB41): 40
LogDevObjectVersion:   Dev-Framework (CFFC743F-43B0-4480-9391-14DF171D2073): 37
LogDevObjectVersion:   Dev-Mobile (B02B49B5-BB20-44E9-A304-32B752E40360): 3
LogDevObjectVersion:   Dev-Networking (A4E4105C-59A1-49B5-A7C5-40C4547EDFEE): 0
LogDevObjectVersion:   Dev-Online (39C831C9-5AE6-47DC-9A44-9C173E1C8E7C): 0
LogDevObjectVersion:   Dev-Physics (78F01B33-EBEA-4F98-B9B4-84EACCB95AA2): 14
LogDevObjectVersion:   Dev-Platform (6631380F-2D4D-43E0-8009-CF276956A95A): 0
LogDevObjectVersion:   Dev-Rendering (12F88B9F-8875-4AFC-A67C-D90C383ABD29): 45
LogDevObjectVersion:   Dev-Sequencer (7B5AE74C-D270-4C10-A958-57980B212A5A): 13
LogDevObjectVersion:   Dev-VR (D7296918-1DD6-4BDD-9DE2-64A83CC13884): 3
LogDevObjectVersion:   Dev-LoadTimes (C2A15278-BFE7-4AFE-6C17-90FF531DF755): 1
LogDevObjectVersion:   Private-Geometry (6EACA3D4-40EC-4CC1-B786-8BED09428FC5): 3
LogDevObjectVersion:   Dev-AnimPhys (29E575DD-E0A3-4627-9D10-D276232CDCEA): 17
LogDevObjectVersion:   Dev-Anim (AF43A65D-7FD3-4947-9873-3E8ED9C1BB05): 15
LogDevObjectVersion:   Dev-ReflectionCapture (6B266CEC-1EC7-4B8F-A30B-E4D90942FC07): 1
LogDevObjectVersion:   Dev-Automation (0DF73D61-A23F-47EA-B727-89E90C41499A): 1
LogDevObjectVersion:   FortniteMain (601D1886-AC64-4F84-AA16-D3DE0DEAC7D6): 47
LogDevObjectVersion:   FortniteRelease (E7086368-6B23-4C58-8439-1B7016265E91): 1
LogDevObjectVersion:   Dev-Enterprise (9DFFBCD6-494F-0158-E221-12823C92A888): 10
LogDevObjectVersion:   Dev-Niagara (F2AED0AC-9AFE-416F-8664-AA7FFA26D6FC): 1
LogDevObjectVersion:   Dev-Destruction (174F1F0B-B4C6-45A5-B13F-2EE8D0FB917D): 10
LogDevObjectVersion:   Dev-Physics-Ext (35F94A83-E258-406C-A318-09F59610247C): 41
LogDevObjectVersion:   Dev-PhysicsMaterial-Chaos (B68FC16E-8B1B-42E2-B453-215C058844FE): 1
LogDevObjectVersion:   Dev-CineCamera (B2E18506-4273-CFC2-A54E-F4BB758BBA07): 1
LogDevObjectVersion:   Dev-VirtualProduction (64F58936-FD1B-42BA-BA96-7289D5D0FA4E): 1
LogDevObjectVersion:   Dev-MediaFramework (6F0ED827-A609-4895-9C91-998D90180EA4): 2
LogInit: Presizing for max 25165824 objects, including 0 objects not considered by GC, pre-allocating 0 bytes for permanent pool.
LogConfig: Applying CVar settings from Section [/Script/Engine.StreamingSettings] File [C:/Users/SLATE 15/Documents/GitHub/Hannah-Ashna.github.io/FYP-Prototype/PrototypeV5/Saved/Config/Windows/Engine.ini]
LogConfig: Setting CVar [[s.MinBulkDataSizeForAsyncLoading:131072]]
LogConfig: Setting CVar [[s.AsyncLoadingThreadEnabled:0]]
LogConfig: Setting CVar [[s.EventDrivenLoaderEnabled:1]]
LogConfig: Setting CVar [[s.WarnIfTimeLimitExceeded:0]]
LogConfig: Setting CVar [[s.TimeLimitExceededMultiplier:1.5]]
LogConfig: Setting CVar [[s.TimeLimitExceededMinTime:0.005]]
LogConfig: Setting CVar [[s.UseBackgroundLevelStreaming:1]]
LogConfig: Setting CVar [[s.PriorityAsyncLoadingExtraTime:15.0]]
LogConfig: Setting CVar [[s.LevelStreamingActorsUpdateTimeLimit:5.0]]
LogConfig: Setting CVar [[s.PriorityLevelStreamingActorsUpdateExtraTime:5.0]]
LogConfig: Setting CVar [[s.LevelStreamingComponentsRegistrationGranularity:10]]
LogConfig: Setting CVar [[s.UnregisterComponentsTimeLimit:1.0]]
LogConfig: Setting CVar [[s.LevelStreamingComponentsUnregistrationGranularity:5]]
LogConfig: Setting CVar [[s.FlushStreamingOnExit:1]]
LogInit: Object subsystem initialized
LogConfig: Setting CVar [[con.DebugEarlyDefault:1]]
LogConfig: Setting CVar [[r.setres:1280x720]]
[2023.01.15-16.20.33:539][  0]LogConfig: Setting CVar [[con.DebugEarlyDefault:1]]
[2023.01.15-16.20.33:539][  0]LogConfig: Setting CVar [[r.setres:1280x720]]
[2023.01.15-16.20.33:539][  0]LogConfig: Applying CVar settings from Section [/Script/Engine.RendererSettings] File [C:/Users/SLATE 15/Documents/GitHub/Hannah-Ashna.github.io/FYP-Prototype/PrototypeV5/Saved/Config/Windows/Engine.ini]
[2023.01.15-16.20.33:539][  0]LogConfig: Setting CVar [[r.GPUCrashDebugging:0]]
[2023.01.15-16.20.33:539][  0]LogConfig: Setting CVar [[r.Mobile.DisableVertexFog:1]]
[2023.01.15-16.20.33:539][  0]LogConfig: Setting CVar [[r.Shadow.CSM.MaxMobileCascades:2]]
[2023.01.15-16.20.33:539][  0]LogConfig: Setting CVar [[r.MobileMSAA:1]]
[2023.01.15-16.20.33:539][  0]LogConfig: Setting CVar [[r.Mobile.AllowDitheredLODTransition:0]]
[2023.01.15-16.20.33:539][  0]LogConfig: Setting CVar [[r.Mobile.AllowSoftwareOcclusion:0]]
[2023.01.15-16.20.33:539][  0]LogConfig: Setting CVar [[r.Mobile.VirtualTextures:0]]
[2023.01.15-16.20.33:539][  0]LogConfig: Setting CVar [[r.DiscardUnusedQuality:0]]
[2023.01.15-16.20.33:540][  0]LogConfig: Setting CVar [[r.AllowOcclusionQueries:1]]
[2023.01.15-16.20.33:540][  0]LogConfig: Setting CVar [[r.MinScreenRadiusForLights:0.030000]]
[2023.01.15-16.20.33:540][  0]LogConfig: Setting CVar [[r.MinScreenRadiusForDepthPrepass:0.030000]]
[2023.01.15-16.20.33:540][  0]LogConfig: Setting CVar [[r.MinScreenRadiusForCSMDepth:0.010000]]
[2023.01.15-16.20.33:540][  0]LogConfig: Setting CVar [[r.PrecomputedVisibilityWarning:0]]
[2023.01.15-16.20.33:540][  0]LogConfig: Setting CVar [[r.TextureStreaming:1]]
[2023.01.15-16.20.33:540][  0]LogConfig: Setting CVar [[Compat.UseDXT5NormalMaps:0]]
[2023.01.15-16.20.33:540][  0]LogConfig: Setting CVar [[r.VirtualTextures:0]]
[2023.01.15-16.20.33:540][  0]LogConfig: Setting CVar [[r.VT.EnableAutoImport:1]]
[2023.01.15-16.20.33:540][  0]LogConfig: Setting CVar [[r.VirtualTexturedLightmaps:0]]
[2023.01.15-16.20.33:540][  0]LogConfig: Setting CVar [[r.VT.TileSize:128]]
[2023.01.15-16.20.33:540][  0]LogConfig: Setting CVar [[r.VT.TileBorderSize:4]]
[2023.01.15-16.20.33:540][  0]LogConfig: Setting CVar [[r.vt.FeedbackFactor:16]]
[2023.01.15-16.20.33:540][  0]LogConfig: Setting CVar [[r.VT.EnableCompressZlib:1]]
[2023.01.15-16.20.33:540][  0]LogConfig: Setting CVar [[r.VT.EnableCompressCrunch:0]]
[2023.01.15-16.20.33:540][  0]LogConfig: Setting CVar [[r.ClearCoatNormal:0]]
[2023.01.15-16.20.33:540][  0]LogConfig: Setting CVar [[r.ReflectionCaptureResolution:128]]
[2023.01.15-16.20.33:540][  0]LogConfig: Setting CVar [[r.Mobile.ReflectionCaptureCompression:0]]
[2023.01.15-16.20.33:540][  0]LogConfig: Setting CVar [[r.ReflectionEnvironmentLightmapMixBasedOnRoughness:1]]
[2023.01.15-16.20.33:540][  0]LogConfig: Setting CVar [[r.ForwardShading:1]]
[2023.01.15-16.20.33:540][  0]LogConfig: Setting CVar [[r.VertexFoggingForOpaque:1]]
[2023.01.15-16.20.33:540][  0]LogConfig: Setting CVar [[r.AllowStaticLighting:1]]
[2023.01.15-16.20.33:540][  0]LogConfig: Setting CVar [[r.NormalMapsForStaticLighting:0]]
[2023.01.15-16.20.33:540][  0]LogConfig: Setting CVar [[r.GenerateMeshDistanceFields:0]]
[2023.01.15-16.20.33:540][  0]LogConfig: Setting CVar [[r.DistanceFieldBuild.EightBit:0]]
[2023.01.15-16.20.33:540][  0]LogConfig: Setting CVar [[r.GenerateLandscapeGIData:0]]
[2023.01.15-16.20.33:540][  0]LogConfig: Setting CVar [[r.DistanceFieldBuild.Compress:0]]
[2023.01.15-16.20.33:540][  0]LogConfig: Setting CVar [[r.TessellationAdaptivePixelsPerTriangle:48.000000]]
[2023.01.15-16.20.33:540][  0]LogConfig: Setting CVar [[r.SeparateTranslucency:0]]
[2023.01.15-16.20.33:540][  0]LogConfig: Setting CVar [[r.TranslucentSortPolicy:0]]
[2023.01.15-16.20.33:540][  0]LogConfig: Setting CVar [[vr.VRS.HMDFixedFoveationLevel:2]]
[2023.01.15-16.20.33:540][  0]LogConfig: Setting CVar [[r.CustomDepth:1]]
[2023.01.15-16.20.33:540][  0]LogConfig: Setting CVar [[r.CustomDepthTemporalAAJitter:1]]
[2023.01.15-16.20.33:540][  0]LogConfig: Setting CVar [[r.PostProcessing.PropagateAlpha:0]]
[2023.01.15-16.20.33:540][  0]LogConfig: Setting CVar [[r.DefaultFeature.Bloom:0]]
[2023.01.15-16.20.33:540][  0]LogConfig: Setting CVar [[r.DefaultFeature.AmbientOcclusion:0]]
[2023.01.15-16.20.33:540][  0]LogConfig: Setting CVar [[r.DefaultFeature.AmbientOcclusionStaticFraction:1]]
[2023.01.15-16.20.33:540][  0]LogConfig: Setting CVar [[r.DefaultFeature.AutoExposure:0]]
[2023.01.15-16.20.33:540][  0]LogConfig: Setting CVar [[r.DefaultFeature.AutoExposure.Method:0]]
[2023.01.15-16.20.33:540][  0]LogConfig: Setting CVar [[r.DefaultFeature.AutoExposure.Bias:1.000000]]
[2023.01.15-16.20.33:540][  0]LogConfig: Setting CVar [[r.DefaultFeature.AutoExposure.ExtendDefaultLuminanceRange:0]]
[2023.01.15-16.20.33:540][  0]LogConfig: Setting CVar [[r.UsePreExposure:1]]
[2023.01.15-16.20.33:540][  0]LogConfig: Setting CVar [[r.EyeAdaptation.EditorOnly:0]]
[2023.01.15-16.20.33:540][  0]LogConfig: Setting CVar [[r.DefaultFeature.MotionBlur:0]]
[2023.01.15-16.20.33:540][  0]LogConfig: Setting CVar [[r.DefaultFeature.LensFlare:0]]
[2023.01.15-16.20.33:540][  0]LogConfig: Setting CVar [[r.TemporalAA.Upsampling:0]]
[2023.01.15-16.20.33:540][  0]LogConfig: Setting CVar [[r.SSGI.Enable:0]]
[2023.01.15-16.20.33:540][  0]LogConfig: Setting CVar [[r.DefaultFeature.AntiAliasing:0]]
[2023.01.15-16.20.33:540][  0]LogConfig: Setting CVar [[r.DefaultFeature.LightUnits:1]]
[2023.01.15-16.20.33:540][  0]LogConfig: Setting CVar [[r.DefaultBackBufferPixelFormat:4]]
[2023.01.15-16.20.33:540][  0]LogConfig: Setting CVar [[r.Shadow.UnbuiltPreviewInGame:1]]
[2023.01.15-16.20.33:540][  0]LogConfig: Setting CVar [[r.StencilForLODDither:0]]
[2023.01.15-16.20.33:540][  0]LogConfig: Setting CVar [[r.EarlyZPass:3]]
[2023.01.15-16.20.33:540][  0]LogConfig: Setting CVar [[r.EarlyZPassOnlyMaterialMasking:0]]
[2023.01.15-16.20.33:540][  0]LogConfig: Setting CVar [[r.DBuffer:1]]
[2023.01.15-16.20.33:540][  0]LogConfig: Setting CVar [[r.ClearSceneMethod:1]]
[2023.01.15-16.20.33:540][  0]LogConfig: Setting CVar [[r.BasePassOutputsVelocity:0]]
[2023.01.15-16.20.33:540][  0]LogConfig: Setting CVar [[r.VertexDeformationOutputsVelocity:0]]
[2023.01.15-16.20.33:540][  0]LogConfig: Setting CVar [[r.SelectiveBasePassOutputs:0]]
[2023.01.15-16.20.33:540][  0]LogConfig: Setting CVar [[fx.GPUSimulationTextureSizeX:1024]]
[2023.01.15-16.20.33:540][  0]LogConfig: Setting CVar [[fx.GPUSimulationTextureSizeY:1024]]
[2023.01.15-16.20.33:540][  0]LogConfig: Setting CVar [[r.AllowGlobalClipPlane:0]]
[2023.01.15-16.20.33:540][  0]LogConfig: Setting CVar [[r.GBufferFormat:1]]
[2023.01.15-16.20.33:540][  0]LogConfig: Setting CVar [[r.MorphTarget.Mode:1]]
[2023.01.15-16.20.33:540][  0]LogConfig: Setting CVar [[vr.InstancedStereo:1]]
[2023.01.15-16.20.33:540][  0]LogConfig: Setting CVar [[r.MobileHDR:0]]
[2023.01.15-16.20.33:540][  0]LogConfig: Setting CVar [[vr.MobileMultiView:1]]
[2023.01.15-16.20.33:540][  0]LogConfig: Setting CVar [[r.Mobile.UseHWsRGBEncoding:1]]
[2023.01.15-16.20.33:540][  0]LogConfig: Setting CVar [[vr.RoundRobinOcclusion:1]]
[2023.01.15-16.20.33:540][  0]LogConfig: Setting CVar [[vr.ODSCapture:0]]
[2023.01.15-16.20.33:540][  0]LogConfig: Setting CVar [[r.MeshStreaming:0]]
[2023.01.15-16.20.33:540][  0]LogConfig: Setting CVar [[r.WireframeCullThreshold:5.000000]]
[2023.01.15-16.20.33:540][  0]LogConfig: Setting CVar [[r.RayTracing:0]]
[2023.01.15-16.20.33:540][  0]LogConfig: Setting CVar [[r.RayTracing.UseTextureLod:0]]
[2023.01.15-16.20.33:541][  0]LogConfig: Setting CVar [[r.SupportStationarySkylight:0]]
[2023.01.15-16.20.33:541][  0]LogConfig: Setting CVar [[r.SupportLowQualityLightmaps:1]]
[2023.01.15-16.20.33:541][  0]LogConfig: Setting CVar [[r.SupportPointLightWholeSceneShadows:1]]
[2023.01.15-16.20.33:541][  0]LogConfig: Setting CVar [[r.SupportAtmosphericFog:0]]
[2023.01.15-16.20.33:541][  0]LogConfig: Setting CVar [[r.SupportSkyAtmosphere:0]]
[2023.01.15-16.20.33:541][  0]LogConfig: Setting CVar [[r.SupportSkyAtmosphereAffectsHeightFog:0]]
[2023.01.15-16.20.33:541][  0]LogConfig: Setting CVar [[r.SkinCache.CompileShaders:0]]
[2023.01.15-16.20.33:541][  0]LogConfig: Setting CVar [[r.SkinCache.DefaultBehavior:1]]
[2023.01.15-16.20.33:541][  0]LogConfig: Setting CVar [[r.SkinCache.SceneMemoryLimitInMB:128.000000]]
[2023.01.15-16.20.33:541][  0]LogConfig: Setting CVar [[r.Mobile.EnableStaticAndCSMShadowReceivers:1]]
[2023.01.15-16.20.33:541][  0]LogConfig: Setting CVar [[r.Mobile.EnableMovableLightCSMShaderCulling:1]]
[2023.01.15-16.20.33:541][  0]LogConfig: Setting CVar [[r.Mobile.AllowDistanceFieldShadows:1]]
[2023.01.15-16.20.33:541][  0]LogConfig: Setting CVar [[r.Mobile.AllowMovableDirectionalLights:1]]
[2023.01.15-16.20.33:541][  0]LogConfig: Setting CVar [[r.MobileNumDynamicPointLights:4]]
[2023.01.15-16.20.33:541][  0]LogConfig: Setting CVar [[r.MobileDynamicPointLightsUseStaticBranch:1]]
[2023.01.15-16.20.33:541][  0]LogConfig: Setting CVar [[r.Mobile.EnableMovableSpotlights:0]]
[2023.01.15-16.20.33:541][  0]LogConfig: Setting CVar [[r.Mobile.EnableMovableSpotlightsShadow:0]]
[2023.01.15-16.20.33:541][  0]LogConfig: Setting CVar [[r.GPUSkin.Support16BitBoneIndex:0]]
[2023.01.15-16.20.33:541][  0]LogConfig: Setting CVar [[r.GPUSkin.Limit2BoneInfluences:0]]
[2023.01.15-16.20.33:541][  0]LogConfig: Setting CVar [[r.SupportDepthOnlyIndexBuffers:1]]
[2023.01.15-16.20.33:541][  0]LogConfig: Setting CVar [[r.SupportReversedIndexBuffers:1]]
[2023.01.15-16.20.33:541][  0]LogConfig: Setting CVar [[r.LightPropagationVolume:0]]
[2023.01.15-16.20.33:541][  0]LogConfig: Setting CVar [[r.Mobile.AmbientOcclusion:0]]
[2023.01.15-16.20.33:541][  0]LogConfig: Setting CVar [[r.GPUSkin.UnlimitedBoneInfluences:0]]
[2023.01.15-16.20.33:541][  0]LogConfig: Setting CVar [[r.GPUSkin.UnlimitedBoneInfluencesThreshold:8]]
[2023.01.15-16.20.33:541][  0]LogConfig: Setting CVar [[r.Mobile.PlanarReflectionMode:0]]
[2023.01.15-16.20.33:541][  0]LogConfig: Setting CVar [[r.Mobile.SupportsGen4TAA:0]]
[2023.01.15-16.20.33:541][  0]LogConfig: Applying CVar settings from Section [/Script/Engine.RendererOverrideSettings] File [C:/Users/SLATE 15/Documents/GitHub/Hannah-Ashna.github.io/FYP-Prototype/PrototypeV5/Saved/Config/Windows/Engine.ini]
[2023.01.15-16.20.33:541][  0]LogConfig: Applying CVar settings from Section [/Script/Engine.StreamingSettings] File [C:/Users/SLATE 15/Documents/GitHub/Hannah-Ashna.github.io/FYP-Prototype/PrototypeV5/Saved/Config/Windows/Engine.ini]
[2023.01.15-16.20.33:541][  0]LogConfig: Setting CVar [[s.MinBulkDataSizeForAsyncLoading:131072]]
[2023.01.15-16.20.33:541][  0]LogConfig: Setting CVar [[s.AsyncLoadingThreadEnabled:0]]
[2023.01.15-16.20.33:541][  0]LogConfig: Setting CVar [[s.EventDrivenLoaderEnabled:1]]
[2023.01.15-16.20.33:541][  0]LogConfig: Setting CVar [[s.WarnIfTimeLimitExceeded:0]]
[2023.01.15-16.20.33:541][  0]LogConfig: Setting CVar [[s.TimeLimitExceededMultiplier:1.5]]
[2023.01.15-16.20.33:541][  0]LogConfig: Setting CVar [[s.TimeLimitExceededMinTime:0.005]]
[2023.01.15-16.20.33:541][  0]LogConfig: Setting CVar [[s.UseBackgroundLevelStreaming:1]]
[2023.01.15-16.20.33:541][  0]LogConfig: Setting CVar [[s.PriorityAsyncLoadingExtraTime:15.0]]
[2023.01.15-16.20.33:541][  0]LogConfig: Setting CVar [[s.LevelStreamingActorsUpdateTimeLimit:5.0]]
[2023.01.15-16.20.33:541][  0]LogConfig: Setting CVar [[s.PriorityLevelStreamingActorsUpdateExtraTime:5.0]]
[2023.01.15-16.20.33:541][  0]LogConfig: Setting CVar [[s.LevelStreamingComponentsRegistrationGranularity:10]]
[2023.01.15-16.20.33:541][  0]LogConfig: Setting CVar [[s.UnregisterComponentsTimeLimit:1.0]]
[2023.01.15-16.20.33:541][  0]LogConfig: Setting CVar [[s.LevelStreamingComponentsUnregistrationGranularity:5]]
[2023.01.15-16.20.33:541][  0]LogConfig: Setting CVar [[s.FlushStreamingOnExit:1]]
[2023.01.15-16.20.33:541][  0]LogConfig: Applying CVar settings from Section [/Script/Engine.GarbageCollectionSettings] File [C:/Users/SLATE 15/Documents/GitHub/Hannah-Ashna.github.io/FYP-Prototype/PrototypeV5/Saved/Config/Windows/Engine.ini]
[2023.01.15-16.20.33:541][  0]LogConfig: Setting CVar [[gc.MaxObjectsNotConsideredByGC:1]]
[2023.01.15-16.20.33:541][  0]LogConfig: Setting CVar [[gc.SizeOfPermanentObjectPool:0]]
[2023.01.15-16.20.33:541][  0]LogConfig: Setting CVar [[gc.FlushStreamingOnGC:0]]
[2023.01.15-16.20.33:541][  0]LogConfig: Setting CVar [[gc.NumRetriesBeforeForcingGC:10]]
[2023.01.15-16.20.33:541][  0]LogConfig: Setting CVar [[gc.AllowParallelGC:1]]
[2023.01.15-16.20.33:541][  0]LogConfig: Setting CVar [[gc.TimeBetweenPurgingPendingKillObjects:61.1]]
[2023.01.15-16.20.33:541][  0]LogConfig: Setting CVar [[gc.MaxObjectsInEditor:25165824]]
[2023.01.15-16.20.33:541][  0]LogConfig: Setting CVar [[gc.IncrementalBeginDestroyEnabled:1]]
[2023.01.15-16.20.33:541][  0]LogConfig: Setting CVar [[gc.CreateGCClusters:1]]
[2023.01.15-16.20.33:541][  0]LogConfig: Setting CVar [[gc.MinGCClusterSize:5]]
[2023.01.15-16.20.33:541][  0]LogConfig: Setting CVar [[gc.ActorClusteringEnabled:0]]
[2023.01.15-16.20.33:541][  0]LogConfig: Setting CVar [[gc.BlueprintClusteringEnabled:0]]
[2023.01.15-16.20.33:541][  0]LogConfig: Setting CVar [[gc.UseDisregardForGCOnDedicatedServers:0]]
[2023.01.15-16.20.33:541][  0]LogConfig: Setting CVar [[gc.MultithreadedDestructionEnabled:1]]
[2023.01.15-16.20.33:541][  0]LogConfig: Applying CVar settings from Section [/Script/Engine.NetworkSettings] File [C:/Users/SLATE 15/Documents/GitHub/Hannah-Ashna.github.io/FYP-Prototype/PrototypeV5/Saved/Config/Windows/Engine.ini]
[2023.01.15-16.20.33:541][  0]LogConfig: Applying CVar settings from Section [/Script/UnrealEd.CookerSettings] File [C:/Users/SLATE 15/Documents/GitHub/Hannah-Ashna.github.io/FYP-Prototype/PrototypeV5/Saved/Config/Windows/Engine.ini]
[2023.01.15-16.20.33:572][  0]LogConfig: Applying CVar settings from Section [ViewDistanceQuality@3] File [C:/Users/SLATE 15/Documents/GitHub/Hannah-Ashna.github.io/FYP-Prototype/PrototypeV5/Saved/Config/Windows/Scalability.ini]
[2023.01.15-16.20.33:572][  0]LogConfig: Setting CVar [[r.SkeletalMeshLODBias:0]]
[2023.01.15-16.20.33:572][  0]LogConfig: Setting CVar [[r.ViewDistanceScale:1.0]]
[2023.01.15-16.20.33:572][  0]LogConfig: Applying CVar settings from Section [AntiAliasingQuality@3] File [C:/Users/SLATE 15/Documents/GitHub/Hannah-Ashna.github.io/FYP-Prototype/PrototypeV5/Saved/Config/Windows/Scalability.ini]
[2023.01.15-16.20.33:572][  0]LogConfig: Setting CVar [[r.PostProcessAAQuality:4]]
[2023.01.15-16.20.33:572][  0]LogConfig: Applying CVar settings from Section [ShadowQuality@3] File [C:/Users/SLATE 15/Documents/GitHub/Hannah-Ashna.github.io/FYP-Prototype/PrototypeV5/Saved/Config/Windows/Scalability.ini]
[2023.01.15-16.20.33:572][  0]LogConfig: Setting CVar [[r.LightFunctionQuality:1]]
[2023.01.15-16.20.33:572][  0]LogConfig: Setting CVar [[r.ShadowQuality:5]]
[2023.01.15-16.20.33:572][  0]LogConfig: Setting CVar [[r.Shadow.CSM.MaxCascades:10]]
[2023.01.15-16.20.33:572][  0]LogConfig: Setting CVar [[r.Shadow.MaxResolution:2048]]
[2023.01.15-16.20.33:572][  0]LogConfig: Setting CVar [[r.Shadow.MaxCSMResolution:2048]]
[2023.01.15-16.20.33:572][  0]LogConfig: Setting CVar [[r.Shadow.RadiusThreshold:0.01]]
[2023.01.15-16.20.33:572][  0]LogConfig: Setting CVar [[r.Shadow.DistanceScale:1.0]]
[2023.01.15-16.20.33:572][  0]LogConfig: Setting CVar [[r.Shadow.CSM.TransitionScale:1.0]]
[2023.01.15-16.20.33:572][  0]LogConfig: Setting CVar [[r.Shadow.PreShadowResolutionFactor:1.0]]
[2023.01.15-16.20.33:572][  0]LogConfig: Setting CVar [[r.DistanceFieldShadowing:1]]
[2023.01.15-16.20.33:572][  0]LogConfig: Setting CVar [[r.DistanceFieldAO:1]]
[2023.01.15-16.20.33:572][  0]LogConfig: Setting CVar [[r.AOQuality:2]]
[2023.01.15-16.20.33:572][  0]LogConfig: Setting CVar [[r.VolumetricFog:1]]
[2023.01.15-16.20.33:572][  0]LogConfig: Setting CVar [[r.VolumetricFog.GridPixelSize:8]]
[2023.01.15-16.20.33:572][  0]LogConfig: Setting CVar [[r.VolumetricFog.GridSizeZ:128]]
[2023.01.15-16.20.33:572][  0]LogConfig: Setting CVar [[r.VolumetricFog.HistoryMissSupersampleCount:4]]
[2023.01.15-16.20.33:572][  0]LogConfig: Setting CVar [[r.LightMaxDrawDistanceScale:1]]
[2023.01.15-16.20.33:572][  0]LogConfig: Setting CVar [[r.CapsuleShadows:1]]
[2023.01.15-16.20.33:572][  0]LogConfig: Applying CVar settings from Section [PostProcessQuality@3] File [C:/Users/SLATE 15/Documents/GitHub/Hannah-Ashna.github.io/FYP-Prototype/PrototypeV5/Saved/Config/Windows/Scalability.ini]
[2023.01.15-16.20.33:572][  0]LogConfig: Setting CVar [[r.MotionBlurQuality:4]]
[2023.01.15-16.20.33:572][  0]LogConfig: Setting CVar [[r.AmbientOcclusionMipLevelFactor:0.4]]
[2023.01.15-16.20.33:572][  0]LogConfig: Setting CVar [[r.AmbientOcclusionMaxQuality:100]]
[2023.01.15-16.20.33:572][  0]LogConfig: Setting CVar [[r.AmbientOcclusionLevels:-1]]
[2023.01.15-16.20.33:572][  0]LogConfig: Setting CVar [[r.AmbientOcclusionRadiusScale:1.0]]
[2023.01.15-16.20.33:572][  0]LogConfig: Setting CVar [[r.DepthOfFieldQuality:2]]
[2023.01.15-16.20.33:572][  0]LogConfig: Setting CVar [[r.RenderTargetPoolMin:400]]
[2023.01.15-16.20.33:572][  0]LogConfig: Setting CVar [[r.LensFlareQuality:2]]
[2023.01.15-16.20.33:572][  0]LogConfig: Setting CVar [[r.SceneColorFringeQuality:1]]
[2023.01.15-16.20.33:572][  0]LogConfig: Setting CVar [[r.EyeAdaptationQuality:2]]
[2023.01.15-16.20.33:572][  0]LogConfig: Setting CVar [[r.BloomQuality:5]]
[2023.01.15-16.20.33:572][  0]LogConfig: Setting CVar [[r.FastBlurThreshold:100]]
[2023.01.15-16.20.33:572][  0]LogConfig: Setting CVar [[r.Upscale.Quality:3]]
[2023.01.15-16.20.33:572][  0]LogConfig: Setting CVar [[r.Tonemapper.GrainQuantization:1]]
[2023.01.15-16.20.33:572][  0]LogConfig: Setting CVar [[r.LightShaftQuality:1]]
[2023.01.15-16.20.33:572][  0]LogConfig: Setting CVar [[r.Filter.SizeScale:1]]
[2023.01.15-16.20.33:572][  0]LogConfig: Setting CVar [[r.Tonemapper.Quality:5]]
[2023.01.15-16.20.33:572][  0]LogConfig: Setting CVar [[r.DOF.Gather.AccumulatorQuality:1        ; higher gathering accumulator quality]]
[2023.01.15-16.20.33:572][  0]LogConfig: Setting CVar [[r.DOF.Gather.PostfilterMethod:1          ; Median3x3 postfilering method]]
[2023.01.15-16.20.33:572][  0]LogConfig: Setting CVar [[r.DOF.Gather.EnableBokehSettings:0       ; no bokeh simulation when gathering]]
[2023.01.15-16.20.33:572][  0]LogConfig: Setting CVar [[r.DOF.Gather.RingCount:4                 ; medium number of samples when gathering]]
[2023.01.15-16.20.33:572][  0]LogConfig: Setting CVar [[r.DOF.Scatter.ForegroundCompositing:1    ; additive foreground scattering]]
[2023.01.15-16.20.33:572][  0]LogConfig: Setting CVar [[r.DOF.Scatter.BackgroundCompositing:2    ; additive background scattering]]
[2023.01.15-16.20.33:572][  0]LogConfig: Setting CVar [[r.DOF.Scatter.EnableBokehSettings:1      ; bokeh simulation when scattering]]
[2023.01.15-16.20.33:572][  0]LogConfig: Setting CVar [[r.DOF.Scatter.MaxSpriteRatio:0.1         ; only a maximum of 10% of scattered bokeh]]
[2023.01.15-16.20.33:572][  0]LogConfig: Setting CVar [[r.DOF.Recombine.Quality:1                ; cheap slight out of focus]]
[2023.01.15-16.20.33:573][  0]LogConfig: Setting CVar [[r.DOF.Recombine.EnableBokehSettings:0    ; no bokeh simulation on slight out of focus]]
[2023.01.15-16.20.33:573][  0]LogConfig: Setting CVar [[r.DOF.TemporalAAQuality:1                ; more stable temporal accumulation]]
[2023.01.15-16.20.33:573][  0]LogConfig: Setting CVar [[r.DOF.Kernel.MaxForegroundRadius:0.025]]
[2023.01.15-16.20.33:573][  0]LogConfig: Setting CVar [[r.DOF.Kernel.MaxBackgroundRadius:0.025]]
[2023.01.15-16.20.33:573][  0]LogConfig: Applying CVar settings from Section [TextureQuality@3] File [C:/Users/SLATE 15/Documents/GitHub/Hannah-Ashna.github.io/FYP-Prototype/PrototypeV5/Saved/Config/Windows/Scalability.ini]
[2023.01.15-16.20.33:573][  0]LogConfig: Setting CVar [[r.Streaming.MipBias:0]]
[2023.01.15-16.20.33:573][  0]LogConfig: Setting CVar [[r.Streaming.AmortizeCPUToGPUCopy:0]]
[2023.01.15-16.20.33:573][  0]LogConfig: Setting CVar [[r.Streaming.MaxNumTexturesToStreamPerFrame:0]]
[2023.01.15-16.20.33:573][  0]LogConfig: Setting CVar [[r.Streaming.Boost:1]]
[2023.01.15-16.20.33:573][  0]LogConfig: Setting CVar [[r.MaxAnisotropy:8]]
[2023.01.15-16.20.33:573][  0]LogConfig: Setting CVar [[r.VT.MaxAnisotropy:8]]
[2023.01.15-16.20.33:573][  0]LogConfig: Setting CVar [[r.Streaming.LimitPoolSizeToVRAM:0]]
[2023.01.15-16.20.33:573][  0]LogConfig: Setting CVar [[r.Streaming.PoolSize:1000]]
[2023.01.15-16.20.33:573][  0]LogConfig: Setting CVar [[r.Streaming.MaxEffectiveScreenSize:0]]
[2023.01.15-16.20.33:573][  0]LogConfig: Applying CVar settings from Section [EffectsQuality@3] File [C:/Users/SLATE 15/Documents/GitHub/Hannah-Ashna.github.io/FYP-Prototype/PrototypeV5/Saved/Config/Windows/Scalability.ini]
[2023.01.15-16.20.33:573][  0]LogConfig: Setting CVar [[r.TranslucencyLightingVolumeDim:64]]
[2023.01.15-16.20.33:573][  0]LogConfig: Setting CVar [[r.RefractionQuality:2]]
[2023.01.15-16.20.33:573][  0]LogConfig: Setting CVar [[r.SSR.Quality:3]]
[2023.01.15-16.20.33:573][  0]LogConfig: Setting CVar [[r.SSR.HalfResSceneColor:0]]
[2023.01.15-16.20.33:573][  0]LogConfig: Setting CVar [[r.SceneColorFormat:4]]
[2023.01.15-16.20.33:573][  0]LogConfig: Setting CVar [[r.DetailMode:2]]
[2023.01.15-16.20.33:573][  0]LogConfig: Setting CVar [[r.TranslucencyVolumeBlur:1]]
[2023.01.15-16.20.33:573][  0]LogConfig: Setting CVar [[r.MaterialQualityLevel:1 ; High quality]]
[2023.01.15-16.20.33:573][  0]LogConfig: Setting CVar [[r.AnisotropicMaterials:1]]
[2023.01.15-16.20.33:573][  0]LogConfig: Setting CVar [[r.SSS.Scale:1]]
[2023.01.15-16.20.33:573][  0]LogConfig: Setting CVar [[r.SSS.SampleSet:2]]
[2023.01.15-16.20.33:573][  0]LogConfig: Setting CVar [[r.SSS.Quality:1]]
[2023.01.15-16.20.33:573][  0]LogConfig: Setting CVar [[r.SSS.HalfRes:0]]
[2023.01.15-16.20.33:573][  0]LogConfig: Setting CVar [[r.SSGI.Quality:3]]
[2023.01.15-16.20.33:573][  0]LogConfig: Setting CVar [[r.EmitterSpawnRateScale:1.0]]
[2023.01.15-16.20.33:573][  0]LogConfig: Setting CVar [[r.ParticleLightQuality:2]]
[2023.01.15-16.20.33:573][  0]LogConfig: Setting CVar [[r.SkyAtmosphere.AerialPerspectiveLUT.FastApplyOnOpaque:1 ; Always have FastSkyLUT 1 in this case to avoid wrong sky]]
[2023.01.15-16.20.33:573][  0]LogConfig: Setting CVar [[r.SkyAtmosphere.AerialPerspectiveLUT.SampleCountMaxPerSlice:4]]
[2023.01.15-16.20.33:573][  0]LogConfig: Setting CVar [[r.SkyAtmosphere.AerialPerspectiveLUT.DepthResolution:16.0]]
[2023.01.15-16.20.33:573][  0]LogConfig: Setting CVar [[r.SkyAtmosphere.FastSkyLUT:1]]
[2023.01.15-16.20.33:573][  0]LogConfig: Setting CVar [[r.SkyAtmosphere.FastSkyLUT.SampleCountMin:4.0]]
[2023.01.15-16.20.33:573][  0]LogConfig: Setting CVar [[r.SkyAtmosphere.FastSkyLUT.SampleCountMax:128.0]]
[2023.01.15-16.20.33:573][  0]LogConfig: Setting CVar [[r.SkyAtmosphere.SampleCountMin:4.0]]
[2023.01.15-16.20.33:573][  0]LogConfig: Setting CVar [[r.SkyAtmosphere.SampleCountMax:128.0]]
[2023.01.15-16.20.33:573][  0]LogConfig: Setting CVar [[r.SkyAtmosphere.TransmittanceLUT.UseSmallFormat:0]]
[2023.01.15-16.20.33:573][  0]LogConfig: Setting CVar [[r.SkyAtmosphere.TransmittanceLUT.SampleCount:10.0]]
[2023.01.15-16.20.33:573][  0]LogConfig: Setting CVar [[r.SkyAtmosphere.MultiScatteringLUT.SampleCount:15.0]]
[2023.01.15-16.20.33:573][  0]LogConfig: Setting CVar [[r.SkyLight.RealTimeReflectionCapture:1]]
[2023.01.15-16.20.33:573][  0]LogConfig: Applying CVar settings from Section [FoliageQuality@3] File [C:/Users/SLATE 15/Documents/GitHub/Hannah-Ashna.github.io/FYP-Prototype/PrototypeV5/Saved/Config/Windows/Scalability.ini]
[2023.01.15-16.20.33:573][  0]LogConfig: Setting CVar [[foliage.DensityScale:1.0]]
[2023.01.15-16.20.33:573][  0]LogConfig: Setting CVar [[grass.DensityScale:1.0]]
[2023.01.15-16.20.33:573][  0]LogConfig: Applying CVar settings from Section [ShadingQuality@3] File [C:/Users/SLATE 15/Documents/GitHub/Hannah-Ashna.github.io/FYP-Prototype/PrototypeV5/Saved/Config/Windows/Scalability.ini]
[2023.01.15-16.20.33:573][  0]LogConfig: Setting CVar [[r.HairStrands.SkyLighting.IntegrationType:2]]
[2023.01.15-16.20.33:573][  0]LogConfig: Setting CVar [[r.HairStrands.SkyAO.SampleCount:4]]
[2023.01.15-16.20.33:573][  0]LogConfig: Setting CVar [[r.HairStrands.Visibility.MSAA.SamplePerPixel:4]]
[2023.01.15-16.20.33:573][  0]LogInit: Selected Device Profile: [Windows]
[2023.01.15-16.20.33:573][  0]LogInit: Applying CVar settings loaded from the selected device profile: [Windows]
[2023.01.15-16.20.33:573][  0]LogHAL: Display: Platform has ~ 16 GB [16973881344 / 17179869184 / 16], which maps to Larger [LargestMinGB=32, LargerMinGB=12, DefaultMinGB=8, SmallerMinGB=6, SmallestMinGB=0)
[2023.01.15-16.20.33:573][  0]LogInit: Going up to parent DeviceProfile []
[2023.01.15-16.20.33:573][  0]LogConfig: Applying CVar settings from Section [ViewDistanceQuality@3] File [C:/Users/SLATE 15/Documents/GitHub/Hannah-Ashna.github.io/FYP-Prototype/PrototypeV5/Saved/Config/Windows/Scalability.ini]
[2023.01.15-16.20.33:573][  0]LogConfig: Setting CVar [[r.SkeletalMeshLODBias:0]]
[2023.01.15-16.20.33:573][  0]LogConfig: Setting CVar [[r.ViewDistanceScale:1.0]]
[2023.01.15-16.20.33:574][  0]LogConfig: Applying CVar settings from Section [AntiAliasingQuality@3] File [C:/Users/SLATE 15/Documents/GitHub/Hannah-Ashna.github.io/FYP-Prototype/PrototypeV5/Saved/Config/Windows/Scalability.ini]
[2023.01.15-16.20.33:574][  0]LogConfig: Setting CVar [[r.PostProcessAAQuality:4]]
[2023.01.15-16.20.33:574][  0]LogConfig: Applying CVar settings from Section [ShadowQuality@3] File [C:/Users/SLATE 15/Documents/GitHub/Hannah-Ashna.github.io/FYP-Prototype/PrototypeV5/Saved/Config/Windows/Scalability.ini]
[2023.01.15-16.20.33:574][  0]LogConfig: Setting CVar [[r.LightFunctionQuality:1]]
[2023.01.15-16.20.33:574][  0]LogConfig: Setting CVar [[r.ShadowQuality:5]]
[2023.01.15-16.20.33:574][  0]LogConfig: Setting CVar [[r.Shadow.CSM.MaxCascades:10]]
[2023.01.15-16.20.33:574][  0]LogConfig: Setting CVar [[r.Shadow.MaxResolution:2048]]
[2023.01.15-16.20.33:574][  0]LogConfig: Setting CVar [[r.Shadow.MaxCSMResolution:2048]]
[2023.01.15-16.20.33:574][  0]LogConfig: Setting CVar [[r.Shadow.RadiusThreshold:0.01]]
[2023.01.15-16.20.33:574][  0]LogConfig: Setting CVar [[r.Shadow.DistanceScale:1.0]]
[2023.01.15-16.20.33:574][  0]LogConfig: Setting CVar [[r.Shadow.CSM.TransitionScale:1.0]]
[2023.01.15-16.20.33:574][  0]LogConfig: Setting CVar [[r.Shadow.PreShadowResolutionFactor:1.0]]
[2023.01.15-16.20.33:574][  0]LogConfig: Setting CVar [[r.DistanceFieldShadowing:1]]
[2023.01.15-16.20.33:574][  0]LogConfig: Setting CVar [[r.DistanceFieldAO:1]]
[2023.01.15-16.20.33:574][  0]LogConfig: Setting CVar [[r.AOQuality:2]]
[2023.01.15-16.20.33:574][  0]LogConfig: Setting CVar [[r.VolumetricFog:1]]
[2023.01.15-16.20.33:574][  0]LogConfig: Setting CVar [[r.VolumetricFog.GridPixelSize:8]]
[2023.01.15-16.20.33:574][  0]LogConfig: Setting CVar [[r.VolumetricFog.GridSizeZ:128]]
[2023.01.15-16.20.33:574][  0]LogConfig: Setting CVar [[r.VolumetricFog.HistoryMissSupersampleCount:4]]
[2023.01.15-16.20.33:574][  0]LogConfig: Setting CVar [[r.LightMaxDrawDistanceScale:1]]
[2023.01.15-16.20.33:574][  0]LogConfig: Setting CVar [[r.CapsuleShadows:1]]
[2023.01.15-16.20.33:574][  0]LogConfig: Applying CVar settings from Section [PostProcessQuality@3] File [C:/Users/SLATE 15/Documents/GitHub/Hannah-Ashna.github.io/FYP-Prototype/PrototypeV5/Saved/Config/Windows/Scalability.ini]
[2023.01.15-16.20.33:574][  0]LogConfig: Setting CVar [[r.MotionBlurQuality:4]]
[2023.01.15-16.20.33:574][  0]LogConfig: Setting CVar [[r.AmbientOcclusionMipLevelFactor:0.4]]
[2023.01.15-16.20.33:574][  0]LogConfig: Setting CVar [[r.AmbientOcclusionMaxQuality:100]]
[2023.01.15-16.20.33:574][  0]LogConfig: Setting CVar [[r.AmbientOcclusionLevels:-1]]
[2023.01.15-16.20.33:574][  0]LogConfig: Setting CVar [[r.AmbientOcclusionRadiusScale:1.0]]
[2023.01.15-16.20.33:574][  0]LogConfig: Setting CVar [[r.DepthOfFieldQuality:2]]
[2023.01.15-16.20.33:574][  0]LogConfig: Setting CVar [[r.RenderTargetPoolMin:400]]
[2023.01.15-16.20.33:574][  0]LogConfig: Setting CVar [[r.LensFlareQuality:2]]
[2023.01.15-16.20.33:574][  0]LogConfig: Setting CVar [[r.SceneColorFringeQuality:1]]
[2023.01.15-16.20.33:574][  0]LogConfig: Setting CVar [[r.EyeAdaptationQuality:2]]
[2023.01.15-16.20.33:574][  0]LogConfig: Setting CVar [[r.BloomQuality:5]]
[2023.01.15-16.20.33:574][  0]LogConfig: Setting CVar [[r.FastBlurThreshold:100]]
[2023.01.15-16.20.33:574][  0]LogConfig: Setting CVar [[r.Upscale.Quality:3]]
[2023.01.15-16.20.33:574][  0]LogConfig: Setting CVar [[r.Tonemapper.GrainQuantization:1]]
[2023.01.15-16.20.33:574][  0]LogConfig: Setting CVar [[r.LightShaftQuality:1]]
[2023.01.15-16.20.33:574][  0]LogConfig: Setting CVar [[r.Filter.SizeScale:1]]
[2023.01.15-16.20.33:574][  0]LogConfig: Setting CVar [[r.Tonemapper.Quality:5]]
[2023.01.15-16.20.33:574][  0]LogConfig: Setting CVar [[r.DOF.Gather.AccumulatorQuality:1        ; higher gathering accumulator quality]]
[2023.01.15-16.20.33:574][  0]LogConfig: Setting CVar [[r.DOF.Gather.PostfilterMethod:1          ; Median3x3 postfilering method]]
[2023.01.15-16.20.33:574][  0]LogConfig: Setting CVar [[r.DOF.Gather.EnableBokehSettings:0       ; no bokeh simulation when gathering]]
[2023.01.15-16.20.33:574][  0]LogConfig: Setting CVar [[r.DOF.Gather.RingCount:4                 ; medium number of samples when gathering]]
[2023.01.15-16.20.33:574][  0]LogConfig: Setting CVar [[r.DOF.Scatter.ForegroundCompositing:1    ; additive foreground scattering]]
[2023.01.15-16.20.33:574][  0]LogConfig: Setting CVar [[r.DOF.Scatter.BackgroundCompositing:2    ; additive background scattering]]
[2023.01.15-16.20.33:574][  0]LogConfig: Setting CVar [[r.DOF.Scatter.EnableBokehSettings:1      ; bokeh simulation when scattering]]
[2023.01.15-16.20.33:574][  0]LogConfig: Setting CVar [[r.DOF.Scatter.MaxSpriteRatio:0.1         ; only a maximum of 10% of scattered bokeh]]
[2023.01.15-16.20.33:574][  0]LogConfig: Setting CVar [[r.DOF.Recombine.Quality:1                ; cheap slight out of focus]]
[2023.01.15-16.20.33:574][  0]LogConfig: Setting CVar [[r.DOF.Recombine.EnableBokehSettings:0    ; no bokeh simulation on slight out of focus]]
[2023.01.15-16.20.33:574][  0]LogConfig: Setting CVar [[r.DOF.TemporalAAQuality:1                ; more stable temporal accumulation]]
[2023.01.15-16.20.33:574][  0]LogConfig: Setting CVar [[r.DOF.Kernel.MaxForegroundRadius:0.025]]
[2023.01.15-16.20.33:574][  0]LogConfig: Setting CVar [[r.DOF.Kernel.MaxBackgroundRadius:0.025]]
[2023.01.15-16.20.33:574][  0]LogConfig: Applying CVar settings from Section [TextureQuality@3] File [C:/Users/SLATE 15/Documents/GitHub/Hannah-Ashna.github.io/FYP-Prototype/PrototypeV5/Saved/Config/Windows/Scalability.ini]
[2023.01.15-16.20.33:574][  0]LogConfig: Setting CVar [[r.Streaming.MipBias:0]]
[2023.01.15-16.20.33:574][  0]LogConfig: Setting CVar [[r.Streaming.AmortizeCPUToGPUCopy:0]]
[2023.01.15-16.20.33:574][  0]LogConfig: Setting CVar [[r.Streaming.MaxNumTexturesToStreamPerFrame:0]]
[2023.01.15-16.20.33:574][  0]LogConfig: Setting CVar [[r.Streaming.Boost:1]]
[2023.01.15-16.20.33:574][  0]LogConfig: Setting CVar [[r.MaxAnisotropy:8]]
[2023.01.15-16.20.33:574][  0]LogConfig: Setting CVar [[r.VT.MaxAnisotropy:8]]
[2023.01.15-16.20.33:574][  0]LogConfig: Setting CVar [[r.Streaming.LimitPoolSizeToVRAM:0]]
[2023.01.15-16.20.33:574][  0]LogConfig: Setting CVar [[r.Streaming.PoolSize:1000]]
[2023.01.15-16.20.33:574][  0]LogConfig: Setting CVar [[r.Streaming.MaxEffectiveScreenSize:0]]
[2023.01.15-16.20.33:574][  0]LogConfig: Applying CVar settings from Section [EffectsQuality@3] File [C:/Users/SLATE 15/Documents/GitHub/Hannah-Ashna.github.io/FYP-Prototype/PrototypeV5/Saved/Config/Windows/Scalability.ini]
[2023.01.15-16.20.33:574][  0]LogConfig: Setting CVar [[r.TranslucencyLightingVolumeDim:64]]
[2023.01.15-16.20.33:574][  0]LogConfig: Setting CVar [[r.RefractionQuality:2]]
[2023.01.15-16.20.33:574][  0]LogConfig: Setting CVar [[r.SSR.Quality:3]]
[2023.01.15-16.20.33:574][  0]LogConfig: Setting CVar [[r.SSR.HalfResSceneColor:0]]
[2023.01.15-16.20.33:575][  0]LogConfig: Setting CVar [[r.SceneColorFormat:4]]
[2023.01.15-16.20.33:575][  0]LogConfig: Setting CVar [[r.DetailMode:2]]
[2023.01.15-16.20.33:575][  0]LogConfig: Setting CVar [[r.TranslucencyVolumeBlur:1]]
[2023.01.15-16.20.33:575][  0]LogConfig: Setting CVar [[r.MaterialQualityLevel:1 ; High quality]]
[2023.01.15-16.20.33:575][  0]LogConfig: Setting CVar [[r.AnisotropicMaterials:1]]
[2023.01.15-16.20.33:575][  0]LogConfig: Setting CVar [[r.SSS.Scale:1]]
[2023.01.15-16.20.33:575][  0]LogConfig: Setting CVar [[r.SSS.SampleSet:2]]
[2023.01.15-16.20.33:575][  0]LogConfig: Setting CVar [[r.SSS.Quality:1]]
[2023.01.15-16.20.33:575][  0]LogConfig: Setting CVar [[r.SSS.HalfRes:0]]
[2023.01.15-16.20.33:575][  0]LogConfig: Setting CVar [[r.SSGI.Quality:3]]
[2023.01.15-16.20.33:575][  0]LogConfig: Setting CVar [[r.EmitterSpawnRateScale:1.0]]
[2023.01.15-16.20.33:575][  0]LogConfig: Setting CVar [[r.ParticleLightQuality:2]]
[2023.01.15-16.20.33:575][  0]LogConfig: Setting CVar [[r.SkyAtmosphere.AerialPerspectiveLUT.FastApplyOnOpaque:1 ; Always have FastSkyLUT 1 in this case to avoid wrong sky]]
[2023.01.15-16.20.33:575][  0]LogConfig: Setting CVar [[r.SkyAtmosphere.AerialPerspectiveLUT.SampleCountMaxPerSlice:4]]
[2023.01.15-16.20.33:575][  0]LogConfig: Setting CVar [[r.SkyAtmosphere.AerialPerspectiveLUT.DepthResolution:16.0]]
[2023.01.15-16.20.33:575][  0]LogConfig: Setting CVar [[r.SkyAtmosphere.FastSkyLUT:1]]
[2023.01.15-16.20.33:575][  0]LogConfig: Setting CVar [[r.SkyAtmosphere.FastSkyLUT.SampleCountMin:4.0]]
[2023.01.15-16.20.33:575][  0]LogConfig: Setting CVar [[r.SkyAtmosphere.FastSkyLUT.SampleCountMax:128.0]]
[2023.01.15-16.20.33:575][  0]LogConfig: Setting CVar [[r.SkyAtmosphere.SampleCountMin:4.0]]
[2023.01.15-16.20.33:575][  0]LogConfig: Setting CVar [[r.SkyAtmosphere.SampleCountMax:128.0]]
[2023.01.15-16.20.33:575][  0]LogConfig: Setting CVar [[r.SkyAtmosphere.TransmittanceLUT.UseSmallFormat:0]]
[2023.01.15-16.20.33:575][  0]LogConfig: Setting CVar [[r.SkyAtmosphere.TransmittanceLUT.SampleCount:10.0]]
[2023.01.15-16.20.33:575][  0]LogConfig: Setting CVar [[r.SkyAtmosphere.MultiScatteringLUT.SampleCount:15.0]]
[2023.01.15-16.20.33:575][  0]LogConfig: Setting CVar [[r.SkyLight.RealTimeReflectionCapture:1]]
[2023.01.15-16.20.33:575][  0]LogConfig: Applying CVar settings from Section [FoliageQuality@3] File [C:/Users/SLATE 15/Documents/GitHub/Hannah-Ashna.github.io/FYP-Prototype/PrototypeV5/Saved/Config/Windows/Scalability.ini]
[2023.01.15-16.20.33:575][  0]LogConfig: Setting CVar [[foliage.DensityScale:1.0]]
[2023.01.15-16.20.33:575][  0]LogConfig: Setting CVar [[grass.DensityScale:1.0]]
[2023.01.15-16.20.33:575][  0]LogConfig: Applying CVar settings from Section [ShadingQuality@3] File [C:/Users/SLATE 15/Documents/GitHub/Hannah-Ashna.github.io/FYP-Prototype/PrototypeV5/Saved/Config/Windows/Scalability.ini]
[2023.01.15-16.20.33:575][  0]LogConfig: Setting CVar [[r.HairStrands.SkyLighting.IntegrationType:2]]
[2023.01.15-16.20.33:575][  0]LogConfig: Setting CVar [[r.HairStrands.SkyAO.SampleCount:4]]
[2023.01.15-16.20.33:575][  0]LogConfig: Setting CVar [[r.HairStrands.Visibility.MSAA.SamplePerPixel:4]]
[2023.01.15-16.20.33:575][  0]LogConfig: Applying CVar settings from Section [Startup] File [../../../Engine/Config/ConsoleVariables.ini]
[2023.01.15-16.20.33:576][  0]LogConfig: Setting CVar [[net.UseAdaptiveNetUpdateFrequency:0]]
[2023.01.15-16.20.33:576][  0]LogConfig: Setting CVar [[p.chaos.AllowCreatePhysxBodies:1]]
[2023.01.15-16.20.33:576][  0]LogConfig: Setting CVar [[fx.SkipVectorVMBackendOptimizations:1]]
[2023.01.15-16.20.33:576][  0]LogConfig: Applying CVar settings from Section [ConsoleVariables] File [C:/Users/SLATE 15/Documents/GitHub/Hannah-Ashna.github.io/FYP-Prototype/PrototypeV5/Saved/Config/Windows/Engine.ini]
[2023.01.15-16.20.33:576][  0]LogConfig: Applying CVar settings from Section [ConsoleVariables] File [C:/Users/SLATE 15/Documents/GitHub/Hannah-Ashna.github.io/FYP-Prototype/PrototypeV5/Saved/Config/Windows/Editor.ini]
[2023.01.15-16.20.33:576][  0]LogInit: Computer: NOTAHACKER
[2023.01.15-16.20.33:576][  0]LogInit: User: SLATE15
[2023.01.15-16.20.33:576][  0]LogInit: CPU Page size=4096, Cores=6
[2023.01.15-16.20.33:576][  0]LogInit: High frequency timer resolution =10.000000 MHz
[2023.01.15-16.20.33:576][  0]LogMemory: Memory total: Physical=15.8GB (16GB approx)
[2023.01.15-16.20.33:576][  0]LogMemory: Platform Memory Stats for Windows
[2023.01.15-16.20.33:576][  0]LogMemory: Process Physical Memory: 153.93 MB used, 154.29 MB peak
[2023.01.15-16.20.33:576][  0]LogMemory: Process Virtual Memory: 139.83 MB used, 139.83 MB peak
[2023.01.15-16.20.33:576][  0]LogMemory: Physical Memory: 11343.24 MB used,  4844.31 MB free, 16187.55 MB total
[2023.01.15-16.20.33:576][  0]LogMemory: Virtual Memory: 134214232.00 MB used,  3495.29 MB free, 134217728.00 MB total
[2023.01.15-16.20.33:580][  0]LogWindows: WindowsPlatformFeatures enabled
[2023.01.15-16.20.33:648][  0]LogInit: Physics initialised using underlying interface: PhysX
[2023.01.15-16.20.33:649][  0]LogInit: Using OS detected language (en-US).
[2023.01.15-16.20.33:649][  0]LogInit: Using OS detected locale (en-GB).
[2023.01.15-16.20.33:652][  0]LogTextLocalizationManager: No specific localization for 'en-US' exists, so the 'en' localization will be used.
[2023.01.15-16.20.33:882][  0]LogWindowsTextInputMethodSystem: Display: IME system deactivated.
[2023.01.15-16.20.33:921][  0]LogSlate: New Slate User Created.  User Index 0, Is Virtual User: 0
[2023.01.15-16.20.33:921][  0]LogSlate: Slate User Registered.  User Index 0, Is Virtual User: 0
[2023.01.15-16.20.33:947][  0]LogD3D11RHI: Loaded GFSDK_Aftermath_Lib.x64.dll
[2023.01.15-16.20.33:947][  0]LogD3D11RHI: D3D11 min allowed feature level: 11_0
[2023.01.15-16.20.33:947][  0]LogD3D11RHI: D3D11 max allowed feature level: 11_0
[2023.01.15-16.20.33:947][  0]LogD3D11RHI: D3D11 adapters:
[2023.01.15-16.20.34:060][  0]LogD3D11RHI:    0. 'NVIDIA GeForce RTX 2060' (Feature Level 11_0)
[2023.01.15-16.20.34:060][  0]LogD3D11RHI:       5980/0/8093 MB DedicatedVideo/DedicatedSystem/SharedSystem, Outputs:1, VendorId:0x10de
[2023.01.15-16.20.34:075][  0]LogD3D11RHI:    1. 'Intel(R) UHD Graphics 630' (Feature Level 11_0)
[2023.01.15-16.20.34:075][  0]LogD3D11RHI:       128/0/8093 MB DedicatedVideo/DedicatedSystem/SharedSystem, Outputs:1, VendorId:0x8086
[2023.01.15-16.20.34:077][  0]LogD3D11RHI:    2. 'Microsoft Basic Render Driver' (Feature Level 11_0)
[2023.01.15-16.20.34:077][  0]LogD3D11RHI:       0/0/8093 MB DedicatedVideo/DedicatedSystem/SharedSystem, Outputs:0, VendorId:0x1414
[2023.01.15-16.20.34:077][  0]LogD3D11RHI: Chosen D3D11 Adapter:
[2023.01.15-16.20.34:077][  0]LogD3D11RHI:     Description : NVIDIA GeForce RTX 2060
[2023.01.15-16.20.34:077][  0]LogD3D11RHI:     VendorId    : 10de
[2023.01.15-16.20.34:077][  0]LogD3D11RHI:     DeviceId    : 1f11
[2023.01.15-16.20.34:077][  0]LogD3D11RHI:     SubSysId    : 95e11558
[2023.01.15-16.20.34:077][  0]LogD3D11RHI:     Revision    : 00a1
[2023.01.15-16.20.34:077][  0]LogD3D11RHI:     DedicatedVideoMemory : 6270484480 bytes
[2023.01.15-16.20.34:077][  0]LogD3D11RHI:     DedicatedSystemMemory : 0 bytes
[2023.01.15-16.20.34:077][  0]LogD3D11RHI:     SharedSystemMemory : 8486940672 bytes
[2023.01.15-16.20.34:077][  0]LogD3D11RHI:     AdapterLuid : 0 70187
[2023.01.15-16.20.34:086][  0]LogD3D11RHI: Creating new Direct3DDevice
[2023.01.15-16.20.34:086][  0]LogD3D11RHI:     GPU DeviceId: 0x1f11 (for the marketing name, search the web for "GPU Device Id")
[2023.01.15-16.20.34:086][  0]LogWindows: EnumDisplayDevices:
[2023.01.15-16.20.34:086][  0]LogWindows:    0. 'Intel(R) UHD Graphics 630' (P:0 D:1)
[2023.01.15-16.20.34:086][  0]LogWindows:    1. 'Intel(R) UHD Graphics 630' (P:0 D:0)
[2023.01.15-16.20.34:087][  0]LogWindows:    2. 'Intel(R) UHD Graphics 630' (P:0 D:0)
[2023.01.15-16.20.34:087][  0]LogWindows:    3. 'NVIDIA GeForce RTX 2060' (P:1 D:1)
[2023.01.15-16.20.34:087][  0]LogWindows:    4. 'NVIDIA GeForce RTX 2060' (P:0 D:0)
[2023.01.15-16.20.34:087][  0]LogWindows:    5. 'NVIDIA GeForce RTX 2060' (P:0 D:0)
[2023.01.15-16.20.34:087][  0]LogWindows:    6. 'NVIDIA GeForce RTX 2060' (P:0 D:0)
[2023.01.15-16.20.34:087][  0]LogWindows: DebugString: PrimaryIsNotTheChoosenAdapter PrimaryIsNotTheChoosenAdapter PrimaryIsNotTheChoosenAdapter FoundDriverCount:4 
[2023.01.15-16.20.34:087][  0]LogD3D11RHI:     Adapter Name: NVIDIA GeForce RTX 2060
[2023.01.15-16.20.34:087][  0]LogD3D11RHI:   Driver Version: 516.94 (internal:31.0.15.1694, unified:516.94)
[2023.01.15-16.20.34:087][  0]LogD3D11RHI:      Driver Date: 7-21-2022
[2023.01.15-16.20.34:087][  0]LogRHI: Texture pool is 4186 MB (70% of 5980 MB)
[2023.01.15-16.20.34:088][  0]LogD3D11RHI: Creating D3DDevice using adapter:
[2023.01.15-16.20.34:088][  0]LogD3D11RHI:     Description : NVIDIA GeForce RTX 2060
[2023.01.15-16.20.34:088][  0]LogD3D11RHI:     VendorId    : 10de
[2023.01.15-16.20.34:088][  0]LogD3D11RHI:     DeviceId    : 1f11
[2023.01.15-16.20.34:088][  0]LogD3D11RHI:     SubSysId    : 95e11558
[2023.01.15-16.20.34:088][  0]LogD3D11RHI:     Revision    : 00a1
[2023.01.15-16.20.34:088][  0]LogD3D11RHI:     DedicatedVideoMemory : 6270484480 bytes
[2023.01.15-16.20.34:088][  0]LogD3D11RHI:     DedicatedSystemMemory : 0 bytes
[2023.01.15-16.20.34:088][  0]LogD3D11RHI:     SharedSystemMemory : 8486940672 bytes
[2023.01.15-16.20.34:088][  0]LogD3D11RHI:     AdapterLuid : 0 70187
[2023.01.15-16.20.34:165][  0]LogD3D11RHI: RHI has support for 64 bit atomics
[2023.01.15-16.20.34:165][  0]LogD3D11RHI: Async texture creation enabled
[2023.01.15-16.20.34:165][  0]LogD3D11RHI: Array index from any shader is supported
[2023.01.15-16.20.34:184][  0]LogD3D11RHI: GPU Timing Frequency: 1000.000000 (Debug: 2 1)
[2023.01.15-16.20.34:213][  0]LogRHI: GeForceNow SDK initialized: 1
[2023.01.15-16.20.34:551][  0]LogTargetPlatformManager: Display: Loaded TargetPlatform 'WindowsNoEditor'
[2023.01.15-16.20.34:553][  0]LogTargetPlatformManager: Display: Loaded TargetPlatform 'Windows'
[2023.01.15-16.20.34:556][  0]LogTargetPlatformManager: Display: Loaded TargetPlatform 'WindowsClient'
[2023.01.15-16.20.34:560][  0]LogTargetPlatformManager: Display: Loaded TargetPlatform 'WindowsServer'
[2023.01.15-16.20.34:560][  0]LogTargetPlatformManager: Display: Building Assets For Windows
[2023.01.15-16.20.34:561][  0]LogAudioDebug: Display: Lib vorbis DLL was dynamically loaded.
[2023.01.15-16.20.34:575][  0]LogTextureFormatOodle: Display: Oodle Texture 2.9.0 init RDO Off
[2023.01.15-16.20.34:587][  0]LogRendererCore: Ray tracing is disabled. Reason: r.RayTracing=0.
[2023.01.15-16.20.34:587][  0]LogShaderCompilers: Guid format shader working directory is -50 characters bigger than the processId version (../../../../../../Users/SLATE 15/Documents/GitHub/Hannah-Ashna.github.io/FYP-Prototype/PrototypeV5/Intermediate/Shaders/WorkingDirectory/10308/).
[2023.01.15-16.20.34:587][  0]LogShaderCompilers: Cleaned the shader compiler working directory 'C:/Users/SLATE 15/AppData/Local/Temp/UnrealShaderWorkingDir/E436A22947F8C36E9F2D41825DBAE13A/'.
[2023.01.15-16.20.34:587][  0]LogXGEController: Cannot use XGE Controller as Incredibuild is not installed on this machine.
[2023.01.15-16.20.34:587][  0]LogShaderCompilers: Cannot use XGE Shader Compiler as Incredibuild is not installed on this machine.
[2023.01.15-16.20.34:587][  0]LogShaderCompilers: Display: Using Local Shader Compiler.
[2023.01.15-16.20.35:344][  0]LogDerivedDataCache: Display: Max Cache Size: 512 MB
[2023.01.15-16.20.35:427][  0]LogDerivedDataCache: Loaded boot cache 0.08s 105MB C:/Users/SLATE 15/AppData/Local/UnrealEngine/4.27/DerivedDataCache/Boot.ddc.
[2023.01.15-16.20.35:427][  0]LogDerivedDataCache: Display: Loaded Boot cache: C:/Users/SLATE 15/AppData/Local/UnrealEngine/4.27/DerivedDataCache/Boot.ddc
[2023.01.15-16.20.35:427][  0]LogDerivedDataCache: FDerivedDataBackendGraph:  Pak pak cache file ../../../../../../Users/SLATE 15/Documents/GitHub/Hannah-Ashna.github.io/FYP-Prototype/PrototypeV5/DerivedDataCache/DDC.ddp not found, will not use a pak cache.
[2023.01.15-16.20.35:427][  0]LogDerivedDataCache: Unable to find inner node Pak for hierarchical cache Hierarchy.
[2023.01.15-16.20.35:427][  0]LogDerivedDataCache: FDerivedDataBackendGraph:  CompressedPak pak cache file ../../../../../../Users/SLATE 15/Documents/GitHub/Hannah-Ashna.github.io/FYP-Prototype/PrototypeV5/DerivedDataCache/Compressed.ddp not found, will not use a pak cache.
[2023.01.15-16.20.35:427][  0]LogDerivedDataCache: Unable to find inner node CompressedPak for hierarchical cache Hierarchy.
[2023.01.15-16.20.35:442][  0]LogDerivedDataCache: Display: Pak cache opened for reading ../../../Engine/DerivedDataCache/Compressed.ddp.
[2023.01.15-16.20.35:442][  0]LogDerivedDataCache: FDerivedDataBackendGraph:  EnterprisePak pak cache file ../../../Enterprise/DerivedDataCache/Compressed.ddp not found, will not use a pak cache.
[2023.01.15-16.20.35:442][  0]LogDerivedDataCache: Unable to find inner node EnterprisePak for hierarchical cache Hierarchy.
[2023.01.15-16.20.35:453][  0]LogDerivedDataCache: Speed tests for C:/Users/SLATE 15/AppData/Local/UnrealEngine/Common/DerivedDataCache took 0.01 seconds
[2023.01.15-16.20.35:453][  0]LogDerivedDataCache: Display: Performance to C:/Users/SLATE 15/AppData/Local/UnrealEngine/Common/DerivedDataCache: Latency=0.04ms. RandomReadSpeed=225.73MBs, RandomWriteSpeed=168.76MBs. Assigned SpeedClass 'Local'
[2023.01.15-16.20.35:454][  0]LogDerivedDataCache: Using Local data cache path C:/Users/SLATE 15/AppData/Local/UnrealEngine/Common/DerivedDataCache: Writable
[2023.01.15-16.20.35:454][  0]LogDerivedDataCache: Shared data cache path not found in *engine.ini, will not use an Shared cache.
[2023.01.15-16.20.35:454][  0]LogDerivedDataCache: Unable to find inner node Shared for hierarchical cache Hierarchy.
[2023.01.15-16.20.35:491][  0]LogSlate: Using FreeType 2.10.0
[2023.01.15-16.20.35:491][  0]LogSlate: SlateFontServices - WITH_FREETYPE: 1, WITH_HARFBUZZ: 1
[2023.01.15-16.20.35:575][  0]LogInit: Using OS detected language (en-US).
[2023.01.15-16.20.35:575][  0]LogInit: Using OS detected locale (en-GB).
[2023.01.15-16.20.35:575][  0]LogTextLocalizationManager: No localization for 'en-US' exists, so 'en' will be used for the language.
[2023.01.15-16.20.35:575][  0]LogTextLocalizationManager: No localization for 'en-GB' exists, so 'en' will be used for the locale.
[2023.01.15-16.20.35:575][  0]LogSlate: FontCache flush requested. Reason: Culture for localization was changed
[2023.01.15-16.20.35:575][  0]LogSlate: FontCache flush requested. Reason: Culture for localization was changed
[2023.01.15-16.20.35:579][  0]LogTextLocalizationManager: Compacting localization data took   0.01ms
[2023.01.15-16.20.35:579][  0]LogAssetRegistry: FAssetRegistry took 0.0025 seconds to start up
[2023.01.15-16.20.35:756][  0]LogPackageLocalizationCache: Processed 27 localized package path(s) for 1 prioritized culture(s) in 0.001376 seconds
[2023.01.15-16.20.35:827][  0]LogInit: Selected Device Profile: [Windows]
[2023.01.15-16.20.35:827][  0]LogInit: Active device profile: [0000020AAB719300][0000020AA317AE80 49] Windows
[2023.01.15-16.20.35:827][  0]LogInit: Profiles: [0000020AAB719300][0000020AA317AE80 49] Windows, [0000020AAB6EB000][0000020AA3183140 49] WindowsNoEditor, [0000020AAB71A200][0000020AA3187400 49] WindowsServer, [0000020AAB6EBE00][0000020AA318B6C0 49] WindowsClient, [0000020AAB71B000][0000020AA318F980 49] IOS, [0000020AAB6E9500][0000020AA31920C0 49] iPadAir, [0000020AAB71BD00][0000020AA317E340 49] iPadAir2, [0000020AAB6A2400][0000020AA367A840 49] IPadPro, [0000020AAB6A2500][0000020AA3196880 49] iPadAir3, [0000020AAB6EBF00][0000020AA3672B40 49] iPadAir4, [0000020AAB6A3300][0000020AA366EE00 49] iPadMini2, [0000020AAB6EB500][0000020AA36770C0 49] iPadMini3, [0000020AAB6A2300][0000020AA367F380 49] iPadMini4, [0000020AAB6EA400][0000020AA3683640 49] iPadMini5, [0000020AAB6D1D00][0000020AA3697B80 49] iPhone6, [0000020AAB6D1E00][0000020AA3687BC0 49] iPodTouch6, [0000020AAB71AD00][0000020AA369A540 49] iPhone7, [0000020AAB71AE00][0000020AA368E580 49] iPodTouch7, [0000020AAB6A1C00][0000020AA3692840 49] iPhone5S, [0000020AAB71B900][0000020AA368AB00 49] iPhone6Plus, [0000020AAB6A1400][0000020AA369EDC0 49] iPhone6S, [0000020AAB718700][0000020AA36A3080 49] iPhone6SPlus, [0000020AAB6A0D00][0000020AA36A7340 49] iPhone7Plus, [0000020AAB718D00][0000020AA36AB600 49] iPhoneSE, [0000020AAB6A0500][0000020AA32F38C0 49] iPhone8, [0000020AAB71AB00][0000020AA32F7B80 49] iPhone8Plus, [0000020AAB6A0900][0000020AA32FA2C0 49] iPhoneX, [0000020AAB6A0F00][0000020AA319A540 49] iPhoneXS, [0000020AAB6D0B00][0000020AA32FE7C0 49] iPhoneXSMax, [0000020AAB6A2200][0000020AA3306A80 49] iPhoneXR, [0000020AAB6D1400][0000020AA330AD40 49] iPhone11, [0000020AAB6A2000][0000020AA330F000 49] iPhone11Pro, [0000020AAB6D1A00][0000020AA33132C0 49] iPhone11ProMax, [0000020AAB6A0A00][0000020AA3317580 49] iPhoneSE2, [0000020AAB6D3D00][0000020AA331B840 49] iPhone12Mini, [0000020AAB6A0E00][0000020AA331FB00 49] iPhone12, [0000020AAB6D2100][0000020AA3322240 49] iPhone12Pro, [0000020AAB6D1C00][0000020AA3326500 49] iPhone12ProMax, [0000020AAB718B00][0000020AA3302780 49] iPadPro105, [0000020AAB6D3800][0000020AA332AA00 49] iPadPro129, [0000020AAB718800][0000020AA3332CC0 49] iPadPro97, [0000020AAB6D1800][0000020AA3336F80 49] iPadPro2_129, [0000020AAB6A1F00][0000020AA3703240 49] iPad5, [0000020AAB6D0E00][0000020AA3707500 49] iPad6, [0000020AAB6A1B00][0000020AA370B7C0 49] iPad7, [0000020AAB6D0F00][0000020AA370FA80 49] iPad8, [0000020AAB6A2100][0000020AA37121C0 49] iPadPro11, [0000020AAB6D2F00][0000020AA3716480 49] iPadPro2_11, [0000020AAB6A2900][0000020AA371A740 49] iPadPro3_129, [0000020AAB6D1200][0000020AA332E9C0 49] iPadPro4_129, [0000020AAB6A1500][0000020AA371EC40 49] AppleTV, [0000020AAB6D2D00][0000020AA3726F00 49] AppleTV4K, [0000020AAB6A1E00][0000020AA372B1C0 49] TVOS, [0000020AAB6D0400][0000020AA372F480 49] Mac, [0000020AAB6A1D00][0000020AA3733740 49] MacClient, [0000020AAB6D2A00][0000020AA3737A00 49] MacNoEditor, [0000020AAB6A3100][0000020AA373A140 49] MacServer, [0000020AAB6D2200][0000020AA373E400 49] Linux, [0000020AAB6A0100][0000020AA37426C0 49] LinuxAArch64, [0000020AAB6D2500][0000020AA3746980 49] LinuxNoEditor, [0000020AAB6A3C00][0000020AA3722C00 49] LinuxAArch64NoEditor, [0000020AAB6D3C00][0000020AA374AE80 49] LinuxClient, [0000020AAB6A3000][0000020AAC5F5140 49] LinuxAArch64Client, [0000020AAB6D2B00][0000020AAC5F9400 49] LinuxServer, [0000020AAB6A0700][0000020AAC5FD6C0 49] LinuxAArch64Server, [0000020AAB6D0A00][0000020AAC601980 49] Android, [0000020AAB6A0B00][0000020AAC6040C0 49] Android_Low, [0000020AAB6D2400][0000020AAC608380 49] Android_Mid, [0000020AAB6A3800][0000020AAC60C640 49] Android_High, [0000020AAB6D3E00][0000020AAC610900 49] Android_Default, [0000020AAB6A3700][0000020AAC614BC0 49] Android_Adreno4xx, [0000020AAB6D2000][0000020AAC5F0E40 49] Android_Adreno5xx_Low, [0000020AAB6A0C00][0000020AAC6190C0 49] Android_Adreno5xx, [0000020AAB6D3200][0000020AAC621380 49] Android_Adreno6xx, [0000020AAB6A0300][0000020AAC625640 49] Android_Adreno6xx_Vulkan, [0000020AAB6D1500][0000020AAC629900 49] Android_Mali_T6xx, [0000020AAB6A1800][0000020AAC62DBC0 49] Android_Mali_T7xx, [0000020AAB6D3500][0000020AAC630300 49] Android_Mali_T8xx, [0000020AAB6A2D00][0000020AAC6345C0 49] Android_Mali_G71, [0000020AAB6D2900][0000020AAC638880 49] Android_Mali_G72, [0000020AAB6A1200][0000020AAC63CB40 49] Android_Mali_G72_Vulkan, [0000020AAB6D0C00][0000020AAC640E00 49] Android_Mali_G76, [0000020AAB6A1700][0000020AAC61D080 49] Android_Mali_G76_Vulkan, [0000020AAB6D1900][0000020AAC645300 49] Android_Mali_G77, [0000020AAB6A0200][0000020AAC64D5C0 49] Android_Mali_G77_Vulkan, [0000020AAB6EA500][0000020AAC651880 49] Android_Mali_G78, [0000020AAB718500][0000020AAC655B40 49] Android_Mali_G78_Vulkan, [0000020AAB6E8B00][0000020AAC658280 49] Android_Mali_G710, [0000020AAB719D00][0000020AAC65C540 49] Android_Mali_G710_Vulkan, [0000020AAB6E8900][0000020AAC660800 49] Android_Vulkan_SM5, [0000020AAB71BC00][0000020AAC664AC0 49] Android_PowerVR_G6xxx, [0000020AAB6E8D00][0000020AAC668D80 49] Android_PowerVR_GT7xxx, [0000020AAB71B500][0000020AAC66D040 49] Android_PowerVR_GE8xxx, [0000020AAB6E8200][0000020AAC6492C0 49] Android_PowerVR_GM9xxx, [0000020AAB718300][0000020AAC671540 49] Android_PowerVR_GM9xxx_Vulkan, [0000020AAB6EB100][0000020AAC679800 49] Android_TegraK1, [0000020AAB71B400][0000020AAC67DAC0 49] Android_Unknown_Vulkan, [0000020AAB6E8F00][0000020AAC680200 49] Lumin, [0000020AAB71B600][0000020AAC6844C0 49] Lumin_Desktop, [0000020AAB6E9800][0000020AAC688780 49] HoloLens, 
[2023.01.15-16.20.35:866][  0]LogMeshReduction: Using QuadricMeshReduction for automatic static mesh reduction
[2023.01.15-16.20.35:866][  0]LogMeshReduction: Using SimplygonMeshReduction for automatic skeletal mesh reduction
[2023.01.15-16.20.35:866][  0]LogMeshReduction: Using ProxyLODMeshReduction for automatic mesh merging
[2023.01.15-16.20.35:866][  0]LogMeshReduction: No distributed automatic mesh merging module available
[2023.01.15-16.20.35:866][  0]LogMeshMerging: No distributed automatic mesh merging module available
[2023.01.15-16.20.35:995][  0]LogNetVersion: PrototypeV5 1.0.0, NetCL: 17155196, EngineNetVer: 17, GameNetVer: 0 (Checksum: 3578273608)
[2023.01.15-16.20.36:222][  0]LogTexture: Default maximum texture size for cubemaps generated from long-lat sources has been changed from 512 to unlimited. In order to preserve old behaiour for '/Engine/MapTemplates/Sky/DaylightAmbientCubemap.DaylightAmbientCubemap', its maximum texture size has been explicitly set to 512.
[2023.01.15-16.20.36:283][  0]LogHMD: PokeAHoleMaterial loaded successfully
[2023.01.15-16.20.36:371][  0]LogMoviePlayer: Initializing movie player
[2023.01.15-16.20.36:467][  0]LogNiagaraDebuggerClient: Niagara Debugger Client Initialized | Session: CF9B607C4F144FD5BE2A258734C96A9B | Instance: C76EE0B64275050DC9EF78A9140B74C0 (NOTAHACKER-10308).
[2023.01.15-16.20.36:485][  0]LogCollectionManager: Loaded 0 collections in 0.001990 seconds
[2023.01.15-16.20.36:487][  0]LogFileCache: Scanning file cache for directory 'C:/Users/SLATE 15/Documents/GitHub/Hannah-Ashna.github.io/FYP-Prototype/PrototypeV5/Saved/Collections/' took 0.00s
[2023.01.15-16.20.36:487][  0]LogCollectionManager: Fixed up redirectors for 0 collections in 0.000002 seconds (updated 0 objects)
[2023.01.15-16.20.36:503][  0]LogFileCache: Scanning file cache for directory 'C:/Users/SLATE 15/Documents/GitHub/Hannah-Ashna.github.io/FYP-Prototype/PrototypeV5/Content/Developers/SLATE15/Collections/' took 0.00s
[2023.01.15-16.20.36:504][  0]LogFileCache: Scanning file cache for directory 'C:/Users/SLATE 15/Documents/GitHub/Hannah-Ashna.github.io/FYP-Prototype/PrototypeV5/Content/Collections/' took 0.00s
[2023.01.15-16.20.36:504][  0]LogPython: Using Python 3.7.7
[2023.01.15-16.20.36:999][  0]LogUdpMessaging: Initializing bridge on interface 0.0.0.0:0 to multicast group 230.0.0.1:6666.
[2023.01.15-16.20.37:004][  0]LogTcpMessaging: Initializing TcpMessaging bridge
[2023.01.15-16.20.37:076][  0]SourceControl: Source control is disabled
[2023.01.15-16.20.37:076][  0]SourceControl: Source control is disabled
[2023.01.15-16.20.37:076][  0]SourceControl: Source control is disabled
[2023.01.15-16.20.37:078][  0]LogUProjectInfo: Found projects:
[2023.01.15-16.20.37:125][  0]LogOpenImageDenoise: OIDN starting up
[2023.01.15-16.20.37:150][  0]LogAndroidPermission: UAndroidPermissionCallbackProxy::GetInstance
[2023.01.15-16.20.37:170][  0]LogAudioCaptureCore: Display: No Audio Capture implementations found. Audio input will be silent.
[2023.01.15-16.20.37:170][  0]LogAudioCaptureCore: Display: No Audio Capture implementations found. Audio input will be silent.
[2023.01.15-16.20.37:226][  0]LogOcInput: OculusInput pre-init called
[2023.01.15-16.20.37:234][  0]LogUObjectArray: 22121 objects as part of root set at end of initial load.
[2023.01.15-16.20.37:235][  0]LogUObjectAllocator: 5975632 out of 0 bytes used by permanent object pool.
[2023.01.15-16.20.37:235][  0]LogUObjectArray: CloseDisregardForGC: 0/0 objects in disregard for GC pool
[2023.01.15-16.20.37:285][  0]LogEngine: Initializing Engine...
[2023.01.15-16.20.37:285][  0]LogHMD: PokeAHoleMaterial loaded successfully
[2023.01.15-16.20.37:286][  0]LogHMD: Initializing OVRPlugin session
[2023.01.15-16.20.37:497][  0]LogHMD: Allocating Oculus 3200 x 1600 rendertarget swapchain
[2023.01.15-16.20.37:497][  0]LogHMD: Oculus plugin initialized. Version: 4.27.2-18319896+++UE4+Release-4.27, OVRPlugin: 1.59.0
[2023.01.15-16.20.37:499][  0]LogStats: UGameplayTagsManager::InitializeManager -  0.000 s
[2023.01.15-16.20.37:633][  0]LogInit: Initializing FReadOnlyCVARCache
[2023.01.15-16.20.37:633][  0]LogAudio: Display: Initializing Audio Device Manager...
[2023.01.15-16.20.37:637][  0]LogAudio: Display: Loading Default Audio Settings Objects...
[2023.01.15-16.20.37:638][  0]LogAudio: Display: No default SoundConcurrencyObject specified (or failed to load).
[2023.01.15-16.20.37:640][  0]LogAudio: Display: Audio Device Manager Initialized
[2023.01.15-16.20.37:640][  0]LogAudio: Display: Creating Audio Device:                 Id: 1, Scope: Shared, Realtime: True
[2023.01.15-16.20.37:641][  0]LogAudioMixer: Display: Audio Mixer Platform Settings:
[2023.01.15-16.20.37:641][  0]LogAudioMixer: Display: 	Sample Rate:						  48000
[2023.01.15-16.20.37:641][  0]LogAudioMixer: Display: 	Callback Buffer Frame Size Requested: 1024
[2023.01.15-16.20.37:641][  0]LogAudioMixer: Display: 	Callback Buffer Frame Size To Use:	  1024
[2023.01.15-16.20.37:641][  0]LogAudioMixer: Display: 	Number of buffers to queue:			  2
[2023.01.15-16.20.37:641][  0]LogAudioMixer: Display: 	Max Channels (voices):				  32
[2023.01.15-16.20.37:641][  0]LogAudioMixer: Display: 	Number of Async Source Workers:		  0
[2023.01.15-16.20.37:641][  0]LogAudio: Display: AudioDevice MaxSources: 32
[2023.01.15-16.20.37:642][  0]LogAudio: Display: Audio Spatialization Plugin: None (built-in).
[2023.01.15-16.20.37:642][  0]LogAudio: Display: Audio Reverb Plugin: None (built-in).
[2023.01.15-16.20.37:642][  0]LogAudio: Display: Audio Occlusion Plugin: None (built-in).
[2023.01.15-16.20.37:643][  0]LogAudioMixer: Display: Initializing audio mixer.
[2023.01.15-16.20.37:677][  0]LogAudioMixer: Display: 0: FrontLeft
[2023.01.15-16.20.37:677][  0]LogAudioMixer: Display: 1: FrontRight
[2023.01.15-16.20.37:696][  0]LogAudioMixer: Display: Using Audio Device Headphones (Elgato Wave:1)
[2023.01.15-16.20.37:703][  0]LogAudioMixer: Display: Initializing Sound Submixes...
[2023.01.15-16.20.37:704][  0]LogAudioMixer: Display: Creating Master Submix 'MasterSubmixDefault'
[2023.01.15-16.20.37:704][  0]LogAudioMixer: Display: Creating Master Submix 'MasterReverbSubmixDefault'
[2023.01.15-16.20.37:705][  0]LogAudioMixer: Display: Creating Master Submix 'MasterEQSubmixDefault'
[2023.01.15-16.20.37:705][  0]LogAudioMixer: FMixerPlatformXAudio2::StartAudioStream() called
[2023.01.15-16.20.37:705][  0]LogAudioMixer: Display: Output buffers initialized: Frames=1024, Channels=2, Samples=2048
[2023.01.15-16.20.37:706][  0]LogAudioMixer: Display: Starting AudioMixerPlatformInterface::RunInternal()
[2023.01.15-16.20.37:706][  0]LogAudioMixer: Display: FMixerPlatformXAudio2::SubmitBuffer() called for the first time
[2023.01.15-16.20.37:706][  0]LogInit: FAudioDevice initialized.
[2023.01.15-16.20.37:709][  0]LogNetVersion: Set ProjectVersion to 1.0.0.0. Version Checksum will be recalculated on next use.
[2023.01.15-16.20.37:713][  0]LogInit: Texture streaming: Enabled
[2023.01.15-16.20.37:895][  0]LogAudio: Display: Audio Device (ID: 1) registered with world 'Untitled'.
[2023.01.15-16.20.37:895][  0]LogSlate: Updating window title bar state: overlay mode, drag disabled, window buttons hidden, title bar hidden
[2023.01.15-16.20.37:896][  0]LogInit: Display: Game Engine Initialized.
[2023.01.15-16.20.37:896][  0]LogNiagaraEditor: GEditor isn't valid! Particle reset commands will not work for Niagara components!
[2023.01.15-16.20.38:003][  0]LogInit: Display: Starting Game.
[2023.01.15-16.20.38:003][  0]LogNet: Browse: 127.0.0.1:17777/Game/Maps/VRBaseMap?Name=Player
[2023.01.15-16.20.38:003][  0]LogInit: WinSock: Socket queue. Rx: 32768 (config 32768) Tx: 32768 (config 32768)
[2023.01.15-16.20.38:004][  0]LogNet: Created socket for bind address: 0.0.0.0 on port 0
[2023.01.15-16.20.38:004][  0]PacketHandlerLog: Loaded PacketHandler component: Engine.EngineHandlerComponentFactory (StatelessConnectHandlerComponent)
[2023.01.15-16.20.38:004][  0]LogNet: Game client on port 17777, rate 100000
[2023.01.15-16.20.38:141][  0]LogInit: Display: Engine is initialized. Leaving FEngineLoop::Init()
[2023.01.15-16.20.38:141][  0]LogLoad: (Engine Initialization) Total time: 6.10 seconds
[2023.01.15-16.20.38:141][  0]LogLoad: (Engine Initialization) Total Blueprint compile time: 0.00 seconds
[2023.01.15-16.20.38:149][  0]LogOcInput: OculusInput is initialized
[2023.01.15-16.20.38:175][  0]LogHMD: Allocating Oculus 3648 x 1840 rendertarget swapchain
[2023.01.15-16.20.38:175][  0]LogContentStreaming: Texture pool size now 1000 MB
[2023.01.15-16.20.38:178][  0]LogSlate: InvalidateAllWidgets triggered.  All widgets were invalidated
[2023.01.15-16.20.40:018][364]LogHandshake: SendChallengeResponse. Timestamp: 0.399242, Cookie: 029235072009062217154070037077224122191012085242126163251211
[2023.01.15-16.20.40:021][366]LogNetVersion: PrototypeV5 1.0.0.0, NetCL: 17155196, EngineNetVer: 17, GameNetVer: 0 (Checksum: 3993338743)
[2023.01.15-16.20.40:021][366]LogNet: UPendingNetGame::SendInitialJoin: Sending hello. [UNetConnection] RemoteAddr: 127.0.0.1:17777, Name: IpConnection_0, Driver: PendingNetDriver IpNetDriver_0, IsServer: NO, PC: NULL, Owner: NULL, UniqueId: INVALID
[2023.01.15-16.20.40:027][372]LogNet: Welcomed by server (Level: /Game/Maps/VRHoloportMap, Game: /Game/VRPawns/GameModes/VRMultMenuGamemode.VRMultMenuGamemode_C)
[2023.01.15-16.20.40:029][372]LogHMD: FSplash::DoShow
[2023.01.15-16.20.40:029][372]LogLoad: LoadMap: 127.0.0.1:17777/Game/Maps/VRHoloportMap?Name=Player?game=/Game/VRPawns/GameModes/VRMultMenuGamemode.VRMultMenuGamemode_C
[2023.01.15-16.20.40:029][372]LogWorld: BeginTearingDown for /Temp/Untitled_0
[2023.01.15-16.20.40:029][372]LogWorld: UWorld::CleanupWorld for Untitled, bSessionEnded=true, bCleanupResources=true
[2023.01.15-16.20.40:029][372]LogSlate: InvalidateAllWidgets triggered.  All widgets were invalidated
[2023.01.15-16.20.40:035][372]LogAudio: Display: Audio Device unregistered from world 'None'.
[2023.01.15-16.20.40:040][372]LogUObjectHash: Compacting FUObjectHashTables data took   1.47ms
[2023.01.15-16.20.41:035][372]LogSkeletalMesh: Display: [AssetLog] C:\Users\SLATE 15\Documents\GitHub\Hannah-Ashna.github.io\FYP-Prototype\PrototypeV5\Content\VehicleVarietyPack\Skeletons\SK_SUV.uasset: Find and fix some bad tangent! please re-import this skeletal mesh asset to fix the issue. The shading of the skeletal mesh will be bad and faceted.
[2023.01.15-16.20.41:086][372]LogSkeletalMesh: Display: [AssetLog] C:\Users\SLATE 15\Documents\GitHub\Hannah-Ashna.github.io\FYP-Prototype\PrototypeV5\Content\VehicleVarietyPack\Skeletons\SK_Hatchback.uasset: Find and fix some bad tangent! please re-import this skeletal mesh asset to fix the issue. The shading of the skeletal mesh will be bad and faceted.
[2023.01.15-16.20.41:113][372]LogSkeletalMesh: Display: [AssetLog] C:\Users\SLATE 15\Documents\GitHub\Hannah-Ashna.github.io\FYP-Prototype\PrototypeV5\Content\Vehicle\Sedan\Sedan_SkelMesh.uasset: Find and fix some bad tangent! please re-import this skeletal mesh asset to fix the issue. The shading of the skeletal mesh will be bad and faceted.
[2023.01.15-16.20.41:125][372]LogAudio: Display: Audio Device (ID: 1) registered with world 'VRHoloportMap'.
[2023.01.15-16.20.41:145][372]LogWorld: Bringing World /Game/Maps/VRHoloportMap.VRHoloportMap up for play (max tick rate 0) at 2023.01.15-16.20.41
[2023.01.15-16.20.41:146][372]LogWorld: Bringing up level for play took: 0.018521
[2023.01.15-16.20.41:146][372]LogNavigation: Warning: NavData RegistrationFailed_DataPendingKill.
[2023.01.15-16.20.41:146][372]LogHMD: FSplash::OnPostLoadMap Hide Auto Splash
[2023.01.15-16.20.41:148][372]LogSlate: Took 0.000471 seconds to synchronously load lazily loaded font '../../../Engine/Content/Slate/Fonts/Roboto-Regular.ttf' (155K)
[2023.01.15-16.20.41:148][372]LogLoad: Took 1.119852 seconds to LoadMap(/Game/Maps/VRHoloportMap)
[2023.01.15-16.20.41:148][372]LogNavigation: Warning: NavData RegistrationFailed_DataPendingKill.
[2023.01.15-16.20.41:153][373]LogRenderer: Reallocating scene render targets to support 640x480 Format 10 NumSamples 1 (Frame:1).
[2023.01.15-16.20.41:437][375]LogSlate: New Slate User Created.  User Index 8, Is Virtual User: 1
[2023.01.15-16.20.41:437][375]LogSlate: Slate User Registered.  User Index 8, Is Virtual User: 1
[2023.01.15-16.20.41:439][375]LogOnlineSession: Warning: OSS: No game present to join for session (GameSession)
[2023.01.15-16.20.41:439][375]LogOnlineSession: Warning: OSS: No game present to join for session (GameSession)
[2023.01.15-16.21.12:758][266]LogOnlineSession: Warning: OSS: No game present to leave for session (GameSession)
[2023.01.15-16.21.12:758][266]LogNet: Error: UEngine::BroadcastNetworkFailure: FailureType = FailureReceived, ErrorString = Host closed the connection., Driver = GameNetDriver IpNetDriver_0
[2023.01.15-16.21.12:758][266]LogNet: Warning: Network Failure: GameNetDriver[FailureReceived]: Host closed the connection.
[2023.01.15-16.21.12:758][266]LogNet: NetworkFailure: FailureReceived, Error: 'Host closed the connection.'
[2023.01.15-16.21.12:758][266]LogNet: UNetConnection::Close: [UNetConnection] RemoteAddr: 127.0.0.1:17777, Name: IpConnection_0, Driver: GameNetDriver IpNetDriver_0, IsServer: NO, PC: PlayerController_1, Owner: PlayerController_1, UniqueId: NULL:NotAHacker-752163DD489E83E84EFEEFBBE6F845A1, Channels: 10, Time: 2023.01.15-16.21.12
[2023.01.15-16.21.12:758][266]LogNet: UChannel::Close: Sending CloseBunch. ChIndex == 0. Name: [UChannel] ChIndex: 0, Closing: 0 [UNetConnection] RemoteAddr: 127.0.0.1:17777, Name: IpConnection_0, Driver: GameNetDriver IpNetDriver_0, IsServer: NO, PC: PlayerController_1, Owner: PlayerController_1, UniqueId: NULL:NotAHacker-752163DD489E83E84EFEEFBBE6F845A1
[2023.01.15-16.21.12:759][266]LogNet: Error: UEngine::BroadcastNetworkFailure: FailureType = ConnectionLost, ErrorString = Your connection to the host has been lost., Driver = GameNetDriver IpNetDriver_0
[2023.01.15-16.21.12:760][267]LogNet: Browse: /Game/Maps/VRBaseMap?closed
[2023.01.15-16.21.12:760][267]LogNet: Connection failed; returning to Entry
[2023.01.15-16.21.12:761][267]LogHMD: FSplash::DoShow
[2023.01.15-16.21.12:761][267]LogLoad: LoadMap: /Game/Maps/VRBaseMap?closed
[2023.01.15-16.21.12:761][267]LogWorld: BeginTearingDown for /Game/Maps/VRHoloportMap
[2023.01.15-16.21.12:761][267]LogNet: World NetDriver shutdown IpNetDriver_0 [GameNetDriver]
[2023.01.15-16.21.12:761][267]LogNet: DestroyNamedNetDriver IpNetDriver_0 [GameNetDriver]
[2023.01.15-16.21.12:761][267]LogExit: GameNetDriver IpNetDriver_0 shut down
[2023.01.15-16.21.12:762][267]LogWorld: UWorld::CleanupWorld for VRHoloportMap, bSessionEnded=true, bCleanupResources=true
[2023.01.15-16.21.12:762][267]LogSlate: InvalidateAllWidgets triggered.  All widgets were invalidated
[2023.01.15-16.21.12:797][267]LogAudio: Display: Waited 35.014000 ms for audio thread.
[2023.01.15-16.21.12:797][267]LogAudio: Display: Waited 35.254501 ms for audio thread.
[2023.01.15-16.21.12:800][267]LogAudio: Display: Audio Device unregistered from world 'None'.
[2023.01.15-16.21.12:827][267]LogSlate: Slate User Unregistered.  User Index 8
[2023.01.15-16.21.12:827][267]LogSlate: Slate User Destroyed.  User Index 8, Is Virtual User: 1
[2023.01.15-16.21.12:828][267]LogUObjectHash: Compacting FUObjectHashTables data took   0.67ms
[2023.01.15-16.21.13:593][267]LogSkeletalMesh: Display: [AssetLog] C:\Users\SLATE 15\Documents\GitHub\Hannah-Ashna.github.io\FYP-Prototype\PrototypeV5\Content\Vehicle\Sedan\Sedan_SkelMesh.uasset: Find and fix some bad tangent! please re-import this skeletal mesh asset to fix the issue. The shading of the skeletal mesh will be bad and faceted.
[2023.01.15-16.21.13:611][267]LogSkeletalMesh: Display: [AssetLog] C:\Users\SLATE 15\Documents\GitHub\Hannah-Ashna.github.io\FYP-Prototype\PrototypeV5\Content\VehicleVarietyPack\Skeletons\SK_SUV.uasset: Find and fix some bad tangent! please re-import this skeletal mesh asset to fix the issue. The shading of the skeletal mesh will be bad and faceted.
[2023.01.15-16.21.13:670][267]LogSkeletalMesh: Display: [AssetLog] C:\Users\SLATE 15\Documents\GitHub\Hannah-Ashna.github.io\FYP-Prototype\PrototypeV5\Content\VehicleVarietyPack\Skeletons\SK_Hatchback.uasset: Find and fix some bad tangent! please re-import this skeletal mesh asset to fix the issue. The shading of the skeletal mesh will be bad and faceted.
[2023.01.15-16.21.14:075][267]LogAudio: Display: Audio Device (ID: 1) registered with world 'VRBaseMap'.
[2023.01.15-16.21.14:080][267]LogAIModule: Creating AISystem for world VRBaseMap
[2023.01.15-16.21.14:080][267]LogLoad: Game class is 'VRMultMenuGamemode_C'
[2023.01.15-16.21.14:093][267]LogWorld: Bringing World /Game/Maps/VRBaseMap.VRBaseMap up for play (max tick rate 0) at 2023.01.15-16.21.14
[2023.01.15-16.21.14:094][267]LogWorld: Bringing up level for play took: 0.012706
[2023.01.15-16.21.14:094][267]LogGameMode: FindPlayerStart: PATHS NOT DEFINED or NO PLAYERSTART with positive rating
[2023.01.15-16.21.14:114][267]LogSlate: New Slate User Created.  User Index 8, Is Virtual User: 1
[2023.01.15-16.21.14:114][267]LogSlate: Slate User Registered.  User Index 8, Is Virtual User: 1
[2023.01.15-16.21.14:115][267]LogHMD: FSplash::OnPostLoadMap Hide Auto Splash
[2023.01.15-16.21.14:116][267]LogLoad: Took 1.354458 seconds to LoadMap(/Game/Maps/VRBaseMap)
[2023.01.15-16.21.14:135][267]LogUObjectHash: Compacting FUObjectHashTables data took   1.90ms
[2023.01.15-16.21.14:160][267]LogSlate: Window 'PrototypeV5 (64-bit Development PCD3D_SM5) ' being destroyed
[2023.01.15-16.21.14:161][267]LogWindowsTextInputMethodSystem: Display: IME system deactivated.
[2023.01.15-16.21.14:165][268]LogSlate: Updating window title bar state: overlay mode, drag disabled, window buttons hidden, title bar hidden
[2023.01.15-16.21.14:165][268]LogEngine: All Windows Closed
[2023.01.15-16.21.14:165][268]LogWindows: FPlatformMisc::RequestExit(0)
[2023.01.15-16.21.14:165][268]LogWindows: FPlatformMisc::RequestExitWithStatus(0, 0)
[2023.01.15-16.21.14:165][268]LogCore: Engine exit requested (reason: Win RequestExit)
[2023.01.15-16.21.14:166][269]LogCore: Engine exit requested (reason: EngineExit() was called; note: exit was already requested)
[2023.01.15-16.21.14:166][269]LogInit: Display: PreExit Game.
[2023.01.15-16.21.14:194][269]LogWorld: BeginTearingDown for /Game/Maps/VRBaseMap
[2023.01.15-16.21.14:195][269]LogWorld: UWorld::CleanupWorld for VRBaseMap, bSessionEnded=true, bCleanupResources=true
[2023.01.15-16.21.14:196][269]LogSlate: InvalidateAllWidgets triggered.  All widgets were invalidated
[2023.01.15-16.21.14:524][269]LogAudio: Display: Beginning Audio Device Manager Shutdown (Module: AudioMixerXAudio2)...
[2023.01.15-16.21.14:524][269]LogAudio: Display: Destroying 1 Remaining Audio Device(s)...
[2023.01.15-16.21.14:524][269]LogAudio: Display: Audio Device unregistered from world 'VRBaseMap'.
[2023.01.15-16.21.14:527][269]LogAudioMixer: FMixerPlatformXAudio2::StopAudioStream() called
[2023.01.15-16.21.14:530][269]LogAudioMixer: FMixerPlatformXAudio2::StopAudioStream() called
[2023.01.15-16.21.14:533][269]LogAudio: Display: Audio Device Manager Shutdown
[2023.01.15-16.21.14:535][269]LogExit: Preparing to exit.
[2023.01.15-16.21.15:025][269]LogSlate: Updating window title bar state: overlay mode, drag disabled, window buttons hidden, title bar hidden
[2023.01.15-16.21.15:027][269]LogUObjectHash: Compacting FUObjectHashTables data took   0.57ms
[2023.01.15-16.21.15:052][269]LogMoviePlayer: Shutting down movie player
[2023.01.15-16.21.15:182][269]LogDemo: Cleaned up 0 splitscreen connections with owner deletion
[2023.01.15-16.21.15:186][269]LogExit: Game engine shut down
[2023.01.15-16.21.15:234][269]LogExit: Object subsystem successfully closed.
[2023.01.15-16.21.15:247][269]LogShaderCompilers: Display: === FShaderJobCache stats ===
[2023.01.15-16.21.15:247][269]LogShaderCompilers: Display: Total job queries 0, among them cache hits 0 (0.00%)
[2023.01.15-16.21.15:247][269]LogShaderCompilers: Display: Tracking 0 distinct input hashes that result in 0 distinct outputs (0.00%)
[2023.01.15-16.21.15:247][269]LogShaderCompilers: Display: RAM used: 0.00 MB (0.00 GB) of 819.20 MB (0.80 GB) budget. Usage: 0.00%
[2023.01.15-16.21.15:247][269]LogShaderCompilers: Display: ================================================
[2023.01.15-16.21.15:252][269]LogShaderCompilers: Display: Shaders left to compile 0
[2023.01.15-16.21.15:277][269]LogModuleManager: Shutting down and abandoning module AIModule (562)
[2023.01.15-16.21.15:278][269]LogModuleManager: Shutting down and abandoning module AITestSuite (561)
[2023.01.15-16.21.15:278][269]LogModuleManager: Shutting down and abandoning module NavigationSystem (559)
[2023.01.15-16.21.15:278][269]LogModuleManager: Shutting down and abandoning module GameplayDebugger (556)
[2023.01.15-16.21.15:278][269]LogModuleManager: Shutting down and abandoning module Voice (554)
[2023.01.15-16.21.15:278][269]LogModuleManager: Shutting down and abandoning module AnimGraph (550)
[2023.01.15-16.21.15:278][269]LogModuleManager: Shutting down and abandoning module SequenceRecorderSections (548)
[2023.01.15-16.21.15:278][269]LogModuleManager: Shutting down and abandoning module SequenceRecorder (546)
[2023.01.15-16.21.15:278][269]LogModuleManager: Shutting down and abandoning module AutomationController (544)
[2023.01.15-16.21.15:278][269]LogModuleManager: Shutting down and abandoning module AutomationWorker (542)
[2023.01.15-16.21.15:278][269]LogModuleManager: Shutting down and abandoning module SteamVREditor (540)
[2023.01.15-16.21.15:278][269]LogModuleManager: Shutting down and abandoning module ToolMenus (539)
[2023.01.15-16.21.15:278][269]LogModuleManager: Shutting down and abandoning module OculusMR (536)
[2023.01.15-16.21.15:278][269]LogModuleManager: Shutting down and abandoning module TakeRecorderSources (534)
[2023.01.15-16.21.15:278][269]LogModuleManager: Shutting down and abandoning module TakeRecorder (533)
[2023.01.15-16.21.15:278][269]LogModuleManager: Shutting down and abandoning module TakeTrackRecorders (530)
[2023.01.15-16.21.15:278][269]LogModuleManager: Shutting down and abandoning module TakesCore (528)
[2023.01.15-16.21.15:278][269]LogModuleManager: Shutting down and abandoning module OpenXRInput (526)
[2023.01.15-16.21.15:278][269]LogModuleManager: Shutting down and abandoning module WmfMediaFactory (524)
[2023.01.15-16.21.15:278][269]LogModuleManager: Shutting down and abandoning module WebMMediaFactory (522)
[2023.01.15-16.21.15:278][269]LogModuleManager: Shutting down and abandoning module WebMMedia (520)
[2023.01.15-16.21.15:278][269]LogModuleManager: Shutting down and abandoning module OpenExrWrapper (518)
[2023.01.15-16.21.15:278][269]LogModuleManager: Shutting down and abandoning module ImgMediaFactory (516)
[2023.01.15-16.21.15:278][269]LogModuleManager: Shutting down and abandoning module AvfMediaFactory (514)
[2023.01.15-16.21.15:278][269]LogModuleManager: Shutting down and abandoning module MagicLeapMediaCodecFactory (512)
[2023.01.15-16.21.15:278][269]LogModuleManager: Shutting down and abandoning module MagicLeapMediaFactory (510)
[2023.01.15-16.21.15:278][269]LogModuleManager: Shutting down and abandoning module PlanarCut (508)
[2023.01.15-16.21.15:278][269]LogModuleManager: Shutting down and abandoning module CharacterAI (506)
[2023.01.15-16.21.15:278][269]LogModuleManager: Shutting down and abandoning module SessionServices (504)
[2023.01.15-16.21.15:278][269]LogModuleManager: Shutting down and abandoning module MovieSceneCapture (502)
[2023.01.15-16.21.15:278][269]LogModuleManager: Shutting down and abandoning module LiveCoding (500)
[2023.01.15-16.21.15:278][269]LogModuleManager: Shutting down and abandoning module LevelSequence (498)
[2023.01.15-16.21.15:278][269]LogModuleManager: Shutting down and abandoning module MovieSceneTracks (496)
[2023.01.15-16.21.15:278][269]LogModuleManager: Shutting down and abandoning module MovieScene (494)
[2023.01.15-16.21.15:278][269]LogModuleManager: Shutting down and abandoning module StreamingPauseRendering (492)
[2023.01.15-16.21.15:278][269]LogModuleManager: Shutting down and abandoning module PortalServices (490)
[2023.01.15-16.21.15:278][269]LogModuleManager: Shutting down and abandoning module PortalRpc (488)
[2023.01.15-16.21.15:278][269]LogModuleManager: Shutting down and abandoning module MessagingRpc (486)
[2023.01.15-16.21.15:278][269]LogModuleManager: Shutting down and abandoning module AudioMixerXAudio2 (484)
[2023.01.15-16.21.15:278][269]LogModuleManager: Shutting down and abandoning module AudioMixerCore (483)
[2023.01.15-16.21.15:278][269]LogModuleManager: Shutting down and abandoning module ImageWriteQueue (480)
[2023.01.15-16.21.15:281][269]LogModuleManager: Shutting down and abandoning module ProfilerService (478)
[2023.01.15-16.21.15:320][269]LogModuleManager: Shutting down and abandoning module TaskGraph (476)
[2023.01.15-16.21.15:320][269]LogModuleManager: Shutting down and abandoning module OculusInput (474)
[2023.01.15-16.21.15:320][269]LogModuleManager: Shutting down and abandoning module TakeMovieScene (472)
[2023.01.15-16.21.15:320][269]LogModuleManager: Shutting down and abandoning module Synthesis (470)
[2023.01.15-16.21.15:320][269]LogModuleManager: Shutting down and abandoning module ProceduralMeshComponent (468)
[2023.01.15-16.21.15:320][269]LogModuleManager: Shutting down and abandoning module MobilePatchingUtils (466)
[2023.01.15-16.21.15:320][269]LogModuleManager: Shutting down and abandoning module GooglePAD (464)
[2023.01.15-16.21.15:320][269]LogModuleManager: Shutting down and abandoning module EditableMesh (462)
[2023.01.15-16.21.15:320][269]LogModuleManager: Shutting down and abandoning module CustomMeshComponent (460)
[2023.01.15-16.21.15:320][269]LogModuleManager: Shutting down and abandoning module AudioCapture (458)
[2023.01.15-16.21.15:320][269]LogModuleManager: Shutting down and abandoning module AudioCaptureRtAudio (457)
[2023.01.15-16.21.15:320][269]LogModuleManager: Shutting down and abandoning module CableComponent (454)
[2023.01.15-16.21.15:320][269]LogModuleManager: Shutting down and abandoning module AssetTags (452)
[2023.01.15-16.21.15:320][269]LogModuleManager: Shutting down and abandoning module ArchVisCharacter (450)
[2023.01.15-16.21.15:320][269]LogModuleManager: Shutting down and abandoning module AppleImageUtilsBlueprintSupport (448)
[2023.01.15-16.21.15:320][269]LogModuleManager: Shutting down and abandoning module AppleImageUtils (446)
[2023.01.15-16.21.15:321][269]LogModuleManager: Shutting down and abandoning module AndroidPermission (444)
[2023.01.15-16.21.15:321][269]LogModuleManager: Shutting down and abandoning module ActorLayerUtilities (442)
[2023.01.15-16.21.15:321][269]LogModuleManager: Shutting down and abandoning module TemplateSequence (440)
[2023.01.15-16.21.15:321][269]LogModuleManager: Shutting down and abandoning module MediaCompositing (438)
[2023.01.15-16.21.15:321][269]LogModuleManager: Shutting down and abandoning module MagicLeapHelperVulkan (436)
[2023.01.15-16.21.15:321][269]LogModuleManager: Shutting down and abandoning module MagicLeapHelperOpenGL (434)
[2023.01.15-16.21.15:321][269]LogModuleManager: Shutting down and abandoning module MagicLeapAudio (432)
[2023.01.15-16.21.15:321][269]LogModuleManager: Shutting down and abandoning module ImgMedia (430)
[2023.01.15-16.21.15:321][269]LogModuleManager: Shutting down and abandoning module MagicLeapSharedWorld (428)
[2023.01.15-16.21.15:321][269]LogModuleManager: Shutting down and abandoning module MagicLeapLightEstimation (426)
[2023.01.15-16.21.15:321][269]LogModuleManager: Shutting down and abandoning module OpenImageDenoise (424)
[2023.01.15-16.21.15:321][269]LogOpenImageDenoise: OIDN shutting down
[2023.01.15-16.21.15:321][269]LogModuleManager: Shutting down and abandoning module MotoSynth (422)
[2023.01.15-16.21.15:321][269]LogModuleManager: Shutting down and abandoning module MeshConversion (420)
[2023.01.15-16.21.15:321][269]LogModuleManager: Shutting down and abandoning module DynamicMesh (418)
[2023.01.15-16.21.15:321][269]LogModuleManager: Shutting down and abandoning module GeometryAlgorithms (416)
[2023.01.15-16.21.15:321][269]LogModuleManager: Shutting down and abandoning module GeometricObjects (414)
[2023.01.15-16.21.15:321][269]LogModuleManager: Shutting down and abandoning module GeometryCacheTracks (412)
[2023.01.15-16.21.15:321][269]LogModuleManager: Shutting down and abandoning module GeometryCacheSequencer (411)
[2023.01.15-16.21.15:321][269]LogModuleManager: Shutting down and abandoning module GeometryCache (408)
[2023.01.15-16.21.15:321][269]LogModuleManager: Shutting down and abandoning module GeometryCacheEd (407)
[2023.01.15-16.21.15:321][269]LogModuleManager: Shutting down and abandoning module GeometryCollectionTracks (404)
[2023.01.15-16.21.15:321][269]LogModuleManager: Shutting down and abandoning module GeometryCollectionSequencer (403)
[2023.01.15-16.21.15:321][269]LogModuleManager: Shutting down and abandoning module ChaosNiagara (400)
[2023.01.15-16.21.15:321][269]LogModuleManager: Shutting down and abandoning module FieldSystemEngine (399)
[2023.01.15-16.21.15:321][269]LogModuleManager: Shutting down and abandoning module AutomationUtils (396)
[2023.01.15-16.21.15:321][269]LogModuleManager: Shutting down and abandoning module BackChannel (394)
[2023.01.15-16.21.15:321][269]LogModuleManager: Shutting down and abandoning module VisualStudioSourceCodeAccess (392)
[2023.01.15-16.21.15:321][269]LogModuleManager: Shutting down and abandoning module HotReload (391)
[2023.01.15-16.21.15:321][269]LogModuleManager: Shutting down and abandoning module VisualStudioCodeSourceCodeAccess (388)
[2023.01.15-16.21.15:321][269]LogModuleManager: Shutting down and abandoning module UObjectPlugin (386)
[2023.01.15-16.21.15:321][269]LogModuleManager: Shutting down and abandoning module SubversionSourceControl (384)
[2023.01.15-16.21.15:321][269]LogModuleManager: Shutting down and abandoning module PerforceSourceControl (382)
[2023.01.15-16.21.15:321][269]LogModuleManager: Shutting down and abandoning module SourceControl (381)
[2023.01.15-16.21.15:321][269]LogModuleManager: Shutting down and abandoning module CLionSourceCodeAccess (378)
[2023.01.15-16.21.15:321][269]LogModuleManager: Shutting down and abandoning module OodleNetworkHandlerComponent (376)
[2023.01.15-16.21.15:321][269]LogModuleManager: Shutting down and abandoning module LiveLinkSequencer (374)
[2023.01.15-16.21.15:321][269]LogModuleManager: Shutting down and abandoning module LiveLinkMovieScene (372)
[2023.01.15-16.21.15:321][269]LogModuleManager: Shutting down and abandoning module LiveLinkGraphNode (370)
[2023.01.15-16.21.15:321][269]LogModuleManager: Shutting down and abandoning module LiveLinkComponents (368)
[2023.01.15-16.21.15:321][269]LogModuleManager: Shutting down and abandoning module LiveLink (366)
[2023.01.15-16.21.16:055][269]LogModuleManager: Shutting down and abandoning module SoundFields (364)
[2023.01.15-16.21.16:055][269]LogModuleManager: Shutting down and abandoning module RuntimePhysXCooking (362)
[2023.01.15-16.21.16:055][269]LogModuleManager: Shutting down and abandoning module SignificanceManager (360)
[2023.01.15-16.21.16:055][269]LogModuleManager: Shutting down and abandoning module PropertyAccessEditor (358)
[2023.01.15-16.21.16:055][269]LogModuleManager: Shutting down and abandoning module PhysXVehiclesEditor (356)
[2023.01.15-16.21.16:055][269]LogModuleManager: Shutting down and abandoning module LocationServicesBPLibrary (352)
[2023.01.15-16.21.16:055][269]LogModuleManager: Shutting down and abandoning module AudioSynesthesia (350)
[2023.01.15-16.21.16:055][269]LogModuleManager: Shutting down and abandoning module AudioSynesthesiaCore (348)
[2023.01.15-16.21.16:055][269]LogModuleManager: Shutting down and abandoning module ActorSequence (346)
[2023.01.15-16.21.16:055][269]LogModuleManager: Shutting down and abandoning module TcpMessaging (344)
