Log file open, 01/16/23 18:07:42
LogWindows: Failed to load 'aqProf.dll' (GetLastError=126)
LogWindows: File 'aqProf.dll' does not exist
LogWindows: Failed to load 'VtuneApi.dll' (GetLastError=126)
LogWindows: File 'VtuneApi.dll' does not exist
LogWindows: Failed to load 'VtuneApi32e.dll' (GetLastError=126)
LogWindows: File 'VtuneApi32e.dll' does not exist
LogConsoleResponse: Display: Failed to find resolution value strings in scalability ini. Falling back to default.
LogConsoleResponse: Display: Failed to find resolution value strings in scalability ini. Falling back to default.
LogInit: Display: Running engine for game: PrototypeV6
LogPlatformFile: Not using cached read wrapper
LogTaskGraph: Started task graph with 5 named threads and 35 total threads with 3 sets of task threads.
LogStats: Stats thread started at 0.334724
LogICUInternationalization: ICU TimeZone Detection - Raw Offset: +0:00, Platform Override: ''
LogInit: Display: Loading text-based GConfig....
LogPluginManager: Mounting plugin MeshPainting
LogPluginManager: Mounting plugin XGEController
LogPluginManager: Mounting plugin Paper2D
LogPluginManager: Mounting plugin LiveLink
LogPluginManager: Mounting plugin AISupport
LogPluginManager: Mounting plugin EnvironmentQueryEditor
LogPluginManager: Mounting plugin CameraShakePreviewer
LogPluginManager: Mounting plugin AnimationSharing
LogPluginManager: Mounting plugin OodleNetwork
LogPluginManager: Mounting plugin CodeLiteSourceCodeAccess
LogPluginManager: Mounting plugin CLionSourceCodeAccess
LogPluginManager: Mounting plugin GameplayCameras
LogPluginManager: Mounting plugin OodleData
LogPluginManager: Mounting plugin NullSourceCodeAccess
LogPluginManager: Mounting plugin KDevelopSourceCodeAccess
LogPluginManager: Mounting plugin PerforceSourceControl
LogPluginManager: Mounting plugin GitSourceControl
LogPluginManager: Mounting plugin PixWinPlugin
LogPluginManager: Mounting plugin PropertyAccessNode
LogPluginManager: Mounting plugin PluginUtils
LogPluginManager: Mounting plugin PlasticSourceControl
LogPluginManager: Mounting plugin RiderSourceCodeAccess
LogPluginManager: Mounting plugin SubversionSourceControl
LogPluginManager: Mounting plugin TextureFormatOodle
LogPluginManager: Mounting plugin XCodeSourceCodeAccess
LogPluginManager: Mounting plugin UObjectPlugin
LogPluginManager: Mounting plugin VisualStudioCodeSourceCodeAccess
LogPluginManager: Mounting plugin DatasmithContent
LogPluginManager: Mounting plugin VariantManagerContent
LogPluginManager: Mounting plugin AssetManagerEditor
LogPluginManager: Mounting plugin CryptoKeys
LogPluginManager: Mounting plugin CurveEditorTools
LogPluginManager: Mounting plugin DataValidation
LogPluginManager: Mounting plugin FacialAnimation
LogPluginManager: Mounting plugin GameplayTagsEditor
LogPluginManager: Mounting plugin GeometryMode
LogPluginManager: Mounting plugin MacGraphicsSwitching
LogPluginManager: Mounting plugin PluginBrowser
LogPluginManager: Mounting plugin MobileLauncherProfileWizard
LogPluginManager: Mounting plugin SpeedTreeImporter
LogPluginManager: Mounting plugin Niagara
LogPluginManager: Mounting plugin LuminPlatformFeatures
LogPluginManager: Mounting plugin MagicLeap
LogPluginManager: Mounting plugin MaterialAnalyzer
LogPluginManager: Mounting plugin MagicLeapMedia
LogPluginManager: Mounting plugin MagicLeapLightEstimation
LogPluginManager: Mounting plugin MLSDK
LogPluginManager: Mounting plugin AvfMedia
LogPluginManager: Mounting plugin AndroidMedia
LogPluginManager: Mounting plugin MagicLeapPassableWorld
LogPluginManager: Mounting plugin VisualStudioSourceCodeAccess
LogPluginManager: Mounting plugin MediaCompositing
LogPluginManager: Mounting plugin AlembicImporter
LogPluginManager: Mounting plugin MediaPlayerEditor
LogPluginManager: Mounting plugin AutomationUtils
LogPluginManager: Mounting plugin WmfMedia
LogPluginManager: Mounting plugin WebMMedia
LogPluginManager: Mounting plugin BackChannel
LogPluginManager: Mounting plugin ChaosCloth
LogPluginManager: Mounting plugin ChaosClothEditor
LogPluginManager: Mounting plugin ChaosEditor
LogPluginManager: Mounting plugin ChaosNiagara
LogPluginManager: Mounting plugin ChaosSolverPlugin
LogPluginManager: Mounting plugin CharacterAI
LogPluginManager: Mounting plugin GeometryCache
LogPluginManager: Mounting plugin GeometryCollectionPlugin
LogPluginManager: Mounting plugin TcpMessaging
LogPluginManager: Mounting plugin ActorSequence
LogPluginManager: Mounting plugin UdpMessaging
LogPluginManager: Mounting plugin LevelSequenceEditor
LogPluginManager: Mounting plugin MatineeToLevelSequence
LogPluginManager: Mounting plugin TemplateSequence
LogPluginManager: Mounting plugin GeometryProcessing
LogPluginManager: Mounting plugin OpenImageDenoise
LogPluginManager: Mounting plugin MotoSynth
LogPluginManager: Mounting plugin ImgMedia
LogPluginManager: Mounting plugin ProxyLODPlugin
LogPluginManager: Mounting plugin PlanarCut
LogPluginManager: Mounting plugin PythonScriptPlugin
LogPluginManager: Mounting plugin PlatformCrypto
LogPluginManager: Mounting plugin SkeletalReduction
LogPluginManager: Mounting plugin OnlineSubsystem
LogPluginManager: Mounting plugin OnlineSubsystemNull
LogPluginManager: Mounting plugin OnlineSubsystemUtils
LogPluginManager: Mounting plugin LauncherChunkInstaller
LogPluginManager: Mounting plugin ActorLayerUtilities
LogPluginManager: Mounting plugin AndroidMoviePlayer
LogPluginManager: Mounting plugin AndroidDeviceProfileSelector
LogPluginManager: Mounting plugin AndroidPermission
LogPluginManager: Mounting plugin AppleImageUtils
LogPluginManager: Mounting plugin AppleMoviePlayer
LogPluginManager: Mounting plugin ArchVisCharacter
LogPluginManager: Mounting plugin AssetTags
LogPluginManager: Mounting plugin AudioCapture
LogPluginManager: Mounting plugin AudioSynesthesia
LogPluginManager: Mounting plugin ChunkDownloader
LogPluginManager: Mounting plugin ExampleDeviceProfileSelector
LogPluginManager: Mounting plugin CustomMeshComponent
LogPluginManager: Mounting plugin EditableMesh
LogPluginManager: Mounting plugin GooglePAD
LogPluginManager: Mounting plugin CableComponent
LogPluginManager: Mounting plugin GoogleCloudMessaging
LogPluginManager: Mounting plugin ScreenshotTools
LogPluginManager: Mounting plugin IOSDeviceProfileSelector
LogPluginManager: Mounting plugin LinuxDeviceProfileSelector
LogPluginManager: Mounting plugin LocationServicesBPLibrary
LogPluginManager: Mounting plugin MobilePatchingUtils
LogPluginManager: Mounting plugin OpenXREyeTracker
LogPluginManager: Mounting plugin OpenXRHandTracking
LogPluginManager: Mounting plugin PhysXVehicles
LogPluginManager: Mounting plugin OpenXR
LogPluginManager: Mounting plugin Takes
LogPluginManager: Mounting plugin PostSplashScreen
LogPluginManager: Mounting plugin ProceduralMeshComponent
LogPluginManager: Mounting plugin PropertyAccessEditor
LogPluginManager: Mounting plugin SignificanceManager
LogPluginManager: Mounting plugin RuntimePhysXCooking
LogPluginManager: Mounting plugin SoundFields
LogPluginManager: Mounting plugin Synthesis
LogPluginManager: Mounting plugin WebMMoviePlayer
LogPluginManager: Mounting plugin WindowsMoviePlayer
LogPluginManager: Mounting plugin LightPropagationVolume
LogPluginManager: Mounting plugin ContentBrowserAssetDataSource
LogPluginManager: Mounting plugin ContentBrowserFileDataSource
LogPluginManager: Mounting plugin ContentBrowserClassDataSource
LogPluginManager: Mounting plugin OnlineSubsystemIOS
LogPluginManager: Mounting plugin OculusVR
LogPluginManager: Mounting plugin SteamVR
PixWinPlugin: PIX capture plugin failed to initialize! Check that the process is launched from PIX.
LogInit: Using libcurl 7.55.1-DEV
LogInit:  - built for x86_64-pc-win32
LogInit:  - supports SSL with OpenSSL/1.1.1
LogInit:  - supports HTTP deflate (compression) using libz 1.2.8
LogInit:  - other features:
LogInit:      CURL_VERSION_SSL
LogInit:      CURL_VERSION_LIBZ
LogInit:      CURL_VERSION_IPV6
LogInit:      CURL_VERSION_ASYNCHDNS
LogInit:      CURL_VERSION_LARGEFILE
LogInit:      CURL_VERSION_IDN
LogInit:  CurlRequestOptions (configurable via config and command line):
LogInit:  - bVerifyPeer = true  - Libcurl will verify peer certificate
LogInit:  - bUseHttpProxy = false  - Libcurl will NOT use HTTP proxy
LogInit:  - bDontReuseConnections = false  - Libcurl will reuse connections
LogInit:  - MaxHostConnections = 16  - Libcurl will limit the number of connections to a host
LogInit:  - LocalHostAddr = Default
LogInit:  - BufferSize = 65536
LogOnline: OSS: Creating online subsystem instance for: NULL
LogInit: WinSock: version 1.1 (2.2), MaxSocks=32767, MaxUdp=65467
LogOnline: OSS: TryLoadSubsystemAndSetDefault: Loaded subsystem for module [NULL]
LogInit: Build: ++UE4+Release-4.27-CL-18319896
LogInit: Engine Version: 4.27.2-18319896+++UE4+Release-4.27
LogInit: Compatible Engine Version: 4.27.0-17155196+++UE4+Release-4.27
LogInit: Net CL: 17155196
LogInit: OS: Windows 10 (Release 2009) (), CPU: Intel(R) Core(TM) i7-9750H CPU @ 2.60GHz, GPU: Intel(R) UHD Graphics 630
LogInit: Compiled (64-bit): Nov 30 2021 07:12:08
LogInit: Compiled with Visual C++: 19.24.28315.00
LogInit: Build Configuration: Development
LogInit: Branch Name: ++UE4+Release-4.27
LogInit: Command Line:  127.0.0.1:17777 -game -PIEVIACONSOLE -Multiprocess "GameUserSettingsINI=C:/Users/SLATE 15/Documents/GitHub/Hannah-Ashna.github.io/FYP-Prototype/PrototypeV6/Saved/Config/Windows/PIEGameUserSettings1.ini" -MultiprocessSaveConfig -forcepassthrough -messaging -SessionName="Play in Standalone Game" -nohmd -windowed -WinX=0 -WinY=35 SAVEWINPOS=1 -ResX=640 -ResY=480
LogInit: Base Directory: C:/Program Files/Epic Games/UE_4.27/Engine/Binaries/Win64/
LogInit: Allocator: TBB
LogInit: Installed Engine Build: 1
LogDevObjectVersion: Number of dev versions registered: 29
LogDevObjectVersion:   Dev-Blueprints (B0D832E4-1F89-4F0D-ACCF-7EB736FD4AA2): 10
LogDevObjectVersion:   Dev-Build (E1C64328-A22C-4D53-A36C-8E866417BD8C): 0
LogDevObjectVersion:   Dev-Core (375EC13C-06E4-48FB-B500-84F0262A717E): 4
LogDevObjectVersion:   Dev-Editor (E4B068ED-F494-42E9-A231-DA0B2E46BB41): 40
LogDevObjectVersion:   Dev-Framework (CFFC743F-43B0-4480-9391-14DF171D2073): 37
LogDevObjectVersion:   Dev-Mobile (B02B49B5-BB20-44E9-A304-32B752E40360): 3
LogDevObjectVersion:   Dev-Networking (A4E4105C-59A1-49B5-A7C5-40C4547EDFEE): 0
LogDevObjectVersion:   Dev-Online (39C831C9-5AE6-47DC-9A44-9C173E1C8E7C): 0
LogDevObjectVersion:   Dev-Physics (78F01B33-EBEA-4F98-B9B4-84EACCB95AA2): 14
LogDevObjectVersion:   Dev-Platform (6631380F-2D4D-43E0-8009-CF276956A95A): 0
LogDevObjectVersion:   Dev-Rendering (12F88B9F-8875-4AFC-A67C-D90C383ABD29): 45
LogDevObjectVersion:   Dev-Sequencer (7B5AE74C-D270-4C10-A958-57980B212A5A): 13
LogDevObjectVersion:   Dev-VR (D7296918-1DD6-4BDD-9DE2-64A83CC13884): 3
LogDevObjectVersion:   Dev-LoadTimes (C2A15278-BFE7-4AFE-6C17-90FF531DF755): 1
LogDevObjectVersion:   Private-Geometry (6EACA3D4-40EC-4CC1-B786-8BED09428FC5): 3
LogDevObjectVersion:   Dev-AnimPhys (29E575DD-E0A3-4627-9D10-D276232CDCEA): 17
LogDevObjectVersion:   Dev-Anim (AF43A65D-7FD3-4947-9873-3E8ED9C1BB05): 15
LogDevObjectVersion:   Dev-ReflectionCapture (6B266CEC-1EC7-4B8F-A30B-E4D90942FC07): 1
LogDevObjectVersion:   Dev-Automation (0DF73D61-A23F-47EA-B727-89E90C41499A): 1
LogDevObjectVersion:   FortniteMain (601D1886-AC64-4F84-AA16-D3DE0DEAC7D6): 47
LogDevObjectVersion:   FortniteRelease (E7086368-6B23-4C58-8439-1B7016265E91): 1
LogDevObjectVersion:   Dev-Enterprise (9DFFBCD6-494F-0158-E221-12823C92A888): 10
LogDevObjectVersion:   Dev-Niagara (F2AED0AC-9AFE-416F-8664-AA7FFA26D6FC): 1
LogDevObjectVersion:   Dev-Destruction (174F1F0B-B4C6-45A5-B13F-2EE8D0FB917D): 10
LogDevObjectVersion:   Dev-Physics-Ext (35F94A83-E258-406C-A318-09F59610247C): 41
LogDevObjectVersion:   Dev-PhysicsMaterial-Chaos (B68FC16E-8B1B-42E2-B453-215C058844FE): 1
LogDevObjectVersion:   Dev-CineCamera (B2E18506-4273-CFC2-A54E-F4BB758BBA07): 1
LogDevObjectVersion:   Dev-VirtualProduction (64F58936-FD1B-42BA-BA96-7289D5D0FA4E): 1
LogDevObjectVersion:   Dev-MediaFramework (6F0ED827-A609-4895-9C91-998D90180EA4): 2
LogInit: Presizing for max 25165824 objects, including 0 objects not considered by GC, pre-allocating 0 bytes for permanent pool.
LogConfig: Applying CVar settings from Section [/Script/Engine.StreamingSettings] File [C:/Users/SLATE 15/Documents/GitHub/Hannah-Ashna.github.io/FYP-Prototype/PrototypeV6/Saved/Config/Windows/Engine.ini]
LogConfig: Setting CVar [[s.MinBulkDataSizeForAsyncLoading:131072]]
LogConfig: Setting CVar [[s.AsyncLoadingThreadEnabled:0]]
LogConfig: Setting CVar [[s.EventDrivenLoaderEnabled:1]]
LogConfig: Setting CVar [[s.WarnIfTimeLimitExceeded:0]]
LogConfig: Setting CVar [[s.TimeLimitExceededMultiplier:1.5]]
LogConfig: Setting CVar [[s.TimeLimitExceededMinTime:0.005]]
LogConfig: Setting CVar [[s.UseBackgroundLevelStreaming:1]]
LogConfig: Setting CVar [[s.PriorityAsyncLoadingExtraTime:15.0]]
LogConfig: Setting CVar [[s.LevelStreamingActorsUpdateTimeLimit:5.0]]
LogConfig: Setting CVar [[s.PriorityLevelStreamingActorsUpdateExtraTime:5.0]]
LogConfig: Setting CVar [[s.LevelStreamingComponentsRegistrationGranularity:10]]
LogConfig: Setting CVar [[s.UnregisterComponentsTimeLimit:1.0]]
LogConfig: Setting CVar [[s.LevelStreamingComponentsUnregistrationGranularity:5]]
LogConfig: Setting CVar [[s.FlushStreamingOnExit:1]]
LogInit: Object subsystem initialized
LogConfig: Setting CVar [[con.DebugEarlyDefault:1]]
LogConfig: Setting CVar [[r.setres:1280x720]]
[2023.01.16-18.07.43:421][  0]LogConfig: Setting CVar [[con.DebugEarlyDefault:1]]
[2023.01.16-18.07.43:421][  0]LogConfig: Setting CVar [[r.setres:1280x720]]
[2023.01.16-18.07.43:421][  0]LogConfig: Applying CVar settings from Section [/Script/Engine.RendererSettings] File [C:/Users/SLATE 15/Documents/GitHub/Hannah-Ashna.github.io/FYP-Prototype/PrototypeV6/Saved/Config/Windows/Engine.ini]
[2023.01.16-18.07.43:421][  0]LogConfig: Setting CVar [[r.GPUCrashDebugging:0]]
[2023.01.16-18.07.43:421][  0]LogConfig: Setting CVar [[r.Mobile.DisableVertexFog:1]]
[2023.01.16-18.07.43:421][  0]LogConfig: Setting CVar [[r.Shadow.CSM.MaxMobileCascades:2]]
[2023.01.16-18.07.43:421][  0]LogConfig: Setting CVar [[r.MobileMSAA:1]]
[2023.01.16-18.07.43:421][  0]LogConfig: Setting CVar [[r.Mobile.AllowDitheredLODTransition:0]]
[2023.01.16-18.07.43:421][  0]LogConfig: Setting CVar [[r.Mobile.AllowSoftwareOcclusion:0]]
[2023.01.16-18.07.43:421][  0]LogConfig: Setting CVar [[r.Mobile.VirtualTextures:0]]
[2023.01.16-18.07.43:421][  0]LogConfig: Setting CVar [[r.DiscardUnusedQuality:0]]
[2023.01.16-18.07.43:421][  0]LogConfig: Setting CVar [[r.AllowOcclusionQueries:1]]
[2023.01.16-18.07.43:421][  0]LogConfig: Setting CVar [[r.MinScreenRadiusForLights:0.030000]]
[2023.01.16-18.07.43:421][  0]LogConfig: Setting CVar [[r.MinScreenRadiusForDepthPrepass:0.030000]]
[2023.01.16-18.07.43:421][  0]LogConfig: Setting CVar [[r.MinScreenRadiusForCSMDepth:0.010000]]
[2023.01.16-18.07.43:421][  0]LogConfig: Setting CVar [[r.PrecomputedVisibilityWarning:0]]
[2023.01.16-18.07.43:421][  0]LogConfig: Setting CVar [[r.TextureStreaming:1]]
[2023.01.16-18.07.43:421][  0]LogConfig: Setting CVar [[Compat.UseDXT5NormalMaps:0]]
[2023.01.16-18.07.43:421][  0]LogConfig: Setting CVar [[r.VirtualTextures:0]]
[2023.01.16-18.07.43:421][  0]LogConfig: Setting CVar [[r.VT.EnableAutoImport:1]]
[2023.01.16-18.07.43:421][  0]LogConfig: Setting CVar [[r.VirtualTexturedLightmaps:0]]
[2023.01.16-18.07.43:421][  0]LogConfig: Setting CVar [[r.VT.TileSize:128]]
[2023.01.16-18.07.43:421][  0]LogConfig: Setting CVar [[r.VT.TileBorderSize:4]]
[2023.01.16-18.07.43:421][  0]LogConfig: Setting CVar [[r.vt.FeedbackFactor:16]]
[2023.01.16-18.07.43:421][  0]LogConfig: Setting CVar [[r.VT.EnableCompressZlib:1]]
[2023.01.16-18.07.43:421][  0]LogConfig: Setting CVar [[r.VT.EnableCompressCrunch:0]]
[2023.01.16-18.07.43:421][  0]LogConfig: Setting CVar [[r.ClearCoatNormal:0]]
[2023.01.16-18.07.43:421][  0]LogConfig: Setting CVar [[r.ReflectionCaptureResolution:128]]
[2023.01.16-18.07.43:421][  0]LogConfig: Setting CVar [[r.Mobile.ReflectionCaptureCompression:0]]
[2023.01.16-18.07.43:421][  0]LogConfig: Setting CVar [[r.ReflectionEnvironmentLightmapMixBasedOnRoughness:1]]
[2023.01.16-18.07.43:421][  0]LogConfig: Setting CVar [[r.ForwardShading:1]]
[2023.01.16-18.07.43:421][  0]LogConfig: Setting CVar [[r.VertexFoggingForOpaque:1]]
[2023.01.16-18.07.43:421][  0]LogConfig: Setting CVar [[r.AllowStaticLighting:1]]
[2023.01.16-18.07.43:421][  0]LogConfig: Setting CVar [[r.NormalMapsForStaticLighting:0]]
[2023.01.16-18.07.43:421][  0]LogConfig: Setting CVar [[r.GenerateMeshDistanceFields:0]]
[2023.01.16-18.07.43:421][  0]LogConfig: Setting CVar [[r.DistanceFieldBuild.EightBit:0]]
[2023.01.16-18.07.43:421][  0]LogConfig: Setting CVar [[r.GenerateLandscapeGIData:0]]
[2023.01.16-18.07.43:421][  0]LogConfig: Setting CVar [[r.DistanceFieldBuild.Compress:0]]
[2023.01.16-18.07.43:421][  0]LogConfig: Setting CVar [[r.TessellationAdaptivePixelsPerTriangle:48.000000]]
[2023.01.16-18.07.43:421][  0]LogConfig: Setting CVar [[r.SeparateTranslucency:0]]
[2023.01.16-18.07.43:421][  0]LogConfig: Setting CVar [[r.TranslucentSortPolicy:0]]
[2023.01.16-18.07.43:421][  0]LogConfig: Setting CVar [[vr.VRS.HMDFixedFoveationLevel:2]]
[2023.01.16-18.07.43:421][  0]LogConfig: Setting CVar [[r.CustomDepth:1]]
[2023.01.16-18.07.43:421][  0]LogConfig: Setting CVar [[r.CustomDepthTemporalAAJitter:1]]
[2023.01.16-18.07.43:421][  0]LogConfig: Setting CVar [[r.PostProcessing.PropagateAlpha:0]]
[2023.01.16-18.07.43:421][  0]LogConfig: Setting CVar [[r.DefaultFeature.Bloom:0]]
[2023.01.16-18.07.43:421][  0]LogConfig: Setting CVar [[r.DefaultFeature.AmbientOcclusion:0]]
[2023.01.16-18.07.43:421][  0]LogConfig: Setting CVar [[r.DefaultFeature.AmbientOcclusionStaticFraction:1]]
[2023.01.16-18.07.43:421][  0]LogConfig: Setting CVar [[r.DefaultFeature.AutoExposure:0]]
[2023.01.16-18.07.43:421][  0]LogConfig: Setting CVar [[r.DefaultFeature.AutoExposure.Method:0]]
[2023.01.16-18.07.43:421][  0]LogConfig: Setting CVar [[r.DefaultFeature.AutoExposure.Bias:1.000000]]
[2023.01.16-18.07.43:421][  0]LogConfig: Setting CVar [[r.DefaultFeature.AutoExposure.ExtendDefaultLuminanceRange:0]]
[2023.01.16-18.07.43:421][  0]LogConfig: Setting CVar [[r.UsePreExposure:1]]
[2023.01.16-18.07.43:421][  0]LogConfig: Setting CVar [[r.EyeAdaptation.EditorOnly:0]]
[2023.01.16-18.07.43:421][  0]LogConfig: Setting CVar [[r.DefaultFeature.MotionBlur:0]]
[2023.01.16-18.07.43:421][  0]LogConfig: Setting CVar [[r.DefaultFeature.LensFlare:0]]
[2023.01.16-18.07.43:421][  0]LogConfig: Setting CVar [[r.TemporalAA.Upsampling:0]]
[2023.01.16-18.07.43:421][  0]LogConfig: Setting CVar [[r.SSGI.Enable:0]]
[2023.01.16-18.07.43:421][  0]LogConfig: Setting CVar [[r.DefaultFeature.AntiAliasing:0]]
[2023.01.16-18.07.43:421][  0]LogConfig: Setting CVar [[r.DefaultFeature.LightUnits:1]]
[2023.01.16-18.07.43:421][  0]LogConfig: Setting CVar [[r.DefaultBackBufferPixelFormat:4]]
[2023.01.16-18.07.43:421][  0]LogConfig: Setting CVar [[r.Shadow.UnbuiltPreviewInGame:1]]
[2023.01.16-18.07.43:421][  0]LogConfig: Setting CVar [[r.StencilForLODDither:0]]
[2023.01.16-18.07.43:421][  0]LogConfig: Setting CVar [[r.EarlyZPass:3]]
[2023.01.16-18.07.43:421][  0]LogConfig: Setting CVar [[r.EarlyZPassOnlyMaterialMasking:0]]
[2023.01.16-18.07.43:421][  0]LogConfig: Setting CVar [[r.DBuffer:1]]
[2023.01.16-18.07.43:421][  0]LogConfig: Setting CVar [[r.ClearSceneMethod:1]]
[2023.01.16-18.07.43:421][  0]LogConfig: Setting CVar [[r.BasePassOutputsVelocity:0]]
[2023.01.16-18.07.43:421][  0]LogConfig: Setting CVar [[r.VertexDeformationOutputsVelocity:0]]
[2023.01.16-18.07.43:421][  0]LogConfig: Setting CVar [[r.SelectiveBasePassOutputs:0]]
[2023.01.16-18.07.43:421][  0]LogConfig: Setting CVar [[fx.GPUSimulationTextureSizeX:1024]]
[2023.01.16-18.07.43:421][  0]LogConfig: Setting CVar [[fx.GPUSimulationTextureSizeY:1024]]
[2023.01.16-18.07.43:422][  0]LogConfig: Setting CVar [[r.AllowGlobalClipPlane:0]]
[2023.01.16-18.07.43:422][  0]LogConfig: Setting CVar [[r.GBufferFormat:1]]
[2023.01.16-18.07.43:422][  0]LogConfig: Setting CVar [[r.MorphTarget.Mode:1]]
[2023.01.16-18.07.43:422][  0]LogConfig: Setting CVar [[vr.InstancedStereo:1]]
[2023.01.16-18.07.43:422][  0]LogConfig: Setting CVar [[r.MobileHDR:0]]
[2023.01.16-18.07.43:422][  0]LogConfig: Setting CVar [[vr.MobileMultiView:1]]
[2023.01.16-18.07.43:422][  0]LogConfig: Setting CVar [[r.Mobile.UseHWsRGBEncoding:1]]
[2023.01.16-18.07.43:422][  0]LogConfig: Setting CVar [[vr.RoundRobinOcclusion:1]]
[2023.01.16-18.07.43:422][  0]LogConfig: Setting CVar [[vr.ODSCapture:0]]
[2023.01.16-18.07.43:422][  0]LogConfig: Setting CVar [[r.MeshStreaming:0]]
[2023.01.16-18.07.43:422][  0]LogConfig: Setting CVar [[r.WireframeCullThreshold:5.000000]]
[2023.01.16-18.07.43:422][  0]LogConfig: Setting CVar [[r.RayTracing:0]]
[2023.01.16-18.07.43:422][  0]LogConfig: Setting CVar [[r.RayTracing.UseTextureLod:0]]
[2023.01.16-18.07.43:422][  0]LogConfig: Setting CVar [[r.SupportStationarySkylight:0]]
[2023.01.16-18.07.43:422][  0]LogConfig: Setting CVar [[r.SupportLowQualityLightmaps:1]]
[2023.01.16-18.07.43:422][  0]LogConfig: Setting CVar [[r.SupportPointLightWholeSceneShadows:1]]
[2023.01.16-18.07.43:422][  0]LogConfig: Setting CVar [[r.SupportAtmosphericFog:0]]
[2023.01.16-18.07.43:422][  0]LogConfig: Setting CVar [[r.SupportSkyAtmosphere:0]]
[2023.01.16-18.07.43:422][  0]LogConfig: Setting CVar [[r.SupportSkyAtmosphereAffectsHeightFog:0]]
[2023.01.16-18.07.43:422][  0]LogConfig: Setting CVar [[r.SkinCache.CompileShaders:0]]
[2023.01.16-18.07.43:422][  0]LogConfig: Setting CVar [[r.SkinCache.DefaultBehavior:1]]
[2023.01.16-18.07.43:422][  0]LogConfig: Setting CVar [[r.SkinCache.SceneMemoryLimitInMB:128.000000]]
[2023.01.16-18.07.43:422][  0]LogConfig: Setting CVar [[r.Mobile.EnableStaticAndCSMShadowReceivers:1]]
[2023.01.16-18.07.43:422][  0]LogConfig: Setting CVar [[r.Mobile.EnableMovableLightCSMShaderCulling:1]]
[2023.01.16-18.07.43:422][  0]LogConfig: Setting CVar [[r.Mobile.AllowDistanceFieldShadows:1]]
[2023.01.16-18.07.43:422][  0]LogConfig: Setting CVar [[r.Mobile.AllowMovableDirectionalLights:1]]
[2023.01.16-18.07.43:422][  0]LogConfig: Setting CVar [[r.MobileNumDynamicPointLights:4]]
[2023.01.16-18.07.43:422][  0]LogConfig: Setting CVar [[r.MobileDynamicPointLightsUseStaticBranch:1]]
[2023.01.16-18.07.43:422][  0]LogConfig: Setting CVar [[r.Mobile.EnableMovableSpotlights:0]]
[2023.01.16-18.07.43:422][  0]LogConfig: Setting CVar [[r.Mobile.EnableMovableSpotlightsShadow:0]]
[2023.01.16-18.07.43:422][  0]LogConfig: Setting CVar [[r.GPUSkin.Support16BitBoneIndex:0]]
[2023.01.16-18.07.43:422][  0]LogConfig: Setting CVar [[r.GPUSkin.Limit2BoneInfluences:0]]
[2023.01.16-18.07.43:422][  0]LogConfig: Setting CVar [[r.SupportDepthOnlyIndexBuffers:1]]
[2023.01.16-18.07.43:422][  0]LogConfig: Setting CVar [[r.SupportReversedIndexBuffers:1]]
[2023.01.16-18.07.43:422][  0]LogConfig: Setting CVar [[r.LightPropagationVolume:0]]
[2023.01.16-18.07.43:422][  0]LogConfig: Setting CVar [[r.Mobile.AmbientOcclusion:0]]
[2023.01.16-18.07.43:422][  0]LogConfig: Setting CVar [[r.GPUSkin.UnlimitedBoneInfluences:0]]
[2023.01.16-18.07.43:422][  0]LogConfig: Setting CVar [[r.GPUSkin.UnlimitedBoneInfluencesThreshold:8]]
[2023.01.16-18.07.43:422][  0]LogConfig: Setting CVar [[r.Mobile.PlanarReflectionMode:0]]
[2023.01.16-18.07.43:422][  0]LogConfig: Setting CVar [[r.Mobile.SupportsGen4TAA:0]]
[2023.01.16-18.07.43:422][  0]LogConfig: Applying CVar settings from Section [/Script/Engine.RendererOverrideSettings] File [C:/Users/SLATE 15/Documents/GitHub/Hannah-Ashna.github.io/FYP-Prototype/PrototypeV6/Saved/Config/Windows/Engine.ini]
[2023.01.16-18.07.43:422][  0]LogConfig: Applying CVar settings from Section [/Script/Engine.StreamingSettings] File [C:/Users/SLATE 15/Documents/GitHub/Hannah-Ashna.github.io/FYP-Prototype/PrototypeV6/Saved/Config/Windows/Engine.ini]
[2023.01.16-18.07.43:422][  0]LogConfig: Setting CVar [[s.MinBulkDataSizeForAsyncLoading:131072]]
[2023.01.16-18.07.43:422][  0]LogConfig: Setting CVar [[s.AsyncLoadingThreadEnabled:0]]
[2023.01.16-18.07.43:422][  0]LogConfig: Setting CVar [[s.EventDrivenLoaderEnabled:1]]
[2023.01.16-18.07.43:422][  0]LogConfig: Setting CVar [[s.WarnIfTimeLimitExceeded:0]]
[2023.01.16-18.07.43:422][  0]LogConfig: Setting CVar [[s.TimeLimitExceededMultiplier:1.5]]
[2023.01.16-18.07.43:422][  0]LogConfig: Setting CVar [[s.TimeLimitExceededMinTime:0.005]]
[2023.01.16-18.07.43:422][  0]LogConfig: Setting CVar [[s.UseBackgroundLevelStreaming:1]]
[2023.01.16-18.07.43:422][  0]LogConfig: Setting CVar [[s.PriorityAsyncLoadingExtraTime:15.0]]
[2023.01.16-18.07.43:422][  0]LogConfig: Setting CVar [[s.LevelStreamingActorsUpdateTimeLimit:5.0]]
[2023.01.16-18.07.43:422][  0]LogConfig: Setting CVar [[s.PriorityLevelStreamingActorsUpdateExtraTime:5.0]]
[2023.01.16-18.07.43:422][  0]LogConfig: Setting CVar [[s.LevelStreamingComponentsRegistrationGranularity:10]]
[2023.01.16-18.07.43:422][  0]LogConfig: Setting CVar [[s.UnregisterComponentsTimeLimit:1.0]]
[2023.01.16-18.07.43:422][  0]LogConfig: Setting CVar [[s.LevelStreamingComponentsUnregistrationGranularity:5]]
[2023.01.16-18.07.43:422][  0]LogConfig: Setting CVar [[s.FlushStreamingOnExit:1]]
[2023.01.16-18.07.43:422][  0]LogConfig: Applying CVar settings from Section [/Script/Engine.GarbageCollectionSettings] File [C:/Users/SLATE 15/Documents/GitHub/Hannah-Ashna.github.io/FYP-Prototype/PrototypeV6/Saved/Config/Windows/Engine.ini]
[2023.01.16-18.07.43:422][  0]LogConfig: Setting CVar [[gc.MaxObjectsNotConsideredByGC:1]]
[2023.01.16-18.07.43:422][  0]LogConfig: Setting CVar [[gc.SizeOfPermanentObjectPool:0]]
[2023.01.16-18.07.43:422][  0]LogConfig: Setting CVar [[gc.FlushStreamingOnGC:0]]
[2023.01.16-18.07.43:422][  0]LogConfig: Setting CVar [[gc.NumRetriesBeforeForcingGC:10]]
[2023.01.16-18.07.43:422][  0]LogConfig: Setting CVar [[gc.AllowParallelGC:1]]
[2023.01.16-18.07.43:422][  0]LogConfig: Setting CVar [[gc.TimeBetweenPurgingPendingKillObjects:61.1]]
[2023.01.16-18.07.43:422][  0]LogConfig: Setting CVar [[gc.MaxObjectsInEditor:25165824]]
[2023.01.16-18.07.43:422][  0]LogConfig: Setting CVar [[gc.IncrementalBeginDestroyEnabled:1]]
[2023.01.16-18.07.43:422][  0]LogConfig: Setting CVar [[gc.CreateGCClusters:1]]
[2023.01.16-18.07.43:422][  0]LogConfig: Setting CVar [[gc.MinGCClusterSize:5]]
[2023.01.16-18.07.43:422][  0]LogConfig: Setting CVar [[gc.ActorClusteringEnabled:0]]
[2023.01.16-18.07.43:422][  0]LogConfig: Setting CVar [[gc.BlueprintClusteringEnabled:0]]
[2023.01.16-18.07.43:422][  0]LogConfig: Setting CVar [[gc.UseDisregardForGCOnDedicatedServers:0]]
[2023.01.16-18.07.43:422][  0]LogConfig: Setting CVar [[gc.MultithreadedDestructionEnabled:1]]
[2023.01.16-18.07.43:422][  0]LogConfig: Applying CVar settings from Section [/Script/Engine.NetworkSettings] File [C:/Users/SLATE 15/Documents/GitHub/Hannah-Ashna.github.io/FYP-Prototype/PrototypeV6/Saved/Config/Windows/Engine.ini]
[2023.01.16-18.07.43:422][  0]LogConfig: Applying CVar settings from Section [/Script/UnrealEd.CookerSettings] File [C:/Users/SLATE 15/Documents/GitHub/Hannah-Ashna.github.io/FYP-Prototype/PrototypeV6/Saved/Config/Windows/Engine.ini]
[2023.01.16-18.07.43:437][  0]LogConfig: Applying CVar settings from Section [ViewDistanceQuality@3] File [C:/Users/SLATE 15/Documents/GitHub/Hannah-Ashna.github.io/FYP-Prototype/PrototypeV6/Saved/Config/Windows/Scalability.ini]
[2023.01.16-18.07.43:437][  0]LogConfig: Setting CVar [[r.SkeletalMeshLODBias:0]]
[2023.01.16-18.07.43:437][  0]LogConfig: Setting CVar [[r.ViewDistanceScale:1.0]]
[2023.01.16-18.07.43:437][  0]LogConfig: Applying CVar settings from Section [AntiAliasingQuality@3] File [C:/Users/SLATE 15/Documents/GitHub/Hannah-Ashna.github.io/FYP-Prototype/PrototypeV6/Saved/Config/Windows/Scalability.ini]
[2023.01.16-18.07.43:437][  0]LogConfig: Setting CVar [[r.PostProcessAAQuality:4]]
[2023.01.16-18.07.43:437][  0]LogConfig: Applying CVar settings from Section [ShadowQuality@3] File [C:/Users/SLATE 15/Documents/GitHub/Hannah-Ashna.github.io/FYP-Prototype/PrototypeV6/Saved/Config/Windows/Scalability.ini]
[2023.01.16-18.07.43:437][  0]LogConfig: Setting CVar [[r.LightFunctionQuality:1]]
[2023.01.16-18.07.43:437][  0]LogConfig: Setting CVar [[r.ShadowQuality:5]]
[2023.01.16-18.07.43:437][  0]LogConfig: Setting CVar [[r.Shadow.CSM.MaxCascades:10]]
[2023.01.16-18.07.43:437][  0]LogConfig: Setting CVar [[r.Shadow.MaxResolution:2048]]
[2023.01.16-18.07.43:437][  0]LogConfig: Setting CVar [[r.Shadow.MaxCSMResolution:2048]]
[2023.01.16-18.07.43:437][  0]LogConfig: Setting CVar [[r.Shadow.RadiusThreshold:0.01]]
[2023.01.16-18.07.43:437][  0]LogConfig: Setting CVar [[r.Shadow.DistanceScale:1.0]]
[2023.01.16-18.07.43:437][  0]LogConfig: Setting CVar [[r.Shadow.CSM.TransitionScale:1.0]]
[2023.01.16-18.07.43:437][  0]LogConfig: Setting CVar [[r.Shadow.PreShadowResolutionFactor:1.0]]
[2023.01.16-18.07.43:437][  0]LogConfig: Setting CVar [[r.DistanceFieldShadowing:1]]
[2023.01.16-18.07.43:437][  0]LogConfig: Setting CVar [[r.DistanceFieldAO:1]]
[2023.01.16-18.07.43:437][  0]LogConfig: Setting CVar [[r.AOQuality:2]]
[2023.01.16-18.07.43:437][  0]LogConfig: Setting CVar [[r.VolumetricFog:1]]
[2023.01.16-18.07.43:437][  0]LogConfig: Setting CVar [[r.VolumetricFog.GridPixelSize:8]]
[2023.01.16-18.07.43:437][  0]LogConfig: Setting CVar [[r.VolumetricFog.GridSizeZ:128]]
[2023.01.16-18.07.43:437][  0]LogConfig: Setting CVar [[r.VolumetricFog.HistoryMissSupersampleCount:4]]
[2023.01.16-18.07.43:437][  0]LogConfig: Setting CVar [[r.LightMaxDrawDistanceScale:1]]
[2023.01.16-18.07.43:437][  0]LogConfig: Setting CVar [[r.CapsuleShadows:1]]
[2023.01.16-18.07.43:437][  0]LogConfig: Applying CVar settings from Section [PostProcessQuality@3] File [C:/Users/SLATE 15/Documents/GitHub/Hannah-Ashna.github.io/FYP-Prototype/PrototypeV6/Saved/Config/Windows/Scalability.ini]
[2023.01.16-18.07.43:437][  0]LogConfig: Setting CVar [[r.MotionBlurQuality:4]]
[2023.01.16-18.07.43:437][  0]LogConfig: Setting CVar [[r.AmbientOcclusionMipLevelFactor:0.4]]
[2023.01.16-18.07.43:438][  0]LogConfig: Setting CVar [[r.AmbientOcclusionMaxQuality:100]]
[2023.01.16-18.07.43:438][  0]LogConfig: Setting CVar [[r.AmbientOcclusionLevels:-1]]
[2023.01.16-18.07.43:438][  0]LogConfig: Setting CVar [[r.AmbientOcclusionRadiusScale:1.0]]
[2023.01.16-18.07.43:438][  0]LogConfig: Setting CVar [[r.DepthOfFieldQuality:2]]
[2023.01.16-18.07.43:438][  0]LogConfig: Setting CVar [[r.RenderTargetPoolMin:400]]
[2023.01.16-18.07.43:438][  0]LogConfig: Setting CVar [[r.LensFlareQuality:2]]
[2023.01.16-18.07.43:438][  0]LogConfig: Setting CVar [[r.SceneColorFringeQuality:1]]
[2023.01.16-18.07.43:438][  0]LogConfig: Setting CVar [[r.EyeAdaptationQuality:2]]
[2023.01.16-18.07.43:438][  0]LogConfig: Setting CVar [[r.BloomQuality:5]]
[2023.01.16-18.07.43:438][  0]LogConfig: Setting CVar [[r.FastBlurThreshold:100]]
[2023.01.16-18.07.43:438][  0]LogConfig: Setting CVar [[r.Upscale.Quality:3]]
[2023.01.16-18.07.43:438][  0]LogConfig: Setting CVar [[r.Tonemapper.GrainQuantization:1]]
[2023.01.16-18.07.43:438][  0]LogConfig: Setting CVar [[r.LightShaftQuality:1]]
[2023.01.16-18.07.43:438][  0]LogConfig: Setting CVar [[r.Filter.SizeScale:1]]
[2023.01.16-18.07.43:438][  0]LogConfig: Setting CVar [[r.Tonemapper.Quality:5]]
[2023.01.16-18.07.43:438][  0]LogConfig: Setting CVar [[r.DOF.Gather.AccumulatorQuality:1        ; higher gathering accumulator quality]]
[2023.01.16-18.07.43:438][  0]LogConfig: Setting CVar [[r.DOF.Gather.PostfilterMethod:1          ; Median3x3 postfilering method]]
[2023.01.16-18.07.43:438][  0]LogConfig: Setting CVar [[r.DOF.Gather.EnableBokehSettings:0       ; no bokeh simulation when gathering]]
[2023.01.16-18.07.43:438][  0]LogConfig: Setting CVar [[r.DOF.Gather.RingCount:4                 ; medium number of samples when gathering]]
[2023.01.16-18.07.43:438][  0]LogConfig: Setting CVar [[r.DOF.Scatter.ForegroundCompositing:1    ; additive foreground scattering]]
[2023.01.16-18.07.43:438][  0]LogConfig: Setting CVar [[r.DOF.Scatter.BackgroundCompositing:2    ; additive background scattering]]
[2023.01.16-18.07.43:438][  0]LogConfig: Setting CVar [[r.DOF.Scatter.EnableBokehSettings:1      ; bokeh simulation when scattering]]
[2023.01.16-18.07.43:438][  0]LogConfig: Setting CVar [[r.DOF.Scatter.MaxSpriteRatio:0.1         ; only a maximum of 10% of scattered bokeh]]
[2023.01.16-18.07.43:438][  0]LogConfig: Setting CVar [[r.DOF.Recombine.Quality:1                ; cheap slight out of focus]]
[2023.01.16-18.07.43:438][  0]LogConfig: Setting CVar [[r.DOF.Recombine.EnableBokehSettings:0    ; no bokeh simulation on slight out of focus]]
[2023.01.16-18.07.43:438][  0]LogConfig: Setting CVar [[r.DOF.TemporalAAQuality:1                ; more stable temporal accumulation]]
[2023.01.16-18.07.43:438][  0]LogConfig: Setting CVar [[r.DOF.Kernel.MaxForegroundRadius:0.025]]
[2023.01.16-18.07.43:438][  0]LogConfig: Setting CVar [[r.DOF.Kernel.MaxBackgroundRadius:0.025]]
[2023.01.16-18.07.43:438][  0]LogConfig: Applying CVar settings from Section [TextureQuality@3] File [C:/Users/SLATE 15/Documents/GitHub/Hannah-Ashna.github.io/FYP-Prototype/PrototypeV6/Saved/Config/Windows/Scalability.ini]
[2023.01.16-18.07.43:438][  0]LogConfig: Setting CVar [[r.Streaming.MipBias:0]]
[2023.01.16-18.07.43:438][  0]LogConfig: Setting CVar [[r.Streaming.AmortizeCPUToGPUCopy:0]]
[2023.01.16-18.07.43:438][  0]LogConfig: Setting CVar [[r.Streaming.MaxNumTexturesToStreamPerFrame:0]]
[2023.01.16-18.07.43:438][  0]LogConfig: Setting CVar [[r.Streaming.Boost:1]]
[2023.01.16-18.07.43:438][  0]LogConfig: Setting CVar [[r.MaxAnisotropy:8]]
[2023.01.16-18.07.43:438][  0]LogConfig: Setting CVar [[r.VT.MaxAnisotropy:8]]
[2023.01.16-18.07.43:438][  0]LogConfig: Setting CVar [[r.Streaming.LimitPoolSizeToVRAM:0]]
[2023.01.16-18.07.43:438][  0]LogConfig: Setting CVar [[r.Streaming.PoolSize:1000]]
[2023.01.16-18.07.43:438][  0]LogConfig: Setting CVar [[r.Streaming.MaxEffectiveScreenSize:0]]
[2023.01.16-18.07.43:438][  0]LogConfig: Applying CVar settings from Section [EffectsQuality@3] File [C:/Users/SLATE 15/Documents/GitHub/Hannah-Ashna.github.io/FYP-Prototype/PrototypeV6/Saved/Config/Windows/Scalability.ini]
[2023.01.16-18.07.43:438][  0]LogConfig: Setting CVar [[r.TranslucencyLightingVolumeDim:64]]
[2023.01.16-18.07.43:438][  0]LogConfig: Setting CVar [[r.RefractionQuality:2]]
[2023.01.16-18.07.43:438][  0]LogConfig: Setting CVar [[r.SSR.Quality:3]]
[2023.01.16-18.07.43:438][  0]LogConfig: Setting CVar [[r.SSR.HalfResSceneColor:0]]
[2023.01.16-18.07.43:438][  0]LogConfig: Setting CVar [[r.SceneColorFormat:4]]
[2023.01.16-18.07.43:438][  0]LogConfig: Setting CVar [[r.DetailMode:2]]
[2023.01.16-18.07.43:438][  0]LogConfig: Setting CVar [[r.TranslucencyVolumeBlur:1]]
[2023.01.16-18.07.43:438][  0]LogConfig: Setting CVar [[r.MaterialQualityLevel:1 ; High quality]]
[2023.01.16-18.07.43:438][  0]LogConfig: Setting CVar [[r.AnisotropicMaterials:1]]
[2023.01.16-18.07.43:438][  0]LogConfig: Setting CVar [[r.SSS.Scale:1]]
[2023.01.16-18.07.43:438][  0]LogConfig: Setting CVar [[r.SSS.SampleSet:2]]
[2023.01.16-18.07.43:438][  0]LogConfig: Setting CVar [[r.SSS.Quality:1]]
[2023.01.16-18.07.43:438][  0]LogConfig: Setting CVar [[r.SSS.HalfRes:0]]
[2023.01.16-18.07.43:438][  0]LogConfig: Setting CVar [[r.SSGI.Quality:3]]
[2023.01.16-18.07.43:438][  0]LogConfig: Setting CVar [[r.EmitterSpawnRateScale:1.0]]
[2023.01.16-18.07.43:438][  0]LogConfig: Setting CVar [[r.ParticleLightQuality:2]]
[2023.01.16-18.07.43:438][  0]LogConfig: Setting CVar [[r.SkyAtmosphere.AerialPerspectiveLUT.FastApplyOnOpaque:1 ; Always have FastSkyLUT 1 in this case to avoid wrong sky]]
[2023.01.16-18.07.43:438][  0]LogConfig: Setting CVar [[r.SkyAtmosphere.AerialPerspectiveLUT.SampleCountMaxPerSlice:4]]
[2023.01.16-18.07.43:438][  0]LogConfig: Setting CVar [[r.SkyAtmosphere.AerialPerspectiveLUT.DepthResolution:16.0]]
[2023.01.16-18.07.43:438][  0]LogConfig: Setting CVar [[r.SkyAtmosphere.FastSkyLUT:1]]
[2023.01.16-18.07.43:438][  0]LogConfig: Setting CVar [[r.SkyAtmosphere.FastSkyLUT.SampleCountMin:4.0]]
[2023.01.16-18.07.43:438][  0]LogConfig: Setting CVar [[r.SkyAtmosphere.FastSkyLUT.SampleCountMax:128.0]]
[2023.01.16-18.07.43:438][  0]LogConfig: Setting CVar [[r.SkyAtmosphere.SampleCountMin:4.0]]
[2023.01.16-18.07.43:438][  0]LogConfig: Setting CVar [[r.SkyAtmosphere.SampleCountMax:128.0]]
[2023.01.16-18.07.43:438][  0]LogConfig: Setting CVar [[r.SkyAtmosphere.TransmittanceLUT.UseSmallFormat:0]]
[2023.01.16-18.07.43:438][  0]LogConfig: Setting CVar [[r.SkyAtmosphere.TransmittanceLUT.SampleCount:10.0]]
[2023.01.16-18.07.43:438][  0]LogConfig: Setting CVar [[r.SkyAtmosphere.MultiScatteringLUT.SampleCount:15.0]]
[2023.01.16-18.07.43:438][  0]LogConfig: Setting CVar [[r.SkyLight.RealTimeReflectionCapture:1]]
[2023.01.16-18.07.43:438][  0]LogConfig: Applying CVar settings from Section [FoliageQuality@3] File [C:/Users/SLATE 15/Documents/GitHub/Hannah-Ashna.github.io/FYP-Prototype/PrototypeV6/Saved/Config/Windows/Scalability.ini]
[2023.01.16-18.07.43:438][  0]LogConfig: Setting CVar [[foliage.DensityScale:1.0]]
[2023.01.16-18.07.43:438][  0]LogConfig: Setting CVar [[grass.DensityScale:1.0]]
[2023.01.16-18.07.43:438][  0]LogConfig: Applying CVar settings from Section [ShadingQuality@3] File [C:/Users/SLATE 15/Documents/GitHub/Hannah-Ashna.github.io/FYP-Prototype/PrototypeV6/Saved/Config/Windows/Scalability.ini]
[2023.01.16-18.07.43:438][  0]LogConfig: Setting CVar [[r.HairStrands.SkyLighting.IntegrationType:2]]
[2023.01.16-18.07.43:438][  0]LogConfig: Setting CVar [[r.HairStrands.SkyAO.SampleCount:4]]
[2023.01.16-18.07.43:438][  0]LogConfig: Setting CVar [[r.HairStrands.Visibility.MSAA.SamplePerPixel:4]]
[2023.01.16-18.07.43:438][  0]LogInit: Selected Device Profile: [Windows]
[2023.01.16-18.07.43:438][  0]LogInit: Applying CVar settings loaded from the selected device profile: [Windows]
[2023.01.16-18.07.43:438][  0]LogHAL: Display: Platform has ~ 16 GB [16973881344 / 17179869184 / 16], which maps to Larger [LargestMinGB=32, LargerMinGB=12, DefaultMinGB=8, SmallerMinGB=6, SmallestMinGB=0)
[2023.01.16-18.07.43:439][  0]LogInit: Going up to parent DeviceProfile []
[2023.01.16-18.07.43:439][  0]LogConfig: Applying CVar settings from Section [ViewDistanceQuality@3] File [C:/Users/SLATE 15/Documents/GitHub/Hannah-Ashna.github.io/FYP-Prototype/PrototypeV6/Saved/Config/Windows/Scalability.ini]
[2023.01.16-18.07.43:439][  0]LogConfig: Setting CVar [[r.SkeletalMeshLODBias:0]]
[2023.01.16-18.07.43:439][  0]LogConfig: Setting CVar [[r.ViewDistanceScale:1.0]]
[2023.01.16-18.07.43:439][  0]LogConfig: Applying CVar settings from Section [AntiAliasingQuality@3] File [C:/Users/SLATE 15/Documents/GitHub/Hannah-Ashna.github.io/FYP-Prototype/PrototypeV6/Saved/Config/Windows/Scalability.ini]
[2023.01.16-18.07.43:439][  0]LogConfig: Setting CVar [[r.PostProcessAAQuality:4]]
[2023.01.16-18.07.43:439][  0]LogConfig: Applying CVar settings from Section [ShadowQuality@3] File [C:/Users/SLATE 15/Documents/GitHub/Hannah-Ashna.github.io/FYP-Prototype/PrototypeV6/Saved/Config/Windows/Scalability.ini]
[2023.01.16-18.07.43:439][  0]LogConfig: Setting CVar [[r.LightFunctionQuality:1]]
[2023.01.16-18.07.43:439][  0]LogConfig: Setting CVar [[r.ShadowQuality:5]]
[2023.01.16-18.07.43:439][  0]LogConfig: Setting CVar [[r.Shadow.CSM.MaxCascades:10]]
[2023.01.16-18.07.43:439][  0]LogConfig: Setting CVar [[r.Shadow.MaxResolution:2048]]
[2023.01.16-18.07.43:439][  0]LogConfig: Setting CVar [[r.Shadow.MaxCSMResolution:2048]]
[2023.01.16-18.07.43:439][  0]LogConfig: Setting CVar [[r.Shadow.RadiusThreshold:0.01]]
[2023.01.16-18.07.43:439][  0]LogConfig: Setting CVar [[r.Shadow.DistanceScale:1.0]]
[2023.01.16-18.07.43:439][  0]LogConfig: Setting CVar [[r.Shadow.CSM.TransitionScale:1.0]]
[2023.01.16-18.07.43:439][  0]LogConfig: Setting CVar [[r.Shadow.PreShadowResolutionFactor:1.0]]
[2023.01.16-18.07.43:439][  0]LogConfig: Setting CVar [[r.DistanceFieldShadowing:1]]
[2023.01.16-18.07.43:439][  0]LogConfig: Setting CVar [[r.DistanceFieldAO:1]]
[2023.01.16-18.07.43:439][  0]LogConfig: Setting CVar [[r.AOQuality:2]]
[2023.01.16-18.07.43:439][  0]LogConfig: Setting CVar [[r.VolumetricFog:1]]
[2023.01.16-18.07.43:439][  0]LogConfig: Setting CVar [[r.VolumetricFog.GridPixelSize:8]]
[2023.01.16-18.07.43:439][  0]LogConfig: Setting CVar [[r.VolumetricFog.GridSizeZ:128]]
[2023.01.16-18.07.43:439][  0]LogConfig: Setting CVar [[r.VolumetricFog.HistoryMissSupersampleCount:4]]
[2023.01.16-18.07.43:439][  0]LogConfig: Setting CVar [[r.LightMaxDrawDistanceScale:1]]
[2023.01.16-18.07.43:439][  0]LogConfig: Setting CVar [[r.CapsuleShadows:1]]
[2023.01.16-18.07.43:439][  0]LogConfig: Applying CVar settings from Section [PostProcessQuality@3] File [C:/Users/SLATE 15/Documents/GitHub/Hannah-Ashna.github.io/FYP-Prototype/PrototypeV6/Saved/Config/Windows/Scalability.ini]
[2023.01.16-18.07.43:439][  0]LogConfig: Setting CVar [[r.MotionBlurQuality:4]]
[2023.01.16-18.07.43:439][  0]LogConfig: Setting CVar [[r.AmbientOcclusionMipLevelFactor:0.4]]
[2023.01.16-18.07.43:439][  0]LogConfig: Setting CVar [[r.AmbientOcclusionMaxQuality:100]]
[2023.01.16-18.07.43:439][  0]LogConfig: Setting CVar [[r.AmbientOcclusionLevels:-1]]
[2023.01.16-18.07.43:439][  0]LogConfig: Setting CVar [[r.AmbientOcclusionRadiusScale:1.0]]
[2023.01.16-18.07.43:439][  0]LogConfig: Setting CVar [[r.DepthOfFieldQuality:2]]
[2023.01.16-18.07.43:439][  0]LogConfig: Setting CVar [[r.RenderTargetPoolMin:400]]
[2023.01.16-18.07.43:439][  0]LogConfig: Setting CVar [[r.LensFlareQuality:2]]
[2023.01.16-18.07.43:439][  0]LogConfig: Setting CVar [[r.SceneColorFringeQuality:1]]
[2023.01.16-18.07.43:439][  0]LogConfig: Setting CVar [[r.EyeAdaptationQuality:2]]
[2023.01.16-18.07.43:439][  0]LogConfig: Setting CVar [[r.BloomQuality:5]]
[2023.01.16-18.07.43:439][  0]LogConfig: Setting CVar [[r.FastBlurThreshold:100]]
[2023.01.16-18.07.43:439][  0]LogConfig: Setting CVar [[r.Upscale.Quality:3]]
[2023.01.16-18.07.43:439][  0]LogConfig: Setting CVar [[r.Tonemapper.GrainQuantization:1]]
[2023.01.16-18.07.43:439][  0]LogConfig: Setting CVar [[r.LightShaftQuality:1]]
[2023.01.16-18.07.43:439][  0]LogConfig: Setting CVar [[r.Filter.SizeScale:1]]
[2023.01.16-18.07.43:440][  0]LogConfig: Setting CVar [[r.Tonemapper.Quality:5]]
[2023.01.16-18.07.43:440][  0]LogConfig: Setting CVar [[r.DOF.Gather.AccumulatorQuality:1        ; higher gathering accumulator quality]]
[2023.01.16-18.07.43:440][  0]LogConfig: Setting CVar [[r.DOF.Gather.PostfilterMethod:1          ; Median3x3 postfilering method]]
[2023.01.16-18.07.43:440][  0]LogConfig: Setting CVar [[r.DOF.Gather.EnableBokehSettings:0       ; no bokeh simulation when gathering]]
[2023.01.16-18.07.43:440][  0]LogConfig: Setting CVar [[r.DOF.Gather.RingCount:4                 ; medium number of samples when gathering]]
[2023.01.16-18.07.43:440][  0]LogConfig: Setting CVar [[r.DOF.Scatter.ForegroundCompositing:1    ; additive foreground scattering]]
[2023.01.16-18.07.43:440][  0]LogConfig: Setting CVar [[r.DOF.Scatter.BackgroundCompositing:2    ; additive background scattering]]
[2023.01.16-18.07.43:440][  0]LogConfig: Setting CVar [[r.DOF.Scatter.EnableBokehSettings:1      ; bokeh simulation when scattering]]
[2023.01.16-18.07.43:440][  0]LogConfig: Setting CVar [[r.DOF.Scatter.MaxSpriteRatio:0.1         ; only a maximum of 10% of scattered bokeh]]
[2023.01.16-18.07.43:440][  0]LogConfig: Setting CVar [[r.DOF.Recombine.Quality:1                ; cheap slight out of focus]]
[2023.01.16-18.07.43:440][  0]LogConfig: Setting CVar [[r.DOF.Recombine.EnableBokehSettings:0    ; no bokeh simulation on slight out of focus]]
[2023.01.16-18.07.43:440][  0]LogConfig: Setting CVar [[r.DOF.TemporalAAQuality:1                ; more stable temporal accumulation]]
[2023.01.16-18.07.43:440][  0]LogConfig: Setting CVar [[r.DOF.Kernel.MaxForegroundRadius:0.025]]
[2023.01.16-18.07.43:440][  0]LogConfig: Setting CVar [[r.DOF.Kernel.MaxBackgroundRadius:0.025]]
[2023.01.16-18.07.43:440][  0]LogConfig: Applying CVar settings from Section [TextureQuality@3] File [C:/Users/SLATE 15/Documents/GitHub/Hannah-Ashna.github.io/FYP-Prototype/PrototypeV6/Saved/Config/Windows/Scalability.ini]
[2023.01.16-18.07.43:440][  0]LogConfig: Setting CVar [[r.Streaming.MipBias:0]]
[2023.01.16-18.07.43:440][  0]LogConfig: Setting CVar [[r.Streaming.AmortizeCPUToGPUCopy:0]]
[2023.01.16-18.07.43:440][  0]LogConfig: Setting CVar [[r.Streaming.MaxNumTexturesToStreamPerFrame:0]]
[2023.01.16-18.07.43:440][  0]LogConfig: Setting CVar [[r.Streaming.Boost:1]]
[2023.01.16-18.07.43:440][  0]LogConfig: Setting CVar [[r.MaxAnisotropy:8]]
[2023.01.16-18.07.43:440][  0]LogConfig: Setting CVar [[r.VT.MaxAnisotropy:8]]
[2023.01.16-18.07.43:440][  0]LogConfig: Setting CVar [[r.Streaming.LimitPoolSizeToVRAM:0]]
[2023.01.16-18.07.43:440][  0]LogConfig: Setting CVar [[r.Streaming.PoolSize:1000]]
[2023.01.16-18.07.43:440][  0]LogConfig: Setting CVar [[r.Streaming.MaxEffectiveScreenSize:0]]
[2023.01.16-18.07.43:440][  0]LogConfig: Applying CVar settings from Section [EffectsQuality@3] File [C:/Users/SLATE 15/Documents/GitHub/Hannah-Ashna.github.io/FYP-Prototype/PrototypeV6/Saved/Config/Windows/Scalability.ini]
[2023.01.16-18.07.43:440][  0]LogConfig: Setting CVar [[r.TranslucencyLightingVolumeDim:64]]
[2023.01.16-18.07.43:440][  0]LogConfig: Setting CVar [[r.RefractionQuality:2]]
[2023.01.16-18.07.43:440][  0]LogConfig: Setting CVar [[r.SSR.Quality:3]]
[2023.01.16-18.07.43:440][  0]LogConfig: Setting CVar [[r.SSR.HalfResSceneColor:0]]
[2023.01.16-18.07.43:440][  0]LogConfig: Setting CVar [[r.SceneColorFormat:4]]
[2023.01.16-18.07.43:440][  0]LogConfig: Setting CVar [[r.DetailMode:2]]
[2023.01.16-18.07.43:440][  0]LogConfig: Setting CVar [[r.TranslucencyVolumeBlur:1]]
[2023.01.16-18.07.43:440][  0]LogConfig: Setting CVar [[r.MaterialQualityLevel:1 ; High quality]]
[2023.01.16-18.07.43:440][  0]LogConfig: Setting CVar [[r.AnisotropicMaterials:1]]
[2023.01.16-18.07.43:440][  0]LogConfig: Setting CVar [[r.SSS.Scale:1]]
[2023.01.16-18.07.43:440][  0]LogConfig: Setting CVar [[r.SSS.SampleSet:2]]
[2023.01.16-18.07.43:440][  0]LogConfig: Setting CVar [[r.SSS.Quality:1]]
[2023.01.16-18.07.43:440][  0]LogConfig: Setting CVar [[r.SSS.HalfRes:0]]
[2023.01.16-18.07.43:440][  0]LogConfig: Setting CVar [[r.SSGI.Quality:3]]
[2023.01.16-18.07.43:440][  0]LogConfig: Setting CVar [[r.EmitterSpawnRateScale:1.0]]
[2023.01.16-18.07.43:440][  0]LogConfig: Setting CVar [[r.ParticleLightQuality:2]]
[2023.01.16-18.07.43:440][  0]LogConfig: Setting CVar [[r.SkyAtmosphere.AerialPerspectiveLUT.FastApplyOnOpaque:1 ; Always have FastSkyLUT 1 in this case to avoid wrong sky]]
[2023.01.16-18.07.43:440][  0]LogConfig: Setting CVar [[r.SkyAtmosphere.AerialPerspectiveLUT.SampleCountMaxPerSlice:4]]
[2023.01.16-18.07.43:440][  0]LogConfig: Setting CVar [[r.SkyAtmosphere.AerialPerspectiveLUT.DepthResolution:16.0]]
[2023.01.16-18.07.43:440][  0]LogConfig: Setting CVar [[r.SkyAtmosphere.FastSkyLUT:1]]
[2023.01.16-18.07.43:440][  0]LogConfig: Setting CVar [[r.SkyAtmosphere.FastSkyLUT.SampleCountMin:4.0]]
[2023.01.16-18.07.43:440][  0]LogConfig: Setting CVar [[r.SkyAtmosphere.FastSkyLUT.SampleCountMax:128.0]]
[2023.01.16-18.07.43:440][  0]LogConfig: Setting CVar [[r.SkyAtmosphere.SampleCountMin:4.0]]
[2023.01.16-18.07.43:440][  0]LogConfig: Setting CVar [[r.SkyAtmosphere.SampleCountMax:128.0]]
[2023.01.16-18.07.43:440][  0]LogConfig: Setting CVar [[r.SkyAtmosphere.TransmittanceLUT.UseSmallFormat:0]]
[2023.01.16-18.07.43:440][  0]LogConfig: Setting CVar [[r.SkyAtmosphere.TransmittanceLUT.SampleCount:10.0]]
[2023.01.16-18.07.43:440][  0]LogConfig: Setting CVar [[r.SkyAtmosphere.MultiScatteringLUT.SampleCount:15.0]]
[2023.01.16-18.07.43:440][  0]LogConfig: Setting CVar [[r.SkyLight.RealTimeReflectionCapture:1]]
[2023.01.16-18.07.43:440][  0]LogConfig: Applying CVar settings from Section [FoliageQuality@3] File [C:/Users/SLATE 15/Documents/GitHub/Hannah-Ashna.github.io/FYP-Prototype/PrototypeV6/Saved/Config/Windows/Scalability.ini]
[2023.01.16-18.07.43:440][  0]LogConfig: Setting CVar [[foliage.DensityScale:1.0]]
[2023.01.16-18.07.43:440][  0]LogConfig: Setting CVar [[grass.DensityScale:1.0]]
[2023.01.16-18.07.43:440][  0]LogConfig: Applying CVar settings from Section [ShadingQuality@3] File [C:/Users/SLATE 15/Documents/GitHub/Hannah-Ashna.github.io/FYP-Prototype/PrototypeV6/Saved/Config/Windows/Scalability.ini]
[2023.01.16-18.07.43:440][  0]LogConfig: Setting CVar [[r.HairStrands.SkyLighting.IntegrationType:2]]
[2023.01.16-18.07.43:440][  0]LogConfig: Setting CVar [[r.HairStrands.SkyAO.SampleCount:4]]
[2023.01.16-18.07.43:440][  0]LogConfig: Setting CVar [[r.HairStrands.Visibility.MSAA.SamplePerPixel:4]]
[2023.01.16-18.07.43:440][  0]LogConfig: Applying CVar settings from Section [Startup] File [../../../Engine/Config/ConsoleVariables.ini]
[2023.01.16-18.07.43:441][  0]LogConfig: Setting CVar [[net.UseAdaptiveNetUpdateFrequency:0]]
[2023.01.16-18.07.43:441][  0]LogConfig: Setting CVar [[p.chaos.AllowCreatePhysxBodies:1]]
[2023.01.16-18.07.43:441][  0]LogConfig: Setting CVar [[fx.SkipVectorVMBackendOptimizations:1]]
[2023.01.16-18.07.43:441][  0]LogConfig: Applying CVar settings from Section [ConsoleVariables] File [C:/Users/SLATE 15/Documents/GitHub/Hannah-Ashna.github.io/FYP-Prototype/PrototypeV6/Saved/Config/Windows/Engine.ini]
[2023.01.16-18.07.43:441][  0]LogConfig: Applying CVar settings from Section [ConsoleVariables] File [C:/Users/SLATE 15/Documents/GitHub/Hannah-Ashna.github.io/FYP-Prototype/PrototypeV6/Saved/Config/Windows/Editor.ini]
[2023.01.16-18.07.43:441][  0]LogInit: Computer: NOTAHACKER
[2023.01.16-18.07.43:441][  0]LogInit: User: SLATE15
[2023.01.16-18.07.43:441][  0]LogInit: CPU Page size=4096, Cores=6
[2023.01.16-18.07.43:441][  0]LogInit: High frequency timer resolution =10.000000 MHz
[2023.01.16-18.07.43:441][  0]LogMemory: Memory total: Physical=15.8GB (16GB approx)
[2023.01.16-18.07.43:441][  0]LogMemory: Platform Memory Stats for Windows
[2023.01.16-18.07.43:441][  0]LogMemory: Process Physical Memory: 143.17 MB used, 143.17 MB peak
[2023.01.16-18.07.43:441][  0]LogMemory: Process Virtual Memory: 129.60 MB used, 129.60 MB peak
[2023.01.16-18.07.43:441][  0]LogMemory: Physical Memory: 9680.48 MB used,  6507.07 MB free, 16187.55 MB total
[2023.01.16-18.07.43:441][  0]LogMemory: Virtual Memory: 134213032.00 MB used,  4695.81 MB free, 134217728.00 MB total
[2023.01.16-18.07.43:443][  0]LogWindows: WindowsPlatformFeatures enabled
[2023.01.16-18.07.43:484][  0]LogInit: Physics initialised using underlying interface: PhysX
[2023.01.16-18.07.43:484][  0]LogInit: Using OS detected language (en-US).
[2023.01.16-18.07.43:484][  0]LogInit: Using OS detected locale (en-GB).
[2023.01.16-18.07.43:486][  0]LogTextLocalizationManager: No specific localization for 'en-US' exists, so the 'en' localization will be used.
[2023.01.16-18.07.43:692][  0]LogWindowsTextInputMethodSystem: Display: IME system deactivated.
[2023.01.16-18.07.43:721][  0]LogSlate: New Slate User Created.  User Index 0, Is Virtual User: 0
[2023.01.16-18.07.43:721][  0]LogSlate: Slate User Registered.  User Index 0, Is Virtual User: 0
[2023.01.16-18.07.43:749][  0]LogD3D11RHI: Loaded GFSDK_Aftermath_Lib.x64.dll
[2023.01.16-18.07.43:752][  0]LogD3D11RHI: D3D11 min allowed feature level: 11_0
[2023.01.16-18.07.43:752][  0]LogD3D11RHI: D3D11 max allowed feature level: 11_0
[2023.01.16-18.07.43:752][  0]LogD3D11RHI: D3D11 adapters:
[2023.01.16-18.07.43:856][  0]LogD3D11RHI:    0. 'NVIDIA GeForce RTX 2060' (Feature Level 11_0)
[2023.01.16-18.07.43:856][  0]LogD3D11RHI:       5980/0/8093 MB DedicatedVideo/DedicatedSystem/SharedSystem, Outputs:1, VendorId:0x10de
[2023.01.16-18.07.43:887][  0]LogD3D11RHI:    1. 'Intel(R) UHD Graphics 630' (Feature Level 11_0)
[2023.01.16-18.07.43:887][  0]LogD3D11RHI:       128/0/8093 MB DedicatedVideo/DedicatedSystem/SharedSystem, Outputs:1, VendorId:0x8086
[2023.01.16-18.07.43:889][  0]LogD3D11RHI:    2. 'Microsoft Basic Render Driver' (Feature Level 11_0)
[2023.01.16-18.07.43:889][  0]LogD3D11RHI:       0/0/8093 MB DedicatedVideo/DedicatedSystem/SharedSystem, Outputs:0, VendorId:0x1414
[2023.01.16-18.07.43:889][  0]LogD3D11RHI: Chosen D3D11 Adapter:
[2023.01.16-18.07.43:889][  0]LogD3D11RHI:     Description : NVIDIA GeForce RTX 2060
[2023.01.16-18.07.43:889][  0]LogD3D11RHI:     VendorId    : 10de
[2023.01.16-18.07.43:889][  0]LogD3D11RHI:     DeviceId    : 1f11
[2023.01.16-18.07.43:889][  0]LogD3D11RHI:     SubSysId    : 95e11558
[2023.01.16-18.07.43:889][  0]LogD3D11RHI:     Revision    : 00a1
[2023.01.16-18.07.43:889][  0]LogD3D11RHI:     DedicatedVideoMemory : 6270484480 bytes
[2023.01.16-18.07.43:889][  0]LogD3D11RHI:     DedicatedSystemMemory : 0 bytes
[2023.01.16-18.07.43:889][  0]LogD3D11RHI:     SharedSystemMemory : 8486940672 bytes
[2023.01.16-18.07.43:889][  0]LogD3D11RHI:     AdapterLuid : 0 69142
[2023.01.16-18.07.43:895][  0]LogD3D11RHI: Creating new Direct3DDevice
[2023.01.16-18.07.43:895][  0]LogD3D11RHI:     GPU DeviceId: 0x1f11 (for the marketing name, search the web for "GPU Device Id")
[2023.01.16-18.07.43:895][  0]LogWindows: EnumDisplayDevices:
[2023.01.16-18.07.43:895][  0]LogWindows:    0. 'Intel(R) UHD Graphics 630' (P:0 D:1)
[2023.01.16-18.07.43:895][  0]LogWindows:    1. 'Intel(R) UHD Graphics 630' (P:0 D:0)
[2023.01.16-18.07.43:896][  0]LogWindows:    2. 'Intel(R) UHD Graphics 630' (P:0 D:0)
[2023.01.16-18.07.43:896][  0]LogWindows:    3. 'NVIDIA GeForce RTX 2060' (P:1 D:1)
[2023.01.16-18.07.43:896][  0]LogWindows:    4. 'NVIDIA GeForce RTX 2060' (P:0 D:0)
[2023.01.16-18.07.43:897][  0]LogWindows:    5. 'NVIDIA GeForce RTX 2060' (P:0 D:0)
[2023.01.16-18.07.43:897][  0]LogWindows:    6. 'NVIDIA GeForce RTX 2060' (P:0 D:0)
[2023.01.16-18.07.43:897][  0]LogWindows: DebugString: PrimaryIsNotTheChoosenAdapter PrimaryIsNotTheChoosenAdapter PrimaryIsNotTheChoosenAdapter FoundDriverCount:4 
[2023.01.16-18.07.43:897][  0]LogD3D11RHI:     Adapter Name: NVIDIA GeForce RTX 2060
[2023.01.16-18.07.43:897][  0]LogD3D11RHI:   Driver Version: 516.94 (internal:31.0.15.1694, unified:516.94)
[2023.01.16-18.07.43:897][  0]LogD3D11RHI:      Driver Date: 7-21-2022
[2023.01.16-18.07.43:897][  0]LogRHI: Texture pool is 4186 MB (70% of 5980 MB)
[2023.01.16-18.07.43:897][  0]LogD3D11RHI: Creating D3DDevice using adapter:
[2023.01.16-18.07.43:897][  0]LogD3D11RHI:     Description : NVIDIA GeForce RTX 2060
[2023.01.16-18.07.43:897][  0]LogD3D11RHI:     VendorId    : 10de
[2023.01.16-18.07.43:897][  0]LogD3D11RHI:     DeviceId    : 1f11
[2023.01.16-18.07.43:897][  0]LogD3D11RHI:     SubSysId    : 95e11558
[2023.01.16-18.07.43:897][  0]LogD3D11RHI:     Revision    : 00a1
[2023.01.16-18.07.43:897][  0]LogD3D11RHI:     DedicatedVideoMemory : 6270484480 bytes
[2023.01.16-18.07.43:897][  0]LogD3D11RHI:     DedicatedSystemMemory : 0 bytes
[2023.01.16-18.07.43:897][  0]LogD3D11RHI:     SharedSystemMemory : 8486940672 bytes
[2023.01.16-18.07.43:897][  0]LogD3D11RHI:     AdapterLuid : 0 69142
[2023.01.16-18.07.43:963][  0]LogD3D11RHI: RHI has support for 64 bit atomics
[2023.01.16-18.07.43:963][  0]LogD3D11RHI: Async texture creation enabled
[2023.01.16-18.07.43:963][  0]LogD3D11RHI: Array index from any shader is supported
[2023.01.16-18.07.43:981][  0]LogD3D11RHI: GPU Timing Frequency: 1000.000000 (Debug: 2 1)
[2023.01.16-18.07.44:024][  0]LogRHI: GeForceNow SDK initialized: 1
[2023.01.16-18.07.44:304][  0]LogTargetPlatformManager: Display: Loaded TargetPlatform 'WindowsNoEditor'
[2023.01.16-18.07.44:308][  0]LogTargetPlatformManager: Display: Loaded TargetPlatform 'Windows'
[2023.01.16-18.07.44:311][  0]LogTargetPlatformManager: Display: Loaded TargetPlatform 'WindowsClient'
[2023.01.16-18.07.44:315][  0]LogTargetPlatformManager: Display: Loaded TargetPlatform 'WindowsServer'
[2023.01.16-18.07.44:315][  0]LogTargetPlatformManager: Display: Building Assets For Windows
[2023.01.16-18.07.44:320][  0]LogAudioDebug: Display: Lib vorbis DLL was dynamically loaded.
[2023.01.16-18.07.44:347][  0]LogTextureFormatOodle: Display: Oodle Texture 2.9.0 init RDO Off
[2023.01.16-18.07.44:373][  0]LogRendererCore: Ray tracing is disabled. Reason: r.RayTracing=0.
[2023.01.16-18.07.44:373][  0]LogShaderCompilers: Guid format shader working directory is -50 characters bigger than the processId version (../../../../../../Users/SLATE 15/Documents/GitHub/Hannah-Ashna.github.io/FYP-Prototype/PrototypeV6/Intermediate/Shaders/WorkingDirectory/15108/).
[2023.01.16-18.07.44:373][  0]LogShaderCompilers: Cleaned the shader compiler working directory 'C:/Users/SLATE 15/AppData/Local/Temp/UnrealShaderWorkingDir/58AF5020477A2598AFDB679B430EB73F/'.
[2023.01.16-18.07.44:374][  0]LogXGEController: Cannot use XGE Controller as Incredibuild is not installed on this machine.
[2023.01.16-18.07.44:374][  0]LogShaderCompilers: Cannot use XGE Shader Compiler as Incredibuild is not installed on this machine.
[2023.01.16-18.07.44:374][  0]LogShaderCompilers: Display: Using Local Shader Compiler.
[2023.01.16-18.07.45:093][  0]LogDerivedDataCache: Display: Max Cache Size: 512 MB
[2023.01.16-18.07.45:158][  0]LogDerivedDataCache: Loaded boot cache 0.07s 105MB C:/Users/SLATE 15/AppData/Local/UnrealEngine/4.27/DerivedDataCache/Boot.ddc.
[2023.01.16-18.07.45:158][  0]LogDerivedDataCache: Display: Loaded Boot cache: C:/Users/SLATE 15/AppData/Local/UnrealEngine/4.27/DerivedDataCache/Boot.ddc
[2023.01.16-18.07.45:159][  0]LogDerivedDataCache: FDerivedDataBackendGraph:  Pak pak cache file ../../../../../../Users/SLATE 15/Documents/GitHub/Hannah-Ashna.github.io/FYP-Prototype/PrototypeV6/DerivedDataCache/DDC.ddp not found, will not use a pak cache.
[2023.01.16-18.07.45:159][  0]LogDerivedDataCache: Unable to find inner node Pak for hierarchical cache Hierarchy.
[2023.01.16-18.07.45:159][  0]LogDerivedDataCache: FDerivedDataBackendGraph:  CompressedPak pak cache file ../../../../../../Users/SLATE 15/Documents/GitHub/Hannah-Ashna.github.io/FYP-Prototype/PrototypeV6/DerivedDataCache/Compressed.ddp not found, will not use a pak cache.
[2023.01.16-18.07.45:159][  0]LogDerivedDataCache: Unable to find inner node CompressedPak for hierarchical cache Hierarchy.
[2023.01.16-18.07.45:174][  0]LogDerivedDataCache: Display: Pak cache opened for reading ../../../Engine/DerivedDataCache/Compressed.ddp.
[2023.01.16-18.07.45:175][  0]LogDerivedDataCache: FDerivedDataBackendGraph:  EnterprisePak pak cache file ../../../Enterprise/DerivedDataCache/Compressed.ddp not found, will not use a pak cache.
[2023.01.16-18.07.45:175][  0]LogDerivedDataCache: Unable to find inner node EnterprisePak for hierarchical cache Hierarchy.
[2023.01.16-18.07.45:184][  0]LogDerivedDataCache: Speed tests for C:/Users/SLATE 15/AppData/Local/UnrealEngine/Common/DerivedDataCache took 0.01 seconds
[2023.01.16-18.07.45:184][  0]LogDerivedDataCache: Display: Performance to C:/Users/SLATE 15/AppData/Local/UnrealEngine/Common/DerivedDataCache: Latency=0.03ms. RandomReadSpeed=194.31MBs, RandomWriteSpeed=195.95MBs. Assigned SpeedClass 'Local'
[2023.01.16-18.07.45:185][  0]LogDerivedDataCache: Using Local data cache path C:/Users/SLATE 15/AppData/Local/UnrealEngine/Common/DerivedDataCache: Writable
[2023.01.16-18.07.45:185][  0]LogDerivedDataCache: Shared data cache path not found in *engine.ini, will not use an Shared cache.
[2023.01.16-18.07.45:185][  0]LogDerivedDataCache: Unable to find inner node Shared for hierarchical cache Hierarchy.
[2023.01.16-18.07.45:219][  0]LogSlate: Using FreeType 2.10.0
[2023.01.16-18.07.45:220][  0]LogSlate: SlateFontServices - WITH_FREETYPE: 1, WITH_HARFBUZZ: 1
[2023.01.16-18.07.45:295][  0]LogInit: Using OS detected language (en-US).
[2023.01.16-18.07.45:295][  0]LogInit: Using OS detected locale (en-GB).
[2023.01.16-18.07.45:296][  0]LogTextLocalizationManager: No localization for 'en-US' exists, so 'en' will be used for the language.
[2023.01.16-18.07.45:296][  0]LogTextLocalizationManager: No localization for 'en-GB' exists, so 'en' will be used for the locale.
[2023.01.16-18.07.45:296][  0]LogSlate: FontCache flush requested. Reason: Culture for localization was changed
[2023.01.16-18.07.45:296][  0]LogSlate: FontCache flush requested. Reason: Culture for localization was changed
[2023.01.16-18.07.45:299][  0]LogTextLocalizationManager: Compacting localization data took   0.00ms
[2023.01.16-18.07.45:299][  0]LogAssetRegistry: FAssetRegistry took 0.0026 seconds to start up
[2023.01.16-18.07.45:464][  0]LogPackageLocalizationCache: Processed 27 localized package path(s) for 1 prioritized culture(s) in 0.001170 seconds
[2023.01.16-18.07.45:531][  0]LogInit: Selected Device Profile: [Windows]
[2023.01.16-18.07.45:531][  0]LogInit: Active device profile: [000001C0A13BD300][000001C097644840 49] Windows
[2023.01.16-18.07.45:531][  0]LogInit: Profiles: [000001C0A13BD300][000001C097644840 49] Windows, [000001C0A1393000][000001C09764CB00 49] WindowsNoEditor, [000001C0A13BE200][000001C097650DC0 49] WindowsServer, [000001C0A1393E00][000001C097655080 49] WindowsClient, [000001C0A13BF000][000001C097659340 49] IOS, [000001C0A1391500][000001C09765D600 49] iPadAir, [000001C0A13BFD00][000001C0976618C0 49] iPadAir2, [000001C0A1342400][000001C09799A240 49] IPadPro, [000001C0A1342500][000001C097664280 49] iPadAir3, [000001C0A1393F00][000001C097648500 49] iPadAir4, [000001C0A1343300][000001C0976687C0 49] iPadMini2, [000001C0A1393500][000001C09799EA80 49] iPadMini3, [000001C0A1342300][000001C0979A2D40 49] iPadMini4, [000001C0A1392400][000001C0979A7000 49] iPadMini5, [000001C0A1379D00][000001C0979BB540 49] iPhone6, [000001C0A1379E00][000001C0979AB580 49] iPodTouch6, [000001C0A13BED00][000001C0979C3AC0 49] iPhone7, [000001C0A13BEE00][000001C0979B3B00 49] iPodTouch7, [000001C0A1341C00][000001C0979B6240 49] iPhone5S, [000001C0A13BF900][000001C0979964C0 49] iPhone6Plus, [000001C0A1341400][000001C0979AE740 49] iPhone6S, [000001C0A13BC700][000001C0979C6A00 49] iPhone6SPlus, [000001C0A1340D00][000001C0979CACC0 49] iPhone7Plus, [000001C0A13BCD00][000001C0979CEF80 49] iPhoneSE, [000001C0A1340500][000001C0979D3240 49] iPhone8, [000001C0A13BEB00][000001C0979D7500 49] iPhone8Plus, [000001C0A1340900][000001C0979DB7C0 49] iPhoneX, [000001C0A1340F00][000001C0978FFA80 49] iPhoneXS, [000001C0A1378B00][000001C0979021C0 49] iPhoneXSMax, [000001C0A1342200][000001C097906480 49] iPhoneXR, [000001C0A1379400][000001C0979BE700 49] iPhone11, [000001C0A1342000][000001C09790A980 49] iPhone11Pro, [000001C0A1379A00][000001C097912C40 49] iPhone11ProMax, [000001C0A1340A00][000001C097916F00 49] iPhoneSE2, [000001C0A137BD00][000001C09791B1C0 49] iPhone12Mini, [000001C0A1340E00][000001C09791F480 49] iPhone12, [000001C0A137A100][000001C097923740 49] iPhone12Pro, [000001C0A1379C00][000001C097927A00 49] iPhone12ProMax, [000001C0A13BCB00][000001C09792A140 49] iPadPro105, [000001C0A137B800][000001C09792E400 49] iPadPro129, [000001C0A13BC800][000001C0979326C0 49] iPadPro97, [000001C0A1379800][000001C09790E940 49] iPadPro2_129, [000001C0A1341F00][000001C097936BC0 49] iPad5, [000001C0A1378E00][000001C09793EE80 49] iPad6, [000001C0A1341B00][000001C097943140 49] iPad7, [000001C0A1378F00][000001C097947400 49] iPad8, [000001C0A1342100][000001C09A0856C0 49] iPadPro11, [000001C0A137AF00][000001C09A089980 49] iPadPro2_11, [000001C0A1342900][000001C09A08C0C0 49] iPadPro3_129, [000001C0A1379200][000001C09A090380 49] iPadPro4_129, [000001C0A1341500][000001C09A094640 49] AppleTV, [000001C0A137AD00][000001C09A098900 49] AppleTV4K, [000001C0A1341E00][000001C09793AB80 49] TVOS, [000001C0A1378400][000001C09A0A0E40 49] Mac, [000001C0A1341D00][000001C09A0A5100 49] MacClient, [000001C0A137AA00][000001C09A0A93C0 49] MacNoEditor, [000001C0A1343100][000001C09A0AD680 49] MacServer, [000001C0A137A200][000001C09A0B1940 49] Linux, [000001C0A1340100][000001C09A0B5C00 49] LinuxAArch64, [000001C0A137A500][000001C09A0B8340 49] LinuxNoEditor, [000001C0A1343C00][000001C09A0BC600 49] LinuxAArch64NoEditor, [000001C0A137BC00][000001C09A0C08C0 49] LinuxClient, [000001C0A1343000][000001C09A09CB40 49] LinuxAArch64Client, [000001C0A137AB00][000001C09A0C4DC0 49] LinuxServer, [000001C0A1340700][000001C09A0CD080 49] LinuxAArch64Server, [000001C0A1378A00][000001C09A0D1340 49] Android, [000001C0A1340B00][000001C09A0D5600 49] Android_Low, [000001C0A137A400][000001C09A0D98C0 49] Android_Mid, [000001C0A1343800][000001C09A0DDB80 49] Android_High, [000001C0A137BE00][000001C09A0E02C0 49] Android_Default, [000001C0A1343700][000001C09A0E4580 49] Android_Adreno4xx, [000001C0A137A000][000001C09A0E8840 49] Android_Adreno5xx_Low, [000001C0A1340C00][000001C09A0ECB00 49] Android_Adreno5xx, [000001C0A137B200][000001C09A0C8D80 49] Android_Adreno6xx, [000001C0A1340300][000001C09A0F1000 49] Android_Adreno6xx_Vulkan, [000001C0A1379500][000001C09A0F92C0 49] Android_Mali_T6xx, [000001C0A1341800][000001C09A0FD580 49] Android_Mali_T7xx, [000001C0A137B500][000001C09A101840 49] Android_Mali_T8xx, [000001C0A1342D00][000001C09A105B00 49] Android_Mali_G71, [000001C0A137A900][000001C09A108240 49] Android_Mali_G72, [000001C0A1341200][000001C09A10C500 49] Android_Mali_G72_Vulkan, [000001C0A1378C00][000001C09A1107C0 49] Android_Mali_G76, [000001C0A1341700][000001C09A114A80 49] Android_Mali_G76_Vulkan, [000001C0A1379900][000001C09A118D40 49] Android_Mali_G77, [000001C0A1340200][000001C09A0F4FC0 49] Android_Mali_G77_Vulkan, [000001C0A1392500][000001C09A11D240 49] Android_Mali_G78, [000001C0A13BC500][000001C097511500 49] Android_Mali_G78_Vulkan, [000001C0A1390B00][000001C0975157C0 49] Android_Mali_G710, [000001C0A13BDD00][000001C097519A80 49] Android_Mali_G710_Vulkan, [000001C0A1390900][000001C09751C1C0 49] Android_Vulkan_SM5, [000001C0A13BFC00][000001C097520480 49] Android_PowerVR_G6xxx, [000001C0A1390D00][000001C097524740 49] Android_PowerVR_GT7xxx, [000001C0A13BF500][000001C097528A00 49] Android_PowerVR_GE8xxx, [000001C0A1390200][000001C09752CCC0 49] Android_PowerVR_GM9xxx, [000001C0A13BC300][000001C0A1650F80 49] Android_PowerVR_GM9xxx_Vulkan, [000001C0A1393100][000001C09750D200 49] Android_TegraK1, [000001C0A13BF400][000001C0A1655480 49] Android_Unknown_Vulkan, [000001C0A1390F00][000001C0A165D740 49] Lumin, [000001C0A13BF600][000001C0A1661A00 49] Lumin_Desktop, [000001C0A1391800][000001C0A1664140 49] HoloLens, 
[2023.01.16-18.07.45:565][  0]LogMeshReduction: Using QuadricMeshReduction for automatic static mesh reduction
[2023.01.16-18.07.45:565][  0]LogMeshReduction: Using SimplygonMeshReduction for automatic skeletal mesh reduction
[2023.01.16-18.07.45:565][  0]LogMeshReduction: Using ProxyLODMeshReduction for automatic mesh merging
[2023.01.16-18.07.45:565][  0]LogMeshReduction: No distributed automatic mesh merging module available
[2023.01.16-18.07.45:565][  0]LogMeshMerging: No distributed automatic mesh merging module available
[2023.01.16-18.07.45:671][  0]LogNetVersion: PrototypeV6 1.0.0, NetCL: 17155196, EngineNetVer: 17, GameNetVer: 0 (Checksum: 2678963413)
[2023.01.16-18.07.45:883][  0]LogTexture: Default maximum texture size for cubemaps generated from long-lat sources has been changed from 512 to unlimited. In order to preserve old behaiour for '/Engine/MapTemplates/Sky/DaylightAmbientCubemap.DaylightAmbientCubemap', its maximum texture size has been explicitly set to 512.
[2023.01.16-18.07.45:936][  0]LogHMD: PokeAHoleMaterial loaded successfully
[2023.01.16-18.07.46:022][  0]LogMoviePlayer: Initializing movie player
[2023.01.16-18.07.46:118][  0]LogNiagaraDebuggerClient: Niagara Debugger Client Initialized | Session: 4192BCF7475C75A40F280DA6BFA3839F | Instance: 04A9BB1F4677E0F40A0BC3B51C5E7817 (NOTAHACKER-15108).
[2023.01.16-18.07.46:136][  0]LogCollectionManager: Loaded 0 collections in 0.002165 seconds
[2023.01.16-18.07.46:138][  0]LogFileCache: Scanning file cache for directory 'C:/Users/SLATE 15/Documents/GitHub/Hannah-Ashna.github.io/FYP-Prototype/PrototypeV6/Saved/Collections/' took 0.00s
[2023.01.16-18.07.46:139][  0]LogFileCache: Scanning file cache for directory 'C:/Users/SLATE 15/Documents/GitHub/Hannah-Ashna.github.io/FYP-Prototype/PrototypeV6/Content/Developers/SLATE15/Collections/' took 0.00s
[2023.01.16-18.07.46:139][  0]LogFileCache: Scanning file cache for directory 'C:/Users/SLATE 15/Documents/GitHub/Hannah-Ashna.github.io/FYP-Prototype/PrototypeV6/Content/Collections/' took 0.00s
[2023.01.16-18.07.46:139][  0]LogCollectionManager: Fixed up redirectors for 0 collections in 0.000002 seconds (updated 0 objects)
[2023.01.16-18.07.46:228][  0]LogTcpMessaging: Initializing TcpMessaging bridge
[2023.01.16-18.07.46:235][  0]LogUdpMessaging: Initializing bridge on interface 0.0.0.0:0 to multicast group 230.0.0.1:6666.
[2023.01.16-18.07.46:247][  0]LogPython: Using Python 3.7.7
[2023.01.16-18.07.46:729][  0]SourceControl: Source control is disabled
[2023.01.16-18.07.46:729][  0]SourceControl: Source control is disabled
[2023.01.16-18.07.46:732][  0]SourceControl: Source control is disabled
[2023.01.16-18.07.46:736][  0]LogUProjectInfo: Found projects:
[2023.01.16-18.07.46:811][  0]LogOpenImageDenoise: OIDN starting up
[2023.01.16-18.07.46:828][  0]LogAndroidPermission: UAndroidPermissionCallbackProxy::GetInstance
[2023.01.16-18.07.46:844][  0]LogAudioCaptureCore: Display: No Audio Capture implementations found. Audio input will be silent.
[2023.01.16-18.07.46:844][  0]LogAudioCaptureCore: Display: No Audio Capture implementations found. Audio input will be silent.
[2023.01.16-18.07.46:901][  0]LogOcInput: OculusInput pre-init called
[2023.01.16-18.07.46:908][  0]LogUObjectArray: 22121 objects as part of root set at end of initial load.
[2023.01.16-18.07.46:908][  0]LogUObjectAllocator: 5975632 out of 0 bytes used by permanent object pool.
[2023.01.16-18.07.46:908][  0]LogUObjectArray: CloseDisregardForGC: 0/0 objects in disregard for GC pool
[2023.01.16-18.07.46:949][  0]LogEngine: Initializing Engine...
[2023.01.16-18.07.46:952][  0]LogStats: UGameplayTagsManager::InitializeManager -  0.000 s
[2023.01.16-18.07.47:048][  0]LogInit: Initializing FReadOnlyCVARCache
[2023.01.16-18.07.47:048][  0]LogAudio: Display: Initializing Audio Device Manager...
[2023.01.16-18.07.47:051][  0]LogAudio: Display: Loading Default Audio Settings Objects...
[2023.01.16-18.07.47:052][  0]LogAudio: Display: No default SoundConcurrencyObject specified (or failed to load).
[2023.01.16-18.07.47:052][  0]LogAudio: Display: Audio Device Manager Initialized
[2023.01.16-18.07.47:052][  0]LogAudio: Display: Creating Audio Device:                 Id: 1, Scope: Shared, Realtime: True
[2023.01.16-18.07.47:052][  0]LogAudioMixer: Display: Audio Mixer Platform Settings:
[2023.01.16-18.07.47:052][  0]LogAudioMixer: Display: 	Sample Rate:						  48000
[2023.01.16-18.07.47:052][  0]LogAudioMixer: Display: 	Callback Buffer Frame Size Requested: 1024
[2023.01.16-18.07.47:053][  0]LogAudioMixer: Display: 	Callback Buffer Frame Size To Use:	  1024
[2023.01.16-18.07.47:053][  0]LogAudioMixer: Display: 	Number of buffers to queue:			  2
[2023.01.16-18.07.47:053][  0]LogAudioMixer: Display: 	Max Channels (voices):				  32
[2023.01.16-18.07.47:053][  0]LogAudioMixer: Display: 	Number of Async Source Workers:		  0
[2023.01.16-18.07.47:053][  0]LogAudio: Display: AudioDevice MaxSources: 32
[2023.01.16-18.07.47:053][  0]LogAudio: Display: Audio Spatialization Plugin: None (built-in).
[2023.01.16-18.07.47:053][  0]LogAudio: Display: Audio Reverb Plugin: None (built-in).
[2023.01.16-18.07.47:053][  0]LogAudio: Display: Audio Occlusion Plugin: None (built-in).
[2023.01.16-18.07.47:053][  0]LogAudioMixer: Display: Initializing audio mixer.
[2023.01.16-18.07.47:079][  0]LogAudioMixer: Display: 0: FrontLeft
[2023.01.16-18.07.47:079][  0]LogAudioMixer: Display: 1: FrontRight
[2023.01.16-18.07.47:096][  0]LogAudioMixer: Display: Using Audio Device Headphones (Elgato Wave:1)
[2023.01.16-18.07.47:102][  0]LogAudioMixer: Display: Initializing Sound Submixes...
[2023.01.16-18.07.47:103][  0]LogAudioMixer: Display: Creating Master Submix 'MasterSubmixDefault'
[2023.01.16-18.07.47:103][  0]LogAudioMixer: Display: Creating Master Submix 'MasterReverbSubmixDefault'
[2023.01.16-18.07.47:104][  0]LogAudioMixer: Display: Creating Master Submix 'MasterEQSubmixDefault'
[2023.01.16-18.07.47:104][  0]LogAudioMixer: FMixerPlatformXAudio2::StartAudioStream() called
[2023.01.16-18.07.47:104][  0]LogAudioMixer: Display: Output buffers initialized: Frames=1024, Channels=2, Samples=2048
[2023.01.16-18.07.47:105][  0]LogAudioMixer: Display: Starting AudioMixerPlatformInterface::RunInternal()
[2023.01.16-18.07.47:105][  0]LogAudioMixer: Display: FMixerPlatformXAudio2::SubmitBuffer() called for the first time
[2023.01.16-18.07.47:105][  0]LogInit: FAudioDevice initialized.
[2023.01.16-18.07.47:106][  0]LogNetVersion: Set ProjectVersion to 1.0.0.0. Version Checksum will be recalculated on next use.
[2023.01.16-18.07.47:107][  0]LogInit: Texture streaming: Enabled
[2023.01.16-18.07.47:225][  0]LogAudio: Display: Audio Device (ID: 1) registered with world 'Untitled'.
[2023.01.16-18.07.47:225][  0]LogSlate: Updating window title bar state: overlay mode, drag disabled, window buttons hidden, title bar hidden
[2023.01.16-18.07.47:227][  0]LogInit: Display: Game Engine Initialized.
[2023.01.16-18.07.47:227][  0]LogNiagaraEditor: GEditor isn't valid! Particle reset commands will not work for Niagara components!
[2023.01.16-18.07.47:333][  0]LogInit: Display: Starting Game.
[2023.01.16-18.07.47:334][  0]LogNet: Browse: 127.0.0.1:17777/Game/Maps/VRBaseMap?Name=Player
[2023.01.16-18.07.47:334][  0]LogInit: WinSock: Socket queue. Rx: 32768 (config 32768) Tx: 32768 (config 32768)
[2023.01.16-18.07.47:334][  0]LogNet: Created socket for bind address: 0.0.0.0 on port 0
[2023.01.16-18.07.47:334][  0]PacketHandlerLog: Loaded PacketHandler component: Engine.EngineHandlerComponentFactory (StatelessConnectHandlerComponent)
[2023.01.16-18.07.47:334][  0]LogNet: Game client on port 17777, rate 100000
[2023.01.16-18.07.47:448][  0]LogInit: Display: Engine is initialized. Leaving FEngineLoop::Init()
[2023.01.16-18.07.47:448][  0]LogLoad: (Engine Initialization) Total time: 5.18 seconds
[2023.01.16-18.07.47:448][  0]LogLoad: (Engine Initialization) Total Blueprint compile time: 0.00 seconds
[2023.01.16-18.07.47:466][  0]LogOculusPluginWrapper: OculusPlugin initialized successfully
[2023.01.16-18.07.47:577][  0]LogHMD: FOculusHMDModule PreInit successfully
[2023.01.16-18.07.47:577][  0]LogOcInput: OculusInput is initialized
[2023.01.16-18.07.47:579][  0]LogContentStreaming: Texture pool size now 1000 MB
[2023.01.16-18.07.47:580][  0]LogSlate: InvalidateAllWidgets triggered.  All widgets were invalidated
[2023.01.16-18.07.48:372][470]LogHandshake: SendChallengeResponse. Timestamp: 6.509865, Cookie: 173210125145189234225224102196092168122062208091216253117007
[2023.01.16-18.07.48:710][896]LogNetVersion: PrototypeV6 1.0.0.0, NetCL: 17155196, EngineNetVer: 17, GameNetVer: 0 (Checksum: 2013864317)
[2023.01.16-18.07.48:710][896]LogNet: UPendingNetGame::SendInitialJoin: Sending hello. [UNetConnection] RemoteAddr: 127.0.0.1:17777, Name: IpConnection_0, Driver: PendingNetDriver IpNetDriver_0, IsServer: NO, PC: NULL, Owner: NULL, UniqueId: INVALID
[2023.01.16-18.07.49:043][258]LogNet: Welcomed by server (Level: /Game/Maps/UEDPIE_0_VRHoloportMap, Game: /Game/VRPawns/GameModes/VRMultGamemode.VRMultGamemode_C)
[2023.01.16-18.07.49:043][258]LogLoad: LoadMap: 127.0.0.1:17777/Game/Maps/VRHoloportMap?Name=Player?game=/Game/VRPawns/GameModes/VRMultGamemode.VRMultGamemode_C
[2023.01.16-18.07.49:043][258]LogWorld: BeginTearingDown for /Temp/Untitled_0
[2023.01.16-18.07.49:043][258]LogWorld: UWorld::CleanupWorld for Untitled, bSessionEnded=true, bCleanupResources=true
[2023.01.16-18.07.49:043][258]LogSlate: InvalidateAllWidgets triggered.  All widgets were invalidated
[2023.01.16-18.07.49:048][258]LogAudio: Display: Audio Device unregistered from world 'None'.
[2023.01.16-18.07.49:051][258]LogUObjectHash: Compacting FUObjectHashTables data took   0.87ms
[2023.01.16-18.07.49:753][258]LogSkeletalMesh: Display: [AssetLog] C:\Users\SLATE 15\Documents\GitHub\Hannah-Ashna.github.io\FYP-Prototype\PrototypeV6\Content\VehicleVarietyPack\Skeletons\SK_SUV.uasset: Find and fix some bad tangent! please re-import this skeletal mesh asset to fix the issue. The shading of the skeletal mesh will be bad and faceted.
[2023.01.16-18.07.49:809][258]LogSkeletalMesh: Display: [AssetLog] C:\Users\SLATE 15\Documents\GitHub\Hannah-Ashna.github.io\FYP-Prototype\PrototypeV6\Content\VehicleVarietyPack\Skeletons\SK_Hatchback.uasset: Find and fix some bad tangent! please re-import this skeletal mesh asset to fix the issue. The shading of the skeletal mesh will be bad and faceted.
[2023.01.16-18.07.49:827][258]LogSkeletalMesh: Display: [AssetLog] C:\Users\SLATE 15\Documents\GitHub\Hannah-Ashna.github.io\FYP-Prototype\PrototypeV6\Content\Vehicle\Sedan\Sedan_SkelMesh.uasset: Find and fix some bad tangent! please re-import this skeletal mesh asset to fix the issue. The shading of the skeletal mesh will be bad and faceted.
[2023.01.16-18.07.49:836][258]LogAudio: Display: Audio Device (ID: 1) registered with world 'VRHoloportMap'.
[2023.01.16-18.07.49:848][258]LogWorld: Bringing World /Game/Maps/VRHoloportMap.VRHoloportMap up for play (max tick rate 0) at 2023.01.16-18.07.49
[2023.01.16-18.07.49:849][258]LogWorld: Bringing up level for play took: 0.011512
[2023.01.16-18.07.49:849][258]LogNavigation: Warning: NavData RegistrationFailed_DataPendingKill.
[2023.01.16-18.07.49:850][258]LogSlate: Took 0.000270 seconds to synchronously load lazily loaded font '../../../Engine/Content/Slate/Fonts/Roboto-Regular.ttf' (155K)
[2023.01.16-18.07.49:850][258]LogLoad: Took 0.807443 seconds to LoadMap(/Game/Maps/VRHoloportMap)
[2023.01.16-18.07.49:850][258]LogNavigation: Warning: NavData RegistrationFailed_DataPendingKill.
[2023.01.16-18.07.49:852][259]LogRenderer: Reallocating scene render targets to support 640x480 Format 10 NumSamples 1 (Frame:1).
[2023.01.16-18.07.50:387][576]LogSlate: New Slate User Created.  User Index 8, Is Virtual User: 1
[2023.01.16-18.07.50:387][576]LogSlate: Slate User Registered.  User Index 8, Is Virtual User: 1
[2023.01.16-18.07.50:387][576]LogOnlineSession: Warning: OSS: No game present to join for session (GameSession)
[2023.01.16-18.07.50:388][576]LogOnlineSession: Warning: OSS: No game present to join for session (GameSession)
