Log file open, 02/19/23 21:23:55
LogWindows: Failed to load 'aqProf.dll' (GetLastError=126)
LogWindows: File 'aqProf.dll' does not exist
LogWindows: Failed to load 'VtuneApi.dll' (GetLastError=126)
LogWindows: File 'VtuneApi.dll' does not exist
LogWindows: Failed to load 'VtuneApi32e.dll' (GetLastError=126)
LogWindows: File 'VtuneApi32e.dll' does not exist
LogConsoleResponse: Display: Failed to find resolution value strings in scalability ini. Falling back to default.
LogConsoleResponse: Display: Failed to find resolution value strings in scalability ini. Falling back to default.
LogInit: Display: Running engine for game: PrototypeV4
LogPlatformFile: Not using cached read wrapper
LogTaskGraph: Started task graph with 5 named threads and 35 total threads with 3 sets of task threads.
LogStats: Stats thread started at 0.719923
LogICUInternationalization: ICU TimeZone Detection - Raw Offset: +0:00, Platform Override: ''
LogInit: Display: Loading text-based GConfig....
LogPluginManager: Mounting plugin MeshPainting
LogPluginManager: Mounting plugin XGEController
LogPluginManager: Mounting plugin AISupport
LogPluginManager: Mounting plugin Paper2D
LogPluginManager: Mounting plugin EnvironmentQueryEditor
LogPluginManager: Mounting plugin LightPropagationVolume
LogPluginManager: Mounting plugin LiveLink
LogPluginManager: Mounting plugin CameraShakePreviewer
LogPluginManager: Mounting plugin AssetManagerEditor
LogPluginManager: Mounting plugin GameplayCameras
LogPluginManager: Mounting plugin CryptoKeys
LogPluginManager: Mounting plugin CurveEditorTools
LogPluginManager: Mounting plugin FacialAnimation
LogPluginManager: Mounting plugin GeometryMode
LogPluginManager: Mounting plugin GameplayTagsEditor
LogPluginManager: Mounting plugin MacGraphicsSwitching
LogPluginManager: Mounting plugin DataValidation
LogPluginManager: Mounting plugin MobileLauncherProfileWizard
LogPluginManager: Mounting plugin PluginBrowser
LogPluginManager: Mounting plugin OodleData
LogPluginManager: Mounting plugin SpeedTreeImporter
LogPluginManager: Mounting plugin OodleNetwork
LogPluginManager: Mounting plugin AnimationSharing
LogPluginManager: Mounting plugin CodeLiteSourceCodeAccess
LogPluginManager: Mounting plugin KDevelopSourceCodeAccess
LogPluginManager: Mounting plugin GitSourceControl
LogPluginManager: Mounting plugin NullSourceCodeAccess
LogPluginManager: Mounting plugin PerforceSourceControl
LogPluginManager: Mounting plugin PixWinPlugin
LogPluginManager: Mounting plugin CLionSourceCodeAccess
LogPluginManager: Mounting plugin MaterialAnalyzer
LogPluginManager: Mounting plugin PluginUtils
LogPluginManager: Mounting plugin PlasticSourceControl
LogPluginManager: Mounting plugin PropertyAccessNode
LogPluginManager: Mounting plugin RiderSourceCodeAccess
LogPluginManager: Mounting plugin UObjectPlugin
LogPluginManager: Mounting plugin SubversionSourceControl
LogPluginManager: Mounting plugin TextureFormatOodle
LogPluginManager: Mounting plugin VisualStudioCodeSourceCodeAccess
LogPluginManager: Mounting plugin VisualStudioSourceCodeAccess
LogPluginManager: Mounting plugin XCodeSourceCodeAccess
LogPluginManager: Mounting plugin DatasmithContent
LogPluginManager: Mounting plugin VariantManagerContent
LogPluginManager: Mounting plugin Niagara
LogPluginManager: Mounting plugin LuminPlatformFeatures
LogPluginManager: Mounting plugin MagicLeap
LogPluginManager: Mounting plugin MagicLeapLightEstimation
LogPluginManager: Mounting plugin MagicLeapMedia
LogPluginManager: Mounting plugin MagicLeapPassableWorld
LogPluginManager: Mounting plugin MLSDK
LogPluginManager: Mounting plugin AndroidMedia
LogPluginManager: Mounting plugin AvfMedia
LogPluginManager: Mounting plugin ImgMedia
LogPluginManager: Mounting plugin MediaPlayerEditor
LogPluginManager: Mounting plugin MediaCompositing
LogPluginManager: Mounting plugin WebMMedia
LogPluginManager: Mounting plugin WmfMedia
LogPluginManager: Mounting plugin UdpMessaging
LogPluginManager: Mounting plugin AlembicImporter
LogPluginManager: Mounting plugin AutomationUtils
LogPluginManager: Mounting plugin BackChannel
LogPluginManager: Mounting plugin ChaosCloth
LogPluginManager: Mounting plugin ChaosEditor
LogPluginManager: Mounting plugin ChaosNiagara
LogPluginManager: Mounting plugin TcpMessaging
LogPluginManager: Mounting plugin ChaosClothEditor
LogPluginManager: Mounting plugin ChaosSolverPlugin
LogPluginManager: Mounting plugin CharacterAI
LogPluginManager: Mounting plugin GeometryCache
LogPluginManager: Mounting plugin GeometryCollectionPlugin
LogPluginManager: Mounting plugin ActorSequence
LogPluginManager: Mounting plugin MatineeToLevelSequence
LogPluginManager: Mounting plugin LevelSequenceEditor
LogPluginManager: Mounting plugin TemplateSequence
LogPluginManager: Mounting plugin OnlineSubsystemNull
LogPluginManager: Mounting plugin GeometryProcessing
LogPluginManager: Mounting plugin OnlineSubsystemUtils
LogPluginManager: Mounting plugin MotoSynth
LogPluginManager: Mounting plugin OnlineSubsystem
LogPluginManager: Mounting plugin PlanarCut
LogPluginManager: Mounting plugin OpenImageDenoise
LogPluginManager: Mounting plugin PythonScriptPlugin
LogPluginManager: Mounting plugin PlatformCrypto
LogPluginManager: Mounting plugin SkeletalReduction
LogPluginManager: Mounting plugin ActorLayerUtilities
LogPluginManager: Mounting plugin AndroidDeviceProfileSelector
LogPluginManager: Mounting plugin AndroidPermission
LogPluginManager: Mounting plugin AndroidMoviePlayer
LogPluginManager: Mounting plugin AppleImageUtils
LogPluginManager: Mounting plugin ArchVisCharacter
LogPluginManager: Mounting plugin AudioCapture
LogPluginManager: Mounting plugin AppleMoviePlayer
LogPluginManager: Mounting plugin AssetTags
LogPluginManager: Mounting plugin CableComponent
LogPluginManager: Mounting plugin AudioSynesthesia
LogPluginManager: Mounting plugin CustomMeshComponent
LogPluginManager: Mounting plugin ChunkDownloader
LogPluginManager: Mounting plugin ProxyLODPlugin
LogPluginManager: Mounting plugin EditableMesh
LogPluginManager: Mounting plugin GooglePAD
LogPluginManager: Mounting plugin GoogleCloudMessaging
LogPluginManager: Mounting plugin ExampleDeviceProfileSelector
LogPluginManager: Mounting plugin ScreenshotTools
LogPluginManager: Mounting plugin LinuxDeviceProfileSelector
LogPluginManager: Mounting plugin MobilePatchingUtils
LogPluginManager: Mounting plugin LocationServicesBPLibrary
LogPluginManager: Mounting plugin IOSDeviceProfileSelector
LogPluginManager: Mounting plugin OpenXRHandTracking
LogPluginManager: Mounting plugin OpenXR
LogPluginManager: Mounting plugin PhysXVehicles
LogPluginManager: Mounting plugin LauncherChunkInstaller
LogPluginManager: Mounting plugin OpenXREyeTracker
LogPluginManager: Mounting plugin PostSplashScreen
LogPluginManager: Mounting plugin ProceduralMeshComponent
LogPluginManager: Mounting plugin PropertyAccessEditor
LogPluginManager: Mounting plugin SignificanceManager
LogPluginManager: Mounting plugin SoundFields
LogPluginManager: Mounting plugin RuntimePhysXCooking
LogPluginManager: Mounting plugin Synthesis
LogPluginManager: Mounting plugin WebMMoviePlayer
LogPluginManager: Mounting plugin WindowsMoviePlayer
LogPluginManager: Mounting plugin Takes
LogPluginManager: Mounting plugin ContentBrowserAssetDataSource
LogPluginManager: Mounting plugin ContentBrowserClassDataSource
LogPluginManager: Mounting plugin ContentBrowserFileDataSource
LogPluginManager: Mounting plugin OnlineSubsystemIOS
LogPluginManager: Mounting plugin OculusVR
LogPluginManager: Mounting plugin SteamVR
LogPluginManager: Mounting plugin VRWalkin
PixWinPlugin: PIX capture plugin failed to initialize! Check that the process is launched from PIX.
LogInit: Using libcurl 7.55.1-DEV
LogInit:  - built for x86_64-pc-win32
LogInit:  - supports SSL with OpenSSL/1.1.1
LogInit:  - supports HTTP deflate (compression) using libz 1.2.8
LogInit:  - other features:
LogInit:      CURL_VERSION_SSL
LogInit:      CURL_VERSION_LIBZ
LogInit:      CURL_VERSION_IPV6
LogInit:      CURL_VERSION_ASYNCHDNS
LogInit:      CURL_VERSION_LARGEFILE
LogInit:      CURL_VERSION_IDN
LogInit:  CurlRequestOptions (configurable via config and command line):
LogInit:  - bVerifyPeer = true  - Libcurl will verify peer certificate
LogInit:  - bUseHttpProxy = false  - Libcurl will NOT use HTTP proxy
LogInit:  - bDontReuseConnections = false  - Libcurl will reuse connections
LogInit:  - MaxHostConnections = 16  - Libcurl will limit the number of connections to a host
LogInit:  - LocalHostAddr = Default
LogInit:  - BufferSize = 65536
LogOnline: OSS: Creating online subsystem instance for: NULL
LogInit: WinSock: version 1.1 (2.2), MaxSocks=32767, MaxUdp=65467
LogOnline: OSS: TryLoadSubsystemAndSetDefault: Loaded subsystem for module [NULL]
LogOculusPluginWrapper: OculusPlugin initialized successfully
LogHMD: FOculusHMDModule PreInit successfully
LogInit: Build: ++UE4+Release-4.27-CL-18319896
LogInit: Engine Version: 4.27.2-18319896+++UE4+Release-4.27
LogInit: Compatible Engine Version: 4.27.0-17155196+++UE4+Release-4.27
LogInit: Net CL: 17155196
LogInit: OS: Windows 10 (Release 2009) (), CPU: Intel(R) Core(TM) i7-9750H CPU @ 2.60GHz, GPU: Intel(R) UHD Graphics 630
LogInit: Compiled (64-bit): Nov 30 2021 07:12:08
LogInit: Compiled with Visual C++: 19.24.28315.00
LogInit: Build Configuration: Development
LogInit: Branch Name: ++UE4+Release-4.27
LogInit: Command Line: 
LogInit: Base Directory: C:/Program Files/Epic Games/UE_4.27/Engine/Binaries/Win64/
LogInit: Allocator: TBB
LogInit: Installed Engine Build: 1
LogDevObjectVersion: Number of dev versions registered: 29
LogDevObjectVersion:   Dev-Blueprints (B0D832E4-1F89-4F0D-ACCF-7EB736FD4AA2): 10
LogDevObjectVersion:   Dev-Build (E1C64328-A22C-4D53-A36C-8E866417BD8C): 0
LogDevObjectVersion:   Dev-Core (375EC13C-06E4-48FB-B500-84F0262A717E): 4
LogDevObjectVersion:   Dev-Editor (E4B068ED-F494-42E9-A231-DA0B2E46BB41): 40
LogDevObjectVersion:   Dev-Framework (CFFC743F-43B0-4480-9391-14DF171D2073): 37
LogDevObjectVersion:   Dev-Mobile (B02B49B5-BB20-44E9-A304-32B752E40360): 3
LogDevObjectVersion:   Dev-Networking (A4E4105C-59A1-49B5-A7C5-40C4547EDFEE): 0
LogDevObjectVersion:   Dev-Online (39C831C9-5AE6-47DC-9A44-9C173E1C8E7C): 0
LogDevObjectVersion:   Dev-Physics (78F01B33-EBEA-4F98-B9B4-84EACCB95AA2): 14
LogDevObjectVersion:   Dev-Platform (6631380F-2D4D-43E0-8009-CF276956A95A): 0
LogDevObjectVersion:   Dev-Rendering (12F88B9F-8875-4AFC-A67C-D90C383ABD29): 45
LogDevObjectVersion:   Dev-Sequencer (7B5AE74C-D270-4C10-A958-57980B212A5A): 13
LogDevObjectVersion:   Dev-VR (D7296918-1DD6-4BDD-9DE2-64A83CC13884): 3
LogDevObjectVersion:   Dev-LoadTimes (C2A15278-BFE7-4AFE-6C17-90FF531DF755): 1
LogDevObjectVersion:   Private-Geometry (6EACA3D4-40EC-4CC1-B786-8BED09428FC5): 3
LogDevObjectVersion:   Dev-AnimPhys (29E575DD-E0A3-4627-9D10-D276232CDCEA): 17
LogDevObjectVersion:   Dev-Anim (AF43A65D-7FD3-4947-9873-3E8ED9C1BB05): 15
LogDevObjectVersion:   Dev-ReflectionCapture (6B266CEC-1EC7-4B8F-A30B-E4D90942FC07): 1
LogDevObjectVersion:   Dev-Automation (0DF73D61-A23F-47EA-B727-89E90C41499A): 1
LogDevObjectVersion:   FortniteMain (601D1886-AC64-4F84-AA16-D3DE0DEAC7D6): 47
LogDevObjectVersion:   FortniteRelease (E7086368-6B23-4C58-8439-1B7016265E91): 1
LogDevObjectVersion:   Dev-Enterprise (9DFFBCD6-494F-0158-E221-12823C92A888): 10
LogDevObjectVersion:   Dev-Niagara (F2AED0AC-9AFE-416F-8664-AA7FFA26D6FC): 1
LogDevObjectVersion:   Dev-Destruction (174F1F0B-B4C6-45A5-B13F-2EE8D0FB917D): 10
LogDevObjectVersion:   Dev-Physics-Ext (35F94A83-E258-406C-A318-09F59610247C): 41
LogDevObjectVersion:   Dev-PhysicsMaterial-Chaos (B68FC16E-8B1B-42E2-B453-215C058844FE): 1
LogDevObjectVersion:   Dev-CineCamera (B2E18506-4273-CFC2-A54E-F4BB758BBA07): 1
LogDevObjectVersion:   Dev-VirtualProduction (64F58936-FD1B-42BA-BA96-7289D5D0FA4E): 1
LogDevObjectVersion:   Dev-MediaFramework (6F0ED827-A609-4895-9C91-998D90180EA4): 2
LogInit: Presizing for max 25165824 objects, including 0 objects not considered by GC, pre-allocating 0 bytes for permanent pool.
LogConfig: Applying CVar settings from Section [/Script/Engine.StreamingSettings] File [C:/Users/SLATE 15/Documents/GitHub/Hannah-Ashna.github.io/FYP-Prototype/PrototypeV4/Saved/Config/Windows/Engine.ini]
LogConfig: Setting CVar [[s.MinBulkDataSizeForAsyncLoading:131072]]
LogConfig: Setting CVar [[s.AsyncLoadingThreadEnabled:0]]
LogConfig: Setting CVar [[s.EventDrivenLoaderEnabled:1]]
LogConfig: Setting CVar [[s.WarnIfTimeLimitExceeded:0]]
LogConfig: Setting CVar [[s.TimeLimitExceededMultiplier:1.5]]
LogConfig: Setting CVar [[s.TimeLimitExceededMinTime:0.005]]
LogConfig: Setting CVar [[s.UseBackgroundLevelStreaming:1]]
LogConfig: Setting CVar [[s.PriorityAsyncLoadingExtraTime:15.0]]
LogConfig: Setting CVar [[s.LevelStreamingActorsUpdateTimeLimit:5.0]]
LogConfig: Setting CVar [[s.PriorityLevelStreamingActorsUpdateExtraTime:5.0]]
LogConfig: Setting CVar [[s.LevelStreamingComponentsRegistrationGranularity:10]]
LogConfig: Setting CVar [[s.UnregisterComponentsTimeLimit:1.0]]
LogConfig: Setting CVar [[s.LevelStreamingComponentsUnregistrationGranularity:5]]
LogConfig: Setting CVar [[s.FlushStreamingOnExit:1]]
LogInit: Object subsystem initialized
LogConfig: Setting CVar [[con.DebugEarlyDefault:1]]
LogConfig: Setting CVar [[r.setres:1280x720]]
[2023.02.19-21.23.58:119][  0]LogConfig: Setting CVar [[r.VSync:0]]
[2023.02.19-21.23.58:119][  0]LogConfig: Setting CVar [[r.RHICmdBypass:0]]
[2023.02.19-21.23.58:119][  0]LogConfig: Applying CVar settings from Section [/Script/Engine.RendererSettings] File [C:/Users/SLATE 15/Documents/GitHub/Hannah-Ashna.github.io/FYP-Prototype/PrototypeV4/Saved/Config/Windows/Engine.ini]
[2023.02.19-21.23.58:119][  0]LogConfig: Setting CVar [[r.GPUCrashDebugging:0]]
[2023.02.19-21.23.58:119][  0]LogConfig: Setting CVar [[r.Mobile.DisableVertexFog:1]]
[2023.02.19-21.23.58:119][  0]LogConfig: Setting CVar [[r.Shadow.CSM.MaxMobileCascades:2]]
[2023.02.19-21.23.58:119][  0]LogConfig: Setting CVar [[r.MobileMSAA:1]]
[2023.02.19-21.23.58:119][  0]LogConfig: Setting CVar [[r.Mobile.AllowDitheredLODTransition:0]]
[2023.02.19-21.23.58:120][  0]LogConfig: Setting CVar [[r.Mobile.AllowSoftwareOcclusion:0]]
[2023.02.19-21.23.58:120][  0]LogConfig: Setting CVar [[r.Mobile.VirtualTextures:0]]
[2023.02.19-21.23.58:120][  0]LogConfig: Setting CVar [[r.DiscardUnusedQuality:0]]
[2023.02.19-21.23.58:120][  0]LogConfig: Setting CVar [[r.AllowOcclusionQueries:1]]
[2023.02.19-21.23.58:120][  0]LogConfig: Setting CVar [[r.MinScreenRadiusForLights:0.030000]]
[2023.02.19-21.23.58:120][  0]LogConfig: Setting CVar [[r.MinScreenRadiusForDepthPrepass:0.030000]]
[2023.02.19-21.23.58:120][  0]LogConfig: Setting CVar [[r.MinScreenRadiusForCSMDepth:0.010000]]
[2023.02.19-21.23.58:120][  0]LogConfig: Setting CVar [[r.PrecomputedVisibilityWarning:0]]
[2023.02.19-21.23.58:120][  0]LogConfig: Setting CVar [[r.TextureStreaming:1]]
[2023.02.19-21.23.58:120][  0]LogConfig: Setting CVar [[Compat.UseDXT5NormalMaps:0]]
[2023.02.19-21.23.58:120][  0]LogConfig: Setting CVar [[r.VirtualTextures:0]]
[2023.02.19-21.23.58:120][  0]LogConfig: Setting CVar [[r.VT.EnableAutoImport:1]]
[2023.02.19-21.23.58:120][  0]LogConfig: Setting CVar [[r.VirtualTexturedLightmaps:0]]
[2023.02.19-21.23.58:120][  0]LogConfig: Setting CVar [[r.VT.TileSize:128]]
[2023.02.19-21.23.58:120][  0]LogConfig: Setting CVar [[r.VT.TileBorderSize:4]]
[2023.02.19-21.23.58:120][  0]LogConfig: Setting CVar [[r.vt.FeedbackFactor:16]]
[2023.02.19-21.23.58:120][  0]LogConfig: Setting CVar [[r.VT.EnableCompressZlib:1]]
[2023.02.19-21.23.58:120][  0]LogConfig: Setting CVar [[r.VT.EnableCompressCrunch:0]]
[2023.02.19-21.23.58:120][  0]LogConfig: Setting CVar [[r.ClearCoatNormal:0]]
[2023.02.19-21.23.58:120][  0]LogConfig: Setting CVar [[r.ReflectionCaptureResolution:128]]
[2023.02.19-21.23.58:120][  0]LogConfig: Setting CVar [[r.Mobile.ReflectionCaptureCompression:0]]
[2023.02.19-21.23.58:120][  0]LogConfig: Setting CVar [[r.ReflectionEnvironmentLightmapMixBasedOnRoughness:1]]
[2023.02.19-21.23.58:120][  0]LogConfig: Setting CVar [[r.ForwardShading:1]]
[2023.02.19-21.23.58:120][  0]LogConfig: Setting CVar [[r.VertexFoggingForOpaque:1]]
[2023.02.19-21.23.58:120][  0]LogConfig: Setting CVar [[r.AllowStaticLighting:1]]
[2023.02.19-21.23.58:120][  0]LogConfig: Setting CVar [[r.NormalMapsForStaticLighting:0]]
[2023.02.19-21.23.58:120][  0]LogConfig: Setting CVar [[r.GenerateMeshDistanceFields:0]]
[2023.02.19-21.23.58:120][  0]LogConfig: Setting CVar [[r.DistanceFieldBuild.EightBit:0]]
[2023.02.19-21.23.58:120][  0]LogConfig: Setting CVar [[r.GenerateLandscapeGIData:0]]
[2023.02.19-21.23.58:120][  0]LogConfig: Setting CVar [[r.DistanceFieldBuild.Compress:0]]
[2023.02.19-21.23.58:120][  0]LogConfig: Setting CVar [[r.TessellationAdaptivePixelsPerTriangle:48.000000]]
[2023.02.19-21.23.58:120][  0]LogConfig: Setting CVar [[r.SeparateTranslucency:0]]
[2023.02.19-21.23.58:120][  0]LogConfig: Setting CVar [[r.TranslucentSortPolicy:0]]
[2023.02.19-21.23.58:120][  0]LogConfig: Setting CVar [[vr.VRS.HMDFixedFoveationLevel:2]]
[2023.02.19-21.23.58:120][  0]LogConfig: Setting CVar [[r.CustomDepth:1]]
[2023.02.19-21.23.58:120][  0]LogConfig: Setting CVar [[r.CustomDepthTemporalAAJitter:1]]
[2023.02.19-21.23.58:120][  0]LogConfig: Setting CVar [[r.PostProcessing.PropagateAlpha:0]]
[2023.02.19-21.23.58:120][  0]LogConfig: Setting CVar [[r.DefaultFeature.Bloom:0]]
[2023.02.19-21.23.58:120][  0]LogConfig: Setting CVar [[r.DefaultFeature.AmbientOcclusion:0]]
[2023.02.19-21.23.58:120][  0]LogConfig: Setting CVar [[r.DefaultFeature.AmbientOcclusionStaticFraction:1]]
[2023.02.19-21.23.58:120][  0]LogConfig: Setting CVar [[r.DefaultFeature.AutoExposure:0]]
[2023.02.19-21.23.58:120][  0]LogConfig: Setting CVar [[r.DefaultFeature.AutoExposure.Method:0]]
[2023.02.19-21.23.58:120][  0]LogConfig: Setting CVar [[r.DefaultFeature.AutoExposure.Bias:1.000000]]
[2023.02.19-21.23.58:120][  0]LogConfig: Setting CVar [[r.DefaultFeature.AutoExposure.ExtendDefaultLuminanceRange:0]]
[2023.02.19-21.23.58:120][  0]LogConfig: Setting CVar [[r.UsePreExposure:1]]
[2023.02.19-21.23.58:120][  0]LogConfig: Setting CVar [[r.EyeAdaptation.EditorOnly:0]]
[2023.02.19-21.23.58:120][  0]LogConfig: Setting CVar [[r.DefaultFeature.MotionBlur:0]]
[2023.02.19-21.23.58:120][  0]LogConfig: Setting CVar [[r.DefaultFeature.LensFlare:0]]
[2023.02.19-21.23.58:120][  0]LogConfig: Setting CVar [[r.TemporalAA.Upsampling:0]]
[2023.02.19-21.23.58:120][  0]LogConfig: Setting CVar [[r.SSGI.Enable:0]]
[2023.02.19-21.23.58:120][  0]LogConfig: Setting CVar [[r.DefaultFeature.AntiAliasing:0]]
[2023.02.19-21.23.58:120][  0]LogConfig: Setting CVar [[r.DefaultFeature.LightUnits:1]]
[2023.02.19-21.23.58:120][  0]LogConfig: Setting CVar [[r.DefaultBackBufferPixelFormat:4]]
[2023.02.19-21.23.58:120][  0]LogConfig: Setting CVar [[r.Shadow.UnbuiltPreviewInGame:1]]
[2023.02.19-21.23.58:120][  0]LogConfig: Setting CVar [[r.StencilForLODDither:0]]
[2023.02.19-21.23.58:120][  0]LogConfig: Setting CVar [[r.EarlyZPass:3]]
[2023.02.19-21.23.58:121][  0]LogConfig: Setting CVar [[r.EarlyZPassOnlyMaterialMasking:0]]
[2023.02.19-21.23.58:121][  0]LogConfig: Setting CVar [[r.DBuffer:1]]
[2023.02.19-21.23.58:121][  0]LogConfig: Setting CVar [[r.ClearSceneMethod:1]]
[2023.02.19-21.23.58:121][  0]LogConfig: Setting CVar [[r.BasePassOutputsVelocity:0]]
[2023.02.19-21.23.58:121][  0]LogConfig: Setting CVar [[r.VertexDeformationOutputsVelocity:0]]
[2023.02.19-21.23.58:121][  0]LogConfig: Setting CVar [[r.SelectiveBasePassOutputs:0]]
[2023.02.19-21.23.58:121][  0]LogConfig: Setting CVar [[fx.GPUSimulationTextureSizeX:1024]]
[2023.02.19-21.23.58:121][  0]LogConfig: Setting CVar [[fx.GPUSimulationTextureSizeY:1024]]
[2023.02.19-21.23.58:121][  0]LogConfig: Setting CVar [[r.AllowGlobalClipPlane:0]]
[2023.02.19-21.23.58:121][  0]LogConfig: Setting CVar [[r.GBufferFormat:1]]
[2023.02.19-21.23.58:121][  0]LogConfig: Setting CVar [[r.MorphTarget.Mode:1]]
[2023.02.19-21.23.58:121][  0]LogConfig: Setting CVar [[vr.InstancedStereo:1]]
[2023.02.19-21.23.58:121][  0]LogConfig: Setting CVar [[r.MobileHDR:0]]
[2023.02.19-21.23.58:121][  0]LogConfig: Setting CVar [[vr.MobileMultiView:1]]
[2023.02.19-21.23.58:121][  0]LogConfig: Setting CVar [[r.Mobile.UseHWsRGBEncoding:1]]
[2023.02.19-21.23.58:121][  0]LogConfig: Setting CVar [[vr.RoundRobinOcclusion:1]]
[2023.02.19-21.23.58:121][  0]LogConfig: Setting CVar [[vr.ODSCapture:0]]
[2023.02.19-21.23.58:121][  0]LogConfig: Setting CVar [[r.MeshStreaming:0]]
[2023.02.19-21.23.58:121][  0]LogConfig: Setting CVar [[r.WireframeCullThreshold:5.000000]]
[2023.02.19-21.23.58:121][  0]LogConfig: Setting CVar [[r.RayTracing:0]]
[2023.02.19-21.23.58:121][  0]LogConfig: Setting CVar [[r.RayTracing.UseTextureLod:0]]
[2023.02.19-21.23.58:121][  0]LogConfig: Setting CVar [[r.SupportStationarySkylight:0]]
[2023.02.19-21.23.58:121][  0]LogConfig: Setting CVar [[r.SupportLowQualityLightmaps:1]]
[2023.02.19-21.23.58:121][  0]LogConfig: Setting CVar [[r.SupportPointLightWholeSceneShadows:1]]
[2023.02.19-21.23.58:121][  0]LogConfig: Setting CVar [[r.SupportAtmosphericFog:0]]
[2023.02.19-21.23.58:121][  0]LogConfig: Setting CVar [[r.SupportSkyAtmosphere:0]]
[2023.02.19-21.23.58:121][  0]LogConfig: Setting CVar [[r.SupportSkyAtmosphereAffectsHeightFog:0]]
[2023.02.19-21.23.58:121][  0]LogConfig: Setting CVar [[r.SkinCache.CompileShaders:0]]
[2023.02.19-21.23.58:121][  0]LogConfig: Setting CVar [[r.SkinCache.DefaultBehavior:1]]
[2023.02.19-21.23.58:121][  0]LogConfig: Setting CVar [[r.SkinCache.SceneMemoryLimitInMB:128.000000]]
[2023.02.19-21.23.58:121][  0]LogConfig: Setting CVar [[r.Mobile.EnableStaticAndCSMShadowReceivers:1]]
[2023.02.19-21.23.58:121][  0]LogConfig: Setting CVar [[r.Mobile.EnableMovableLightCSMShaderCulling:1]]
[2023.02.19-21.23.58:121][  0]LogConfig: Setting CVar [[r.Mobile.AllowDistanceFieldShadows:1]]
[2023.02.19-21.23.58:121][  0]LogConfig: Setting CVar [[r.Mobile.AllowMovableDirectionalLights:1]]
[2023.02.19-21.23.58:121][  0]LogConfig: Setting CVar [[r.MobileNumDynamicPointLights:4]]
[2023.02.19-21.23.58:121][  0]LogConfig: Setting CVar [[r.MobileDynamicPointLightsUseStaticBranch:1]]
[2023.02.19-21.23.58:121][  0]LogConfig: Setting CVar [[r.Mobile.EnableMovableSpotlights:0]]
[2023.02.19-21.23.58:121][  0]LogConfig: Setting CVar [[r.Mobile.EnableMovableSpotlightsShadow:0]]
[2023.02.19-21.23.58:123][  0]LogConfig: Setting CVar [[r.GPUSkin.Support16BitBoneIndex:0]]
[2023.02.19-21.23.58:123][  0]LogConfig: Setting CVar [[r.GPUSkin.Limit2BoneInfluences:0]]
[2023.02.19-21.23.58:123][  0]LogConfig: Setting CVar [[r.SupportDepthOnlyIndexBuffers:1]]
[2023.02.19-21.23.58:123][  0]LogConfig: Setting CVar [[r.SupportReversedIndexBuffers:1]]
[2023.02.19-21.23.58:123][  0]LogConfig: Setting CVar [[r.LightPropagationVolume:0]]
[2023.02.19-21.23.58:123][  0]LogConfig: Setting CVar [[r.Mobile.AmbientOcclusion:0]]
[2023.02.19-21.23.58:123][  0]LogConfig: Setting CVar [[r.GPUSkin.UnlimitedBoneInfluences:0]]
[2023.02.19-21.23.58:123][  0]LogConfig: Setting CVar [[r.GPUSkin.UnlimitedBoneInfluencesThreshold:8]]
[2023.02.19-21.23.58:123][  0]LogConfig: Setting CVar [[r.Mobile.PlanarReflectionMode:0]]
[2023.02.19-21.23.58:123][  0]LogConfig: Setting CVar [[r.Mobile.SupportsGen4TAA:0]]
[2023.02.19-21.23.58:123][  0]LogConfig: Applying CVar settings from Section [/Script/Engine.RendererOverrideSettings] File [C:/Users/SLATE 15/Documents/GitHub/Hannah-Ashna.github.io/FYP-Prototype/PrototypeV4/Saved/Config/Windows/Engine.ini]
[2023.02.19-21.23.58:123][  0]LogConfig: Applying CVar settings from Section [/Script/Engine.StreamingSettings] File [C:/Users/SLATE 15/Documents/GitHub/Hannah-Ashna.github.io/FYP-Prototype/PrototypeV4/Saved/Config/Windows/Engine.ini]
[2023.02.19-21.23.58:123][  0]LogConfig: Setting CVar [[s.MinBulkDataSizeForAsyncLoading:131072]]
[2023.02.19-21.23.58:123][  0]LogConfig: Setting CVar [[s.AsyncLoadingThreadEnabled:0]]
[2023.02.19-21.23.58:123][  0]LogConfig: Setting CVar [[s.EventDrivenLoaderEnabled:1]]
[2023.02.19-21.23.58:123][  0]LogConfig: Setting CVar [[s.WarnIfTimeLimitExceeded:0]]
[2023.02.19-21.23.58:123][  0]LogConfig: Setting CVar [[s.TimeLimitExceededMultiplier:1.5]]
[2023.02.19-21.23.58:123][  0]LogConfig: Setting CVar [[s.TimeLimitExceededMinTime:0.005]]
[2023.02.19-21.23.58:123][  0]LogConfig: Setting CVar [[s.UseBackgroundLevelStreaming:1]]
[2023.02.19-21.23.58:123][  0]LogConfig: Setting CVar [[s.PriorityAsyncLoadingExtraTime:15.0]]
[2023.02.19-21.23.58:123][  0]LogConfig: Setting CVar [[s.LevelStreamingActorsUpdateTimeLimit:5.0]]
[2023.02.19-21.23.58:123][  0]LogConfig: Setting CVar [[s.PriorityLevelStreamingActorsUpdateExtraTime:5.0]]
[2023.02.19-21.23.58:123][  0]LogConfig: Setting CVar [[s.LevelStreamingComponentsRegistrationGranularity:10]]
[2023.02.19-21.23.58:123][  0]LogConfig: Setting CVar [[s.UnregisterComponentsTimeLimit:1.0]]
[2023.02.19-21.23.58:123][  0]LogConfig: Setting CVar [[s.LevelStreamingComponentsUnregistrationGranularity:5]]
[2023.02.19-21.23.58:123][  0]LogConfig: Setting CVar [[s.FlushStreamingOnExit:1]]
[2023.02.19-21.23.58:123][  0]LogConfig: Applying CVar settings from Section [/Script/Engine.GarbageCollectionSettings] File [C:/Users/SLATE 15/Documents/GitHub/Hannah-Ashna.github.io/FYP-Prototype/PrototypeV4/Saved/Config/Windows/Engine.ini]
[2023.02.19-21.23.58:123][  0]LogConfig: Setting CVar [[gc.MaxObjectsNotConsideredByGC:1]]
[2023.02.19-21.23.58:123][  0]LogConfig: Setting CVar [[gc.SizeOfPermanentObjectPool:0]]
[2023.02.19-21.23.58:123][  0]LogConfig: Setting CVar [[gc.FlushStreamingOnGC:0]]
[2023.02.19-21.23.58:123][  0]LogConfig: Setting CVar [[gc.NumRetriesBeforeForcingGC:10]]
[2023.02.19-21.23.58:123][  0]LogConfig: Setting CVar [[gc.AllowParallelGC:1]]
[2023.02.19-21.23.58:123][  0]LogConfig: Setting CVar [[gc.TimeBetweenPurgingPendingKillObjects:61.1]]
[2023.02.19-21.23.58:123][  0]LogConfig: Setting CVar [[gc.MaxObjectsInEditor:25165824]]
[2023.02.19-21.23.58:124][  0]LogConfig: Setting CVar [[gc.IncrementalBeginDestroyEnabled:1]]
[2023.02.19-21.23.58:124][  0]LogConfig: Setting CVar [[gc.CreateGCClusters:1]]
[2023.02.19-21.23.58:124][  0]LogConfig: Setting CVar [[gc.MinGCClusterSize:5]]
[2023.02.19-21.23.58:124][  0]LogConfig: Setting CVar [[gc.ActorClusteringEnabled:0]]
[2023.02.19-21.23.58:124][  0]LogConfig: Setting CVar [[gc.BlueprintClusteringEnabled:0]]
[2023.02.19-21.23.58:124][  0]LogConfig: Setting CVar [[gc.UseDisregardForGCOnDedicatedServers:0]]
[2023.02.19-21.23.58:124][  0]LogConfig: Setting CVar [[gc.MultithreadedDestructionEnabled:1]]
[2023.02.19-21.23.58:124][  0]LogConfig: Applying CVar settings from Section [/Script/Engine.NetworkSettings] File [C:/Users/SLATE 15/Documents/GitHub/Hannah-Ashna.github.io/FYP-Prototype/PrototypeV4/Saved/Config/Windows/Engine.ini]
[2023.02.19-21.23.58:124][  0]LogConfig: Applying CVar settings from Section [/Script/UnrealEd.CookerSettings] File [C:/Users/SLATE 15/Documents/GitHub/Hannah-Ashna.github.io/FYP-Prototype/PrototypeV4/Saved/Config/Windows/Engine.ini]
[2023.02.19-21.23.58:159][  0]LogConfig: Applying CVar settings from Section [ViewDistanceQuality@3] File [C:/Users/SLATE 15/Documents/GitHub/Hannah-Ashna.github.io/FYP-Prototype/PrototypeV4/Saved/Config/Windows/Scalability.ini]
[2023.02.19-21.23.58:159][  0]LogConfig: Setting CVar [[r.SkeletalMeshLODBias:0]]
[2023.02.19-21.23.58:159][  0]LogConfig: Setting CVar [[r.ViewDistanceScale:1.0]]
[2023.02.19-21.23.58:159][  0]LogConfig: Applying CVar settings from Section [AntiAliasingQuality@3] File [C:/Users/SLATE 15/Documents/GitHub/Hannah-Ashna.github.io/FYP-Prototype/PrototypeV4/Saved/Config/Windows/Scalability.ini]
[2023.02.19-21.23.58:159][  0]LogConfig: Setting CVar [[r.PostProcessAAQuality:4]]
[2023.02.19-21.23.58:159][  0]LogConfig: Applying CVar settings from Section [ShadowQuality@3] File [C:/Users/SLATE 15/Documents/GitHub/Hannah-Ashna.github.io/FYP-Prototype/PrototypeV4/Saved/Config/Windows/Scalability.ini]
[2023.02.19-21.23.58:159][  0]LogConfig: Setting CVar [[r.LightFunctionQuality:1]]
[2023.02.19-21.23.58:159][  0]LogConfig: Setting CVar [[r.ShadowQuality:5]]
[2023.02.19-21.23.58:159][  0]LogConfig: Setting CVar [[r.Shadow.CSM.MaxCascades:10]]
[2023.02.19-21.23.58:159][  0]LogConfig: Setting CVar [[r.Shadow.MaxResolution:2048]]
[2023.02.19-21.23.58:159][  0]LogConfig: Setting CVar [[r.Shadow.MaxCSMResolution:2048]]
[2023.02.19-21.23.58:159][  0]LogConfig: Setting CVar [[r.Shadow.RadiusThreshold:0.01]]
[2023.02.19-21.23.58:159][  0]LogConfig: Setting CVar [[r.Shadow.DistanceScale:1.0]]
[2023.02.19-21.23.58:159][  0]LogConfig: Setting CVar [[r.Shadow.CSM.TransitionScale:1.0]]
[2023.02.19-21.23.58:159][  0]LogConfig: Setting CVar [[r.Shadow.PreShadowResolutionFactor:1.0]]
[2023.02.19-21.23.58:159][  0]LogConfig: Setting CVar [[r.DistanceFieldShadowing:1]]
[2023.02.19-21.23.58:159][  0]LogConfig: Setting CVar [[r.DistanceFieldAO:1]]
[2023.02.19-21.23.58:159][  0]LogConfig: Setting CVar [[r.AOQuality:2]]
[2023.02.19-21.23.58:159][  0]LogConfig: Setting CVar [[r.VolumetricFog:1]]
[2023.02.19-21.23.58:159][  0]LogConfig: Setting CVar [[r.VolumetricFog.GridPixelSize:8]]
[2023.02.19-21.23.58:159][  0]LogConfig: Setting CVar [[r.VolumetricFog.GridSizeZ:128]]
[2023.02.19-21.23.58:159][  0]LogConfig: Setting CVar [[r.VolumetricFog.HistoryMissSupersampleCount:4]]
[2023.02.19-21.23.58:159][  0]LogConfig: Setting CVar [[r.LightMaxDrawDistanceScale:1]]
[2023.02.19-21.23.58:159][  0]LogConfig: Setting CVar [[r.CapsuleShadows:1]]
[2023.02.19-21.23.58:159][  0]LogConfig: Applying CVar settings from Section [PostProcessQuality@3] File [C:/Users/SLATE 15/Documents/GitHub/Hannah-Ashna.github.io/FYP-Prototype/PrototypeV4/Saved/Config/Windows/Scalability.ini]
[2023.02.19-21.23.58:159][  0]LogConfig: Setting CVar [[r.MotionBlurQuality:4]]
[2023.02.19-21.23.58:159][  0]LogConfig: Setting CVar [[r.AmbientOcclusionMipLevelFactor:0.4]]
[2023.02.19-21.23.58:159][  0]LogConfig: Setting CVar [[r.AmbientOcclusionMaxQuality:100]]
[2023.02.19-21.23.58:159][  0]LogConfig: Setting CVar [[r.AmbientOcclusionLevels:-1]]
[2023.02.19-21.23.58:159][  0]LogConfig: Setting CVar [[r.AmbientOcclusionRadiusScale:1.0]]
[2023.02.19-21.23.58:159][  0]LogConfig: Setting CVar [[r.DepthOfFieldQuality:2]]
[2023.02.19-21.23.58:159][  0]LogConfig: Setting CVar [[r.RenderTargetPoolMin:400]]
[2023.02.19-21.23.58:159][  0]LogConfig: Setting CVar [[r.LensFlareQuality:2]]
[2023.02.19-21.23.58:159][  0]LogConfig: Setting CVar [[r.SceneColorFringeQuality:1]]
[2023.02.19-21.23.58:159][  0]LogConfig: Setting CVar [[r.EyeAdaptationQuality:2]]
[2023.02.19-21.23.58:159][  0]LogConfig: Setting CVar [[r.BloomQuality:5]]
[2023.02.19-21.23.58:160][  0]LogConfig: Setting CVar [[r.FastBlurThreshold:100]]
[2023.02.19-21.23.58:160][  0]LogConfig: Setting CVar [[r.Upscale.Quality:3]]
[2023.02.19-21.23.58:160][  0]LogConfig: Setting CVar [[r.Tonemapper.GrainQuantization:1]]
[2023.02.19-21.23.58:160][  0]LogConfig: Setting CVar [[r.LightShaftQuality:1]]
[2023.02.19-21.23.58:160][  0]LogConfig: Setting CVar [[r.Filter.SizeScale:1]]
[2023.02.19-21.23.58:160][  0]LogConfig: Setting CVar [[r.Tonemapper.Quality:5]]
[2023.02.19-21.23.58:160][  0]LogConfig: Setting CVar [[r.DOF.Gather.AccumulatorQuality:1        ; higher gathering accumulator quality]]
[2023.02.19-21.23.58:160][  0]LogConfig: Setting CVar [[r.DOF.Gather.PostfilterMethod:1          ; Median3x3 postfilering method]]
[2023.02.19-21.23.58:160][  0]LogConfig: Setting CVar [[r.DOF.Gather.EnableBokehSettings:0       ; no bokeh simulation when gathering]]
[2023.02.19-21.23.58:160][  0]LogConfig: Setting CVar [[r.DOF.Gather.RingCount:4                 ; medium number of samples when gathering]]
[2023.02.19-21.23.58:160][  0]LogConfig: Setting CVar [[r.DOF.Scatter.ForegroundCompositing:1    ; additive foreground scattering]]
[2023.02.19-21.23.58:160][  0]LogConfig: Setting CVar [[r.DOF.Scatter.BackgroundCompositing:2    ; additive background scattering]]
[2023.02.19-21.23.58:160][  0]LogConfig: Setting CVar [[r.DOF.Scatter.EnableBokehSettings:1      ; bokeh simulation when scattering]]
[2023.02.19-21.23.58:160][  0]LogConfig: Setting CVar [[r.DOF.Scatter.MaxSpriteRatio:0.1         ; only a maximum of 10% of scattered bokeh]]
[2023.02.19-21.23.58:160][  0]LogConfig: Setting CVar [[r.DOF.Recombine.Quality:1                ; cheap slight out of focus]]
[2023.02.19-21.23.58:160][  0]LogConfig: Setting CVar [[r.DOF.Recombine.EnableBokehSettings:0    ; no bokeh simulation on slight out of focus]]
[2023.02.19-21.23.58:160][  0]LogConfig: Setting CVar [[r.DOF.TemporalAAQuality:1                ; more stable temporal accumulation]]
[2023.02.19-21.23.58:160][  0]LogConfig: Setting CVar [[r.DOF.Kernel.MaxForegroundRadius:0.025]]
[2023.02.19-21.23.58:160][  0]LogConfig: Setting CVar [[r.DOF.Kernel.MaxBackgroundRadius:0.025]]
[2023.02.19-21.23.58:160][  0]LogConfig: Applying CVar settings from Section [TextureQuality@3] File [C:/Users/SLATE 15/Documents/GitHub/Hannah-Ashna.github.io/FYP-Prototype/PrototypeV4/Saved/Config/Windows/Scalability.ini]
[2023.02.19-21.23.58:160][  0]LogConfig: Setting CVar [[r.Streaming.MipBias:0]]
[2023.02.19-21.23.58:160][  0]LogConfig: Setting CVar [[r.Streaming.AmortizeCPUToGPUCopy:0]]
[2023.02.19-21.23.58:160][  0]LogConfig: Setting CVar [[r.Streaming.MaxNumTexturesToStreamPerFrame:0]]
[2023.02.19-21.23.58:160][  0]LogConfig: Setting CVar [[r.Streaming.Boost:1]]
[2023.02.19-21.23.58:160][  0]LogConfig: Setting CVar [[r.MaxAnisotropy:8]]
[2023.02.19-21.23.58:160][  0]LogConfig: Setting CVar [[r.VT.MaxAnisotropy:8]]
[2023.02.19-21.23.58:160][  0]LogConfig: Setting CVar [[r.Streaming.LimitPoolSizeToVRAM:0]]
[2023.02.19-21.23.58:160][  0]LogConfig: Setting CVar [[r.Streaming.PoolSize:1000]]
[2023.02.19-21.23.58:160][  0]LogConfig: Setting CVar [[r.Streaming.MaxEffectiveScreenSize:0]]
[2023.02.19-21.23.58:160][  0]LogConfig: Applying CVar settings from Section [EffectsQuality@3] File [C:/Users/SLATE 15/Documents/GitHub/Hannah-Ashna.github.io/FYP-Prototype/PrototypeV4/Saved/Config/Windows/Scalability.ini]
[2023.02.19-21.23.58:160][  0]LogConfig: Setting CVar [[r.TranslucencyLightingVolumeDim:64]]
[2023.02.19-21.23.58:160][  0]LogConfig: Setting CVar [[r.RefractionQuality:2]]
[2023.02.19-21.23.58:160][  0]LogConfig: Setting CVar [[r.SSR.Quality:3]]
[2023.02.19-21.23.58:160][  0]LogConfig: Setting CVar [[r.SSR.HalfResSceneColor:0]]
[2023.02.19-21.23.58:160][  0]LogConfig: Setting CVar [[r.SceneColorFormat:4]]
[2023.02.19-21.23.58:160][  0]LogConfig: Setting CVar [[r.DetailMode:2]]
[2023.02.19-21.23.58:161][  0]LogConfig: Setting CVar [[r.TranslucencyVolumeBlur:1]]
[2023.02.19-21.23.58:161][  0]LogConfig: Setting CVar [[r.MaterialQualityLevel:1 ; High quality]]
[2023.02.19-21.23.58:161][  0]LogConfig: Setting CVar [[r.AnisotropicMaterials:1]]
[2023.02.19-21.23.58:161][  0]LogConfig: Setting CVar [[r.SSS.Scale:1]]
[2023.02.19-21.23.58:161][  0]LogConfig: Setting CVar [[r.SSS.SampleSet:2]]
[2023.02.19-21.23.58:161][  0]LogConfig: Setting CVar [[r.SSS.Quality:1]]
[2023.02.19-21.23.58:161][  0]LogConfig: Setting CVar [[r.SSS.HalfRes:0]]
[2023.02.19-21.23.58:161][  0]LogConfig: Setting CVar [[r.SSGI.Quality:3]]
[2023.02.19-21.23.58:161][  0]LogConfig: Setting CVar [[r.EmitterSpawnRateScale:1.0]]
[2023.02.19-21.23.58:161][  0]LogConfig: Setting CVar [[r.ParticleLightQuality:2]]
[2023.02.19-21.23.58:161][  0]LogConfig: Setting CVar [[r.SkyAtmosphere.AerialPerspectiveLUT.FastApplyOnOpaque:1 ; Always have FastSkyLUT 1 in this case to avoid wrong sky]]
[2023.02.19-21.23.58:161][  0]LogConfig: Setting CVar [[r.SkyAtmosphere.AerialPerspectiveLUT.SampleCountMaxPerSlice:4]]
[2023.02.19-21.23.58:161][  0]LogConfig: Setting CVar [[r.SkyAtmosphere.AerialPerspectiveLUT.DepthResolution:16.0]]
[2023.02.19-21.23.58:161][  0]LogConfig: Setting CVar [[r.SkyAtmosphere.FastSkyLUT:1]]
[2023.02.19-21.23.58:161][  0]LogConfig: Setting CVar [[r.SkyAtmosphere.FastSkyLUT.SampleCountMin:4.0]]
[2023.02.19-21.23.58:161][  0]LogConfig: Setting CVar [[r.SkyAtmosphere.FastSkyLUT.SampleCountMax:128.0]]
[2023.02.19-21.23.58:161][  0]LogConfig: Setting CVar [[r.SkyAtmosphere.SampleCountMin:4.0]]
[2023.02.19-21.23.58:161][  0]LogConfig: Setting CVar [[r.SkyAtmosphere.SampleCountMax:128.0]]
[2023.02.19-21.23.58:161][  0]LogConfig: Setting CVar [[r.SkyAtmosphere.TransmittanceLUT.UseSmallFormat:0]]
[2023.02.19-21.23.58:161][  0]LogConfig: Setting CVar [[r.SkyAtmosphere.TransmittanceLUT.SampleCount:10.0]]
[2023.02.19-21.23.58:161][  0]LogConfig: Setting CVar [[r.SkyAtmosphere.MultiScatteringLUT.SampleCount:15.0]]
[2023.02.19-21.23.58:161][  0]LogConfig: Setting CVar [[r.SkyLight.RealTimeReflectionCapture:1]]
[2023.02.19-21.23.58:161][  0]LogConfig: Applying CVar settings from Section [FoliageQuality@3] File [C:/Users/SLATE 15/Documents/GitHub/Hannah-Ashna.github.io/FYP-Prototype/PrototypeV4/Saved/Config/Windows/Scalability.ini]
[2023.02.19-21.23.58:161][  0]LogConfig: Setting CVar [[foliage.DensityScale:1.0]]
[2023.02.19-21.23.58:161][  0]LogConfig: Setting CVar [[grass.DensityScale:1.0]]
[2023.02.19-21.23.58:161][  0]LogConfig: Applying CVar settings from Section [ShadingQuality@3] File [C:/Users/SLATE 15/Documents/GitHub/Hannah-Ashna.github.io/FYP-Prototype/PrototypeV4/Saved/Config/Windows/Scalability.ini]
[2023.02.19-21.23.58:161][  0]LogConfig: Setting CVar [[r.HairStrands.SkyLighting.IntegrationType:2]]
[2023.02.19-21.23.58:161][  0]LogConfig: Setting CVar [[r.HairStrands.SkyAO.SampleCount:4]]
[2023.02.19-21.23.58:161][  0]LogConfig: Setting CVar [[r.HairStrands.Visibility.MSAA.SamplePerPixel:4]]
[2023.02.19-21.23.58:161][  0]LogInit: Selected Device Profile: [Windows]
[2023.02.19-21.23.58:161][  0]LogInit: Applying CVar settings loaded from the selected device profile: [Windows]
[2023.02.19-21.23.58:161][  0]LogHAL: Display: Platform has ~ 16 GB [16973881344 / 17179869184 / 16], which maps to Larger [LargestMinGB=32, LargerMinGB=12, DefaultMinGB=8, SmallerMinGB=6, SmallestMinGB=0)
[2023.02.19-21.23.58:161][  0]LogInit: Going up to parent DeviceProfile []
[2023.02.19-21.23.58:161][  0]LogConfig: Applying CVar settings from Section [ViewDistanceQuality@3] File [C:/Users/SLATE 15/Documents/GitHub/Hannah-Ashna.github.io/FYP-Prototype/PrototypeV4/Saved/Config/Windows/Scalability.ini]
[2023.02.19-21.23.58:161][  0]LogConfig: Setting CVar [[r.SkeletalMeshLODBias:0]]
[2023.02.19-21.23.58:161][  0]LogConfig: Setting CVar [[r.ViewDistanceScale:1.0]]
[2023.02.19-21.23.58:161][  0]LogConfig: Applying CVar settings from Section [AntiAliasingQuality@3] File [C:/Users/SLATE 15/Documents/GitHub/Hannah-Ashna.github.io/FYP-Prototype/PrototypeV4/Saved/Config/Windows/Scalability.ini]
[2023.02.19-21.23.58:161][  0]LogConfig: Setting CVar [[r.PostProcessAAQuality:4]]
[2023.02.19-21.23.58:161][  0]LogConfig: Applying CVar settings from Section [ShadowQuality@3] File [C:/Users/SLATE 15/Documents/GitHub/Hannah-Ashna.github.io/FYP-Prototype/PrototypeV4/Saved/Config/Windows/Scalability.ini]
[2023.02.19-21.23.58:161][  0]LogConfig: Setting CVar [[r.LightFunctionQuality:1]]
[2023.02.19-21.23.58:161][  0]LogConfig: Setting CVar [[r.ShadowQuality:5]]
[2023.02.19-21.23.58:161][  0]LogConfig: Setting CVar [[r.Shadow.CSM.MaxCascades:10]]
[2023.02.19-21.23.58:161][  0]LogConfig: Setting CVar [[r.Shadow.MaxResolution:2048]]
[2023.02.19-21.23.58:161][  0]LogConfig: Setting CVar [[r.Shadow.MaxCSMResolution:2048]]
[2023.02.19-21.23.58:162][  0]LogConfig: Setting CVar [[r.Shadow.RadiusThreshold:0.01]]
[2023.02.19-21.23.58:162][  0]LogConfig: Setting CVar [[r.Shadow.DistanceScale:1.0]]
[2023.02.19-21.23.58:162][  0]LogConfig: Setting CVar [[r.Shadow.CSM.TransitionScale:1.0]]
[2023.02.19-21.23.58:162][  0]LogConfig: Setting CVar [[r.Shadow.PreShadowResolutionFactor:1.0]]
[2023.02.19-21.23.58:162][  0]LogConfig: Setting CVar [[r.DistanceFieldShadowing:1]]
[2023.02.19-21.23.58:162][  0]LogConfig: Setting CVar [[r.DistanceFieldAO:1]]
[2023.02.19-21.23.58:162][  0]LogConfig: Setting CVar [[r.AOQuality:2]]
[2023.02.19-21.23.58:162][  0]LogConfig: Setting CVar [[r.VolumetricFog:1]]
[2023.02.19-21.23.58:162][  0]LogConfig: Setting CVar [[r.VolumetricFog.GridPixelSize:8]]
[2023.02.19-21.23.58:162][  0]LogConfig: Setting CVar [[r.VolumetricFog.GridSizeZ:128]]
[2023.02.19-21.23.58:162][  0]LogConfig: Setting CVar [[r.VolumetricFog.HistoryMissSupersampleCount:4]]
[2023.02.19-21.23.58:162][  0]LogConfig: Setting CVar [[r.LightMaxDrawDistanceScale:1]]
[2023.02.19-21.23.58:162][  0]LogConfig: Setting CVar [[r.CapsuleShadows:1]]
[2023.02.19-21.23.58:162][  0]LogConfig: Applying CVar settings from Section [PostProcessQuality@3] File [C:/Users/SLATE 15/Documents/GitHub/Hannah-Ashna.github.io/FYP-Prototype/PrototypeV4/Saved/Config/Windows/Scalability.ini]
[2023.02.19-21.23.58:162][  0]LogConfig: Setting CVar [[r.MotionBlurQuality:4]]
[2023.02.19-21.23.58:162][  0]LogConfig: Setting CVar [[r.AmbientOcclusionMipLevelFactor:0.4]]
[2023.02.19-21.23.58:162][  0]LogConfig: Setting CVar [[r.AmbientOcclusionMaxQuality:100]]
[2023.02.19-21.23.58:162][  0]LogConfig: Setting CVar [[r.AmbientOcclusionLevels:-1]]
[2023.02.19-21.23.58:162][  0]LogConfig: Setting CVar [[r.AmbientOcclusionRadiusScale:1.0]]
[2023.02.19-21.23.58:162][  0]LogConfig: Setting CVar [[r.DepthOfFieldQuality:2]]
[2023.02.19-21.23.58:162][  0]LogConfig: Setting CVar [[r.RenderTargetPoolMin:400]]
[2023.02.19-21.23.58:162][  0]LogConfig: Setting CVar [[r.LensFlareQuality:2]]
[2023.02.19-21.23.58:162][  0]LogConfig: Setting CVar [[r.SceneColorFringeQuality:1]]
[2023.02.19-21.23.58:162][  0]LogConfig: Setting CVar [[r.EyeAdaptationQuality:2]]
[2023.02.19-21.23.58:162][  0]LogConfig: Setting CVar [[r.BloomQuality:5]]
[2023.02.19-21.23.58:162][  0]LogConfig: Setting CVar [[r.FastBlurThreshold:100]]
[2023.02.19-21.23.58:162][  0]LogConfig: Setting CVar [[r.Upscale.Quality:3]]
[2023.02.19-21.23.58:162][  0]LogConfig: Setting CVar [[r.Tonemapper.GrainQuantization:1]]
[2023.02.19-21.23.58:162][  0]LogConfig: Setting CVar [[r.LightShaftQuality:1]]
[2023.02.19-21.23.58:162][  0]LogConfig: Setting CVar [[r.Filter.SizeScale:1]]
[2023.02.19-21.23.58:162][  0]LogConfig: Setting CVar [[r.Tonemapper.Quality:5]]
[2023.02.19-21.23.58:162][  0]LogConfig: Setting CVar [[r.DOF.Gather.AccumulatorQuality:1        ; higher gathering accumulator quality]]
[2023.02.19-21.23.58:162][  0]LogConfig: Setting CVar [[r.DOF.Gather.PostfilterMethod:1          ; Median3x3 postfilering method]]
[2023.02.19-21.23.58:162][  0]LogConfig: Setting CVar [[r.DOF.Gather.EnableBokehSettings:0       ; no bokeh simulation when gathering]]
[2023.02.19-21.23.58:162][  0]LogConfig: Setting CVar [[r.DOF.Gather.RingCount:4                 ; medium number of samples when gathering]]
[2023.02.19-21.23.58:162][  0]LogConfig: Setting CVar [[r.DOF.Scatter.ForegroundCompositing:1    ; additive foreground scattering]]
[2023.02.19-21.23.58:162][  0]LogConfig: Setting CVar [[r.DOF.Scatter.BackgroundCompositing:2    ; additive background scattering]]
[2023.02.19-21.23.58:163][  0]LogConfig: Setting CVar [[r.DOF.Scatter.EnableBokehSettings:1      ; bokeh simulation when scattering]]
[2023.02.19-21.23.58:163][  0]LogConfig: Setting CVar [[r.DOF.Scatter.MaxSpriteRatio:0.1         ; only a maximum of 10% of scattered bokeh]]
[2023.02.19-21.23.58:163][  0]LogConfig: Setting CVar [[r.DOF.Recombine.Quality:1                ; cheap slight out of focus]]
[2023.02.19-21.23.58:163][  0]LogConfig: Setting CVar [[r.DOF.Recombine.EnableBokehSettings:0    ; no bokeh simulation on slight out of focus]]
[2023.02.19-21.23.58:163][  0]LogConfig: Setting CVar [[r.DOF.TemporalAAQuality:1                ; more stable temporal accumulation]]
[2023.02.19-21.23.58:163][  0]LogConfig: Setting CVar [[r.DOF.Kernel.MaxForegroundRadius:0.025]]
[2023.02.19-21.23.58:163][  0]LogConfig: Setting CVar [[r.DOF.Kernel.MaxBackgroundRadius:0.025]]
[2023.02.19-21.23.58:163][  0]LogConfig: Applying CVar settings from Section [TextureQuality@3] File [C:/Users/SLATE 15/Documents/GitHub/Hannah-Ashna.github.io/FYP-Prototype/PrototypeV4/Saved/Config/Windows/Scalability.ini]
[2023.02.19-21.23.58:163][  0]LogConfig: Setting CVar [[r.Streaming.MipBias:0]]
[2023.02.19-21.23.58:163][  0]LogConfig: Setting CVar [[r.Streaming.AmortizeCPUToGPUCopy:0]]
[2023.02.19-21.23.58:163][  0]LogConfig: Setting CVar [[r.Streaming.MaxNumTexturesToStreamPerFrame:0]]
[2023.02.19-21.23.58:163][  0]LogConfig: Setting CVar [[r.Streaming.Boost:1]]
[2023.02.19-21.23.58:163][  0]LogConfig: Setting CVar [[r.MaxAnisotropy:8]]
[2023.02.19-21.23.58:163][  0]LogConfig: Setting CVar [[r.VT.MaxAnisotropy:8]]
[2023.02.19-21.23.58:163][  0]LogConfig: Setting CVar [[r.Streaming.LimitPoolSizeToVRAM:0]]
[2023.02.19-21.23.58:163][  0]LogConfig: Setting CVar [[r.Streaming.PoolSize:1000]]
[2023.02.19-21.23.58:163][  0]LogConfig: Setting CVar [[r.Streaming.MaxEffectiveScreenSize:0]]
[2023.02.19-21.23.58:163][  0]LogConfig: Applying CVar settings from Section [EffectsQuality@3] File [C:/Users/SLATE 15/Documents/GitHub/Hannah-Ashna.github.io/FYP-Prototype/PrototypeV4/Saved/Config/Windows/Scalability.ini]
[2023.02.19-21.23.58:163][  0]LogConfig: Setting CVar [[r.TranslucencyLightingVolumeDim:64]]
[2023.02.19-21.23.58:163][  0]LogConfig: Setting CVar [[r.RefractionQuality:2]]
[2023.02.19-21.23.58:164][  0]LogConfig: Setting CVar [[r.SSR.Quality:3]]
[2023.02.19-21.23.58:164][  0]LogConfig: Setting CVar [[r.SSR.HalfResSceneColor:0]]
[2023.02.19-21.23.58:164][  0]LogConfig: Setting CVar [[r.SceneColorFormat:4]]
[2023.02.19-21.23.58:164][  0]LogConfig: Setting CVar [[r.DetailMode:2]]
[2023.02.19-21.23.58:164][  0]LogConfig: Setting CVar [[r.TranslucencyVolumeBlur:1]]
[2023.02.19-21.23.58:164][  0]LogConfig: Setting CVar [[r.MaterialQualityLevel:1 ; High quality]]
[2023.02.19-21.23.58:164][  0]LogConfig: Setting CVar [[r.AnisotropicMaterials:1]]
[2023.02.19-21.23.58:164][  0]LogConfig: Setting CVar [[r.SSS.Scale:1]]
[2023.02.19-21.23.58:164][  0]LogConfig: Setting CVar [[r.SSS.SampleSet:2]]
[2023.02.19-21.23.58:164][  0]LogConfig: Setting CVar [[r.SSS.Quality:1]]
[2023.02.19-21.23.58:164][  0]LogConfig: Setting CVar [[r.SSS.HalfRes:0]]
[2023.02.19-21.23.58:164][  0]LogConfig: Setting CVar [[r.SSGI.Quality:3]]
[2023.02.19-21.23.58:164][  0]LogConfig: Setting CVar [[r.EmitterSpawnRateScale:1.0]]
[2023.02.19-21.23.58:164][  0]LogConfig: Setting CVar [[r.ParticleLightQuality:2]]
[2023.02.19-21.23.58:164][  0]LogConfig: Setting CVar [[r.SkyAtmosphere.AerialPerspectiveLUT.FastApplyOnOpaque:1 ; Always have FastSkyLUT 1 in this case to avoid wrong sky]]
[2023.02.19-21.23.58:164][  0]LogConfig: Setting CVar [[r.SkyAtmosphere.AerialPerspectiveLUT.SampleCountMaxPerSlice:4]]
[2023.02.19-21.23.58:164][  0]LogConfig: Setting CVar [[r.SkyAtmosphere.AerialPerspectiveLUT.DepthResolution:16.0]]
[2023.02.19-21.23.58:164][  0]LogConfig: Setting CVar [[r.SkyAtmosphere.FastSkyLUT:1]]
[2023.02.19-21.23.58:164][  0]LogConfig: Setting CVar [[r.SkyAtmosphere.FastSkyLUT.SampleCountMin:4.0]]
[2023.02.19-21.23.58:164][  0]LogConfig: Setting CVar [[r.SkyAtmosphere.FastSkyLUT.SampleCountMax:128.0]]
[2023.02.19-21.23.58:164][  0]LogConfig: Setting CVar [[r.SkyAtmosphere.SampleCountMin:4.0]]
[2023.02.19-21.23.58:164][  0]LogConfig: Setting CVar [[r.SkyAtmosphere.SampleCountMax:128.0]]
[2023.02.19-21.23.58:164][  0]LogConfig: Setting CVar [[r.SkyAtmosphere.TransmittanceLUT.UseSmallFormat:0]]
[2023.02.19-21.23.58:164][  0]LogConfig: Setting CVar [[r.SkyAtmosphere.TransmittanceLUT.SampleCount:10.0]]
[2023.02.19-21.23.58:164][  0]LogConfig: Setting CVar [[r.SkyAtmosphere.MultiScatteringLUT.SampleCount:15.0]]
[2023.02.19-21.23.58:164][  0]LogConfig: Setting CVar [[r.SkyLight.RealTimeReflectionCapture:1]]
[2023.02.19-21.23.58:164][  0]LogConfig: Applying CVar settings from Section [FoliageQuality@3] File [C:/Users/SLATE 15/Documents/GitHub/Hannah-Ashna.github.io/FYP-Prototype/PrototypeV4/Saved/Config/Windows/Scalability.ini]
[2023.02.19-21.23.58:164][  0]LogConfig: Setting CVar [[foliage.DensityScale:1.0]]
[2023.02.19-21.23.58:164][  0]LogConfig: Setting CVar [[grass.DensityScale:1.0]]
[2023.02.19-21.23.58:164][  0]LogConfig: Applying CVar settings from Section [ShadingQuality@3] File [C:/Users/SLATE 15/Documents/GitHub/Hannah-Ashna.github.io/FYP-Prototype/PrototypeV4/Saved/Config/Windows/Scalability.ini]
[2023.02.19-21.23.58:164][  0]LogConfig: Setting CVar [[r.HairStrands.SkyLighting.IntegrationType:2]]
[2023.02.19-21.23.58:164][  0]LogConfig: Setting CVar [[r.HairStrands.SkyAO.SampleCount:4]]
[2023.02.19-21.23.58:164][  0]LogConfig: Setting CVar [[r.HairStrands.Visibility.MSAA.SamplePerPixel:4]]
[2023.02.19-21.23.58:164][  0]LogConfig: Applying CVar settings from Section [Startup] File [../../../Engine/Config/ConsoleVariables.ini]
[2023.02.19-21.23.58:166][  0]LogConfig: Setting CVar [[net.UseAdaptiveNetUpdateFrequency:0]]
[2023.02.19-21.23.58:167][  0]LogConfig: Setting CVar [[p.chaos.AllowCreatePhysxBodies:1]]
[2023.02.19-21.23.58:167][  0]LogConfig: Setting CVar [[fx.SkipVectorVMBackendOptimizations:1]]
[2023.02.19-21.23.58:167][  0]LogConfig: Applying CVar settings from Section [ConsoleVariables] File [C:/Users/SLATE 15/Documents/GitHub/Hannah-Ashna.github.io/FYP-Prototype/PrototypeV4/Saved/Config/Windows/Engine.ini]
[2023.02.19-21.23.58:167][  0]LogConfig: Applying CVar settings from Section [ConsoleVariables] File [C:/Users/SLATE 15/Documents/GitHub/Hannah-Ashna.github.io/FYP-Prototype/PrototypeV4/Saved/Config/Windows/Editor.ini]
[2023.02.19-21.23.58:167][  0]LogInit: Computer: NOTAHACKER
[2023.02.19-21.23.58:167][  0]LogInit: User: SLATE15
[2023.02.19-21.23.58:167][  0]LogInit: CPU Page size=4096, Cores=6
[2023.02.19-21.23.58:167][  0]LogInit: High frequency timer resolution =10.000000 MHz
[2023.02.19-21.23.58:167][  0]LogMemory: Memory total: Physical=15.8GB (16GB approx)
[2023.02.19-21.23.58:167][  0]LogMemory: Platform Memory Stats for Windows
[2023.02.19-21.23.58:167][  0]LogMemory: Process Physical Memory: 149.33 MB used, 149.74 MB peak
[2023.02.19-21.23.58:167][  0]LogMemory: Process Virtual Memory: 134.25 MB used, 134.25 MB peak
[2023.02.19-21.23.58:167][  0]LogMemory: Physical Memory: 6054.15 MB used,  10133.40 MB free, 16187.55 MB total
[2023.02.19-21.23.58:167][  0]LogMemory: Virtual Memory: 134203080.00 MB used,  14645.84 MB free, 134217728.00 MB total
[2023.02.19-21.23.58:178][  0]LogWindows: WindowsPlatformFeatures enabled
[2023.02.19-21.23.58:320][  0]LogInit: Physics initialised using underlying interface: PhysX
[2023.02.19-21.23.58:329][  0]LogInit: Using OS detected language (en-US).
[2023.02.19-21.23.58:329][  0]LogInit: Using OS detected locale (en-GB).
[2023.02.19-21.23.58:349][  0]LogTextLocalizationManager: No specific localization for 'en-US' exists, so the 'en' localization will be used.
[2023.02.19-21.23.58:973][  0]LogInit: Setting process to per monitor DPI aware
[2023.02.19-21.23.59:028][  0]LogWindowsTextInputMethodSystem: Display: IME system deactivated.
[2023.02.19-21.23.59:072][  0]LogSlate: New Slate User Created.  User Index 0, Is Virtual User: 0
[2023.02.19-21.23.59:072][  0]LogSlate: Slate User Registered.  User Index 0, Is Virtual User: 0
[2023.02.19-21.23.59:623][  0]LogD3D11RHI: Loaded GFSDK_Aftermath_Lib.x64.dll
[2023.02.19-21.23.59:623][  0]LogD3D11RHI: D3D11 min allowed feature level: 11_0
[2023.02.19-21.23.59:624][  0]LogD3D11RHI: D3D11 max allowed feature level: 11_0
[2023.02.19-21.23.59:624][  0]LogD3D11RHI: D3D11 adapters:
[2023.02.19-21.23.59:970][  0]LogD3D11RHI:    0. 'NVIDIA GeForce RTX 2060' (Feature Level 11_0)
[2023.02.19-21.23.59:970][  0]LogD3D11RHI:       5980/0/8093 MB DedicatedVideo/DedicatedSystem/SharedSystem, Outputs:1, VendorId:0x10de
[2023.02.19-21.24.00:144][  0]LogD3D11RHI:    1. 'Intel(R) UHD Graphics 630' (Feature Level 11_0)
[2023.02.19-21.24.00:144][  0]LogD3D11RHI:       128/0/8093 MB DedicatedVideo/DedicatedSystem/SharedSystem, Outputs:1, VendorId:0x8086
[2023.02.19-21.24.00:152][  0]LogD3D11RHI:    2. 'Microsoft Basic Render Driver' (Feature Level 11_0)
[2023.02.19-21.24.00:153][  0]LogD3D11RHI:       0/0/8093 MB DedicatedVideo/DedicatedSystem/SharedSystem, Outputs:0, VendorId:0x1414
[2023.02.19-21.24.00:153][  0]LogD3D11RHI: Chosen D3D11 Adapter:
[2023.02.19-21.24.00:153][  0]LogD3D11RHI:     Description : NVIDIA GeForce RTX 2060
[2023.02.19-21.24.00:153][  0]LogD3D11RHI:     VendorId    : 10de
[2023.02.19-21.24.00:153][  0]LogD3D11RHI:     DeviceId    : 1f11
[2023.02.19-21.24.00:153][  0]LogD3D11RHI:     SubSysId    : 95e11558
[2023.02.19-21.24.00:153][  0]LogD3D11RHI:     Revision    : 00a1
[2023.02.19-21.24.00:153][  0]LogD3D11RHI:     DedicatedVideoMemory : 6270484480 bytes
[2023.02.19-21.24.00:153][  0]LogD3D11RHI:     DedicatedSystemMemory : 0 bytes
[2023.02.19-21.24.00:153][  0]LogD3D11RHI:     SharedSystemMemory : 8486940672 bytes
[2023.02.19-21.24.00:153][  0]LogD3D11RHI:     AdapterLuid : 0 65945
[2023.02.19-21.24.00:169][  0]LogD3D11RHI: Creating new Direct3DDevice
[2023.02.19-21.24.00:169][  0]LogD3D11RHI:     GPU DeviceId: 0x1f11 (for the marketing name, search the web for "GPU Device Id")
[2023.02.19-21.24.00:169][  0]LogWindows: EnumDisplayDevices:
[2023.02.19-21.24.00:170][  0]LogWindows:    0. 'Intel(R) UHD Graphics 630' (P:0 D:1)
[2023.02.19-21.24.00:171][  0]LogWindows:    1. 'Intel(R) UHD Graphics 630' (P:0 D:0)
[2023.02.19-21.24.00:172][  0]LogWindows:    2. 'Intel(R) UHD Graphics 630' (P:0 D:0)
[2023.02.19-21.24.00:173][  0]LogWindows:    3. 'NVIDIA GeForce RTX 2060' (P:1 D:1)
[2023.02.19-21.24.00:174][  0]LogWindows:    4. 'NVIDIA GeForce RTX 2060' (P:0 D:0)
[2023.02.19-21.24.00:175][  0]LogWindows:    5. 'NVIDIA GeForce RTX 2060' (P:0 D:0)
[2023.02.19-21.24.00:176][  0]LogWindows:    6. 'NVIDIA GeForce RTX 2060' (P:0 D:0)
[2023.02.19-21.24.00:177][  0]LogWindows: DebugString: PrimaryIsNotTheChoosenAdapter PrimaryIsNotTheChoosenAdapter PrimaryIsNotTheChoosenAdapter FoundDriverCount:4 
[2023.02.19-21.24.00:177][  0]LogD3D11RHI:     Adapter Name: NVIDIA GeForce RTX 2060
[2023.02.19-21.24.00:177][  0]LogD3D11RHI:   Driver Version: 516.94 (internal:31.0.15.1694, unified:516.94)
[2023.02.19-21.24.00:177][  0]LogD3D11RHI:      Driver Date: 7-21-2022
[2023.02.19-21.24.00:177][  0]LogRHI: Texture pool is 4186 MB (70% of 5980 MB)
[2023.02.19-21.24.00:177][  0]LogD3D11RHI: Creating D3DDevice using adapter:
[2023.02.19-21.24.00:177][  0]LogD3D11RHI:     Description : NVIDIA GeForce RTX 2060
[2023.02.19-21.24.00:177][  0]LogD3D11RHI:     VendorId    : 10de
[2023.02.19-21.24.00:177][  0]LogD3D11RHI:     DeviceId    : 1f11
[2023.02.19-21.24.00:177][  0]LogD3D11RHI:     SubSysId    : 95e11558
[2023.02.19-21.24.00:177][  0]LogD3D11RHI:     Revision    : 00a1
[2023.02.19-21.24.00:177][  0]LogD3D11RHI:     DedicatedVideoMemory : 6270484480 bytes
[2023.02.19-21.24.00:177][  0]LogD3D11RHI:     DedicatedSystemMemory : 0 bytes
[2023.02.19-21.24.00:177][  0]LogD3D11RHI:     SharedSystemMemory : 8486940672 bytes
[2023.02.19-21.24.00:177][  0]LogD3D11RHI:     AdapterLuid : 0 65945
[2023.02.19-21.24.00:342][  0]LogD3D11RHI: RHI has support for 64 bit atomics
[2023.02.19-21.24.00:342][  0]LogD3D11RHI: Async texture creation enabled
[2023.02.19-21.24.00:342][  0]LogD3D11RHI: Array index from any shader is supported
[2023.02.19-21.24.00:386][  0]LogD3D11RHI: GPU Timing Frequency: 1000.000000 (Debug: 2 1)
[2023.02.19-21.24.00:560][  0]LogRHI: GeForceNow SDK initialized: 1
[2023.02.19-21.24.01:808][  0]LogTargetPlatformManager: Display: Loaded TargetPlatform 'AllDesktop'
[2023.02.19-21.24.01:902][  0]LogTargetPlatformManager: Display: Loaded TargetPlatform 'Android'
[2023.02.19-21.24.01:902][  0]LogTargetPlatformManager: Display: Loaded TargetPlatform 'Android_ASTC'
[2023.02.19-21.24.01:902][  0]LogTargetPlatformManager: Display: Loaded TargetPlatform 'Android_DXT'
[2023.02.19-21.24.01:902][  0]LogTargetPlatformManager: Display: Loaded TargetPlatform 'Android_ETC2'
[2023.02.19-21.24.01:902][  0]LogTargetPlatformManager: Display: Loaded TargetPlatform 'AndroidClient'
[2023.02.19-21.24.01:902][  0]LogTargetPlatformManager: Display: Loaded TargetPlatform 'Android_ASTCClient'
[2023.02.19-21.24.01:902][  0]LogTargetPlatformManager: Display: Loaded TargetPlatform 'Android_DXTClient'
[2023.02.19-21.24.01:902][  0]LogTargetPlatformManager: Display: Loaded TargetPlatform 'Android_ETC2Client'
[2023.02.19-21.24.01:902][  0]LogTargetPlatformManager: Display: Loaded TargetPlatform 'Android_Multi'
[2023.02.19-21.24.01:902][  0]LogTargetPlatformManager: Display: Loaded TargetPlatform 'Android_MultiClient'
[2023.02.19-21.24.02:030][  0]LogTargetPlatformManager: Display: Loaded TargetPlatform 'IOSClient'
[2023.02.19-21.24.02:030][  0]LogTargetPlatformManager: Display: Loaded TargetPlatform 'IOS'
[2023.02.19-21.24.02:106][  0]LogTargetPlatformManager: Display: Loaded TargetPlatform 'Linux'
[2023.02.19-21.24.02:127][  0]LogTargetPlatformManager: Display: Loaded TargetPlatform 'LinuxNoEditor'
[2023.02.19-21.24.02:144][  0]LogTargetPlatformManager: Display: Loaded TargetPlatform 'LinuxClient'
[2023.02.19-21.24.02:160][  0]LogTargetPlatformManager: Display: Loaded TargetPlatform 'LinuxServer'
[2023.02.19-21.24.02:202][  0]LogTargetPlatformManager: Display: Loaded TargetPlatform 'LinuxAArch64NoEditor'
[2023.02.19-21.24.02:224][  0]LogTargetPlatformManager: Display: Loaded TargetPlatform 'LinuxAArch64Client'
[2023.02.19-21.24.02:252][  0]LogTargetPlatformManager: Display: Loaded TargetPlatform 'LinuxAArch64Server'
[2023.02.19-21.24.02:413][  0]LogTargetPlatformManager: Display: Loaded TargetPlatform 'Lumin'
[2023.02.19-21.24.02:413][  0]LogTargetPlatformManager: Display: Loaded TargetPlatform 'LuminClient'
[2023.02.19-21.24.02:455][  0]LogTargetPlatformManager: Display: Loaded TargetPlatform 'MacNoEditor'
[2023.02.19-21.24.02:476][  0]LogTargetPlatformManager: Display: Loaded TargetPlatform 'Mac'
[2023.02.19-21.24.02:492][  0]LogTargetPlatformManager: Display: Loaded TargetPlatform 'MacClient'
[2023.02.19-21.24.02:513][  0]LogTargetPlatformManager: Display: Loaded TargetPlatform 'MacServer'
[2023.02.19-21.24.02:559][  0]LogTargetPlatformManager: Display: Loaded TargetPlatform 'TVOSClient'
[2023.02.19-21.24.02:559][  0]LogTargetPlatformManager: Display: Loaded TargetPlatform 'TVOS'
[2023.02.19-21.24.02:597][  0]LogTargetPlatformManager: Display: Loaded TargetPlatform 'WindowsNoEditor'
[2023.02.19-21.24.02:611][  0]LogTargetPlatformManager: Display: Loaded TargetPlatform 'Windows'
[2023.02.19-21.24.02:625][  0]LogTargetPlatformManager: Display: Loaded TargetPlatform 'WindowsClient'
[2023.02.19-21.24.02:639][  0]LogTargetPlatformManager: Display: Loaded TargetPlatform 'WindowsServer'
[2023.02.19-21.24.02:639][  0]LogTargetPlatformManager: Display: Building Assets For Windows
[2023.02.19-21.24.02:664][  0]LogAudioDebug: Display: Lib vorbis DLL was dynamically loaded.
[2023.02.19-21.24.02:811][  0]LogTextureFormatOodle: Display: Oodle Texture 2.9.0 init RDO Off
[2023.02.19-21.24.02:994][  0]LogRendererCore: Ray tracing is disabled. Reason: r.RayTracing=0.
[2023.02.19-21.24.02:994][  0]LogShaderCompilers: Guid format shader working directory is -50 characters bigger than the processId version (../../../../../../Users/SLATE 15/Documents/GitHub/Hannah-Ashna.github.io/FYP-Prototype/PrototypeV4/Intermediate/Shaders/WorkingDirectory/18344/).
[2023.02.19-21.24.02:996][  0]LogShaderCompilers: Cleaned the shader compiler working directory 'C:/Users/SLATE 15/AppData/Local/Temp/UnrealShaderWorkingDir/AF9A9A7E41912AFF48C9669577FE92D9/'.
[2023.02.19-21.24.02:997][  0]LogXGEController: Cannot use XGE Controller as Incredibuild is not installed on this machine.
[2023.02.19-21.24.02:998][  0]LogShaderCompilers: Cannot use XGE Shader Compiler as Incredibuild is not installed on this machine.
[2023.02.19-21.24.02:998][  0]LogShaderCompilers: Display: Using Local Shader Compiler.
[2023.02.19-21.24.06:275][  0]LogDerivedDataCache: Display: Max Cache Size: 512 MB
[2023.02.19-21.24.06:525][  0]LogDerivedDataCache: Loaded boot cache 0.25s 130MB C:/Users/SLATE 15/AppData/Local/UnrealEngine/4.27/DerivedDataCache/Boot.ddc.
[2023.02.19-21.24.06:526][  0]LogDerivedDataCache: Display: Loaded Boot cache: C:/Users/SLATE 15/AppData/Local/UnrealEngine/4.27/DerivedDataCache/Boot.ddc
[2023.02.19-21.24.06:526][  0]LogDerivedDataCache: FDerivedDataBackendGraph:  Pak pak cache file ../../../../../../Users/SLATE 15/Documents/GitHub/Hannah-Ashna.github.io/FYP-Prototype/PrototypeV4/DerivedDataCache/DDC.ddp not found, will not use a pak cache.
[2023.02.19-21.24.06:526][  0]LogDerivedDataCache: Unable to find inner node Pak for hierarchical cache Hierarchy.
[2023.02.19-21.24.06:526][  0]LogDerivedDataCache: FDerivedDataBackendGraph:  CompressedPak pak cache file ../../../../../../Users/SLATE 15/Documents/GitHub/Hannah-Ashna.github.io/FYP-Prototype/PrototypeV4/DerivedDataCache/Compressed.ddp not found, will not use a pak cache.
[2023.02.19-21.24.06:526][  0]LogDerivedDataCache: Unable to find inner node CompressedPak for hierarchical cache Hierarchy.
[2023.02.19-21.24.06:573][  0]LogDerivedDataCache: Display: Pak cache opened for reading ../../../Engine/DerivedDataCache/Compressed.ddp.
[2023.02.19-21.24.06:573][  0]LogDerivedDataCache: FDerivedDataBackendGraph:  EnterprisePak pak cache file ../../../Enterprise/DerivedDataCache/Compressed.ddp not found, will not use a pak cache.
[2023.02.19-21.24.06:573][  0]LogDerivedDataCache: Unable to find inner node EnterprisePak for hierarchical cache Hierarchy.
[2023.02.19-21.24.06:609][  0]LogDerivedDataCache: Speed tests for C:/Users/SLATE 15/AppData/Local/UnrealEngine/Common/DerivedDataCache took 0.04 seconds
[2023.02.19-21.24.06:609][  0]LogDerivedDataCache: Display: Performance to C:/Users/SLATE 15/AppData/Local/UnrealEngine/Common/DerivedDataCache: Latency=0.16ms. RandomReadSpeed=54.18MBs, RandomWriteSpeed=57.62MBs. Assigned SpeedClass 'Local'
[2023.02.19-21.24.06:611][  0]LogDerivedDataCache: Using Local data cache path C:/Users/SLATE 15/AppData/Local/UnrealEngine/Common/DerivedDataCache: Writable
[2023.02.19-21.24.06:611][  0]LogDerivedDataCache: Shared data cache path not found in *engine.ini, will not use an Shared cache.
[2023.02.19-21.24.06:611][  0]LogDerivedDataCache: Unable to find inner node Shared for hierarchical cache Hierarchy.
[2023.02.19-21.24.06:802][  0]LogSlate: Using FreeType 2.10.0
[2023.02.19-21.24.06:805][  0]LogSlate: SlateFontServices - WITH_FREETYPE: 1, WITH_HARFBUZZ: 1
[2023.02.19-21.24.06:901][  0]LogAssetRegistry: FAssetRegistry took 0.0064 seconds to start up
[2023.02.19-21.24.07:800][  0]LogInit: Selected Device Profile: [Windows]
[2023.02.19-21.24.07:800][  0]LogInit: Active device profile: [00000177E9FCFA00][00000177E8D4ECC0 49] Windows
[2023.02.19-21.24.07:800][  0]LogInit: Profiles: [00000177E9FCFA00][00000177E8D4ECC0 49] Windows, [00000177E9F98900][00000177E8D52F40 49] WindowsNoEditor, [00000177E9FCC800][00000177E8D571C0 49] WindowsServer, [00000177E9F9BA00][00000177E8D5F480 49] WindowsClient, [00000177E9FCFF00][00000177E8D63740 49] IOS, [00000177E9F98A00][00000177E8D67A00 49] iPadAir, [00000177E9FCC300][00000177E8D6A140 49] iPadAir2, [00000177E9F58C00][00000177E8D7E680 49] IPadPro, [00000177E9F58D00][00000177E8D6E6C0 49] iPadAir3, [00000177E9FCF600][00000177E8D76980 49] iPadAir4, [00000177E9F58B00][00000177E8D72C40 49] iPadMini2, [00000177E9FCC900][00000177E8D7AF00 49] iPadMini3, [00000177E9F59600][00000177E8D5B180 49] iPadMini4, [00000177E9FCF900][00000177E8D83400 49] iPadMini5, [00000177E9F9B200][00000177E8D9B940 49] iPhone6, [00000177E9F9B100][00000177E8D8B980 49] iPodTouch6, [00000177E9F5BA00][00000177E8DA2340 49] iPhone7, [00000177E9F53F00][00000177E8D92380 49] iPodTouch7, [00000177E9F98300][00000177E8D96640 49] iPhone5S, [00000177E9F50C00][00000177E8D8E900 49] iPhone6Plus, [00000177E9F9AB00][00000177E8D9EBC0 49] iPhone6S, [00000177E9F53600][00000177E8DA6E80 49] iPhone6SPlus, [00000177E9F9BF00][00000177E8DAB140 49] iPhone7Plus, [00000177E9F50E00][00000177E8D873C0 49] iPhoneSE, [00000177E9F9AA00][00000177E8DAF640 49] iPhone8, [00000177E9F53200][00000177E8DB7900 49] iPhone8Plus, [00000177E9F98400][00000177E8DBBBC0 49] iPhoneX, [00000177E9F51400][00000177E8DBE300 49] iPhoneXS, [00000177E9F9A600][00000177E8DC25C0 49] iPhoneXSMax, [00000177E9F52E00][00000177E8DC6880 49] iPhoneXR, [00000177E9F98D00][00000177E8DCAB40 49] iPhone11, [00000177E9F51800][00000177E8DCEE00 49] iPhone11Pro, [00000177E9F98800][00000177E8DD30C0 49] iPhone11ProMax, [00000177E9F52A00][00000177E8DD7380 49] iPhoneSE2, [00000177E9F98B00][00000177E8DB3600 49] iPhone12Mini, [00000177E9F53400][00000177E8DDB880 49] iPhone12, [00000177E9F99E00][00000177E8DE3B40 49] iPhone12Pro, [00000177E9F51100][00000177E8DE6280 49] iPhone12ProMax, [00000177E9F99300][00000177E8DEA540 49] iPadPro105, [00000177E9F51D00][00000177E8DEE800 49] iPadPro129, [00000177E9F99D00][00000177E8DF2AC0 49] iPadPro97, [00000177E9F50700][00000177E8DF6D80 49] iPadPro2_129, [00000177E9F99500][00000177E8DFB040 49] iPad5, [00000177E9F51F00][00000177E8DFF300 49] iPad6, [00000177E9F9BD00][00000177E8E035C0 49] iPad7, [00000177E9F52500][00000177E8DDF840 49] iPad8, [00000177E9F9AC00][00000177E8E07AC0 49] iPadPro11, [00000177E9F50600][00000177E8E0E200 49] iPadPro2_11, [00000177E9F98600][00000177E8E164C0 49] iPadPro3_129, [00000177E9F53E00][00000177E97BE780 49] iPadPro4_129, [00000177E9F9A300][00000177E97CEA40 49] AppleTV, [00000177E9F50F00][00000177E97E2D00 49] AppleTV4K, [00000177E9F99000][00000177E2E64FC0 49] TVOS, [00000177E9F50D00][00000177E2E69280 49] Mac, [00000177E9F9BB00][00000177E2E6D540 49] MacClient, [00000177E9F53D00][00000177E2E71800 49] MacNoEditor, [00000177E9F98E00][00000177E8E0BA80 49] MacServer, [00000177E9F50900][00000177E2E74180 49] Linux, [00000177E9F9AD00][00000177E6294440 49] LinuxAArch64, [00000177E9F51000][00000177E6298700 49] LinuxNoEditor, [00000177E9F9B900][00000177E629C9C0 49] LinuxAArch64NoEditor, [00000177E9F52F00][00000177E62A0C80 49] LinuxClient, [00000177E9F99600][00000177E62A4F40 49] LinuxAArch64Client, [00000177E9F50500][00000177E62A9200 49] LinuxServer, [00000177E9F9B000][00000177E62AD4C0 49] LinuxAArch64Server, [00000177E9F52700][00000177E9871780 49] Android, [00000177E9F98F00][00000177E9875A40 49] Android_Low, [00000177E9F53500][00000177E2E78140 49] Android_Mid, [00000177E9F98200][00000177DD1623C0 49] Android_High, [00000177EA00CA00][00000177DD16A680 49] Android_Default, [00000177E9F58A00][00000177DD16E940 49] Android_Adreno4xx, [00000177EA00E300][00000177DD172C00 49] Android_Adreno5xx_Low, [00000177E9F58E00][00000177DD176EC0 49] Android_Adreno5xx, [00000177EA00D300][00000177DD17B180 49] Android_Adreno6xx, [00000177E9F5A800][00000177DD17F440 49] Android_Adreno6xx_Vulkan, [00000177EA00D400][00000177DD183700 49] Android_Mali_T6xx, [00000177E9F5B900][00000177DD1879C0 49] Android_Mali_T7xx, [00000177EA00DA00][00000177DD18A100 49] Android_Mali_T8xx, [00000177E9F59D00][00000177DD166380 49] Android_Mali_G71, [00000177EA00D000][00000177DD18E600 49] Android_Mali_G72, [00000177E9F59400][00000177DD1968C0 49] Android_Mali_G72_Vulkan, [00000177EA00E500][00000177DD19AB80 49] Android_Mali_G76, [00000177E9F58400][00000177DD19EE40 49] Android_Mali_G76_Vulkan, [00000177EA00CF00][00000177DD1A3100 49] Android_Mali_G77, [00000177E9F59500][00000177DD1A73C0 49] Android_Mali_G77_Vulkan, [00000177EA00C900][00000177DD1AB680 49] Android_Mali_G78, [00000177E9F5B800][00000177DD1AF940 49] Android_Mali_G78_Vulkan, [00000177EA00E200][00000177DD1B3C00 49] Android_Mali_G710, [00000177E9F5B100][00000177DD1B6340 49] Android_Mali_G710_Vulkan, [00000177EA00D700][00000177DD1925C0 49] Android_Vulkan_SM5, [00000177E9F5AC00][00000177DD1BA840 49] Android_PowerVR_G6xxx, [00000177E9F99900][00000177DD1C2B00 49] Android_PowerVR_GT7xxx, [00000177E9F52000][00000177DD1C6DC0 49] Android_PowerVR_GE8xxx, [00000177E9F9B300][00000177DD1EF080 49] Android_PowerVR_GM9xxx, [00000177E9F52600][00000177DD1FB340 49] Android_PowerVR_GM9xxx_Vulkan, [00000177E9F99400][00000177E98FD600 49] Android_TegraK1, [00000177E9F53800][00000177E99018C0 49] Android_Unknown_Vulkan, [00000177E9F9B600][00000177E99A3B80 49] Lumin, [00000177E9F50100][00000177E99F62C0 49] Lumin_Desktop, [00000177E9F9AE00][00000177E99FA580 49] HoloLens, 
[2023.02.19-21.24.08:261][  0]LogMeshReduction: Using QuadricMeshReduction for automatic static mesh reduction
[2023.02.19-21.24.08:261][  0]LogMeshReduction: Using SimplygonMeshReduction for automatic skeletal mesh reduction
[2023.02.19-21.24.08:261][  0]LogMeshReduction: Using ProxyLODMeshReduction for automatic mesh merging
[2023.02.19-21.24.08:261][  0]LogMeshReduction: No distributed automatic mesh merging module available
[2023.02.19-21.24.08:261][  0]LogMeshMerging: No distributed automatic mesh merging module available
[2023.02.19-21.24.08:312][  0]LogNetVersion: PrototypeV4 1.0.0, NetCL: 17155196, EngineNetVer: 17, GameNetVer: 0 (Checksum: 1513849852)
[2023.02.19-21.24.10:018][  0]LogTexture: Default maximum texture size for cubemaps generated from long-lat sources has been changed from 512 to unlimited. In order to preserve old behaiour for '/Engine/MapTemplates/Sky/DaylightAmbientCubemap.DaylightAmbientCubemap', its maximum texture size has been explicitly set to 512.
[2023.02.19-21.24.10:187][  0]LogHMD: PokeAHoleMaterial loaded successfully
[2023.02.19-21.24.10:201][  0]LogUObjectArray: 17178 objects as part of root set at end of initial load.
[2023.02.19-21.24.10:201][  0]LogUObjectAllocator: 4302048 out of 0 bytes used by permanent object pool.
[2023.02.19-21.24.10:201][  0]LogUObjectArray: CloseDisregardForGC: 0/0 objects in disregard for GC pool
[2023.02.19-21.24.11:455][  0]LogNiagaraDebuggerClient: Niagara Debugger Client Initialized | Session: 9E4F32B84CBC817A6EA81F927F1A45E2 | Instance: F78A48F44DE32486E6BC01B17535D5A1 (NOTAHACKER-18344).
[2023.02.19-21.24.11:973][  0]LogUdpMessaging: Initializing bridge on interface 0.0.0.0:0 to multicast group 230.0.0.1:6666.
[2023.02.19-21.24.11:998][  0]LogTcpMessaging: Initializing TcpMessaging bridge
[2023.02.19-21.24.12:055][  0]LogPython: Using Python 3.7.7
[2023.02.19-21.24.15:781][  0]SourceControl: Source control is disabled
[2023.02.19-21.24.15:782][  0]SourceControl: Source control is disabled
[2023.02.19-21.24.15:796][  0]SourceControl: Source control is disabled
[2023.02.19-21.24.15:834][  0]SourceControl: Source control is disabled
[2023.02.19-21.24.15:873][  0]SourceControl: Source control is disabled
[2023.02.19-21.24.15:881][  0]LogUProjectInfo: Found projects:
[2023.02.19-21.24.16:588][  0]LogOpenImageDenoise: OIDN starting up
[2023.02.19-21.24.16:633][  0]LogAndroidPermission: UAndroidPermissionCallbackProxy::GetInstance
[2023.02.19-21.24.16:698][  0]LogAudioCaptureCore: Display: No Audio Capture implementations found. Audio input will be silent.
[2023.02.19-21.24.16:698][  0]LogAudioCaptureCore: Display: No Audio Capture implementations found. Audio input will be silent.
[2023.02.19-21.24.17:254][  0]LogCollectionManager: Loaded 0 collections in 0.006520 seconds
[2023.02.19-21.24.17:279][  0]LogFileCache: Scanning file cache for directory 'C:/Users/SLATE 15/Documents/GitHub/Hannah-Ashna.github.io/FYP-Prototype/PrototypeV4/Saved/Collections/' took 0.00s
[2023.02.19-21.24.17:280][  0]LogFileCache: Scanning file cache for directory 'C:/Users/SLATE 15/Documents/GitHub/Hannah-Ashna.github.io/FYP-Prototype/PrototypeV4/Content/Developers/SLATE15/Collections/' took 0.00s
[2023.02.19-21.24.17:280][  0]LogFileCache: Scanning file cache for directory 'C:/Users/SLATE 15/Documents/GitHub/Hannah-Ashna.github.io/FYP-Prototype/PrototypeV4/Content/Collections/' took 0.00s
[2023.02.19-21.24.17:411][  0]LogOcInput: OculusInput pre-init called
[2023.02.19-21.24.18:537][  0]LogEngine: Initializing Engine...
[2023.02.19-21.24.18:540][  0]LogHMD: PokeAHoleMaterial loaded successfully
[2023.02.19-21.24.18:540][  0]LogHMD: Initializing OVRPlugin session
[2023.02.19-21.24.19:545][  0]LogHMD: Allocating Oculus 3200 x 1600 rendertarget swapchain
[2023.02.19-21.24.19:546][  0]LogHMD: Oculus plugin initialized. Version: 4.27.2-18319896+++UE4+Release-4.27, OVRPlugin: 1.59.0
[2023.02.19-21.24.19:552][  0]LogStats: UGameplayTagsManager::InitializeManager -  0.001 s
[2023.02.19-21.24.20:145][  0]LogInit: Initializing FReadOnlyCVARCache
[2023.02.19-21.24.20:205][  0]LogAIModule: Creating AISystem for world Untitled
[2023.02.19-21.24.20:208][  0]LogAudio: Display: Initializing Audio Device Manager...
[2023.02.19-21.24.20:228][  0]LogAudio: Display: Loading Default Audio Settings Objects...
[2023.02.19-21.24.20:231][  0]LogAudio: Display: No default SoundConcurrencyObject specified (or failed to load).
[2023.02.19-21.24.20:232][  0]LogAudio: Display: Audio Device Manager Initialized
[2023.02.19-21.24.20:232][  0]LogAudio: Display: Creating Audio Device:                 Id: 1, Scope: Shared, Realtime: True
[2023.02.19-21.24.20:232][  0]LogAudioMixer: Display: Audio Mixer Platform Settings:
[2023.02.19-21.24.20:232][  0]LogAudioMixer: Display: 	Sample Rate:						  48000
[2023.02.19-21.24.20:232][  0]LogAudioMixer: Display: 	Callback Buffer Frame Size Requested: 1024
[2023.02.19-21.24.20:232][  0]LogAudioMixer: Display: 	Callback Buffer Frame Size To Use:	  1024
[2023.02.19-21.24.20:232][  0]LogAudioMixer: Display: 	Number of buffers to queue:			  2
[2023.02.19-21.24.20:232][  0]LogAudioMixer: Display: 	Max Channels (voices):				  32
[2023.02.19-21.24.20:233][  0]LogAudioMixer: Display: 	Number of Async Source Workers:		  0
[2023.02.19-21.24.20:233][  0]LogAudio: Display: AudioDevice MaxSources: 32
[2023.02.19-21.24.20:235][  0]LogAudio: Display: Audio Spatialization Plugin: None (built-in).
[2023.02.19-21.24.20:235][  0]LogAudio: Display: Audio Reverb Plugin: None (built-in).
[2023.02.19-21.24.20:235][  0]LogAudio: Display: Audio Occlusion Plugin: None (built-in).
[2023.02.19-21.24.20:236][  0]LogAudioMixer: Display: Initializing audio mixer.
[2023.02.19-21.24.20:391][  0]LogAudioMixer: Display: 0: FrontLeft
[2023.02.19-21.24.20:391][  0]LogAudioMixer: Display: 1: FrontRight
[2023.02.19-21.24.20:533][  0]LogAudioMixer: Display: Using Audio Device Headphones (Elgato Wave:1)
[2023.02.19-21.24.20:543][  0]LogAudioMixer: Display: Initializing Sound Submixes...
[2023.02.19-21.24.20:554][  0]LogAudioMixer: Display: Creating Master Submix 'MasterSubmixDefault'
[2023.02.19-21.24.20:554][  0]LogAudioMixer: Display: Creating Master Submix 'MasterReverbSubmixDefault'
[2023.02.19-21.24.20:557][  0]LogAudioMixer: Display: Creating Master Submix 'MasterEQSubmixDefault'
[2023.02.19-21.24.20:557][  0]LogAudioMixer: FMixerPlatformXAudio2::StartAudioStream() called
[2023.02.19-21.24.20:557][  0]LogAudioMixer: Display: Output buffers initialized: Frames=1024, Channels=2, Samples=2048
[2023.02.19-21.24.20:560][  0]LogAudioMixer: Display: Starting AudioMixerPlatformInterface::RunInternal()
[2023.02.19-21.24.20:560][  0]LogAudioMixer: Display: FMixerPlatformXAudio2::SubmitBuffer() called for the first time
[2023.02.19-21.24.20:560][  0]LogInit: FAudioDevice initialized.
[2023.02.19-21.24.20:561][  0]LogAudio: Display: Audio Device (ID: 1) registered with world 'Untitled'.
[2023.02.19-21.24.20:561][  0]LogNetVersion: Set ProjectVersion to 1.0.0.0. Version Checksum will be recalculated on next use.
[2023.02.19-21.24.20:780][  0]LogDerivedDataCache: Saved boot cache 0.22s 105MB C:/Users/SLATE 15/AppData/Local/UnrealEngine/4.27/DerivedDataCache/Boot.ddc.
[2023.02.19-21.24.20:793][  0]LogInit: Texture streaming: Enabled
[2023.02.19-21.24.20:839][  0]LogAnalytics: Display: [UEEditor.Rocket.Release] APIServer = https://datarouter.ol.epicgames.com/. AppVersion = 4.27.2-18319896+++UE4+Release-4.27
[2023.02.19-21.24.20:855][  0]LogEngineSessionManager: EngineSessionManager initialized
[2023.02.19-21.24.20:855][  0]LogEditorSessionSummary: Verbose: Initializing EditorSessionSummaryWriter for editor session tracking
[2023.02.19-21.24.20:864][  0]LogEditorSessionSummary: EditorSessionSummaryWriter initialized
[2023.02.19-21.24.20:999][  0]LogInit: Transaction tracking system initialized
[2023.02.19-21.24.21:087][  0]BlueprintLog: New page: Editor Load
[2023.02.19-21.24.21:398][  0]LocalizationService: Localization service is disabled
[2023.02.19-21.24.21:504][  0]TimingProfiler: Initialize
[2023.02.19-21.24.21:504][  0]TimingProfiler: OnSessionChanged
[2023.02.19-21.24.21:505][  0]LoadingProfiler: Initialize
[2023.02.19-21.24.21:505][  0]LoadingProfiler: OnSessionChanged
[2023.02.19-21.24.21:505][  0]NetworkingProfiler: Initialize
[2023.02.19-21.24.21:505][  0]NetworkingProfiler: OnSessionChanged
[2023.02.19-21.24.21:505][  0]MemoryProfiler: Initialize
[2023.02.19-21.24.21:506][  0]MemoryProfiler: OnSessionChanged
[2023.02.19-21.24.23:764][  0]LogCook: Display: CookSettings for Memory: MemoryMaxUsedVirtual 0MiB, MemoryMaxUsedPhysical 16384MiB, MemoryMinFreeVirtual 0MiB, MemoryMinFreePhysical 1024MiB
[2023.02.19-21.24.23:764][  0]LogCook: Display: Mobile HDR setting 0
[2023.02.19-21.24.24:296][  0]LogFileCache: Scanning file cache for directory 'C:/Users/SLATE 15/Documents/GitHub/Hannah-Ashna.github.io/FYP-Prototype/PrototypeV4/Content/' took 0.04s
