Log file open, 10/28/22 11:59:45
LogWindows: Failed to load 'aqProf.dll' (GetLastError=126)
LogWindows: File 'aqProf.dll' does not exist
LogWindows: Failed to load 'VtuneApi.dll' (GetLastError=126)
LogWindows: File 'VtuneApi.dll' does not exist
LogWindows: Failed to load 'VtuneApi32e.dll' (GetLastError=126)
LogWindows: File 'VtuneApi32e.dll' does not exist
LogConsoleResponse: Display: Failed to find resolution value strings in scalability ini. Falling back to default.
LogConsoleResponse: Display: Failed to find resolution value strings in scalability ini. Falling back to default.
LogInit: Display: Running engine for game: TemplateProject2
LogPlatformFile: Not using cached read wrapper
LogTaskGraph: Started task graph with 5 named threads and 35 total threads with 3 sets of task threads.
LogStats: Stats thread started at 0.443078
LogICUInternationalization: ICU TimeZone Detection - Raw Offset: +0:00, Platform Override: ''
LogInit: Display: Loading text-based GConfig....
LogPluginManager: Mounting plugin MeshPainting
LogPluginManager: Mounting plugin XGEController
LogPluginManager: Mounting plugin Paper2D
LogPluginManager: Mounting plugin LiveLink
LogPluginManager: Mounting plugin AISupport
LogPluginManager: Mounting plugin EnvironmentQueryEditor
LogPluginManager: Mounting plugin LightPropagationVolume
LogPluginManager: Mounting plugin AssetManagerEditor
LogPluginManager: Mounting plugin CryptoKeys
LogPluginManager: Mounting plugin AnimationSharing
LogPluginManager: Mounting plugin GitSourceControl
LogPluginManager: Mounting plugin CurveEditorTools
LogPluginManager: Mounting plugin KDevelopSourceCodeAccess
LogPluginManager: Mounting plugin NullSourceCodeAccess
LogPluginManager: Mounting plugin CLionSourceCodeAccess
LogPluginManager: Mounting plugin DataValidation
LogPluginManager: Mounting plugin PerforceSourceControl
LogPluginManager: Mounting plugin PixWinPlugin
LogPluginManager: Mounting plugin PlasticSourceControl
LogPluginManager: Mounting plugin CodeLiteSourceCodeAccess
LogPluginManager: Mounting plugin RiderSourceCodeAccess
LogPluginManager: Mounting plugin GameplayTagsEditor
LogPluginManager: Mounting plugin FacialAnimation
LogPluginManager: Mounting plugin PluginUtils
LogPluginManager: Mounting plugin SubversionSourceControl
LogPluginManager: Mounting plugin GeometryMode
LogPluginManager: Mounting plugin MacGraphicsSwitching
LogPluginManager: Mounting plugin UObjectPlugin
LogPluginManager: Mounting plugin TextureFormatOodle
LogPluginManager: Mounting plugin VisualStudioCodeSourceCodeAccess
LogPluginManager: Mounting plugin MaterialAnalyzer
LogPluginManager: Mounting plugin VisualStudioSourceCodeAccess
LogPluginManager: Mounting plugin MobileLauncherProfileWizard
LogPluginManager: Mounting plugin PropertyAccessNode
LogPluginManager: Mounting plugin PluginBrowser
LogPluginManager: Mounting plugin SpeedTreeImporter
LogPluginManager: Mounting plugin OodleData
LogPluginManager: Mounting plugin OodleNetwork
LogPluginManager: Mounting plugin AlembicImporter
LogPluginManager: Mounting plugin XCodeSourceCodeAccess
LogPluginManager: Mounting plugin AutomationUtils
LogPluginManager: Mounting plugin BackChannel
LogPluginManager: Mounting plugin ChaosClothEditor
LogPluginManager: Mounting plugin ChaosEditor
LogPluginManager: Mounting plugin DatasmithContent
LogPluginManager: Mounting plugin ChaosCloth
LogPluginManager: Mounting plugin VariantManagerContent
LogPluginManager: Mounting plugin ChaosNiagara
LogPluginManager: Mounting plugin ChaosSolverPlugin
LogPluginManager: Mounting plugin CharacterAI
LogPluginManager: Mounting plugin Niagara
LogPluginManager: Mounting plugin GeometryCache
LogPluginManager: Mounting plugin GeometryCollectionPlugin
LogPluginManager: Mounting plugin MagicLeap
LogPluginManager: Mounting plugin LuminPlatformFeatures
LogPluginManager: Mounting plugin MagicLeapLightEstimation
LogPluginManager: Mounting plugin MagicLeapMedia
LogPluginManager: Mounting plugin MagicLeapPassableWorld
LogPluginManager: Mounting plugin GeometryProcessing
LogPluginManager: Mounting plugin MLSDK
LogPluginManager: Mounting plugin OpenImageDenoise
LogPluginManager: Mounting plugin MotoSynth
LogPluginManager: Mounting plugin PlanarCut
LogPluginManager: Mounting plugin PlatformCrypto
LogPluginManager: Mounting plugin ProxyLODPlugin
LogPluginManager: Mounting plugin PythonScriptPlugin
LogPluginManager: Mounting plugin SkeletalReduction
LogPluginManager: Mounting plugin AndroidMedia
LogPluginManager: Mounting plugin AvfMedia
LogPluginManager: Mounting plugin ImgMedia
LogPluginManager: Mounting plugin MediaCompositing
LogPluginManager: Mounting plugin MediaPlayerEditor
LogPluginManager: Mounting plugin WmfMedia
LogPluginManager: Mounting plugin WebMMedia
LogPluginManager: Mounting plugin ActorSequence
LogPluginManager: Mounting plugin LevelSequenceEditor
LogPluginManager: Mounting plugin MatineeToLevelSequence
LogPluginManager: Mounting plugin TemplateSequence
LogPluginManager: Mounting plugin TcpMessaging
LogPluginManager: Mounting plugin UdpMessaging
LogPluginManager: Mounting plugin OnlineSubsystem
LogPluginManager: Mounting plugin LauncherChunkInstaller
LogPluginManager: Mounting plugin OnlineSubsystemNull
LogPluginManager: Mounting plugin OnlineSubsystemUtils
LogPluginManager: Mounting plugin ActorLayerUtilities
LogPluginManager: Mounting plugin ScreenshotTools
LogPluginManager: Mounting plugin AndroidDeviceProfileSelector
LogPluginManager: Mounting plugin AndroidMoviePlayer
LogPluginManager: Mounting plugin AndroidPermission
LogPluginManager: Mounting plugin AppleImageUtils
LogPluginManager: Mounting plugin AppleMoviePlayer
LogPluginManager: Mounting plugin ArchVisCharacter
LogPluginManager: Mounting plugin AssetTags
LogPluginManager: Mounting plugin AudioCapture
LogPluginManager: Mounting plugin AudioSynesthesia
LogPluginManager: Mounting plugin CableComponent
LogPluginManager: Mounting plugin ChunkDownloader
LogPluginManager: Mounting plugin CustomMeshComponent
LogPluginManager: Mounting plugin EditableMesh
LogPluginManager: Mounting plugin ExampleDeviceProfileSelector
LogPluginManager: Mounting plugin GoogleCloudMessaging
LogPluginManager: Mounting plugin GooglePAD
LogPluginManager: Mounting plugin LinuxDeviceProfileSelector
LogPluginManager: Mounting plugin IOSDeviceProfileSelector
LogPluginManager: Mounting plugin LocationServicesBPLibrary
LogPluginManager: Mounting plugin MobilePatchingUtils
LogPluginManager: Mounting plugin OpenXRHandTracking
LogPluginManager: Mounting plugin OpenXR
LogPluginManager: Mounting plugin OpenXREyeTracker
LogPluginManager: Mounting plugin PhysXVehicles
LogPluginManager: Mounting plugin Takes
LogPluginManager: Mounting plugin PostSplashScreen
LogPluginManager: Mounting plugin ProceduralMeshComponent
LogPluginManager: Mounting plugin PropertyAccessEditor
LogPluginManager: Mounting plugin RuntimePhysXCooking
LogPluginManager: Mounting plugin SoundFields
LogPluginManager: Mounting plugin Synthesis
LogPluginManager: Mounting plugin WebMMoviePlayer
LogPluginManager: Mounting plugin WindowsMoviePlayer
LogPluginManager: Mounting plugin SignificanceManager
LogPluginManager: Mounting plugin CameraShakePreviewer
LogPluginManager: Mounting plugin GameplayCameras
LogPluginManager: Mounting plugin ContentBrowserAssetDataSource
LogPluginManager: Mounting plugin ContentBrowserClassDataSource
LogPluginManager: Mounting plugin ContentBrowserFileDataSource
LogPluginManager: Mounting plugin OnlineSubsystemIOS
LogPluginManager: Mounting plugin OculusVR
LogPluginManager: Mounting plugin SteamVR
PixWinPlugin: PIX capture plugin failed to initialize! Check that the process is launched from PIX.
LogInit: Using libcurl 7.55.1-DEV
LogInit:  - built for x86_64-pc-win32
LogInit:  - supports SSL with OpenSSL/1.1.1
LogInit:  - supports HTTP deflate (compression) using libz 1.2.8
LogInit:  - other features:
LogInit:      CURL_VERSION_SSL
LogInit:      CURL_VERSION_LIBZ
LogInit:      CURL_VERSION_IPV6
LogInit:      CURL_VERSION_ASYNCHDNS
LogInit:      CURL_VERSION_LARGEFILE
LogInit:      CURL_VERSION_IDN
LogInit:  CurlRequestOptions (configurable via config and command line):
LogInit:  - bVerifyPeer = true  - Libcurl will verify peer certificate
LogInit:  - bUseHttpProxy = false  - Libcurl will NOT use HTTP proxy
LogInit:  - bDontReuseConnections = false  - Libcurl will reuse connections
LogInit:  - MaxHostConnections = 16  - Libcurl will limit the number of connections to a host
LogInit:  - LocalHostAddr = Default
LogInit:  - BufferSize = 65536
LogOnline: OSS: Creating online subsystem instance for: NULL
LogInit: WinSock: version 1.1 (2.2), MaxSocks=32767, MaxUdp=65467
LogOnline: OSS: TryLoadSubsystemAndSetDefault: Loaded subsystem for module [NULL]
LogOculusPluginWrapper: OculusPlugin initialized successfully
LogHMD: Failed initializing OVRPlugin 1.59.0
LogInit: Build: ++UE4+Release-4.27-CL-18319896
LogInit: Engine Version: 4.27.2-18319896+++UE4+Release-4.27
LogInit: Compatible Engine Version: 4.27.0-17155196+++UE4+Release-4.27
LogInit: Net CL: 17155196
LogInit: OS: Windows 10 (Release 2009) (), CPU: Intel(R) Core(TM) i7-9750H CPU @ 2.60GHz, GPU: Intel(R) UHD Graphics 630
LogInit: Compiled (64-bit): Nov 30 2021 07:12:08
LogInit: Compiled with Visual C++: 19.24.28315.00
LogInit: Build Configuration: Development
LogInit: Branch Name: ++UE4+Release-4.27
LogInit: Command Line: 
LogInit: Base Directory: C:/Program Files/Epic Games/UE_4.27/Engine/Binaries/Win64/
LogInit: Allocator: TBB
LogInit: Installed Engine Build: 1
LogDevObjectVersion: Number of dev versions registered: 29
LogDevObjectVersion:   Dev-Blueprints (B0D832E4-1F89-4F0D-ACCF-7EB736FD4AA2): 10
LogDevObjectVersion:   Dev-Build (E1C64328-A22C-4D53-A36C-8E866417BD8C): 0
LogDevObjectVersion:   Dev-Core (375EC13C-06E4-48FB-B500-84F0262A717E): 4
LogDevObjectVersion:   Dev-Editor (E4B068ED-F494-42E9-A231-DA0B2E46BB41): 40
LogDevObjectVersion:   Dev-Framework (CFFC743F-43B0-4480-9391-14DF171D2073): 37
LogDevObjectVersion:   Dev-Mobile (B02B49B5-BB20-44E9-A304-32B752E40360): 3
LogDevObjectVersion:   Dev-Networking (A4E4105C-59A1-49B5-A7C5-40C4547EDFEE): 0
LogDevObjectVersion:   Dev-Online (39C831C9-5AE6-47DC-9A44-9C173E1C8E7C): 0
LogDevObjectVersion:   Dev-Physics (78F01B33-EBEA-4F98-B9B4-84EACCB95AA2): 14
LogDevObjectVersion:   Dev-Platform (6631380F-2D4D-43E0-8009-CF276956A95A): 0
LogDevObjectVersion:   Dev-Rendering (12F88B9F-8875-4AFC-A67C-D90C383ABD29): 45
LogDevObjectVersion:   Dev-Sequencer (7B5AE74C-D270-4C10-A958-57980B212A5A): 13
LogDevObjectVersion:   Dev-VR (D7296918-1DD6-4BDD-9DE2-64A83CC13884): 3
LogDevObjectVersion:   Dev-LoadTimes (C2A15278-BFE7-4AFE-6C17-90FF531DF755): 1
LogDevObjectVersion:   Private-Geometry (6EACA3D4-40EC-4CC1-B786-8BED09428FC5): 3
LogDevObjectVersion:   Dev-AnimPhys (29E575DD-E0A3-4627-9D10-D276232CDCEA): 17
LogDevObjectVersion:   Dev-Anim (AF43A65D-7FD3-4947-9873-3E8ED9C1BB05): 15
LogDevObjectVersion:   Dev-ReflectionCapture (6B266CEC-1EC7-4B8F-A30B-E4D90942FC07): 1
LogDevObjectVersion:   Dev-Automation (0DF73D61-A23F-47EA-B727-89E90C41499A): 1
LogDevObjectVersion:   FortniteMain (601D1886-AC64-4F84-AA16-D3DE0DEAC7D6): 47
LogDevObjectVersion:   FortniteRelease (E7086368-6B23-4C58-8439-1B7016265E91): 1
LogDevObjectVersion:   Dev-Enterprise (9DFFBCD6-494F-0158-E221-12823C92A888): 10
LogDevObjectVersion:   Dev-Niagara (F2AED0AC-9AFE-416F-8664-AA7FFA26D6FC): 1
LogDevObjectVersion:   Dev-Destruction (174F1F0B-B4C6-45A5-B13F-2EE8D0FB917D): 10
LogDevObjectVersion:   Dev-Physics-Ext (35F94A83-E258-406C-A318-09F59610247C): 41
LogDevObjectVersion:   Dev-PhysicsMaterial-Chaos (B68FC16E-8B1B-42E2-B453-215C058844FE): 1
LogDevObjectVersion:   Dev-CineCamera (B2E18506-4273-CFC2-A54E-F4BB758BBA07): 1
LogDevObjectVersion:   Dev-VirtualProduction (64F58936-FD1B-42BA-BA96-7289D5D0FA4E): 1
LogDevObjectVersion:   Dev-MediaFramework (6F0ED827-A609-4895-9C91-998D90180EA4): 2
LogInit: Presizing for max 25165824 objects, including 0 objects not considered by GC, pre-allocating 0 bytes for permanent pool.
LogConfig: Applying CVar settings from Section [/Script/Engine.StreamingSettings] File [C:/Users/SLATE 15/Documents/GitHub/Hannah-Ashna.github.io/DevSoc-VR-Room/TemplateProject2/Saved/Config/Windows/Engine.ini]
LogConfig: Setting CVar [[s.MinBulkDataSizeForAsyncLoading:131072]]
LogConfig: Setting CVar [[s.AsyncLoadingThreadEnabled:0]]
LogConfig: Setting CVar [[s.EventDrivenLoaderEnabled:1]]
LogConfig: Setting CVar [[s.WarnIfTimeLimitExceeded:0]]
LogConfig: Setting CVar [[s.TimeLimitExceededMultiplier:1.5]]
LogConfig: Setting CVar [[s.TimeLimitExceededMinTime:0.005]]
LogConfig: Setting CVar [[s.UseBackgroundLevelStreaming:1]]
LogConfig: Setting CVar [[s.PriorityAsyncLoadingExtraTime:15.0]]
LogConfig: Setting CVar [[s.LevelStreamingActorsUpdateTimeLimit:5.0]]
LogConfig: Setting CVar [[s.PriorityLevelStreamingActorsUpdateExtraTime:5.0]]
LogConfig: Setting CVar [[s.LevelStreamingComponentsRegistrationGranularity:10]]
LogConfig: Setting CVar [[s.UnregisterComponentsTimeLimit:1.0]]
LogConfig: Setting CVar [[s.LevelStreamingComponentsUnregistrationGranularity:5]]
LogConfig: Setting CVar [[s.FlushStreamingOnExit:1]]
LogInit: Object subsystem initialized
LogConfig: Setting CVar [[con.DebugEarlyDefault:1]]
LogConfig: Setting CVar [[r.setres:1280x720]]
[2022.10.28-10.59.47:473][  0]LogConfig: Setting CVar [[r.VSync:0]]
[2022.10.28-10.59.47:473][  0]LogConfig: Setting CVar [[r.RHICmdBypass:0]]
[2022.10.28-10.59.47:473][  0]LogConfig: Applying CVar settings from Section [/Script/Engine.RendererSettings] File [C:/Users/SLATE 15/Documents/GitHub/Hannah-Ashna.github.io/DevSoc-VR-Room/TemplateProject2/Saved/Config/Windows/Engine.ini]
[2022.10.28-10.59.47:473][  0]LogConfig: Setting CVar [[r.GPUCrashDebugging:0]]
[2022.10.28-10.59.47:474][  0]LogConfig: Setting CVar [[r.Mobile.DisableVertexFog:1]]
[2022.10.28-10.59.47:474][  0]LogConfig: Setting CVar [[r.Shadow.CSM.MaxMobileCascades:2]]
[2022.10.28-10.59.47:474][  0]LogConfig: Setting CVar [[r.MobileMSAA:1]]
[2022.10.28-10.59.47:474][  0]LogConfig: Setting CVar [[r.Mobile.AllowDitheredLODTransition:0]]
[2022.10.28-10.59.47:474][  0]LogConfig: Setting CVar [[r.Mobile.AllowSoftwareOcclusion:0]]
[2022.10.28-10.59.47:474][  0]LogConfig: Setting CVar [[r.Mobile.VirtualTextures:0]]
[2022.10.28-10.59.47:474][  0]LogConfig: Setting CVar [[r.DiscardUnusedQuality:0]]
[2022.10.28-10.59.47:474][  0]LogConfig: Setting CVar [[r.AllowOcclusionQueries:1]]
[2022.10.28-10.59.47:474][  0]LogConfig: Setting CVar [[r.MinScreenRadiusForLights:0.030000]]
[2022.10.28-10.59.47:474][  0]LogConfig: Setting CVar [[r.MinScreenRadiusForDepthPrepass:0.030000]]
[2022.10.28-10.59.47:474][  0]LogConfig: Setting CVar [[r.MinScreenRadiusForCSMDepth:0.010000]]
[2022.10.28-10.59.47:474][  0]LogConfig: Setting CVar [[r.PrecomputedVisibilityWarning:0]]
[2022.10.28-10.59.47:474][  0]LogConfig: Setting CVar [[r.TextureStreaming:1]]
[2022.10.28-10.59.47:474][  0]LogConfig: Setting CVar [[Compat.UseDXT5NormalMaps:0]]
[2022.10.28-10.59.47:474][  0]LogConfig: Setting CVar [[r.VirtualTextures:0]]
[2022.10.28-10.59.47:474][  0]LogConfig: Setting CVar [[r.VT.EnableAutoImport:1]]
[2022.10.28-10.59.47:474][  0]LogConfig: Setting CVar [[r.VirtualTexturedLightmaps:0]]
[2022.10.28-10.59.47:475][  0]LogConfig: Setting CVar [[r.VT.TileSize:128]]
[2022.10.28-10.59.47:475][  0]LogConfig: Setting CVar [[r.VT.TileBorderSize:4]]
[2022.10.28-10.59.47:475][  0]LogConfig: Setting CVar [[r.vt.FeedbackFactor:16]]
[2022.10.28-10.59.47:475][  0]LogConfig: Setting CVar [[r.VT.EnableCompressZlib:1]]
[2022.10.28-10.59.47:475][  0]LogConfig: Setting CVar [[r.VT.EnableCompressCrunch:0]]
[2022.10.28-10.59.47:475][  0]LogConfig: Setting CVar [[r.ClearCoatNormal:0]]
[2022.10.28-10.59.47:475][  0]LogConfig: Setting CVar [[r.ReflectionCaptureResolution:128]]
[2022.10.28-10.59.47:475][  0]LogConfig: Setting CVar [[r.Mobile.ReflectionCaptureCompression:0]]
[2022.10.28-10.59.47:475][  0]LogConfig: Setting CVar [[r.ReflectionEnvironmentLightmapMixBasedOnRoughness:1]]
[2022.10.28-10.59.47:475][  0]LogConfig: Setting CVar [[r.ForwardShading:0]]
[2022.10.28-10.59.47:475][  0]LogConfig: Setting CVar [[r.VertexFoggingForOpaque:0]]
[2022.10.28-10.59.47:475][  0]LogConfig: Setting CVar [[r.AllowStaticLighting:1]]
[2022.10.28-10.59.47:475][  0]LogConfig: Setting CVar [[r.NormalMapsForStaticLighting:0]]
[2022.10.28-10.59.47:475][  0]LogConfig: Setting CVar [[r.GenerateMeshDistanceFields:0]]
[2022.10.28-10.59.47:475][  0]LogConfig: Setting CVar [[r.DistanceFieldBuild.EightBit:0]]
[2022.10.28-10.59.47:475][  0]LogConfig: Setting CVar [[r.GenerateLandscapeGIData:0]]
[2022.10.28-10.59.47:475][  0]LogConfig: Setting CVar [[r.DistanceFieldBuild.Compress:0]]
[2022.10.28-10.59.47:475][  0]LogConfig: Setting CVar [[r.TessellationAdaptivePixelsPerTriangle:48.000000]]
[2022.10.28-10.59.47:475][  0]LogConfig: Setting CVar [[r.SeparateTranslucency:0]]
[2022.10.28-10.59.47:475][  0]LogConfig: Setting CVar [[r.TranslucentSortPolicy:0]]
[2022.10.28-10.59.47:475][  0]LogConfig: Setting CVar [[vr.VRS.HMDFixedFoveationLevel:0]]
[2022.10.28-10.59.47:475][  0]LogConfig: Setting CVar [[r.CustomDepth:1]]
[2022.10.28-10.59.47:475][  0]LogConfig: Setting CVar [[r.CustomDepthTemporalAAJitter:1]]
[2022.10.28-10.59.47:475][  0]LogConfig: Setting CVar [[r.PostProcessing.PropagateAlpha:0]]
[2022.10.28-10.59.47:476][  0]LogConfig: Setting CVar [[r.DefaultFeature.Bloom:0]]
[2022.10.28-10.59.47:476][  0]LogConfig: Setting CVar [[r.DefaultFeature.AmbientOcclusion:0]]
[2022.10.28-10.59.47:476][  0]LogConfig: Setting CVar [[r.DefaultFeature.AmbientOcclusionStaticFraction:1]]
[2022.10.28-10.59.47:476][  0]LogConfig: Setting CVar [[r.DefaultFeature.AutoExposure:0]]
[2022.10.28-10.59.47:476][  0]LogConfig: Setting CVar [[r.DefaultFeature.AutoExposure.Method:0]]
[2022.10.28-10.59.47:476][  0]LogConfig: Setting CVar [[r.DefaultFeature.AutoExposure.Bias:1.000000]]
[2022.10.28-10.59.47:476][  0]LogConfig: Setting CVar [[r.DefaultFeature.AutoExposure.ExtendDefaultLuminanceRange:0]]
[2022.10.28-10.59.47:476][  0]LogConfig: Setting CVar [[r.UsePreExposure:1]]
[2022.10.28-10.59.47:476][  0]LogConfig: Setting CVar [[r.EyeAdaptation.EditorOnly:0]]
[2022.10.28-10.59.47:476][  0]LogConfig: Setting CVar [[r.DefaultFeature.MotionBlur:0]]
[2022.10.28-10.59.47:476][  0]LogConfig: Setting CVar [[r.DefaultFeature.LensFlare:0]]
[2022.10.28-10.59.47:476][  0]LogConfig: Setting CVar [[r.TemporalAA.Upsampling:0]]
[2022.10.28-10.59.47:476][  0]LogConfig: Setting CVar [[r.SSGI.Enable:0]]
[2022.10.28-10.59.47:476][  0]LogConfig: Setting CVar [[r.DefaultFeature.AntiAliasing:0]]
[2022.10.28-10.59.47:476][  0]LogConfig: Setting CVar [[r.DefaultFeature.LightUnits:1]]
[2022.10.28-10.59.47:476][  0]LogConfig: Setting CVar [[r.DefaultBackBufferPixelFormat:4]]
[2022.10.28-10.59.47:476][  0]LogConfig: Setting CVar [[r.Shadow.UnbuiltPreviewInGame:1]]
[2022.10.28-10.59.47:476][  0]LogConfig: Setting CVar [[r.StencilForLODDither:0]]
[2022.10.28-10.59.47:476][  0]LogConfig: Setting CVar [[r.EarlyZPass:3]]
[2022.10.28-10.59.47:476][  0]LogConfig: Setting CVar [[r.EarlyZPassOnlyMaterialMasking:0]]
[2022.10.28-10.59.47:476][  0]LogConfig: Setting CVar [[r.DBuffer:1]]
[2022.10.28-10.59.47:476][  0]LogConfig: Setting CVar [[r.ClearSceneMethod:1]]
[2022.10.28-10.59.47:476][  0]LogConfig: Setting CVar [[r.BasePassOutputsVelocity:0]]
[2022.10.28-10.59.47:476][  0]LogConfig: Setting CVar [[r.VertexDeformationOutputsVelocity:0]]
[2022.10.28-10.59.47:476][  0]LogConfig: Setting CVar [[r.SelectiveBasePassOutputs:0]]
[2022.10.28-10.59.47:476][  0]LogConfig: Setting CVar [[fx.GPUSimulationTextureSizeX:1024]]
[2022.10.28-10.59.47:476][  0]LogConfig: Setting CVar [[fx.GPUSimulationTextureSizeY:1024]]
[2022.10.28-10.59.47:476][  0]LogConfig: Setting CVar [[r.AllowGlobalClipPlane:0]]
[2022.10.28-10.59.47:476][  0]LogConfig: Setting CVar [[r.GBufferFormat:1]]
[2022.10.28-10.59.47:476][  0]LogConfig: Setting CVar [[r.MorphTarget.Mode:1]]
[2022.10.28-10.59.47:476][  0]LogConfig: Setting CVar [[vr.InstancedStereo:1]]
[2022.10.28-10.59.47:476][  0]LogConfig: Setting CVar [[r.MobileHDR:1]]
[2022.10.28-10.59.47:477][  0]LogConfig: Setting CVar [[vr.MobileMultiView:0]]
[2022.10.28-10.59.47:477][  0]LogConfig: Setting CVar [[r.Mobile.UseHWsRGBEncoding:1]]
[2022.10.28-10.59.47:477][  0]LogConfig: Setting CVar [[vr.RoundRobinOcclusion:1]]
[2022.10.28-10.59.47:477][  0]LogConfig: Setting CVar [[vr.ODSCapture:0]]
[2022.10.28-10.59.47:477][  0]LogConfig: Setting CVar [[r.MeshStreaming:0]]
[2022.10.28-10.59.47:477][  0]LogConfig: Setting CVar [[r.WireframeCullThreshold:5.000000]]
[2022.10.28-10.59.47:477][  0]LogConfig: Setting CVar [[r.RayTracing:0]]
[2022.10.28-10.59.47:477][  0]LogConfig: Setting CVar [[r.RayTracing.UseTextureLod:0]]
[2022.10.28-10.59.47:477][  0]LogConfig: Setting CVar [[r.SupportStationarySkylight:0]]
[2022.10.28-10.59.47:477][  0]LogConfig: Setting CVar [[r.SupportLowQualityLightmaps:1]]
[2022.10.28-10.59.47:477][  0]LogConfig: Setting CVar [[r.SupportPointLightWholeSceneShadows:1]]
[2022.10.28-10.59.47:477][  0]LogConfig: Setting CVar [[r.SupportAtmosphericFog:0]]
[2022.10.28-10.59.47:477][  0]LogConfig: Setting CVar [[r.SupportSkyAtmosphere:0]]
[2022.10.28-10.59.47:477][  0]LogConfig: Setting CVar [[r.SupportSkyAtmosphereAffectsHeightFog:0]]
[2022.10.28-10.59.47:477][  0]LogConfig: Setting CVar [[r.SkinCache.CompileShaders:0]]
[2022.10.28-10.59.47:477][  0]LogConfig: Setting CVar [[r.SkinCache.DefaultBehavior:1]]
[2022.10.28-10.59.47:477][  0]LogConfig: Setting CVar [[r.SkinCache.SceneMemoryLimitInMB:128.000000]]
[2022.10.28-10.59.47:477][  0]LogConfig: Setting CVar [[r.Mobile.EnableStaticAndCSMShadowReceivers:1]]
[2022.10.28-10.59.47:477][  0]LogConfig: Setting CVar [[r.Mobile.EnableMovableLightCSMShaderCulling:1]]
[2022.10.28-10.59.47:477][  0]LogConfig: Setting CVar [[r.Mobile.AllowDistanceFieldShadows:1]]
[2022.10.28-10.59.47:477][  0]LogConfig: Setting CVar [[r.Mobile.AllowMovableDirectionalLights:1]]
[2022.10.28-10.59.47:477][  0]LogConfig: Setting CVar [[r.MobileNumDynamicPointLights:4]]
[2022.10.28-10.59.47:477][  0]LogConfig: Setting CVar [[r.MobileDynamicPointLightsUseStaticBranch:1]]
[2022.10.28-10.59.47:477][  0]LogConfig: Setting CVar [[r.Mobile.EnableMovableSpotlights:0]]
[2022.10.28-10.59.47:477][  0]LogConfig: Setting CVar [[r.Mobile.EnableMovableSpotlightsShadow:0]]
[2022.10.28-10.59.47:477][  0]LogConfig: Setting CVar [[r.GPUSkin.Support16BitBoneIndex:0]]
[2022.10.28-10.59.47:477][  0]LogConfig: Setting CVar [[r.GPUSkin.Limit2BoneInfluences:0]]
[2022.10.28-10.59.47:477][  0]LogConfig: Setting CVar [[r.SupportDepthOnlyIndexBuffers:1]]
[2022.10.28-10.59.47:477][  0]LogConfig: Setting CVar [[r.SupportReversedIndexBuffers:1]]
[2022.10.28-10.59.47:478][  0]LogConfig: Setting CVar [[r.LightPropagationVolume:0]]
[2022.10.28-10.59.47:478][  0]LogConfig: Setting CVar [[r.Mobile.AmbientOcclusion:0]]
[2022.10.28-10.59.47:478][  0]LogConfig: Setting CVar [[r.GPUSkin.UnlimitedBoneInfluences:0]]
[2022.10.28-10.59.47:478][  0]LogConfig: Setting CVar [[r.GPUSkin.UnlimitedBoneInfluencesThreshold:8]]
[2022.10.28-10.59.47:478][  0]LogConfig: Setting CVar [[r.Mobile.PlanarReflectionMode:0]]
[2022.10.28-10.59.47:478][  0]LogConfig: Setting CVar [[r.Mobile.SupportsGen4TAA:0]]
[2022.10.28-10.59.47:478][  0]LogConfig: Applying CVar settings from Section [/Script/Engine.RendererOverrideSettings] File [C:/Users/SLATE 15/Documents/GitHub/Hannah-Ashna.github.io/DevSoc-VR-Room/TemplateProject2/Saved/Config/Windows/Engine.ini]
[2022.10.28-10.59.47:478][  0]LogConfig: Applying CVar settings from Section [/Script/Engine.StreamingSettings] File [C:/Users/SLATE 15/Documents/GitHub/Hannah-Ashna.github.io/DevSoc-VR-Room/TemplateProject2/Saved/Config/Windows/Engine.ini]
[2022.10.28-10.59.47:478][  0]LogConfig: Setting CVar [[s.MinBulkDataSizeForAsyncLoading:131072]]
[2022.10.28-10.59.47:478][  0]LogConfig: Setting CVar [[s.AsyncLoadingThreadEnabled:0]]
[2022.10.28-10.59.47:478][  0]LogConfig: Setting CVar [[s.EventDrivenLoaderEnabled:1]]
[2022.10.28-10.59.47:478][  0]LogConfig: Setting CVar [[s.WarnIfTimeLimitExceeded:0]]
[2022.10.28-10.59.47:478][  0]LogConfig: Setting CVar [[s.TimeLimitExceededMultiplier:1.5]]
[2022.10.28-10.59.47:478][  0]LogConfig: Setting CVar [[s.TimeLimitExceededMinTime:0.005]]
[2022.10.28-10.59.47:478][  0]LogConfig: Setting CVar [[s.UseBackgroundLevelStreaming:1]]
[2022.10.28-10.59.47:478][  0]LogConfig: Setting CVar [[s.PriorityAsyncLoadingExtraTime:15.0]]
[2022.10.28-10.59.47:478][  0]LogConfig: Setting CVar [[s.LevelStreamingActorsUpdateTimeLimit:5.0]]
[2022.10.28-10.59.47:478][  0]LogConfig: Setting CVar [[s.PriorityLevelStreamingActorsUpdateExtraTime:5.0]]
[2022.10.28-10.59.47:478][  0]LogConfig: Setting CVar [[s.LevelStreamingComponentsRegistrationGranularity:10]]
[2022.10.28-10.59.47:479][  0]LogConfig: Setting CVar [[s.UnregisterComponentsTimeLimit:1.0]]
[2022.10.28-10.59.47:479][  0]LogConfig: Setting CVar [[s.LevelStreamingComponentsUnregistrationGranularity:5]]
[2022.10.28-10.59.47:479][  0]LogConfig: Setting CVar [[s.FlushStreamingOnExit:1]]
[2022.10.28-10.59.47:479][  0]LogConfig: Applying CVar settings from Section [/Script/Engine.GarbageCollectionSettings] File [C:/Users/SLATE 15/Documents/GitHub/Hannah-Ashna.github.io/DevSoc-VR-Room/TemplateProject2/Saved/Config/Windows/Engine.ini]
[2022.10.28-10.59.47:479][  0]LogConfig: Setting CVar [[gc.MaxObjectsNotConsideredByGC:1]]
[2022.10.28-10.59.47:479][  0]LogConfig: Setting CVar [[gc.SizeOfPermanentObjectPool:0]]
[2022.10.28-10.59.47:479][  0]LogConfig: Setting CVar [[gc.FlushStreamingOnGC:0]]
[2022.10.28-10.59.47:479][  0]LogConfig: Setting CVar [[gc.NumRetriesBeforeForcingGC:10]]
[2022.10.28-10.59.47:479][  0]LogConfig: Setting CVar [[gc.AllowParallelGC:1]]
[2022.10.28-10.59.47:479][  0]LogConfig: Setting CVar [[gc.TimeBetweenPurgingPendingKillObjects:61.1]]
[2022.10.28-10.59.47:479][  0]LogConfig: Setting CVar [[gc.MaxObjectsInEditor:25165824]]
[2022.10.28-10.59.47:479][  0]LogConfig: Setting CVar [[gc.IncrementalBeginDestroyEnabled:1]]
[2022.10.28-10.59.47:479][  0]LogConfig: Setting CVar [[gc.CreateGCClusters:1]]
[2022.10.28-10.59.47:479][  0]LogConfig: Setting CVar [[gc.MinGCClusterSize:5]]
[2022.10.28-10.59.47:479][  0]LogConfig: Setting CVar [[gc.ActorClusteringEnabled:0]]
[2022.10.28-10.59.47:479][  0]LogConfig: Setting CVar [[gc.BlueprintClusteringEnabled:0]]
[2022.10.28-10.59.47:479][  0]LogConfig: Setting CVar [[gc.UseDisregardForGCOnDedicatedServers:0]]
[2022.10.28-10.59.47:479][  0]LogConfig: Setting CVar [[gc.MultithreadedDestructionEnabled:1]]
[2022.10.28-10.59.47:479][  0]LogConfig: Applying CVar settings from Section [/Script/Engine.NetworkSettings] File [C:/Users/SLATE 15/Documents/GitHub/Hannah-Ashna.github.io/DevSoc-VR-Room/TemplateProject2/Saved/Config/Windows/Engine.ini]
[2022.10.28-10.59.47:479][  0]LogConfig: Applying CVar settings from Section [/Script/UnrealEd.CookerSettings] File [C:/Users/SLATE 15/Documents/GitHub/Hannah-Ashna.github.io/DevSoc-VR-Room/TemplateProject2/Saved/Config/Windows/Engine.ini]
[2022.10.28-10.59.47:564][  0]LogConfig: Applying CVar settings from Section [ViewDistanceQuality@3] File [C:/Users/SLATE 15/Documents/GitHub/Hannah-Ashna.github.io/DevSoc-VR-Room/TemplateProject2/Saved/Config/Windows/Scalability.ini]
[2022.10.28-10.59.47:565][  0]LogConfig: Setting CVar [[r.SkeletalMeshLODBias:0]]
[2022.10.28-10.59.47:565][  0]LogConfig: Setting CVar [[r.ViewDistanceScale:1.0]]
[2022.10.28-10.59.47:565][  0]LogConfig: Applying CVar settings from Section [AntiAliasingQuality@3] File [C:/Users/SLATE 15/Documents/GitHub/Hannah-Ashna.github.io/DevSoc-VR-Room/TemplateProject2/Saved/Config/Windows/Scalability.ini]
[2022.10.28-10.59.47:565][  0]LogConfig: Setting CVar [[r.PostProcessAAQuality:4]]
[2022.10.28-10.59.47:565][  0]LogConfig: Applying CVar settings from Section [ShadowQuality@3] File [C:/Users/SLATE 15/Documents/GitHub/Hannah-Ashna.github.io/DevSoc-VR-Room/TemplateProject2/Saved/Config/Windows/Scalability.ini]
[2022.10.28-10.59.47:565][  0]LogConfig: Setting CVar [[r.LightFunctionQuality:1]]
[2022.10.28-10.59.47:565][  0]LogConfig: Setting CVar [[r.ShadowQuality:5]]
[2022.10.28-10.59.47:565][  0]LogConfig: Setting CVar [[r.Shadow.CSM.MaxCascades:10]]
[2022.10.28-10.59.47:565][  0]LogConfig: Setting CVar [[r.Shadow.MaxResolution:2048]]
[2022.10.28-10.59.47:565][  0]LogConfig: Setting CVar [[r.Shadow.MaxCSMResolution:2048]]
[2022.10.28-10.59.47:565][  0]LogConfig: Setting CVar [[r.Shadow.RadiusThreshold:0.01]]
[2022.10.28-10.59.47:565][  0]LogConfig: Setting CVar [[r.Shadow.DistanceScale:1.0]]
[2022.10.28-10.59.47:565][  0]LogConfig: Setting CVar [[r.Shadow.CSM.TransitionScale:1.0]]
[2022.10.28-10.59.47:565][  0]LogConfig: Setting CVar [[r.Shadow.PreShadowResolutionFactor:1.0]]
[2022.10.28-10.59.47:565][  0]LogConfig: Setting CVar [[r.DistanceFieldShadowing:1]]
[2022.10.28-10.59.47:565][  0]LogConfig: Setting CVar [[r.DistanceFieldAO:1]]
[2022.10.28-10.59.47:565][  0]LogConfig: Setting CVar [[r.AOQuality:2]]
[2022.10.28-10.59.47:565][  0]LogConfig: Setting CVar [[r.VolumetricFog:1]]
[2022.10.28-10.59.47:565][  0]LogConfig: Setting CVar [[r.VolumetricFog.GridPixelSize:8]]
[2022.10.28-10.59.47:565][  0]LogConfig: Setting CVar [[r.VolumetricFog.GridSizeZ:128]]
[2022.10.28-10.59.47:565][  0]LogConfig: Setting CVar [[r.VolumetricFog.HistoryMissSupersampleCount:4]]
[2022.10.28-10.59.47:566][  0]LogConfig: Setting CVar [[r.LightMaxDrawDistanceScale:1]]
[2022.10.28-10.59.47:566][  0]LogConfig: Setting CVar [[r.CapsuleShadows:1]]
[2022.10.28-10.59.47:566][  0]LogConfig: Applying CVar settings from Section [PostProcessQuality@3] File [C:/Users/SLATE 15/Documents/GitHub/Hannah-Ashna.github.io/DevSoc-VR-Room/TemplateProject2/Saved/Config/Windows/Scalability.ini]
[2022.10.28-10.59.47:566][  0]LogConfig: Setting CVar [[r.MotionBlurQuality:4]]
[2022.10.28-10.59.47:566][  0]LogConfig: Setting CVar [[r.AmbientOcclusionMipLevelFactor:0.4]]
[2022.10.28-10.59.47:566][  0]LogConfig: Setting CVar [[r.AmbientOcclusionMaxQuality:100]]
[2022.10.28-10.59.47:566][  0]LogConfig: Setting CVar [[r.AmbientOcclusionLevels:-1]]
[2022.10.28-10.59.47:566][  0]LogConfig: Setting CVar [[r.AmbientOcclusionRadiusScale:1.0]]
[2022.10.28-10.59.47:566][  0]LogConfig: Setting CVar [[r.DepthOfFieldQuality:2]]
[2022.10.28-10.59.47:566][  0]LogConfig: Setting CVar [[r.RenderTargetPoolMin:400]]
[2022.10.28-10.59.47:566][  0]LogConfig: Setting CVar [[r.LensFlareQuality:2]]
[2022.10.28-10.59.47:566][  0]LogConfig: Setting CVar [[r.SceneColorFringeQuality:1]]
[2022.10.28-10.59.47:566][  0]LogConfig: Setting CVar [[r.EyeAdaptationQuality:2]]
[2022.10.28-10.59.47:566][  0]LogConfig: Setting CVar [[r.BloomQuality:5]]
[2022.10.28-10.59.47:566][  0]LogConfig: Setting CVar [[r.FastBlurThreshold:100]]
[2022.10.28-10.59.47:566][  0]LogConfig: Setting CVar [[r.Upscale.Quality:3]]
[2022.10.28-10.59.47:566][  0]LogConfig: Setting CVar [[r.Tonemapper.GrainQuantization:1]]
[2022.10.28-10.59.47:566][  0]LogConfig: Setting CVar [[r.LightShaftQuality:1]]
[2022.10.28-10.59.47:566][  0]LogConfig: Setting CVar [[r.Filter.SizeScale:1]]
[2022.10.28-10.59.47:566][  0]LogConfig: Setting CVar [[r.Tonemapper.Quality:5]]
[2022.10.28-10.59.47:566][  0]LogConfig: Setting CVar [[r.DOF.Gather.AccumulatorQuality:1        ; higher gathering accumulator quality]]
[2022.10.28-10.59.47:566][  0]LogConfig: Setting CVar [[r.DOF.Gather.PostfilterMethod:1          ; Median3x3 postfilering method]]
[2022.10.28-10.59.47:566][  0]LogConfig: Setting CVar [[r.DOF.Gather.EnableBokehSettings:0       ; no bokeh simulation when gathering]]
[2022.10.28-10.59.47:566][  0]LogConfig: Setting CVar [[r.DOF.Gather.RingCount:4                 ; medium number of samples when gathering]]
[2022.10.28-10.59.47:566][  0]LogConfig: Setting CVar [[r.DOF.Scatter.ForegroundCompositing:1    ; additive foreground scattering]]
[2022.10.28-10.59.47:566][  0]LogConfig: Setting CVar [[r.DOF.Scatter.BackgroundCompositing:2    ; additive background scattering]]
[2022.10.28-10.59.47:566][  0]LogConfig: Setting CVar [[r.DOF.Scatter.EnableBokehSettings:1      ; bokeh simulation when scattering]]
[2022.10.28-10.59.47:566][  0]LogConfig: Setting CVar [[r.DOF.Scatter.MaxSpriteRatio:0.1         ; only a maximum of 10% of scattered bokeh]]
[2022.10.28-10.59.47:566][  0]LogConfig: Setting CVar [[r.DOF.Recombine.Quality:1                ; cheap slight out of focus]]
[2022.10.28-10.59.47:566][  0]LogConfig: Setting CVar [[r.DOF.Recombine.EnableBokehSettings:0    ; no bokeh simulation on slight out of focus]]
[2022.10.28-10.59.47:566][  0]LogConfig: Setting CVar [[r.DOF.TemporalAAQuality:1                ; more stable temporal accumulation]]
[2022.10.28-10.59.47:566][  0]LogConfig: Setting CVar [[r.DOF.Kernel.MaxForegroundRadius:0.025]]
[2022.10.28-10.59.47:566][  0]LogConfig: Setting CVar [[r.DOF.Kernel.MaxBackgroundRadius:0.025]]
[2022.10.28-10.59.47:566][  0]LogConfig: Applying CVar settings from Section [TextureQuality@3] File [C:/Users/SLATE 15/Documents/GitHub/Hannah-Ashna.github.io/DevSoc-VR-Room/TemplateProject2/Saved/Config/Windows/Scalability.ini]
[2022.10.28-10.59.47:566][  0]LogConfig: Setting CVar [[r.Streaming.MipBias:0]]
[2022.10.28-10.59.47:567][  0]LogConfig: Setting CVar [[r.Streaming.AmortizeCPUToGPUCopy:0]]
[2022.10.28-10.59.47:567][  0]LogConfig: Setting CVar [[r.Streaming.MaxNumTexturesToStreamPerFrame:0]]
[2022.10.28-10.59.47:567][  0]LogConfig: Setting CVar [[r.Streaming.Boost:1]]
[2022.10.28-10.59.47:567][  0]LogConfig: Setting CVar [[r.MaxAnisotropy:8]]
[2022.10.28-10.59.47:567][  0]LogConfig: Setting CVar [[r.VT.MaxAnisotropy:8]]
[2022.10.28-10.59.47:567][  0]LogConfig: Setting CVar [[r.Streaming.LimitPoolSizeToVRAM:0]]
[2022.10.28-10.59.47:567][  0]LogConfig: Setting CVar [[r.Streaming.PoolSize:1000]]
[2022.10.28-10.59.47:567][  0]LogConfig: Setting CVar [[r.Streaming.MaxEffectiveScreenSize:0]]
[2022.10.28-10.59.47:567][  0]LogConfig: Applying CVar settings from Section [EffectsQuality@3] File [C:/Users/SLATE 15/Documents/GitHub/Hannah-Ashna.github.io/DevSoc-VR-Room/TemplateProject2/Saved/Config/Windows/Scalability.ini]
[2022.10.28-10.59.47:567][  0]LogConfig: Setting CVar [[r.TranslucencyLightingVolumeDim:64]]
[2022.10.28-10.59.47:567][  0]LogConfig: Setting CVar [[r.RefractionQuality:2]]
[2022.10.28-10.59.47:567][  0]LogConfig: Setting CVar [[r.SSR.Quality:3]]
[2022.10.28-10.59.47:567][  0]LogConfig: Setting CVar [[r.SSR.HalfResSceneColor:0]]
[2022.10.28-10.59.47:567][  0]LogConfig: Setting CVar [[r.SceneColorFormat:4]]
[2022.10.28-10.59.47:567][  0]LogConfig: Setting CVar [[r.DetailMode:2]]
[2022.10.28-10.59.47:567][  0]LogConfig: Setting CVar [[r.TranslucencyVolumeBlur:1]]
[2022.10.28-10.59.47:567][  0]LogConfig: Setting CVar [[r.MaterialQualityLevel:1 ; High quality]]
[2022.10.28-10.59.47:567][  0]LogConfig: Setting CVar [[r.AnisotropicMaterials:1]]
[2022.10.28-10.59.47:567][  0]LogConfig: Setting CVar [[r.SSS.Scale:1]]
[2022.10.28-10.59.47:567][  0]LogConfig: Setting CVar [[r.SSS.SampleSet:2]]
[2022.10.28-10.59.47:567][  0]LogConfig: Setting CVar [[r.SSS.Quality:1]]
[2022.10.28-10.59.47:567][  0]LogConfig: Setting CVar [[r.SSS.HalfRes:0]]
[2022.10.28-10.59.47:567][  0]LogConfig: Setting CVar [[r.SSGI.Quality:3]]
[2022.10.28-10.59.47:567][  0]LogConfig: Setting CVar [[r.EmitterSpawnRateScale:1.0]]
[2022.10.28-10.59.47:567][  0]LogConfig: Setting CVar [[r.ParticleLightQuality:2]]
[2022.10.28-10.59.47:567][  0]LogConfig: Setting CVar [[r.SkyAtmosphere.AerialPerspectiveLUT.FastApplyOnOpaque:1 ; Always have FastSkyLUT 1 in this case to avoid wrong sky]]
[2022.10.28-10.59.47:567][  0]LogConfig: Setting CVar [[r.SkyAtmosphere.AerialPerspectiveLUT.SampleCountMaxPerSlice:4]]
[2022.10.28-10.59.47:567][  0]LogConfig: Setting CVar [[r.SkyAtmosphere.AerialPerspectiveLUT.DepthResolution:16.0]]
[2022.10.28-10.59.47:567][  0]LogConfig: Setting CVar [[r.SkyAtmosphere.FastSkyLUT:1]]
[2022.10.28-10.59.47:567][  0]LogConfig: Setting CVar [[r.SkyAtmosphere.FastSkyLUT.SampleCountMin:4.0]]
[2022.10.28-10.59.47:568][  0]LogConfig: Setting CVar [[r.SkyAtmosphere.FastSkyLUT.SampleCountMax:128.0]]
[2022.10.28-10.59.47:568][  0]LogConfig: Setting CVar [[r.SkyAtmosphere.SampleCountMin:4.0]]
[2022.10.28-10.59.47:568][  0]LogConfig: Setting CVar [[r.SkyAtmosphere.SampleCountMax:128.0]]
[2022.10.28-10.59.47:568][  0]LogConfig: Setting CVar [[r.SkyAtmosphere.TransmittanceLUT.UseSmallFormat:0]]
[2022.10.28-10.59.47:568][  0]LogConfig: Setting CVar [[r.SkyAtmosphere.TransmittanceLUT.SampleCount:10.0]]
[2022.10.28-10.59.47:568][  0]LogConfig: Setting CVar [[r.SkyAtmosphere.MultiScatteringLUT.SampleCount:15.0]]
[2022.10.28-10.59.47:568][  0]LogConfig: Setting CVar [[r.SkyLight.RealTimeReflectionCapture:1]]
[2022.10.28-10.59.47:568][  0]LogConfig: Applying CVar settings from Section [FoliageQuality@3] File [C:/Users/SLATE 15/Documents/GitHub/Hannah-Ashna.github.io/DevSoc-VR-Room/TemplateProject2/Saved/Config/Windows/Scalability.ini]
[2022.10.28-10.59.47:568][  0]LogConfig: Setting CVar [[foliage.DensityScale:1.0]]
[2022.10.28-10.59.47:568][  0]LogConfig: Setting CVar [[grass.DensityScale:1.0]]
[2022.10.28-10.59.47:568][  0]LogConfig: Applying CVar settings from Section [ShadingQuality@3] File [C:/Users/SLATE 15/Documents/GitHub/Hannah-Ashna.github.io/DevSoc-VR-Room/TemplateProject2/Saved/Config/Windows/Scalability.ini]
[2022.10.28-10.59.47:568][  0]LogConfig: Setting CVar [[r.HairStrands.SkyLighting.IntegrationType:2]]
[2022.10.28-10.59.47:568][  0]LogConfig: Setting CVar [[r.HairStrands.SkyAO.SampleCount:4]]
[2022.10.28-10.59.47:568][  0]LogConfig: Setting CVar [[r.HairStrands.Visibility.MSAA.SamplePerPixel:4]]
[2022.10.28-10.59.47:568][  0]LogInit: Selected Device Profile: [Windows]
[2022.10.28-10.59.47:568][  0]LogInit: Applying CVar settings loaded from the selected device profile: [Windows]
[2022.10.28-10.59.47:568][  0]LogHAL: Display: Platform has ~ 16 GB [16973881344 / 17179869184 / 16], which maps to Larger [LargestMinGB=32, LargerMinGB=12, DefaultMinGB=8, SmallerMinGB=6, SmallestMinGB=0)
[2022.10.28-10.59.47:568][  0]LogInit: Going up to parent DeviceProfile []
[2022.10.28-10.59.47:568][  0]LogConfig: Applying CVar settings from Section [ViewDistanceQuality@3] File [C:/Users/SLATE 15/Documents/GitHub/Hannah-Ashna.github.io/DevSoc-VR-Room/TemplateProject2/Saved/Config/Windows/Scalability.ini]
[2022.10.28-10.59.47:568][  0]LogConfig: Setting CVar [[r.SkeletalMeshLODBias:0]]
[2022.10.28-10.59.47:568][  0]LogConfig: Setting CVar [[r.ViewDistanceScale:1.0]]
[2022.10.28-10.59.47:568][  0]LogConfig: Applying CVar settings from Section [AntiAliasingQuality@3] File [C:/Users/SLATE 15/Documents/GitHub/Hannah-Ashna.github.io/DevSoc-VR-Room/TemplateProject2/Saved/Config/Windows/Scalability.ini]
[2022.10.28-10.59.47:568][  0]LogConfig: Setting CVar [[r.PostProcessAAQuality:4]]
[2022.10.28-10.59.47:568][  0]LogConfig: Applying CVar settings from Section [ShadowQuality@3] File [C:/Users/SLATE 15/Documents/GitHub/Hannah-Ashna.github.io/DevSoc-VR-Room/TemplateProject2/Saved/Config/Windows/Scalability.ini]
[2022.10.28-10.59.47:568][  0]LogConfig: Setting CVar [[r.LightFunctionQuality:1]]
[2022.10.28-10.59.47:568][  0]LogConfig: Setting CVar [[r.ShadowQuality:5]]
[2022.10.28-10.59.47:568][  0]LogConfig: Setting CVar [[r.Shadow.CSM.MaxCascades:10]]
[2022.10.28-10.59.47:568][  0]LogConfig: Setting CVar [[r.Shadow.MaxResolution:2048]]
[2022.10.28-10.59.47:568][  0]LogConfig: Setting CVar [[r.Shadow.MaxCSMResolution:2048]]
[2022.10.28-10.59.47:569][  0]LogConfig: Setting CVar [[r.Shadow.RadiusThreshold:0.01]]
[2022.10.28-10.59.47:569][  0]LogConfig: Setting CVar [[r.Shadow.DistanceScale:1.0]]
[2022.10.28-10.59.47:569][  0]LogConfig: Setting CVar [[r.Shadow.CSM.TransitionScale:1.0]]
[2022.10.28-10.59.47:569][  0]LogConfig: Setting CVar [[r.Shadow.PreShadowResolutionFactor:1.0]]
[2022.10.28-10.59.47:569][  0]LogConfig: Setting CVar [[r.DistanceFieldShadowing:1]]
[2022.10.28-10.59.47:569][  0]LogConfig: Setting CVar [[r.DistanceFieldAO:1]]
[2022.10.28-10.59.47:569][  0]LogConfig: Setting CVar [[r.AOQuality:2]]
[2022.10.28-10.59.47:569][  0]LogConfig: Setting CVar [[r.VolumetricFog:1]]
[2022.10.28-10.59.47:569][  0]LogConfig: Setting CVar [[r.VolumetricFog.GridPixelSize:8]]
[2022.10.28-10.59.47:569][  0]LogConfig: Setting CVar [[r.VolumetricFog.GridSizeZ:128]]
[2022.10.28-10.59.47:569][  0]LogConfig: Setting CVar [[r.VolumetricFog.HistoryMissSupersampleCount:4]]
[2022.10.28-10.59.47:569][  0]LogConfig: Setting CVar [[r.LightMaxDrawDistanceScale:1]]
[2022.10.28-10.59.47:569][  0]LogConfig: Setting CVar [[r.CapsuleShadows:1]]
[2022.10.28-10.59.47:569][  0]LogConfig: Applying CVar settings from Section [PostProcessQuality@3] File [C:/Users/SLATE 15/Documents/GitHub/Hannah-Ashna.github.io/DevSoc-VR-Room/TemplateProject2/Saved/Config/Windows/Scalability.ini]
[2022.10.28-10.59.47:569][  0]LogConfig: Setting CVar [[r.MotionBlurQuality:4]]
[2022.10.28-10.59.47:569][  0]LogConfig: Setting CVar [[r.AmbientOcclusionMipLevelFactor:0.4]]
[2022.10.28-10.59.47:569][  0]LogConfig: Setting CVar [[r.AmbientOcclusionMaxQuality:100]]
[2022.10.28-10.59.47:569][  0]LogConfig: Setting CVar [[r.AmbientOcclusionLevels:-1]]
[2022.10.28-10.59.47:569][  0]LogConfig: Setting CVar [[r.AmbientOcclusionRadiusScale:1.0]]
[2022.10.28-10.59.47:569][  0]LogConfig: Setting CVar [[r.DepthOfFieldQuality:2]]
[2022.10.28-10.59.47:569][  0]LogConfig: Setting CVar [[r.RenderTargetPoolMin:400]]
[2022.10.28-10.59.47:569][  0]LogConfig: Setting CVar [[r.LensFlareQuality:2]]
[2022.10.28-10.59.47:569][  0]LogConfig: Setting CVar [[r.SceneColorFringeQuality:1]]
[2022.10.28-10.59.47:569][  0]LogConfig: Setting CVar [[r.EyeAdaptationQuality:2]]
[2022.10.28-10.59.47:569][  0]LogConfig: Setting CVar [[r.BloomQuality:5]]
[2022.10.28-10.59.47:569][  0]LogConfig: Setting CVar [[r.FastBlurThreshold:100]]
[2022.10.28-10.59.47:569][  0]LogConfig: Setting CVar [[r.Upscale.Quality:3]]
[2022.10.28-10.59.47:569][  0]LogConfig: Setting CVar [[r.Tonemapper.GrainQuantization:1]]
[2022.10.28-10.59.47:569][  0]LogConfig: Setting CVar [[r.LightShaftQuality:1]]
[2022.10.28-10.59.47:569][  0]LogConfig: Setting CVar [[r.Filter.SizeScale:1]]
[2022.10.28-10.59.47:570][  0]LogConfig: Setting CVar [[r.Tonemapper.Quality:5]]
[2022.10.28-10.59.47:570][  0]LogConfig: Setting CVar [[r.DOF.Gather.AccumulatorQuality:1        ; higher gathering accumulator quality]]
[2022.10.28-10.59.47:570][  0]LogConfig: Setting CVar [[r.DOF.Gather.PostfilterMethod:1          ; Median3x3 postfilering method]]
[2022.10.28-10.59.47:570][  0]LogConfig: Setting CVar [[r.DOF.Gather.EnableBokehSettings:0       ; no bokeh simulation when gathering]]
[2022.10.28-10.59.47:570][  0]LogConfig: Setting CVar [[r.DOF.Gather.RingCount:4                 ; medium number of samples when gathering]]
[2022.10.28-10.59.47:570][  0]LogConfig: Setting CVar [[r.DOF.Scatter.ForegroundCompositing:1    ; additive foreground scattering]]
[2022.10.28-10.59.47:570][  0]LogConfig: Setting CVar [[r.DOF.Scatter.BackgroundCompositing:2    ; additive background scattering]]
[2022.10.28-10.59.47:570][  0]LogConfig: Setting CVar [[r.DOF.Scatter.EnableBokehSettings:1      ; bokeh simulation when scattering]]
[2022.10.28-10.59.47:570][  0]LogConfig: Setting CVar [[r.DOF.Scatter.MaxSpriteRatio:0.1         ; only a maximum of 10% of scattered bokeh]]
[2022.10.28-10.59.47:570][  0]LogConfig: Setting CVar [[r.DOF.Recombine.Quality:1                ; cheap slight out of focus]]
[2022.10.28-10.59.47:570][  0]LogConfig: Setting CVar [[r.DOF.Recombine.EnableBokehSettings:0    ; no bokeh simulation on slight out of focus]]
[2022.10.28-10.59.47:570][  0]LogConfig: Setting CVar [[r.DOF.TemporalAAQuality:1                ; more stable temporal accumulation]]
[2022.10.28-10.59.47:570][  0]LogConfig: Setting CVar [[r.DOF.Kernel.MaxForegroundRadius:0.025]]
[2022.10.28-10.59.47:570][  0]LogConfig: Setting CVar [[r.DOF.Kernel.MaxBackgroundRadius:0.025]]
[2022.10.28-10.59.47:570][  0]LogConfig: Applying CVar settings from Section [TextureQuality@3] File [C:/Users/SLATE 15/Documents/GitHub/Hannah-Ashna.github.io/DevSoc-VR-Room/TemplateProject2/Saved/Config/Windows/Scalability.ini]
[2022.10.28-10.59.47:570][  0]LogConfig: Setting CVar [[r.Streaming.MipBias:0]]
[2022.10.28-10.59.47:570][  0]LogConfig: Setting CVar [[r.Streaming.AmortizeCPUToGPUCopy:0]]
[2022.10.28-10.59.47:570][  0]LogConfig: Setting CVar [[r.Streaming.MaxNumTexturesToStreamPerFrame:0]]
[2022.10.28-10.59.47:570][  0]LogConfig: Setting CVar [[r.Streaming.Boost:1]]
[2022.10.28-10.59.47:570][  0]LogConfig: Setting CVar [[r.MaxAnisotropy:8]]
[2022.10.28-10.59.47:570][  0]LogConfig: Setting CVar [[r.VT.MaxAnisotropy:8]]
[2022.10.28-10.59.47:570][  0]LogConfig: Setting CVar [[r.Streaming.LimitPoolSizeToVRAM:0]]
[2022.10.28-10.59.47:570][  0]LogConfig: Setting CVar [[r.Streaming.PoolSize:1000]]
[2022.10.28-10.59.47:570][  0]LogConfig: Setting CVar [[r.Streaming.MaxEffectiveScreenSize:0]]
[2022.10.28-10.59.47:570][  0]LogConfig: Applying CVar settings from Section [EffectsQuality@3] File [C:/Users/SLATE 15/Documents/GitHub/Hannah-Ashna.github.io/DevSoc-VR-Room/TemplateProject2/Saved/Config/Windows/Scalability.ini]
[2022.10.28-10.59.47:570][  0]LogConfig: Setting CVar [[r.TranslucencyLightingVolumeDim:64]]
[2022.10.28-10.59.47:570][  0]LogConfig: Setting CVar [[r.RefractionQuality:2]]
[2022.10.28-10.59.47:570][  0]LogConfig: Setting CVar [[r.SSR.Quality:3]]
[2022.10.28-10.59.47:570][  0]LogConfig: Setting CVar [[r.SSR.HalfResSceneColor:0]]
[2022.10.28-10.59.47:570][  0]LogConfig: Setting CVar [[r.SceneColorFormat:4]]
[2022.10.28-10.59.47:570][  0]LogConfig: Setting CVar [[r.DetailMode:2]]
[2022.10.28-10.59.47:571][  0]LogConfig: Setting CVar [[r.TranslucencyVolumeBlur:1]]
[2022.10.28-10.59.47:571][  0]LogConfig: Setting CVar [[r.MaterialQualityLevel:1 ; High quality]]
[2022.10.28-10.59.47:571][  0]LogConfig: Setting CVar [[r.AnisotropicMaterials:1]]
[2022.10.28-10.59.47:571][  0]LogConfig: Setting CVar [[r.SSS.Scale:1]]
[2022.10.28-10.59.47:571][  0]LogConfig: Setting CVar [[r.SSS.SampleSet:2]]
[2022.10.28-10.59.47:571][  0]LogConfig: Setting CVar [[r.SSS.Quality:1]]
[2022.10.28-10.59.47:571][  0]LogConfig: Setting CVar [[r.SSS.HalfRes:0]]
[2022.10.28-10.59.47:571][  0]LogConfig: Setting CVar [[r.SSGI.Quality:3]]
[2022.10.28-10.59.47:571][  0]LogConfig: Setting CVar [[r.EmitterSpawnRateScale:1.0]]
[2022.10.28-10.59.47:571][  0]LogConfig: Setting CVar [[r.ParticleLightQuality:2]]
[2022.10.28-10.59.47:571][  0]LogConfig: Setting CVar [[r.SkyAtmosphere.AerialPerspectiveLUT.FastApplyOnOpaque:1 ; Always have FastSkyLUT 1 in this case to avoid wrong sky]]
[2022.10.28-10.59.47:571][  0]LogConfig: Setting CVar [[r.SkyAtmosphere.AerialPerspectiveLUT.SampleCountMaxPerSlice:4]]
[2022.10.28-10.59.47:571][  0]LogConfig: Setting CVar [[r.SkyAtmosphere.AerialPerspectiveLUT.DepthResolution:16.0]]
[2022.10.28-10.59.47:571][  0]LogConfig: Setting CVar [[r.SkyAtmosphere.FastSkyLUT:1]]
[2022.10.28-10.59.47:571][  0]LogConfig: Setting CVar [[r.SkyAtmosphere.FastSkyLUT.SampleCountMin:4.0]]
[2022.10.28-10.59.47:571][  0]LogConfig: Setting CVar [[r.SkyAtmosphere.FastSkyLUT.SampleCountMax:128.0]]
[2022.10.28-10.59.47:571][  0]LogConfig: Setting CVar [[r.SkyAtmosphere.SampleCountMin:4.0]]
[2022.10.28-10.59.47:571][  0]LogConfig: Setting CVar [[r.SkyAtmosphere.SampleCountMax:128.0]]
[2022.10.28-10.59.47:571][  0]LogConfig: Setting CVar [[r.SkyAtmosphere.TransmittanceLUT.UseSmallFormat:0]]
[2022.10.28-10.59.47:571][  0]LogConfig: Setting CVar [[r.SkyAtmosphere.TransmittanceLUT.SampleCount:10.0]]
[2022.10.28-10.59.47:571][  0]LogConfig: Setting CVar [[r.SkyAtmosphere.MultiScatteringLUT.SampleCount:15.0]]
[2022.10.28-10.59.47:571][  0]LogConfig: Setting CVar [[r.SkyLight.RealTimeReflectionCapture:1]]
[2022.10.28-10.59.47:571][  0]LogConfig: Applying CVar settings from Section [FoliageQuality@3] File [C:/Users/SLATE 15/Documents/GitHub/Hannah-Ashna.github.io/DevSoc-VR-Room/TemplateProject2/Saved/Config/Windows/Scalability.ini]
[2022.10.28-10.59.47:571][  0]LogConfig: Setting CVar [[foliage.DensityScale:1.0]]
[2022.10.28-10.59.47:571][  0]LogConfig: Setting CVar [[grass.DensityScale:1.0]]
[2022.10.28-10.59.47:571][  0]LogConfig: Applying CVar settings from Section [ShadingQuality@3] File [C:/Users/SLATE 15/Documents/GitHub/Hannah-Ashna.github.io/DevSoc-VR-Room/TemplateProject2/Saved/Config/Windows/Scalability.ini]
[2022.10.28-10.59.47:571][  0]LogConfig: Setting CVar [[r.HairStrands.SkyLighting.IntegrationType:2]]
[2022.10.28-10.59.47:571][  0]LogConfig: Setting CVar [[r.HairStrands.SkyAO.SampleCount:4]]
[2022.10.28-10.59.47:571][  0]LogConfig: Setting CVar [[r.HairStrands.Visibility.MSAA.SamplePerPixel:4]]
[2022.10.28-10.59.47:571][  0]LogConfig: Applying CVar settings from Section [Startup] File [../../../Engine/Config/ConsoleVariables.ini]
[2022.10.28-10.59.47:573][  0]LogConfig: Setting CVar [[net.UseAdaptiveNetUpdateFrequency:0]]
[2022.10.28-10.59.47:573][  0]LogConfig: Setting CVar [[p.chaos.AllowCreatePhysxBodies:1]]
[2022.10.28-10.59.47:573][  0]LogConfig: Setting CVar [[fx.SkipVectorVMBackendOptimizations:1]]
[2022.10.28-10.59.47:573][  0]LogConfig: Applying CVar settings from Section [ConsoleVariables] File [C:/Users/SLATE 15/Documents/GitHub/Hannah-Ashna.github.io/DevSoc-VR-Room/TemplateProject2/Saved/Config/Windows/Engine.ini]
[2022.10.28-10.59.47:573][  0]LogConfig: Applying CVar settings from Section [ConsoleVariables] File [C:/Users/SLATE 15/Documents/GitHub/Hannah-Ashna.github.io/DevSoc-VR-Room/TemplateProject2/Saved/Config/Windows/Editor.ini]
[2022.10.28-10.59.47:573][  0]LogInit: Computer: NOTAHACKER
[2022.10.28-10.59.47:574][  0]LogInit: User: SLATE15
[2022.10.28-10.59.47:574][  0]LogInit: CPU Page size=4096, Cores=6
[2022.10.28-10.59.47:574][  0]LogInit: High frequency timer resolution =10.000000 MHz
[2022.10.28-10.59.47:574][  0]LogMemory: Memory total: Physical=15.8GB (16GB approx)
[2022.10.28-10.59.47:574][  0]LogMemory: Platform Memory Stats for Windows
[2022.10.28-10.59.47:574][  0]LogMemory: Process Physical Memory: 148.62 MB used, 152.72 MB peak
[2022.10.28-10.59.47:574][  0]LogMemory: Process Virtual Memory: 133.87 MB used, 133.87 MB peak
[2022.10.28-10.59.47:574][  0]LogMemory: Physical Memory: 8501.53 MB used,  7686.03 MB free, 16187.55 MB total
[2022.10.28-10.59.47:574][  0]LogMemory: Virtual Memory: 134209696.00 MB used,  8035.23 MB free, 134217728.00 MB total
[2022.10.28-10.59.47:598][  0]LogWindows: WindowsPlatformFeatures enabled
[2022.10.28-10.59.47:740][  0]LogInit: Physics initialised using underlying interface: PhysX
[2022.10.28-10.59.47:742][  0]LogInit: Using OS detected language (en-US).
[2022.10.28-10.59.47:742][  0]LogInit: Using OS detected locale (en-GB).
[2022.10.28-10.59.47:750][  0]LogTextLocalizationManager: No specific localization for 'en-US' exists, so the 'en' localization will be used.
[2022.10.28-10.59.48:254][  0]LogInit: Setting process to per monitor DPI aware
[2022.10.28-10.59.48:283][  0]LogWindowsTextInputMethodSystem: Display: IME system deactivated.
[2022.10.28-10.59.48:309][  0]LogSlate: New Slate User Created.  User Index 0, Is Virtual User: 0
[2022.10.28-10.59.48:309][  0]LogSlate: Slate User Registered.  User Index 0, Is Virtual User: 0
[2022.10.28-10.59.48:555][  0]LogD3D11RHI: Loaded GFSDK_Aftermath_Lib.x64.dll
[2022.10.28-10.59.48:562][  0]LogHMD: Failed to initialize OpenVR with code 110
[2022.10.28-10.59.48:562][  0]LogD3D11RHI: D3D11 min allowed feature level: 11_0
[2022.10.28-10.59.48:562][  0]LogD3D11RHI: D3D11 max allowed feature level: 11_0
[2022.10.28-10.59.48:562][  0]LogD3D11RHI: D3D11 adapters:
[2022.10.28-10.59.48:626][  0]LogD3D11RHI:    0. 'Intel(R) UHD Graphics 630' (Feature Level 11_0)
[2022.10.28-10.59.48:626][  0]LogD3D11RHI:       128/0/8093 MB DedicatedVideo/DedicatedSystem/SharedSystem, Outputs:1, VendorId:0x8086
[2022.10.28-10.59.48:859][  0]LogD3D11RHI:    1. 'NVIDIA GeForce RTX 2060' (Feature Level 11_0)
[2022.10.28-10.59.48:859][  0]LogD3D11RHI:       5980/0/8093 MB DedicatedVideo/DedicatedSystem/SharedSystem, Outputs:0, VendorId:0x10de
[2022.10.28-10.59.48:865][  0]LogD3D11RHI:    2. 'Microsoft Basic Render Driver' (Feature Level 11_0)
[2022.10.28-10.59.48:865][  0]LogD3D11RHI:       0/0/8093 MB DedicatedVideo/DedicatedSystem/SharedSystem, Outputs:0, VendorId:0x1414
[2022.10.28-10.59.48:865][  0]LogD3D11RHI: Chosen D3D11 Adapter:
[2022.10.28-10.59.48:865][  0]LogD3D11RHI:     Description : NVIDIA GeForce RTX 2060
[2022.10.28-10.59.48:865][  0]LogD3D11RHI:     VendorId    : 10de
[2022.10.28-10.59.48:865][  0]LogD3D11RHI:     DeviceId    : 1f11
[2022.10.28-10.59.48:865][  0]LogD3D11RHI:     SubSysId    : 95e11558
[2022.10.28-10.59.48:865][  0]LogD3D11RHI:     Revision    : 00a1
[2022.10.28-10.59.48:865][  0]LogD3D11RHI:     DedicatedVideoMemory : 6270484480 bytes
[2022.10.28-10.59.48:865][  0]LogD3D11RHI:     DedicatedSystemMemory : 0 bytes
[2022.10.28-10.59.48:865][  0]LogD3D11RHI:     SharedSystemMemory : 8486940672 bytes
[2022.10.28-10.59.48:865][  0]LogD3D11RHI:     AdapterLuid : 0 70237
[2022.10.28-10.59.48:877][  0]LogD3D11RHI: Creating new Direct3DDevice
[2022.10.28-10.59.48:877][  0]LogD3D11RHI:     GPU DeviceId: 0x1f11 (for the marketing name, search the web for "GPU Device Id")
[2022.10.28-10.59.48:877][  0]LogWindows: EnumDisplayDevices:
[2022.10.28-10.59.48:877][  0]LogWindows:    0. 'Intel(R) UHD Graphics 630' (P:1 D:1)
[2022.10.28-10.59.48:879][  0]LogWindows:    1. 'Intel(R) UHD Graphics 630' (P:0 D:0)
[2022.10.28-10.59.48:879][  0]LogWindows:    2. 'Intel(R) UHD Graphics 630' (P:0 D:0)
[2022.10.28-10.59.48:880][  0]LogWindows:    3. 'NVIDIA GeForce RTX 2060' (P:0 D:0)
[2022.10.28-10.59.48:881][  0]LogWindows:    4. 'NVIDIA GeForce RTX 2060' (P:0 D:0)
[2022.10.28-10.59.48:882][  0]LogWindows:    5. 'NVIDIA GeForce RTX 2060' (P:0 D:0)
[2022.10.28-10.59.48:883][  0]LogWindows:    6. 'NVIDIA GeForce RTX 2060' (P:0 D:0)
[2022.10.28-10.59.48:883][  0]LogWindows: DebugString: PrimaryIsNotTheChoosenAdapter PrimaryIsNotTheChoosenAdapter PrimaryIsNotTheChoosenAdapter FoundDriverCount:4 
[2022.10.28-10.59.48:883][  0]LogD3D11RHI:     Adapter Name: NVIDIA GeForce RTX 2060
[2022.10.28-10.59.48:883][  0]LogD3D11RHI:   Driver Version: 516.94 (internal:31.0.15.1694, unified:516.94)
[2022.10.28-10.59.48:883][  0]LogD3D11RHI:      Driver Date: 7-21-2022
[2022.10.28-10.59.48:883][  0]LogRHI: Texture pool is 4186 MB (70% of 5980 MB)
[2022.10.28-10.59.48:883][  0]LogD3D11RHI: Creating D3DDevice using adapter:
[2022.10.28-10.59.48:883][  0]LogD3D11RHI:     Description : NVIDIA GeForce RTX 2060
[2022.10.28-10.59.48:883][  0]LogD3D11RHI:     VendorId    : 10de
[2022.10.28-10.59.48:883][  0]LogD3D11RHI:     DeviceId    : 1f11
[2022.10.28-10.59.48:883][  0]LogD3D11RHI:     SubSysId    : 95e11558
[2022.10.28-10.59.48:883][  0]LogD3D11RHI:     Revision    : 00a1
[2022.10.28-10.59.48:883][  0]LogD3D11RHI:     DedicatedVideoMemory : 6270484480 bytes
[2022.10.28-10.59.48:883][  0]LogD3D11RHI:     DedicatedSystemMemory : 0 bytes
[2022.10.28-10.59.48:883][  0]LogD3D11RHI:     SharedSystemMemory : 8486940672 bytes
[2022.10.28-10.59.48:883][  0]LogD3D11RHI:     AdapterLuid : 0 70237
[2022.10.28-10.59.49:037][  0]LogD3D11RHI: RHI has support for 64 bit atomics
[2022.10.28-10.59.49:037][  0]LogD3D11RHI: Async texture creation enabled
[2022.10.28-10.59.49:037][  0]LogD3D11RHI: Array index from any shader is supported
[2022.10.28-10.59.49:068][  0]LogD3D11RHI: GPU Timing Frequency: 1000.000000 (Debug: 2 2)
[2022.10.28-10.59.49:121][  0]LogRHI: GeForceNow SDK initialized: 1
[2022.10.28-10.59.49:787][  0]LogTargetPlatformManager: Display: Loaded TargetPlatform 'AllDesktop'
[2022.10.28-10.59.49:835][  0]LogTargetPlatformManager: Display: Loaded TargetPlatform 'Android'
[2022.10.28-10.59.49:835][  0]LogTargetPlatformManager: Display: Loaded TargetPlatform 'Android_ASTC'
[2022.10.28-10.59.49:835][  0]LogTargetPlatformManager: Display: Loaded TargetPlatform 'Android_DXT'
[2022.10.28-10.59.49:835][  0]LogTargetPlatformManager: Display: Loaded TargetPlatform 'Android_ETC2'
[2022.10.28-10.59.49:835][  0]LogTargetPlatformManager: Display: Loaded TargetPlatform 'AndroidClient'
[2022.10.28-10.59.49:835][  0]LogTargetPlatformManager: Display: Loaded TargetPlatform 'Android_ASTCClient'
[2022.10.28-10.59.49:835][  0]LogTargetPlatformManager: Display: Loaded TargetPlatform 'Android_DXTClient'
[2022.10.28-10.59.49:835][  0]LogTargetPlatformManager: Display: Loaded TargetPlatform 'Android_ETC2Client'
[2022.10.28-10.59.49:835][  0]LogTargetPlatformManager: Display: Loaded TargetPlatform 'Android_Multi'
[2022.10.28-10.59.49:835][  0]LogTargetPlatformManager: Display: Loaded TargetPlatform 'Android_MultiClient'
[2022.10.28-10.59.49:875][  0]LogTargetPlatformManager: Display: Loaded TargetPlatform 'IOSClient'
[2022.10.28-10.59.49:875][  0]LogTargetPlatformManager: Display: Loaded TargetPlatform 'IOS'
[2022.10.28-10.59.49:898][  0]LogTargetPlatformManager: Display: Loaded TargetPlatform 'Linux'
[2022.10.28-10.59.49:905][  0]LogTargetPlatformManager: Display: Loaded TargetPlatform 'LinuxNoEditor'
[2022.10.28-10.59.49:916][  0]LogTargetPlatformManager: Display: Loaded TargetPlatform 'LinuxClient'
[2022.10.28-10.59.49:923][  0]LogTargetPlatformManager: Display: Loaded TargetPlatform 'LinuxServer'
[2022.10.28-10.59.49:943][  0]LogTargetPlatformManager: Display: Loaded TargetPlatform 'LinuxAArch64NoEditor'
[2022.10.28-10.59.49:950][  0]LogTargetPlatformManager: Display: Loaded TargetPlatform 'LinuxAArch64Client'
[2022.10.28-10.59.49:959][  0]LogTargetPlatformManager: Display: Loaded TargetPlatform 'LinuxAArch64Server'
[2022.10.28-10.59.50:026][  0]LogTargetPlatformManager: Display: Loaded TargetPlatform 'Lumin'
[2022.10.28-10.59.50:026][  0]LogTargetPlatformManager: Display: Loaded TargetPlatform 'LuminClient'
[2022.10.28-10.59.50:046][  0]LogTargetPlatformManager: Display: Loaded TargetPlatform 'MacNoEditor'
[2022.10.28-10.59.50:053][  0]LogTargetPlatformManager: Display: Loaded TargetPlatform 'Mac'
[2022.10.28-10.59.50:060][  0]LogTargetPlatformManager: Display: Loaded TargetPlatform 'MacClient'
[2022.10.28-10.59.50:068][  0]LogTargetPlatformManager: Display: Loaded TargetPlatform 'MacServer'
[2022.10.28-10.59.50:090][  0]LogTargetPlatformManager: Display: Loaded TargetPlatform 'TVOSClient'
[2022.10.28-10.59.50:090][  0]LogTargetPlatformManager: Display: Loaded TargetPlatform 'TVOS'
[2022.10.28-10.59.50:112][  0]LogTargetPlatformManager: Display: Loaded TargetPlatform 'WindowsNoEditor'
[2022.10.28-10.59.50:123][  0]LogTargetPlatformManager: Display: Loaded TargetPlatform 'Windows'
[2022.10.28-10.59.50:131][  0]LogTargetPlatformManager: Display: Loaded TargetPlatform 'WindowsClient'
[2022.10.28-10.59.50:139][  0]LogTargetPlatformManager: Display: Loaded TargetPlatform 'WindowsServer'
[2022.10.28-10.59.50:139][  0]LogTargetPlatformManager: Display: Building Assets For Windows
[2022.10.28-10.59.50:153][  0]LogAudioDebug: Display: Lib vorbis DLL was dynamically loaded.
[2022.10.28-10.59.50:214][  0]LogTextureFormatOodle: Display: Oodle Texture 2.9.0 init RDO Off
[2022.10.28-10.59.50:269][  0]LogRendererCore: Ray tracing is disabled. Reason: r.RayTracing=0.
[2022.10.28-10.59.50:269][  0]LogShaderCompilers: Guid format shader working directory is -55 characters bigger than the processId version (../../../../../../Users/SLATE 15/Documents/GitHub/Hannah-Ashna.github.io/DevSoc-VR-Room/TemplateProject2/Intermediate/Shaders/WorkingDirectory/3964/).
[2022.10.28-10.59.50:269][  0]LogShaderCompilers: Cleaned the shader compiler working directory 'C:/Users/SLATE 15/AppData/Local/Temp/UnrealShaderWorkingDir/BC878A384913B74B1340048B58FEE98D/'.
[2022.10.28-10.59.50:269][  0]LogXGEController: Cannot use XGE Controller as Incredibuild is not installed on this machine.
[2022.10.28-10.59.50:270][  0]LogShaderCompilers: Cannot use XGE Shader Compiler as Incredibuild is not installed on this machine.
[2022.10.28-10.59.50:271][  0]LogShaderCompilers: Display: Using Local Shader Compiler.
[2022.10.28-10.59.51:611][  0]LogDerivedDataCache: Display: Max Cache Size: 512 MB
[2022.10.28-10.59.51:760][  0]LogDerivedDataCache: Loaded boot cache 0.15s 98MB C:/Users/SLATE 15/AppData/Local/UnrealEngine/4.27/DerivedDataCache/Boot.ddc.
[2022.10.28-10.59.51:760][  0]LogDerivedDataCache: Display: Loaded Boot cache: C:/Users/SLATE 15/AppData/Local/UnrealEngine/4.27/DerivedDataCache/Boot.ddc
[2022.10.28-10.59.51:760][  0]LogDerivedDataCache: FDerivedDataBackendGraph:  Pak pak cache file ../../../../../../Users/SLATE 15/Documents/GitHub/Hannah-Ashna.github.io/DevSoc-VR-Room/TemplateProject2/DerivedDataCache/DDC.ddp not found, will not use a pak cache.
[2022.10.28-10.59.51:760][  0]LogDerivedDataCache: Unable to find inner node Pak for hierarchical cache Hierarchy.
[2022.10.28-10.59.51:761][  0]LogDerivedDataCache: FDerivedDataBackendGraph:  CompressedPak pak cache file ../../../../../../Users/SLATE 15/Documents/GitHub/Hannah-Ashna.github.io/DevSoc-VR-Room/TemplateProject2/DerivedDataCache/Compressed.ddp not found, will not use a pak cache.
[2022.10.28-10.59.51:761][  0]LogDerivedDataCache: Unable to find inner node CompressedPak for hierarchical cache Hierarchy.
[2022.10.28-10.59.51:805][  0]LogDerivedDataCache: Display: Pak cache opened for reading ../../../Engine/DerivedDataCache/Compressed.ddp.
[2022.10.28-10.59.51:805][  0]LogDerivedDataCache: FDerivedDataBackendGraph:  EnterprisePak pak cache file ../../../Enterprise/DerivedDataCache/Compressed.ddp not found, will not use a pak cache.
[2022.10.28-10.59.51:805][  0]LogDerivedDataCache: Unable to find inner node EnterprisePak for hierarchical cache Hierarchy.
[2022.10.28-10.59.51:825][  0]LogDerivedDataCache: Speed tests for C:/Users/SLATE 15/AppData/Local/UnrealEngine/Common/DerivedDataCache took 0.02 seconds
[2022.10.28-10.59.51:825][  0]LogDerivedDataCache: Display: Performance to C:/Users/SLATE 15/AppData/Local/UnrealEngine/Common/DerivedDataCache: Latency=0.09ms. RandomReadSpeed=108.12MBs, RandomWriteSpeed=83.42MBs. Assigned SpeedClass 'Local'
[2022.10.28-10.59.51:827][  0]LogDerivedDataCache: Using Local data cache path C:/Users/SLATE 15/AppData/Local/UnrealEngine/Common/DerivedDataCache: Writable
[2022.10.28-10.59.51:827][  0]LogDerivedDataCache: Shared data cache path not found in *engine.ini, will not use an Shared cache.
[2022.10.28-10.59.51:827][  0]LogDerivedDataCache: Unable to find inner node Shared for hierarchical cache Hierarchy.
[2022.10.28-10.59.51:931][  0]LogSlate: Using FreeType 2.10.0
[2022.10.28-10.59.51:932][  0]LogSlate: SlateFontServices - WITH_FREETYPE: 1, WITH_HARFBUZZ: 1
[2022.10.28-10.59.51:967][  0]LogAssetRegistry: FAssetRegistry took 0.0042 seconds to start up
[2022.10.28-10.59.52:359][  0]LogInit: Selected Device Profile: [Windows]
[2022.10.28-10.59.52:359][  0]LogInit: Active device profile: [0000026719C9F000][000002671A735280 49] Windows
[2022.10.28-10.59.52:359][  0]LogInit: Profiles: [0000026719C9F000][000002671A735280 49] Windows, [0000026719C65100][00000267183EB500 49] WindowsNoEditor, [0000026719C9D100][000002671A73D7C0 49] WindowsServer, [0000026719C66B00][000002671A741A80 49] WindowsClient, [0000026719C9EA00][000002671A7441C0 49] IOS, [0000026719C65700][000002671A748480 49] iPadAir, [0000026719C9D600][000002671A74C740 49] iPadAir2, [0000026719C0FB00][000002671A760C80 49] IPadPro, [0000026719C0FC00][000002671A750CC0 49] iPadAir3, [0000026719C9E600][000002671A758F80 49] iPadAir4, [0000026719C0D600][000002671A755240 49] iPadMini2, [0000026719C9D700][000002671A7394C0 49] iPadMini3, [0000026719C0E500][000002671A75D740 49] iPadMini4, [0000026719C9E300][000002671A769A00 49] iPadMini5, [0000026719C37400][000002671A7EC3C0 49] iPhone6, [0000026719C37500][000002671A76C400 49] iPodTouch6, [0000026719C0C400][000002670F7C2940 49] iPhone7, [0000026719C0C300][000002671A7E4980 49] iPodTouch7, [0000026719C35600][000002671A7E8C40 49] iPhone5S, [0000026719C0FA00][000002671A7E0F00 49] iPhone6Plus, [0000026719C36700][000002670F7BF1C0 49] iPhone6S, [0000026719C0D400][000002670F7E3480 49] iPhone6SPlus, [0000026719C35B00][000002671A765700 49] iPhone7Plus, [0000026719C0F400][000002670F7EF980 49] iPhoneSE, [0000026719C36A00][00000267180B60C0 49] iPhone8, [0000026719C0F800][00000267180E0380 49] iPhone8Plus, [0000026719C37100][00000267180E4640 49] iPhoneX, [0000026719C0DE00][00000267180EC900 49] iPhoneXS, [0000026719C36300][000002671ABD0BC0 49] iPhoneXSMax, [0000026719C0EC00][0000026718314E80 49] iPhoneXR, [0000026719C35F00][0000026718325140 49] iPhone11, [0000026719C0F300][0000026718329400 49] iPhone11Pro, [0000026719C36000][000002671832D6C0 49] iPhone11ProMax, [0000026719C0EA00][00000267180B3940 49] iPhoneSE2, [0000026719C35D00][000002670EAAFBC0 49] iPhone12Mini, [0000026719C0E700][000002670EAB6300 49] iPhone12, [0000026719C37700][000002670EABA5C0 49] iPhone12Pro, [0000026719C0CE00][000002671ABA4880 49] iPhone12ProMax, [0000026719C35000][000002670EABEB40 49] iPadPro105, [0000026719C0E600][000002670EAC2E00 49] iPadPro129, [0000026719C34F00][000002670EAC70C0 49] iPadPro97, [0000026719C0FF00][000002670F359380 49] iPadPro2_129, [0000026719C37000][000002670F36D640 49] iPad5, [0000026719C0C900][000002670F37D900 49] iPad6, [0000026719C34900][000002670EAB3B80 49] iPad7, [0000026719C0E000][000002671A94E2C0 49] iPad8, [0000026719C36600][000002671A952580 49] iPadPro11, [0000026719C0ED00][000002671A956840 49] iPadPro2_11, [0000026719C34600][000002671A95AB00 49] iPadPro3_129, [0000026719C0E400][000002671A95EDC0 49] iPadPro4_129, [0000026719C34C00][000002671A963080 49] AppleTV, [0000026719C0D100][000002671AA81340 49] AppleTV4K, [0000026719C37B00][000002671AA89600 49] TVOS, [0000026719C0E900][000002671AA978C0 49] Mac, [0000026719C67C00][000002671A94BB40 49] MacClient, [0000026719CE5800][000002671AA9A240 49] MacNoEditor, [0000026719C65200][000002671AAA2500 49] MacServer, [0000026719CE5700][000002671AAA67C0 49] Linux, [0000026719C65B00][000002671ACB6A80 49] LinuxAArch64, [0000026719CE4B00][000002671ACBAD40 49] LinuxNoEditor, [0000026719C67700][000002671ACBF000 49] LinuxAArch64NoEditor, [0000026719CE5900][000002671ACC32C0 49] LinuxClient, [0000026719C66900][000002671ACC7580 49] LinuxAArch64Client, [0000026719CE5400][000002671AE4F840 49] LinuxServer, [0000026719C64F00][000002671AE67B00 49] LinuxAArch64Server, [0000026719CE5200][000002671AA9E200 49] Android, [0000026719C66700][000002671AED2480 49] Android_Low, [0000026719CE5F00][000002671AEDA740 49] Android_Mid, [0000026719C67400][000002671AEDEA00 49] Android_High, [0000026719CE4700][000002671AF20CC0 49] Android_Default, [0000026719C66100][000002670EA40F80 49] Android_Adreno4xx, [0000026719CE4F00][000002670EA49240 49] Android_Adreno5xx_Low, [0000026719C65000][000002670EA4D500 49] Android_Adreno5xx, [0000026719CE4500][000002670EA517C0 49] Android_Adreno6xx, [0000026719C64B00][000002670EA55A80 49] Android_Adreno6xx_Vulkan, [0000026719CE5100][000002670EA581C0 49] Android_Mali_T6xx, [0000026719C66D00][000002671AED6440 49] Android_Mali_T7xx, [0000026719CE5A00][000002671AC846C0 49] Android_Mali_T8xx, [0000026719C67000][000002671AC88980 49] Android_Mali_G71, [0000026719C0C700][000002671AC8CC40 49] Android_Mali_G72, [0000026719C64D00][000002671AC90F00 49] Android_Mali_G72_Vulkan, [0000026719C0CC00][000002671AC951C0 49] Android_Mali_G76, [0000026719C64500][000002671AECF480 49] Android_Mali_G76_Vulkan, [0000026719C0F200][000002670EA45740 49] Android_Mali_G77, [0000026719C67A00][000002671AC99A00 49] Android_Mali_G77_Vulkan, [0000026719C0E800][000002671AC9C140 49] Android_Mali_G78, [0000026719C66E00][000002671ACA0400 49] Android_Mali_G78_Vulkan, [0000026719C0D500][000002671AEE2680 49] Android_Mali_G710, [0000026719C64300][000002671ACA4900 49] Android_Mali_G710_Vulkan, [0000026719C0C800][000002671ACACBC0 49] Android_Vulkan_SM5, [0000026719C66A00][000002671ACB0E80 49] Android_PowerVR_G6xxx, [0000026719C0C100][000002670EA7B140 49] Android_PowerVR_GT7xxx, [0000026719C67200][000002670EA7F400 49] Android_PowerVR_GE8xxx, [0000026719C0EE00][000002670EA836C0 49] Android_PowerVR_GM9xxx, [0000026719C64100][000002670EA87980 49] Android_PowerVR_GM9xxx_Vulkan, [0000026719C0EF00][000002670EA8A0C0 49] Android_TegraK1, [0000026719C66200][000002670EA8E380 49] Android_Unknown_Vulkan, [0000026719C0F600][000002670EA92640 49] Lumin, [0000026719C67900][000002671ACA88C0 49] Lumin_Desktop, [0000026719C0D300][000002670EA96B40 49] HoloLens, 
[2022.10.28-10.59.52:599][  0]LogMeshReduction: Using QuadricMeshReduction for automatic static mesh reduction
[2022.10.28-10.59.52:599][  0]LogMeshReduction: Using SimplygonMeshReduction for automatic skeletal mesh reduction
[2022.10.28-10.59.52:599][  0]LogMeshReduction: Using ProxyLODMeshReduction for automatic mesh merging
[2022.10.28-10.59.52:599][  0]LogMeshReduction: No distributed automatic mesh merging module available
[2022.10.28-10.59.52:599][  0]LogMeshMerging: No distributed automatic mesh merging module available
[2022.10.28-10.59.52:628][  0]LogNetVersion: TemplateProject2 1.0.0, NetCL: 17155196, EngineNetVer: 17, GameNetVer: 0 (Checksum: 2179084141)
[2022.10.28-10.59.53:689][  0]LogTexture: Default maximum texture size for cubemaps generated from long-lat sources has been changed from 512 to unlimited. In order to preserve old behaiour for '/Engine/MapTemplates/Sky/DaylightAmbientCubemap.DaylightAmbientCubemap', its maximum texture size has been explicitly set to 512.
[2022.10.28-10.59.53:868][  0]LogHMD: PokeAHoleMaterial loaded successfully
[2022.10.28-10.59.53:890][  0]LogUObjectArray: 17178 objects as part of root set at end of initial load.
[2022.10.28-10.59.53:890][  0]LogUObjectAllocator: 4302048 out of 0 bytes used by permanent object pool.
[2022.10.28-10.59.53:890][  0]LogUObjectArray: CloseDisregardForGC: 0/0 objects in disregard for GC pool
[2022.10.28-10.59.54:754][  0]LogNiagaraDebuggerClient: Niagara Debugger Client Initialized | Session: 7854CD6E4FA39146253C86BFBD2D0ED5 | Instance: 4B0A9EEF40AB9DFD72EC0E84E24B7798 (NOTAHACKER-3964).
[2022.10.28-10.59.55:029][  0]LogPython: Using Python 3.7.7
